SF:/mnt/040b9fb6-50c4-4490-87c6-b7dd911435c9/Projects/rust/manga-vault/apps/http/gql/src/lib.rs
FN:52,_RNCNvCsggQ8oezPVYw_7gql_api15graphql_handler0B3_
FN:56,_RNCNvCsggQ8oezPVYw_7gql_api18graphql_playground0B3_
FN:62,_RNCNvCsggQ8oezPVYw_7gql_api3run0B3_
FN:20,_RNvCsggQ8oezPVYw_7gql_api15generate_secret
FN:49,_RNvCsggQ8oezPVYw_7gql_api15graphql_handler
FN:56,_RNvCsggQ8oezPVYw_7gql_api18graphql_playground
FN:62,_RNvCsggQ8oezPVYw_7gql_api3run
FN:40,_RNvXCsggQ8oezPVYw_7gql_apiNtB2_6ConfigNtNtCsivcRoiMOGjn_4core7default7Default7default
FNDA:0,_RNCNvCsggQ8oezPVYw_7gql_api15graphql_handler0B3_
FNDA:0,_RNCNvCsggQ8oezPVYw_7gql_api18graphql_playground0B3_
FNDA:0,_RNCNvCsggQ8oezPVYw_7gql_api3run0B3_
FNDA:0,_RNvCsggQ8oezPVYw_7gql_api15generate_secret
FNDA:0,_RNvCsggQ8oezPVYw_7gql_api15graphql_handler
FNDA:0,_RNvCsggQ8oezPVYw_7gql_api18graphql_playground
FNDA:0,_RNvCsggQ8oezPVYw_7gql_api3run
FNDA:0,_RNvXCsggQ8oezPVYw_7gql_apiNtB2_6ConfigNtNtCsivcRoiMOGjn_4core7default7Default7default
FNF:8
FNH:0
DA:20,0
DA:21,0
DA:22,0
DA:23,0
DA:24,0
DA:25,0
DA:26,0
DA:40,0
DA:41,0
DA:42,0
DA:43,0
DA:44,0
DA:45,0
DA:46,0
DA:49,0
DA:50,0
DA:51,0
DA:52,0
DA:53,0
DA:54,0
DA:56,0
DA:57,0
DA:58,0
DA:59,0
DA:60,0
DA:62,0
DA:63,0
DA:65,0
DA:66,0
DA:67,0
DA:68,0
DA:70,0
DA:71,0
DA:72,0
DA:73,0
DA:75,0
DA:76,0
DA:79,0
DA:81,0
DA:82,0
DA:83,0
DA:84,0
DA:85,0
DA:87,0
DA:88,0
DA:90,0
DA:91,0
BRF:0
BRH:0
LF:50
LH:0
end_of_record
SF:/mnt/040b9fb6-50c4-4490-87c6-b7dd911435c9/Projects/rust/manga-vault/apps/http/gql/src/main.rs
FN:5,_RNCNvCs8KLVKoyOeby_15manga_vault_gql4main0B3_
FN:5,_RNvCs8KLVKoyOeby_15manga_vault_gql4main
FNDA:0,_RNCNvCs8KLVKoyOeby_15manga_vault_gql4main0B3_
FNDA:0,_RNvCs8KLVKoyOeby_15manga_vault_gql4main
FNF:2
FNH:0
DA:5,0
DA:6,0
DA:7,0
DA:9,0
DA:10,0
BRF:0
BRH:0
LF:7
LH:0
end_of_record
SF:/mnt/040b9fb6-50c4-4490-87c6-b7dd911435c9/Projects/rust/manga-vault/apps/http/gql/src/objects/categories.rs
FN:37,_RNCNCNvMs4_NtNtCsggQ8oezPVYw_7gql_api7objects10categoriesNtB9_8Category4user00Bd_
FN:32,_RNCNvMs4_NtNtCsggQ8oezPVYw_7gql_api7objects10categoriesNtB7_8Category4user0Bb_
FN:32,_RNvMs4_NtNtCsggQ8oezPVYw_7gql_api7objects10categoriesNtB5_8Category4user
FN:20,_RNvXNtNtCsggQ8oezPVYw_7gql_api7objects10categoriesNtB2_8CategoryINtNtCsivcRoiMOGjn_4core7convert4FromNtNtCs3TYyTOws6Sw_17database_entities10categories5ModelE4from
FNDA:0,_RNCNCNvMs4_NtNtCsggQ8oezPVYw_7gql_api7objects10categoriesNtB9_8Category4user00Bd_
FNDA:0,_RNCNvMs4_NtNtCsggQ8oezPVYw_7gql_api7objects10categoriesNtB7_8Category4user0Bb_
FNDA:0,_RNvMs4_NtNtCsggQ8oezPVYw_7gql_api7objects10categoriesNtB5_8Category4user
FNDA:0,_RNvXNtNtCsggQ8oezPVYw_7gql_api7objects10categoriesNtB2_8CategoryINtNtCsivcRoiMOGjn_4core7convert4FromNtNtCs3TYyTOws6Sw_17database_entities10categories5ModelE4from
FNF:4
FNH:0
DA:20,0
DA:21,0
DA:22,0
DA:23,0
DA:24,0
DA:25,0
DA:26,0
DA:27,0
DA:32,0
DA:33,0
DA:34,0
DA:35,0
DA:36,0
DA:37,0
DA:38,0
DA:39,0
BRF:0
BRH:0
LF:18
LH:0
end_of_record
SF:/mnt/040b9fb6-50c4-4490-87c6-b7dd911435c9/Projects/rust/manga-vault/apps/http/gql/src/objects/chapters.rs
FN:43,_RNCNCNvMs4_NtNtCsggQ8oezPVYw_7gql_api7objects8chaptersNtB9_7Chapter5manga00Bd_
FN:38,_RNCNvMs4_NtNtCsggQ8oezPVYw_7gql_api7objects8chaptersNtB7_7Chapter5manga0Bb_
FN:38,_RNvMs4_NtNtCsggQ8oezPVYw_7gql_api7objects8chaptersNtB5_7Chapter5manga
FN:23,_RNvXNtNtCsggQ8oezPVYw_7gql_api7objects8chaptersNtB2_7ChapterINtNtCsivcRoiMOGjn_4core7convert4FromNtNtCs3TYyTOws6Sw_17database_entities8chapters5ModelE4from
FNDA:0,_RNCNCNvMs4_NtNtCsggQ8oezPVYw_7gql_api7objects8chaptersNtB9_7Chapter5manga00Bd_
FNDA:0,_RNCNvMs4_NtNtCsggQ8oezPVYw_7gql_api7objects8chaptersNtB7_7Chapter5manga0Bb_
FNDA:0,_RNvMs4_NtNtCsggQ8oezPVYw_7gql_api7objects8chaptersNtB5_7Chapter5manga
FNDA:0,_RNvXNtNtCsggQ8oezPVYw_7gql_api7objects8chaptersNtB2_7ChapterINtNtCsivcRoiMOGjn_4core7convert4FromNtNtCs3TYyTOws6Sw_17database_entities8chapters5ModelE4from
FNF:4
FNH:0
DA:23,0
DA:24,0
DA:25,0
DA:26,0
DA:27,0
DA:28,0
DA:29,0
DA:30,0
DA:31,0
DA:32,0
DA:33,0
DA:38,0
DA:39,0
DA:40,0
DA:41,0
DA:42,0
DA:43,0
DA:45,0
DA:46,0
BRF:0
BRH:0
LF:21
LH:0
end_of_record
SF:/mnt/040b9fb6-50c4-4490-87c6-b7dd911435c9/Projects/rust/manga-vault/apps/http/gql/src/objects/favorite_mangas.rs
FN:41,_RNCNCNvMs4_NtNtCsggQ8oezPVYw_7gql_api7objects15favorite_mangasNtB9_13FavoriteManga4user00Bd_
FN:50,_RNCNCNvMs4_NtNtCsggQ8oezPVYw_7gql_api7objects15favorite_mangasNtB9_13FavoriteManga5manga00Bd_
FN:59,_RNCNCNvMs4_NtNtCsggQ8oezPVYw_7gql_api7objects15favorite_mangasNtB9_13FavoriteManga8category00Bd_
FN:36,_RNCNvMs4_NtNtCsggQ8oezPVYw_7gql_api7objects15favorite_mangasNtB7_13FavoriteManga4user0Bb_
FN:45,_RNCNvMs4_NtNtCsggQ8oezPVYw_7gql_api7objects15favorite_mangasNtB7_13FavoriteManga5manga0Bb_
FN:54,_RNCNvMs4_NtNtCsggQ8oezPVYw_7gql_api7objects15favorite_mangasNtB7_13FavoriteManga8category0Bb_
FN:36,_RNvMs4_NtNtCsggQ8oezPVYw_7gql_api7objects15favorite_mangasNtB5_13FavoriteManga4user
FN:45,_RNvMs4_NtNtCsggQ8oezPVYw_7gql_api7objects15favorite_mangasNtB5_13FavoriteManga5manga
FN:54,_RNvMs4_NtNtCsggQ8oezPVYw_7gql_api7objects15favorite_mangasNtB5_13FavoriteManga8category
FN:23,_RNvXNtNtCsggQ8oezPVYw_7gql_api7objects15favorite_mangasNtB2_13FavoriteMangaINtNtCsivcRoiMOGjn_4core7convert4FromNtNtCs3TYyTOws6Sw_17database_entities15favorite_mangas5ModelE4from
FNDA:0,_RNCNCNvMs4_NtNtCsggQ8oezPVYw_7gql_api7objects15favorite_mangasNtB9_13FavoriteManga4user00Bd_
FNDA:0,_RNCNCNvMs4_NtNtCsggQ8oezPVYw_7gql_api7objects15favorite_mangasNtB9_13FavoriteManga5manga00Bd_
FNDA:0,_RNCNCNvMs4_NtNtCsggQ8oezPVYw_7gql_api7objects15favorite_mangasNtB9_13FavoriteManga8category00Bd_
FNDA:0,_RNCNvMs4_NtNtCsggQ8oezPVYw_7gql_api7objects15favorite_mangasNtB7_13FavoriteManga4user0Bb_
FNDA:0,_RNCNvMs4_NtNtCsggQ8oezPVYw_7gql_api7objects15favorite_mangasNtB7_13FavoriteManga5manga0Bb_
FNDA:0,_RNCNvMs4_NtNtCsggQ8oezPVYw_7gql_api7objects15favorite_mangasNtB7_13FavoriteManga8category0Bb_
FNDA:0,_RNvMs4_NtNtCsggQ8oezPVYw_7gql_api7objects15favorite_mangasNtB5_13FavoriteManga4user
FNDA:0,_RNvMs4_NtNtCsggQ8oezPVYw_7gql_api7objects15favorite_mangasNtB5_13FavoriteManga5manga
FNDA:0,_RNvMs4_NtNtCsggQ8oezPVYw_7gql_api7objects15favorite_mangasNtB5_13FavoriteManga8category
FNDA:0,_RNvXNtNtCsggQ8oezPVYw_7gql_api7objects15favorite_mangasNtB2_13FavoriteMangaINtNtCsivcRoiMOGjn_4core7convert4FromNtNtCs3TYyTOws6Sw_17database_entities15favorite_mangas5ModelE4from
FNF:10
FNH:0
DA:23,0
DA:24,0
DA:25,0
DA:26,0
DA:27,0
DA:28,0
DA:29,0
DA:30,0
DA:31,0
DA:36,0
DA:37,0
DA:38,0
DA:39,0
DA:40,0
DA:41,0
DA:42,0
DA:43,0
DA:45,0
DA:46,0
DA:47,0
DA:48,0
DA:49,0
DA:50,0
DA:51,0
DA:52,0
DA:54,0
DA:55,0
DA:56,0
DA:57,0
DA:58,0
DA:59,0
DA:60,0
DA:61,0
BRF:0
BRH:0
LF:39
LH:0
end_of_record
SF:/mnt/040b9fb6-50c4-4490-87c6-b7dd911435c9/Projects/rust/manga-vault/apps/http/gql/src/objects/files.rs
FN:37,_RNCNCNvMs4_NtNtCsggQ8oezPVYw_7gql_api7objects5filesNtB9_4File5owner00Bd_
FN:32,_RNCNvMs4_NtNtCsggQ8oezPVYw_7gql_api7objects5filesNtB7_4File5owner0Bb_
FN:32,_RNvMs4_NtNtCsggQ8oezPVYw_7gql_api7objects5filesNtB5_4File5owner
FN:20,_RNvXNtNtCsggQ8oezPVYw_7gql_api7objects5filesNtB2_4FileINtNtCsivcRoiMOGjn_4core7convert4FromNtNtCs3TYyTOws6Sw_17database_entities5files5ModelE4from
FNDA:0,_RNCNCNvMs4_NtNtCsggQ8oezPVYw_7gql_api7objects5filesNtB9_4File5owner00Bd_
FNDA:0,_RNCNvMs4_NtNtCsggQ8oezPVYw_7gql_api7objects5filesNtB7_4File5owner0Bb_
FNDA:0,_RNvMs4_NtNtCsggQ8oezPVYw_7gql_api7objects5filesNtB5_4File5owner
FNDA:0,_RNvXNtNtCsggQ8oezPVYw_7gql_api7objects5filesNtB2_4FileINtNtCsivcRoiMOGjn_4core7convert4FromNtNtCs3TYyTOws6Sw_17database_entities5files5ModelE4from
FNF:4
FNH:0
DA:20,0
DA:21,0
DA:22,0
DA:23,0
DA:24,0
DA:25,0
DA:26,0
DA:27,0
DA:32,0
DA:33,0
DA:34,0
DA:35,0
DA:36,0
DA:37,0
DA:38,0
DA:39,0
BRF:0
BRH:0
LF:18
LH:0
end_of_record
SF:/mnt/040b9fb6-50c4-4490-87c6-b7dd911435c9/Projects/rust/manga-vault/apps/http/gql/src/objects/mangas.rs
FN:38,_RNCNCNvXNtNtCsggQ8oezPVYw_7gql_api7objects6mangasNtB6_5MangaINtNtCsivcRoiMOGjn_4core7convert4FromNtNtCs3TYyTOws6Sw_17database_entities6mangas5ModelE4froms1_00Ba_
FN:42,_RNCNCNvXNtNtCsggQ8oezPVYw_7gql_api7objects6mangasNtB6_5MangaINtNtCsivcRoiMOGjn_4core7convert4FromNtNtCs3TYyTOws6Sw_17database_entities6mangas5ModelE4froms3_00Ba_
FN:35,_RNCNCNvXNtNtCsggQ8oezPVYw_7gql_api7objects6mangasNtB6_5MangaINtNtCsivcRoiMOGjn_4core7convert4FromNtNtCs3TYyTOws6Sw_17database_entities6mangas5ModelE4froms_00Ba_
FN:38,_RNCNvXNtNtCsggQ8oezPVYw_7gql_api7objects6mangasNtB4_5MangaINtNtCsivcRoiMOGjn_4core7convert4FromNtNtCs3TYyTOws6Sw_17database_entities6mangas5ModelE4froms1_0B8_
FN:42,_RNCNvXNtNtCsggQ8oezPVYw_7gql_api7objects6mangasNtB4_5MangaINtNtCsivcRoiMOGjn_4core7convert4FromNtNtCs3TYyTOws6Sw_17database_entities6mangas5ModelE4froms3_0B8_
FN:35,_RNCNvXNtNtCsggQ8oezPVYw_7gql_api7objects6mangasNtB4_5MangaINtNtCsivcRoiMOGjn_4core7convert4FromNtNtCs3TYyTOws6Sw_17database_entities6mangas5ModelE4froms_0B8_
FN:24,_RNvXNtNtCsggQ8oezPVYw_7gql_api7objects6mangasNtB2_5MangaINtNtCsivcRoiMOGjn_4core7convert4FromNtNtCs3TYyTOws6Sw_17database_entities6mangas5ModelE4from
FNDA:0,_RNCNCNvXNtNtCsggQ8oezPVYw_7gql_api7objects6mangasNtB6_5MangaINtNtCsivcRoiMOGjn_4core7convert4FromNtNtCs3TYyTOws6Sw_17database_entities6mangas5ModelE4froms1_00Ba_
FNDA:0,_RNCNCNvXNtNtCsggQ8oezPVYw_7gql_api7objects6mangasNtB6_5MangaINtNtCsivcRoiMOGjn_4core7convert4FromNtNtCs3TYyTOws6Sw_17database_entities6mangas5ModelE4froms3_00Ba_
FNDA:0,_RNCNCNvXNtNtCsggQ8oezPVYw_7gql_api7objects6mangasNtB6_5MangaINtNtCsivcRoiMOGjn_4core7convert4FromNtNtCs3TYyTOws6Sw_17database_entities6mangas5ModelE4froms_00Ba_
FNDA:0,_RNCNvXNtNtCsggQ8oezPVYw_7gql_api7objects6mangasNtB4_5MangaINtNtCsivcRoiMOGjn_4core7convert4FromNtNtCs3TYyTOws6Sw_17database_entities6mangas5ModelE4froms1_0B8_
FNDA:0,_RNCNvXNtNtCsggQ8oezPVYw_7gql_api7objects6mangasNtB4_5MangaINtNtCsivcRoiMOGjn_4core7convert4FromNtNtCs3TYyTOws6Sw_17database_entities6mangas5ModelE4froms3_0B8_
FNDA:0,_RNCNvXNtNtCsggQ8oezPVYw_7gql_api7objects6mangasNtB4_5MangaINtNtCsivcRoiMOGjn_4core7convert4FromNtNtCs3TYyTOws6Sw_17database_entities6mangas5ModelE4froms_0B8_
FNDA:0,_RNvXNtNtCsggQ8oezPVYw_7gql_api7objects6mangasNtB2_5MangaINtNtCsivcRoiMOGjn_4core7convert4FromNtNtCs3TYyTOws6Sw_17database_entities6mangas5ModelE4from
FNF:7
FNH:0
DA:24,0
DA:26,0
DA:27,0
DA:28,0
DA:29,0
DA:30,0
DA:31,0
DA:32,0
DA:33,0
DA:34,0
DA:35,0
DA:36,0
DA:38,0
DA:40,0
DA:42,0
DA:44,0
DA:45,0
DA:46,0
DA:47,0
DA:48,0
DA:50,0
BRF:0
BRH:0
LF:25
LH:0
end_of_record
SF:/mnt/040b9fb6-50c4-4490-87c6-b7dd911435c9/Projects/rust/manga-vault/apps/http/gql/src/objects/read_chapters.rs
FN:38,_RNCNCNvMs4_NtNtCsggQ8oezPVYw_7gql_api7objects13read_chaptersNtB9_11ReadChapter4user00Bd_
FN:58,_RNCNCNvMs4_NtNtCsggQ8oezPVYw_7gql_api7objects13read_chaptersNtB9_11ReadChapter5manga00Bd_
FN:48,_RNCNCNvMs4_NtNtCsggQ8oezPVYw_7gql_api7objects13read_chaptersNtB9_11ReadChapter7chapter00Bd_
FN:33,_RNCNvMs4_NtNtCsggQ8oezPVYw_7gql_api7objects13read_chaptersNtB7_11ReadChapter4user0Bb_
FN:53,_RNCNvMs4_NtNtCsggQ8oezPVYw_7gql_api7objects13read_chaptersNtB7_11ReadChapter5manga0Bb_
FN:43,_RNCNvMs4_NtNtCsggQ8oezPVYw_7gql_api7objects13read_chaptersNtB7_11ReadChapter7chapter0Bb_
FN:33,_RNvMs4_NtNtCsggQ8oezPVYw_7gql_api7objects13read_chaptersNtB5_11ReadChapter4user
FN:53,_RNvMs4_NtNtCsggQ8oezPVYw_7gql_api7objects13read_chaptersNtB5_11ReadChapter5manga
FN:43,_RNvMs4_NtNtCsggQ8oezPVYw_7gql_api7objects13read_chaptersNtB5_11ReadChapter7chapter
FN:20,_RNvXNtNtCsggQ8oezPVYw_7gql_api7objects13read_chaptersNtB2_11ReadChapterINtNtCsivcRoiMOGjn_4core7convert4FromNtNtCs3TYyTOws6Sw_17database_entities13read_chapters5ModelE4from
FNDA:0,_RNCNCNvMs4_NtNtCsggQ8oezPVYw_7gql_api7objects13read_chaptersNtB9_11ReadChapter4user00Bd_
FNDA:0,_RNCNCNvMs4_NtNtCsggQ8oezPVYw_7gql_api7objects13read_chaptersNtB9_11ReadChapter5manga00Bd_
FNDA:0,_RNCNCNvMs4_NtNtCsggQ8oezPVYw_7gql_api7objects13read_chaptersNtB9_11ReadChapter7chapter00Bd_
FNDA:0,_RNCNvMs4_NtNtCsggQ8oezPVYw_7gql_api7objects13read_chaptersNtB7_11ReadChapter4user0Bb_
FNDA:0,_RNCNvMs4_NtNtCsggQ8oezPVYw_7gql_api7objects13read_chaptersNtB7_11ReadChapter5manga0Bb_
FNDA:0,_RNCNvMs4_NtNtCsggQ8oezPVYw_7gql_api7objects13read_chaptersNtB7_11ReadChapter7chapter0Bb_
FNDA:0,_RNvMs4_NtNtCsggQ8oezPVYw_7gql_api7objects13read_chaptersNtB5_11ReadChapter4user
FNDA:0,_RNvMs4_NtNtCsggQ8oezPVYw_7gql_api7objects13read_chaptersNtB5_11ReadChapter5manga
FNDA:0,_RNvMs4_NtNtCsggQ8oezPVYw_7gql_api7objects13read_chaptersNtB5_11ReadChapter7chapter
FNDA:0,_RNvXNtNtCsggQ8oezPVYw_7gql_api7objects13read_chaptersNtB2_11ReadChapterINtNtCsivcRoiMOGjn_4core7convert4FromNtNtCs3TYyTOws6Sw_17database_entities13read_chapters5ModelE4from
FNF:10
FNH:0
DA:20,0
DA:21,0
DA:22,0
DA:23,0
DA:24,0
DA:25,0
DA:26,0
DA:27,0
DA:28,0
DA:33,0
DA:34,0
DA:35,0
DA:36,0
DA:37,0
DA:38,0
DA:40,0
DA:41,0
DA:43,0
DA:44,0
DA:45,0
DA:46,0
DA:47,0
DA:48,0
DA:50,0
DA:51,0
DA:53,0
DA:54,0
DA:55,0
DA:56,0
DA:57,0
DA:58,0
DA:60,0
DA:61,0
BRF:0
BRH:0
LF:39
LH:0
end_of_record
SF:/mnt/040b9fb6-50c4-4490-87c6-b7dd911435c9/Projects/rust/manga-vault/apps/http/gql/src/objects/temp.rs
FN:12,_RNvXNtNtCsggQ8oezPVYw_7gql_api7objects4tempNtB2_4TempINtNtCsivcRoiMOGjn_4core7convert4FromNtNtCs3TYyTOws6Sw_17database_entities4temp5ModelE4from
FNDA:0,_RNvXNtNtCsggQ8oezPVYw_7gql_api7objects4tempNtB2_4TempINtNtCsivcRoiMOGjn_4core7convert4FromNtNtCs3TYyTOws6Sw_17database_entities4temp5ModelE4from
FNF:1
FNH:0
DA:12,0
DA:13,0
DA:14,0
DA:15,0
DA:16,0
DA:17,0
DA:18,0
DA:19,0
BRF:0
BRH:0
LF:8
LH:0
end_of_record
SF:/mnt/040b9fb6-50c4-4490-87c6-b7dd911435c9/Projects/rust/manga-vault/apps/http/gql/src/objects/users.rs
FN:71,_RNCNCNvMs7_NtNtCsggQ8oezPVYw_7gql_api7objects5usersNtB9_13SanitizedUser5image00Bd_
FN:65,_RNCNvMs7_NtNtCsggQ8oezPVYw_7gql_api7objects5usersNtB7_13SanitizedUser5image0Bb_
FN:65,_RNvMs7_NtNtCsggQ8oezPVYw_7gql_api7objects5usersNtB5_13SanitizedUser5image
FN:21,_RNvXNtNtCsggQ8oezPVYw_7gql_api7objects5usersNtB2_4UserINtNtCsivcRoiMOGjn_4core7convert4FromNtNtCs3TYyTOws6Sw_17database_entities5users5ModelE4from
FN:53,_RNvXs0_NtNtCsggQ8oezPVYw_7gql_api7objects5usersNtB5_13SanitizedUserINtNtCsivcRoiMOGjn_4core7convert4FromNtB5_4UserE4from
FN:42,_RNvXs_NtNtCsggQ8oezPVYw_7gql_api7objects5usersNtB4_13SanitizedUserINtNtCsivcRoiMOGjn_4core7convert4FromNtNtCs3TYyTOws6Sw_17database_entities5users5ModelE4from
FNDA:0,_RNCNCNvMs7_NtNtCsggQ8oezPVYw_7gql_api7objects5usersNtB9_13SanitizedUser5image00Bd_
FNDA:0,_RNCNvMs7_NtNtCsggQ8oezPVYw_7gql_api7objects5usersNtB7_13SanitizedUser5image0Bb_
FNDA:0,_RNvMs7_NtNtCsggQ8oezPVYw_7gql_api7objects5usersNtB5_13SanitizedUser5image
FNDA:0,_RNvXNtNtCsggQ8oezPVYw_7gql_api7objects5usersNtB2_4UserINtNtCsivcRoiMOGjn_4core7convert4FromNtNtCs3TYyTOws6Sw_17database_entities5users5ModelE4from
FNDA:0,_RNvXs0_NtNtCsggQ8oezPVYw_7gql_api7objects5usersNtB5_13SanitizedUserINtNtCsivcRoiMOGjn_4core7convert4FromNtB5_4UserE4from
FNDA:0,_RNvXs_NtNtCsggQ8oezPVYw_7gql_api7objects5usersNtB4_13SanitizedUserINtNtCsivcRoiMOGjn_4core7convert4FromNtNtCs3TYyTOws6Sw_17database_entities5users5ModelE4from
FNF:6
FNH:0
DA:21,0
DA:22,0
DA:23,0
DA:24,0
DA:25,0
DA:26,0
DA:27,0
DA:28,0
DA:29,0
DA:42,0
DA:43,0
DA:44,0
DA:45,0
DA:46,0
DA:47,0
DA:48,0
DA:49,0
DA:53,0
DA:54,0
DA:55,0
DA:56,0
DA:57,0
DA:58,0
DA:59,0
DA:60,0
DA:65,0
DA:66,0
DA:67,0
DA:68,0
DA:69,0
DA:70,0
DA:71,0
DA:72,0
DA:74,0
DA:76,0
BRF:0
BRH:0
LF:37
LH:0
end_of_record
SF:/mnt/040b9fb6-50c4-4490-87c6-b7dd911435c9/Projects/rust/manga-vault/apps/http/gql/src/query_root.rs
FN:158,_RNCNCNvMNtCsggQ8oezPVYw_7gql_api10query_rootNtB6_9QueryRoot13scrape_latest00B8_
FN:171,_RNCNCNvMNtCsggQ8oezPVYw_7gql_api10query_rootNtB6_9QueryRoot13scrape_latest0s0_0B8_
FN:188,_RNCNCNvMNtCsggQ8oezPVYw_7gql_api10query_rootNtB6_9QueryRoot13scrape_latest0s1_0B8_
FN:189,_RNCNCNvMNtCsggQ8oezPVYw_7gql_api10query_rootNtB6_9QueryRoot13scrape_latest0s2_0B8_
FN:203,_RNCNCNvMNtCsggQ8oezPVYw_7gql_api10query_rootNtB6_9QueryRoot13scrape_latest0s3_0B8_
FN:211,_RNCNCNvMNtCsggQ8oezPVYw_7gql_api10query_rootNtB6_9QueryRoot13scrape_latest0s4_0B8_
FN:167,_RNCNCNvMNtCsggQ8oezPVYw_7gql_api10query_rootNtB6_9QueryRoot13scrape_latest0s_0B8_
FN:246,_RNCNCNvMNtCsggQ8oezPVYw_7gql_api10query_rootNtB6_9QueryRoot5manga00B8_
FN:259,_RNCNCNvMNtCsggQ8oezPVYw_7gql_api10query_rootNtB6_9QueryRoot5manga0s0_0B8_
FN:266,_RNCNCNvMNtCsggQ8oezPVYw_7gql_api10query_rootNtB6_9QueryRoot5manga0s1_0B8_
FN:273,_RNCNCNvMNtCsggQ8oezPVYw_7gql_api10query_rootNtB6_9QueryRoot5manga0s2_0B8_
FN:296,_RNCNCNvMNtCsggQ8oezPVYw_7gql_api10query_rootNtB6_9QueryRoot5manga0s4_0B8_
FN:256,_RNCNCNvMNtCsggQ8oezPVYw_7gql_api10query_rootNtB6_9QueryRoot5manga0s_0B8_
FN:86,_RNCNCNvMNtCsggQ8oezPVYw_7gql_api10query_rootNtB6_9QueryRoot6search00B8_
FN:97,_RNCNCNvMNtCsggQ8oezPVYw_7gql_api10query_rootNtB6_9QueryRoot6search0s0_0B8_
FN:113,_RNCNCNvMNtCsggQ8oezPVYw_7gql_api10query_rootNtB6_9QueryRoot6search0s1_0B8_
FN:114,_RNCNCNvMNtCsggQ8oezPVYw_7gql_api10query_rootNtB6_9QueryRoot6search0s2_0B8_
FN:127,_RNCNCNvMNtCsggQ8oezPVYw_7gql_api10query_rootNtB6_9QueryRoot6search0s3_0B8_
FN:135,_RNCNCNvMNtCsggQ8oezPVYw_7gql_api10query_rootNtB6_9QueryRoot6search0s4_0B8_
FN:89,_RNCNCNvMNtCsggQ8oezPVYw_7gql_api10query_rootNtB6_9QueryRoot6search0s_0B8_
FN:320,_RNCNvMNtCsggQ8oezPVYw_7gql_api10query_rootNtB4_9QueryRoot12read_chapter0B6_
FN:153,_RNCNvMNtCsggQ8oezPVYw_7gql_api10query_rootNtB4_9QueryRoot13scrape_latest0B6_
FN:303,_RNCNvMNtCsggQ8oezPVYw_7gql_api10query_rootNtB4_9QueryRoot14favorite_manga0B6_
FN:65,_RNCNvMNtCsggQ8oezPVYw_7gql_api10query_rootNtB4_9QueryRoot17chapters_by_manga0B6_
FN:326,_RNCNvMNtCsggQ8oezPVYw_7gql_api10query_rootNtB4_9QueryRoot21read_chapters_by_user0B6_
FN:311,_RNCNvMNtCsggQ8oezPVYw_7gql_api10query_rootNtB4_9QueryRoot23favorite_mangas_by_user0B6_
FN:53,_RNCNvMNtCsggQ8oezPVYw_7gql_api10query_rootNtB4_9QueryRoot4user0B6_
FN:232,_RNCNvMNtCsggQ8oezPVYw_7gql_api10query_rootNtB4_9QueryRoot5manga0B6_
FN:47,_RNCNvMNtCsggQ8oezPVYw_7gql_api10query_rootNtB4_9QueryRoot5users0B6_
FN:80,_RNCNvMNtCsggQ8oezPVYw_7gql_api10query_rootNtB4_9QueryRoot6search0B6_
FN:59,_RNCNvMNtCsggQ8oezPVYw_7gql_api10query_rootNtB4_9QueryRoot7chapter0B6_
FN:335,_RNCNvMNtCsggQ8oezPVYw_7gql_api10query_rootNtB4_9QueryRoot8category0B6_
FN:320,_RNvMNtCsggQ8oezPVYw_7gql_api10query_rootNtB2_9QueryRoot12read_chapter
FN:148,_RNvMNtCsggQ8oezPVYw_7gql_api10query_rootNtB2_9QueryRoot13scrape_latest
FN:303,_RNvMNtCsggQ8oezPVYw_7gql_api10query_rootNtB2_9QueryRoot14favorite_manga
FN:65,_RNvMNtCsggQ8oezPVYw_7gql_api10query_rootNtB2_9QueryRoot17chapters_by_manga
FN:326,_RNvMNtCsggQ8oezPVYw_7gql_api10query_rootNtB2_9QueryRoot21read_chapters_by_user
FN:311,_RNvMNtCsggQ8oezPVYw_7gql_api10query_rootNtB2_9QueryRoot23favorite_mangas_by_user
FN:53,_RNvMNtCsggQ8oezPVYw_7gql_api10query_rootNtB2_9QueryRoot4user
FN:232,_RNvMNtCsggQ8oezPVYw_7gql_api10query_rootNtB2_9QueryRoot5manga
FN:47,_RNvMNtCsggQ8oezPVYw_7gql_api10query_rootNtB2_9QueryRoot5users
FN:74,_RNvMNtCsggQ8oezPVYw_7gql_api10query_rootNtB2_9QueryRoot6search
FN:59,_RNvMNtCsggQ8oezPVYw_7gql_api10query_rootNtB2_9QueryRoot7chapter
FN:335,_RNvMNtCsggQ8oezPVYw_7gql_api10query_rootNtB2_9QueryRoot8category
FN:15,_RNvNtCsggQ8oezPVYw_7gql_api10query_root10parse_date
FNDA:0,_RNCNCNvMNtCsggQ8oezPVYw_7gql_api10query_rootNtB6_9QueryRoot13scrape_latest00B8_
FNDA:0,_RNCNCNvMNtCsggQ8oezPVYw_7gql_api10query_rootNtB6_9QueryRoot13scrape_latest0s0_0B8_
FNDA:0,_RNCNCNvMNtCsggQ8oezPVYw_7gql_api10query_rootNtB6_9QueryRoot13scrape_latest0s1_0B8_
FNDA:0,_RNCNCNvMNtCsggQ8oezPVYw_7gql_api10query_rootNtB6_9QueryRoot13scrape_latest0s2_0B8_
FNDA:0,_RNCNCNvMNtCsggQ8oezPVYw_7gql_api10query_rootNtB6_9QueryRoot13scrape_latest0s3_0B8_
FNDA:0,_RNCNCNvMNtCsggQ8oezPVYw_7gql_api10query_rootNtB6_9QueryRoot13scrape_latest0s4_0B8_
FNDA:0,_RNCNCNvMNtCsggQ8oezPVYw_7gql_api10query_rootNtB6_9QueryRoot13scrape_latest0s_0B8_
FNDA:0,_RNCNCNvMNtCsggQ8oezPVYw_7gql_api10query_rootNtB6_9QueryRoot5manga00B8_
FNDA:0,_RNCNCNvMNtCsggQ8oezPVYw_7gql_api10query_rootNtB6_9QueryRoot5manga0s0_0B8_
FNDA:0,_RNCNCNvMNtCsggQ8oezPVYw_7gql_api10query_rootNtB6_9QueryRoot5manga0s1_0B8_
FNDA:0,_RNCNCNvMNtCsggQ8oezPVYw_7gql_api10query_rootNtB6_9QueryRoot5manga0s2_0B8_
FNDA:0,_RNCNCNvMNtCsggQ8oezPVYw_7gql_api10query_rootNtB6_9QueryRoot5manga0s4_0B8_
FNDA:0,_RNCNCNvMNtCsggQ8oezPVYw_7gql_api10query_rootNtB6_9QueryRoot5manga0s_0B8_
FNDA:0,_RNCNCNvMNtCsggQ8oezPVYw_7gql_api10query_rootNtB6_9QueryRoot6search00B8_
FNDA:0,_RNCNCNvMNtCsggQ8oezPVYw_7gql_api10query_rootNtB6_9QueryRoot6search0s0_0B8_
FNDA:0,_RNCNCNvMNtCsggQ8oezPVYw_7gql_api10query_rootNtB6_9QueryRoot6search0s1_0B8_
FNDA:0,_RNCNCNvMNtCsggQ8oezPVYw_7gql_api10query_rootNtB6_9QueryRoot6search0s2_0B8_
FNDA:0,_RNCNCNvMNtCsggQ8oezPVYw_7gql_api10query_rootNtB6_9QueryRoot6search0s3_0B8_
FNDA:0,_RNCNCNvMNtCsggQ8oezPVYw_7gql_api10query_rootNtB6_9QueryRoot6search0s4_0B8_
FNDA:0,_RNCNCNvMNtCsggQ8oezPVYw_7gql_api10query_rootNtB6_9QueryRoot6search0s_0B8_
FNDA:0,_RNCNvMNtCsggQ8oezPVYw_7gql_api10query_rootNtB4_9QueryRoot12read_chapter0B6_
FNDA:0,_RNCNvMNtCsggQ8oezPVYw_7gql_api10query_rootNtB4_9QueryRoot13scrape_latest0B6_
FNDA:0,_RNCNvMNtCsggQ8oezPVYw_7gql_api10query_rootNtB4_9QueryRoot14favorite_manga0B6_
FNDA:0,_RNCNvMNtCsggQ8oezPVYw_7gql_api10query_rootNtB4_9QueryRoot17chapters_by_manga0B6_
FNDA:0,_RNCNvMNtCsggQ8oezPVYw_7gql_api10query_rootNtB4_9QueryRoot21read_chapters_by_user0B6_
FNDA:0,_RNCNvMNtCsggQ8oezPVYw_7gql_api10query_rootNtB4_9QueryRoot23favorite_mangas_by_user0B6_
FNDA:0,_RNCNvMNtCsggQ8oezPVYw_7gql_api10query_rootNtB4_9QueryRoot4user0B6_
FNDA:0,_RNCNvMNtCsggQ8oezPVYw_7gql_api10query_rootNtB4_9QueryRoot5manga0B6_
FNDA:0,_RNCNvMNtCsggQ8oezPVYw_7gql_api10query_rootNtB4_9QueryRoot5users0B6_
FNDA:0,_RNCNvMNtCsggQ8oezPVYw_7gql_api10query_rootNtB4_9QueryRoot6search0B6_
FNDA:0,_RNCNvMNtCsggQ8oezPVYw_7gql_api10query_rootNtB4_9QueryRoot7chapter0B6_
FNDA:0,_RNCNvMNtCsggQ8oezPVYw_7gql_api10query_rootNtB4_9QueryRoot8category0B6_
FNDA:0,_RNvMNtCsggQ8oezPVYw_7gql_api10query_rootNtB2_9QueryRoot12read_chapter
FNDA:0,_RNvMNtCsggQ8oezPVYw_7gql_api10query_rootNtB2_9QueryRoot13scrape_latest
FNDA:0,_RNvMNtCsggQ8oezPVYw_7gql_api10query_rootNtB2_9QueryRoot14favorite_manga
FNDA:0,_RNvMNtCsggQ8oezPVYw_7gql_api10query_rootNtB2_9QueryRoot17chapters_by_manga
FNDA:0,_RNvMNtCsggQ8oezPVYw_7gql_api10query_rootNtB2_9QueryRoot21read_chapters_by_user
FNDA:0,_RNvMNtCsggQ8oezPVYw_7gql_api10query_rootNtB2_9QueryRoot23favorite_mangas_by_user
FNDA:0,_RNvMNtCsggQ8oezPVYw_7gql_api10query_rootNtB2_9QueryRoot4user
FNDA:0,_RNvMNtCsggQ8oezPVYw_7gql_api10query_rootNtB2_9QueryRoot5manga
FNDA:0,_RNvMNtCsggQ8oezPVYw_7gql_api10query_rootNtB2_9QueryRoot5users
FNDA:0,_RNvMNtCsggQ8oezPVYw_7gql_api10query_rootNtB2_9QueryRoot6search
FNDA:0,_RNvMNtCsggQ8oezPVYw_7gql_api10query_rootNtB2_9QueryRoot7chapter
FNDA:0,_RNvMNtCsggQ8oezPVYw_7gql_api10query_rootNtB2_9QueryRoot8category
FNDA:0,_RNvNtCsggQ8oezPVYw_7gql_api10query_root10parse_date
FNF:45
FNH:0
DA:15,0
DA:16,0
DA:17,0
DA:18,0
DA:19,0
DA:20,0
DA:21,0
DA:22,0
DA:23,0
DA:25,0
DA:26,0
DA:27,0
DA:28,0
DA:29,0
DA:30,0
DA:31,0
DA:34,0
DA:35,0
DA:36,0
DA:37,0
DA:38,0
DA:40,0
DA:41,0
DA:47,0
DA:48,0
DA:49,0
DA:50,0
DA:51,0
DA:53,0
DA:54,0
DA:55,0
DA:56,0
DA:57,0
DA:59,0
DA:60,0
DA:61,0
DA:62,0
DA:63,0
DA:65,0
DA:66,0
DA:67,0
DA:68,0
DA:69,0
DA:70,0
DA:71,0
DA:72,0
DA:74,0
DA:75,0
DA:76,0
DA:77,0
DA:78,0
DA:79,0
DA:80,0
DA:81,0
DA:82,0
DA:83,0
DA:84,0
DA:85,0
DA:86,0
DA:87,0
DA:88,0
DA:89,0
DA:91,0
DA:92,0
DA:93,0
DA:94,0
DA:95,0
DA:97,0
DA:98,0
DA:99,0
DA:100,0
DA:101,0
DA:102,0
DA:103,0
DA:104,0
DA:105,0
DA:106,0
DA:107,0
DA:108,0
DA:109,0
DA:110,0
DA:111,0
DA:112,0
DA:113,0
DA:114,0
DA:115,0
DA:116,0
DA:117,0
DA:118,0
DA:119,0
DA:123,0
DA:124,0
DA:125,0
DA:126,0
DA:127,0
DA:128,0
DA:130,0
DA:131,0
DA:132,0
DA:133,0
DA:134,0
DA:135,0
DA:137,0
DA:138,0
DA:139,0
DA:140,0
DA:141,0
DA:142,0
DA:143,0
DA:145,0
DA:146,0
DA:148,0
DA:149,0
DA:150,0
DA:151,0
DA:152,0
DA:153,0
DA:154,0
DA:155,0
DA:156,0
DA:157,0
DA:158,0
DA:160,0
DA:161,0
DA:162,0
DA:163,0
DA:165,0
DA:166,0
DA:167,0
DA:168,0
DA:169,0
DA:171,0
DA:173,0
DA:174,0
DA:175,0
DA:176,0
DA:177,0
DA:178,0
DA:179,0
DA:180,0
DA:181,0
DA:182,0
DA:183,0
DA:184,0
DA:185,0
DA:186,0
DA:187,0
DA:188,0
DA:189,0
DA:191,0
DA:192,0
DA:193,0
DA:194,0
DA:195,0
DA:199,0
DA:200,0
DA:201,0
DA:202,0
DA:203,0
DA:204,0
DA:206,0
DA:207,0
DA:208,0
DA:209,0
DA:210,0
DA:211,0
DA:213,0
DA:215,0
DA:216,0
DA:217,0
DA:218,0
DA:219,0
DA:220,0
DA:222,0
DA:223,0
DA:225,0
DA:226,0
DA:228,0
DA:230,0
DA:232,0
DA:233,0
DA:234,0
DA:236,0
DA:237,0
DA:238,0
DA:239,0
DA:241,0
DA:242,0
DA:243,0
DA:244,0
DA:245,0
DA:246,0
DA:248,0
DA:250,0
DA:251,0
DA:252,0
DA:253,0
DA:254,0
DA:255,0
DA:256,0
DA:257,0
DA:258,0
DA:259,0
DA:260,0
DA:261,0
DA:262,0
DA:263,0
DA:265,0
DA:266,0
DA:268,0
DA:269,0
DA:270,0
DA:271,0
DA:272,0
DA:273,0
DA:275,0
DA:277,0
DA:278,0
DA:279,0
DA:280,0
DA:281,0
DA:282,0
DA:283,0
DA:284,0
DA:285,0
DA:286,0
DA:287,0
DA:288,0
DA:289,0
DA:292,0
DA:293,0
DA:294,0
DA:295,0
DA:296,0
DA:297,0
DA:298,0
DA:300,0
DA:301,0
DA:303,0
DA:304,0
DA:305,0
DA:306,0
DA:307,0
DA:308,0
DA:309,0
DA:311,0
DA:312,0
DA:313,0
DA:314,0
DA:315,0
DA:316,0
DA:317,0
DA:318,0
DA:320,0
DA:321,0
DA:322,0
DA:323,0
DA:324,0
DA:326,0
DA:327,0
DA:328,0
DA:329,0
DA:330,0
DA:331,0
DA:332,0
DA:333,0
DA:335,0
DA:336,0
DA:337,0
DA:338,0
DA:339,0
BRF:0
BRH:0
LF:303
LH:0
end_of_record
SF:/mnt/040b9fb6-50c4-4490-87c6-b7dd911435c9/Projects/rust/manga-vault/apps/scheduler/queue/src/lib.rs
FN:131,_RNCNCNvMCsgRhhIKulwG7_5queueINtB6_9TaskQueueNtNtCsdKwtZNK3RQP_5alloc6string6StringE3news_0s_0B6_
FN:231,_RNCNvMCsgRhhIKulwG7_5queueINtB4_9TaskQueueNtNtCsdKwtZNK3RQP_5alloc6string6StringE10peek_top_k0B4_
FN:77,_RNCNvMCsgRhhIKulwG7_5queueINtB4_9TaskQueueNtNtCsdKwtZNK3RQP_5alloc6string6StringE3new0B4_
FN:110,_RNCNvMCsgRhhIKulwG7_5queueINtB4_9TaskQueueNtNtCsdKwtZNK3RQP_5alloc6string6StringE3news_0B4_
FN:188,_RNCNvMCsgRhhIKulwG7_5queueINtB4_9TaskQueueNtNtCsdKwtZNK3RQP_5alloc6string6StringE6insert0B4_
FN:238,_RNCNvMCsgRhhIKulwG7_5queueINtB4_9TaskQueueNtNtCsdKwtZNK3RQP_5alloc6string6StringE8shutdown0B4_
FN:231,_RNvMCsgRhhIKulwG7_5queueINtB2_9TaskQueueNtNtCsdKwtZNK3RQP_5alloc6string6StringE10peek_top_kB2_
FN:221,_RNvMCsgRhhIKulwG7_5queueINtB2_9TaskQueueNtNtCsdKwtZNK3RQP_5alloc6string6StringE3lenB2_
FN:53,_RNvMCsgRhhIKulwG7_5queueINtB2_9TaskQueueNtNtCsdKwtZNK3RQP_5alloc6string6StringE3newB2_
FN:188,_RNvMCsgRhhIKulwG7_5queueINtB2_9TaskQueueNtNtCsdKwtZNK3RQP_5alloc6string6StringE6insertB2_
FN:226,_RNvMCsgRhhIKulwG7_5queueINtB2_9TaskQueueNtNtCsdKwtZNK3RQP_5alloc6string6StringE8is_emptyB2_
FN:238,_RNvMCsgRhhIKulwG7_5queueINtB2_9TaskQueueNtNtCsdKwtZNK3RQP_5alloc6string6StringE8shutdownB2_
FN:253,_RNvCsgRhhIKulwG7_5queue17calculate_backoff
FNDA:6,_RNCNCNvMCsgRhhIKulwG7_5queueINtB6_9TaskQueueNtNtCsdKwtZNK3RQP_5alloc6string6StringE3news_0s_0B6_
FNDA:1,_RNCNvMCsgRhhIKulwG7_5queueINtB4_9TaskQueueNtNtCsdKwtZNK3RQP_5alloc6string6StringE10peek_top_k0B4_
FNDA:2,_RNCNvMCsgRhhIKulwG7_5queueINtB4_9TaskQueueNtNtCsdKwtZNK3RQP_5alloc6string6StringE3new0B4_
FNDA:2,_RNCNvMCsgRhhIKulwG7_5queueINtB4_9TaskQueueNtNtCsdKwtZNK3RQP_5alloc6string6StringE3news_0B4_
FNDA:14,_RNCNvMCsgRhhIKulwG7_5queueINtB4_9TaskQueueNtNtCsdKwtZNK3RQP_5alloc6string6StringE6insert0B4_
FNDA:1,_RNCNvMCsgRhhIKulwG7_5queueINtB4_9TaskQueueNtNtCsdKwtZNK3RQP_5alloc6string6StringE8shutdown0B4_
FNDA:1,_RNvMCsgRhhIKulwG7_5queueINtB2_9TaskQueueNtNtCsdKwtZNK3RQP_5alloc6string6StringE10peek_top_kB2_
FNDA:6,_RNvMCsgRhhIKulwG7_5queueINtB2_9TaskQueueNtNtCsdKwtZNK3RQP_5alloc6string6StringE3lenB2_
FNDA:7,_RNvMCsgRhhIKulwG7_5queueINtB2_9TaskQueueNtNtCsdKwtZNK3RQP_5alloc6string6StringE3newB2_
FNDA:14,_RNvMCsgRhhIKulwG7_5queueINtB2_9TaskQueueNtNtCsdKwtZNK3RQP_5alloc6string6StringE6insertB2_
FNDA:1,_RNvMCsgRhhIKulwG7_5queueINtB2_9TaskQueueNtNtCsdKwtZNK3RQP_5alloc6string6StringE8is_emptyB2_
FNDA:1,_RNvMCsgRhhIKulwG7_5queueINtB2_9TaskQueueNtNtCsdKwtZNK3RQP_5alloc6string6StringE8shutdownB2_
FNDA:5,_RNvCsgRhhIKulwG7_5queue17calculate_backoff
FNF:13
FNH:13
DA:53,7
DA:54,7
DA:55,7
DA:56,7
DA:57,7
DA:58,7
DA:59,7
DA:60,7
DA:61,7
DA:62,7
DA:63,7
DA:64,7
DA:65,7
DA:66,7
DA:67,7
DA:68,7
DA:69,7
DA:71,7
DA:72,7
DA:73,7
DA:74,7
DA:75,7
DA:77,7
DA:79,13
DA:80,0
DA:82,13
DA:85,13
DA:86,6
DA:87,6
DA:88,0
DA:89,6
DA:90,6
DA:93,7
DA:94,7
DA:95,7
DA:100,0
DA:101,0
DA:103,7
DA:104,7
DA:105,7
DA:106,7
DA:107,7
DA:108,7
DA:110,7
DA:111,2
DA:113,8
DA:114,8
DA:115,8
DA:116,6
DA:117,6
DA:118,6
DA:120,0
DA:121,0
DA:125,6
DA:126,6
DA:127,6
DA:128,6
DA:129,6
DA:131,6
DA:132,6
DA:133,6
DA:135,6
DA:137,2
DA:139,4
DA:140,4
DA:141,4
DA:142,4
DA:144,4
DA:145,4
DA:146,4
DA:148,4
DA:149,4
DA:150,4
DA:151,4
DA:152,4
DA:153,4
DA:154,0
DA:156,0
DA:159,6
DA:160,6
DA:162,0
DA:167,0
DA:168,0
DA:170,7
DA:171,7
DA:172,7
DA:173,7
DA:174,7
DA:175,7
DA:176,7
DA:177,7
DA:178,7
DA:179,7
DA:180,7
DA:181,7
DA:182,7
DA:183,7
DA:188,14
DA:189,14
DA:190,14
DA:191,14
DA:193,14
DA:194,11
DA:196,10
DA:197,10
DA:199,1
DA:202,3
DA:203,3
DA:205,3
DA:206,3
DA:209,0
DA:211,0
DA:214,0
DA:218,14
DA:221,6
DA:222,6
DA:223,6
DA:226,1
DA:227,1
DA:228,1
DA:231,1
DA:232,1
DA:233,1
DA:238,1
DA:249,1
DA:253,5
DA:254,5
DA:255,5
DA:256,5
DA:257,5
DA:258,5
DA:259,5
BRF:0
BRH:0
LF:138
LH:124
end_of_record
SF:/mnt/040b9fb6-50c4-4490-87c6-b7dd911435c9/Projects/rust/manga-vault/apps/scheduler/queue/src/priority_queue_core.rs
FN:196,_RNCNCNCNvMNtCsgRhhIKulwG7_5queue19priority_queue_coreINtB8_17PriorityQueueCoreNtNtCsdKwtZNK3RQP_5alloc6string6StringE10peek_top_k000Ba_
FN:153,_RNCNCNCNvMNtCsgRhhIKulwG7_5queue19priority_queue_coreINtB8_17PriorityQueueCoreNtNtCsdKwtZNK3RQP_5alloc6string6StringE14pop_with_aging0s_00Ba_
FN:196,_RNCNCNvMNtCsgRhhIKulwG7_5queue19priority_queue_coreINtB6_17PriorityQueueCoreNtNtCsdKwtZNK3RQP_5alloc6string6StringE10peek_top_k00B8_
FN:150,_RNCNCNvMNtCsgRhhIKulwG7_5queue19priority_queue_coreINtB6_17PriorityQueueCoreNtNtCsdKwtZNK3RQP_5alloc6string6StringE14pop_with_aging00B8_
FN:163,_RNCNCNvMNtCsgRhhIKulwG7_5queue19priority_queue_coreINtB6_17PriorityQueueCoreNtNtCsdKwtZNK3RQP_5alloc6string6StringE14pop_with_aging0s0_0B8_
FN:167,_RNCNCNvMNtCsgRhhIKulwG7_5queue19priority_queue_coreINtB6_17PriorityQueueCoreNtNtCsdKwtZNK3RQP_5alloc6string6StringE14pop_with_aging0s1_0B8_
FN:151,_RNCNCNvMNtCsgRhhIKulwG7_5queue19priority_queue_coreINtB6_17PriorityQueueCoreNtNtCsdKwtZNK3RQP_5alloc6string6StringE14pop_with_aging0s_0B8_
FN:61,_RNCNCNvMNtCsgRhhIKulwG7_5queue19priority_queue_coreINtB6_17PriorityQueueCoreNtNtCsdKwtZNK3RQP_5alloc6string6StringE6insert00B8_
FN:88,_RNCNCNvMNtCsgRhhIKulwG7_5queue19priority_queue_coreINtB6_17PriorityQueueCoreNtNtCsdKwtZNK3RQP_5alloc6string6StringE6insert0s0_0B8_
FN:193,_RNCNvMNtCsgRhhIKulwG7_5queue19priority_queue_coreINtB4_17PriorityQueueCoreNtNtCsdKwtZNK3RQP_5alloc6string6StringE10peek_top_k0B6_
FN:140,_RNCNvMNtCsgRhhIKulwG7_5queue19priority_queue_coreINtB4_17PriorityQueueCoreNtNtCsdKwtZNK3RQP_5alloc6string6StringE14pop_with_aging0B6_
FN:111,_RNCNvMNtCsgRhhIKulwG7_5queue19priority_queue_coreINtB4_17PriorityQueueCoreNtNtCsdKwtZNK3RQP_5alloc6string6StringE3pop0B6_
FN:56,_RNCNvMNtCsgRhhIKulwG7_5queue19priority_queue_coreINtB4_17PriorityQueueCoreNtNtCsdKwtZNK3RQP_5alloc6string6StringE6insert0B6_
FN:193,_RNvMNtCsgRhhIKulwG7_5queue19priority_queue_coreINtB2_17PriorityQueueCoreNtNtCsdKwtZNK3RQP_5alloc6string6StringE10peek_top_kB4_
FN:140,_RNvMNtCsgRhhIKulwG7_5queue19priority_queue_coreINtB2_17PriorityQueueCoreNtNtCsdKwtZNK3RQP_5alloc6string6StringE14pop_with_agingB4_
FN:177,_RNvMNtCsgRhhIKulwG7_5queue19priority_queue_coreINtB2_17PriorityQueueCoreNtNtCsdKwtZNK3RQP_5alloc6string6StringE3lenB4_
FN:40,_RNvMNtCsgRhhIKulwG7_5queue19priority_queue_coreINtB2_17PriorityQueueCoreNtNtCsdKwtZNK3RQP_5alloc6string6StringE3newB4_
FN:111,_RNvMNtCsgRhhIKulwG7_5queue19priority_queue_coreINtB2_17PriorityQueueCoreNtNtCsdKwtZNK3RQP_5alloc6string6StringE3popB4_
FN:56,_RNvMNtCsgRhhIKulwG7_5queue19priority_queue_coreINtB2_17PriorityQueueCoreNtNtCsdKwtZNK3RQP_5alloc6string6StringE6insertB4_
FN:184,_RNvMNtCsgRhhIKulwG7_5queue19priority_queue_coreINtB2_17PriorityQueueCoreNtNtCsdKwtZNK3RQP_5alloc6string6StringE8is_emptyB4_
FNDA:5,_RNCNCNCNvMNtCsgRhhIKulwG7_5queue19priority_queue_coreINtB8_17PriorityQueueCoreNtNtCsdKwtZNK3RQP_5alloc6string6StringE10peek_top_k000Ba_
FNDA:4,_RNCNCNCNvMNtCsgRhhIKulwG7_5queue19priority_queue_coreINtB8_17PriorityQueueCoreNtNtCsdKwtZNK3RQP_5alloc6string6StringE14pop_with_aging0s_00Ba_
FNDA:5,_RNCNCNvMNtCsgRhhIKulwG7_5queue19priority_queue_coreINtB6_17PriorityQueueCoreNtNtCsdKwtZNK3RQP_5alloc6string6StringE10peek_top_k00B8_
FNDA:4,_RNCNCNvMNtCsgRhhIKulwG7_5queue19priority_queue_coreINtB6_17PriorityQueueCoreNtNtCsdKwtZNK3RQP_5alloc6string6StringE14pop_with_aging00B8_
FNDA:4,_RNCNCNvMNtCsgRhhIKulwG7_5queue19priority_queue_coreINtB6_17PriorityQueueCoreNtNtCsdKwtZNK3RQP_5alloc6string6StringE14pop_with_aging0s0_0B8_
FNDA:4,_RNCNCNvMNtCsgRhhIKulwG7_5queue19priority_queue_coreINtB6_17PriorityQueueCoreNtNtCsdKwtZNK3RQP_5alloc6string6StringE14pop_with_aging0s1_0B8_
FNDA:4,_RNCNCNvMNtCsgRhhIKulwG7_5queue19priority_queue_coreINtB6_17PriorityQueueCoreNtNtCsdKwtZNK3RQP_5alloc6string6StringE14pop_with_aging0s_0B8_
FNDA:1,_RNCNCNvMNtCsgRhhIKulwG7_5queue19priority_queue_coreINtB6_17PriorityQueueCoreNtNtCsdKwtZNK3RQP_5alloc6string6StringE6insert00B8_
FNDA:2,_RNCNCNvMNtCsgRhhIKulwG7_5queue19priority_queue_coreINtB6_17PriorityQueueCoreNtNtCsdKwtZNK3RQP_5alloc6string6StringE6insert0s0_0B8_
FNDA:3,_RNCNvMNtCsgRhhIKulwG7_5queue19priority_queue_coreINtB4_17PriorityQueueCoreNtNtCsdKwtZNK3RQP_5alloc6string6StringE10peek_top_k0B6_
FNDA:2,_RNCNvMNtCsgRhhIKulwG7_5queue19priority_queue_coreINtB4_17PriorityQueueCoreNtNtCsdKwtZNK3RQP_5alloc6string6StringE14pop_with_aging0B6_
FNDA:15,_RNCNvMNtCsgRhhIKulwG7_5queue19priority_queue_coreINtB4_17PriorityQueueCoreNtNtCsdKwtZNK3RQP_5alloc6string6StringE3pop0B6_
FNDA:35,_RNCNvMNtCsgRhhIKulwG7_5queue19priority_queue_coreINtB4_17PriorityQueueCoreNtNtCsdKwtZNK3RQP_5alloc6string6StringE6insert0B6_
FNDA:3,_RNvMNtCsgRhhIKulwG7_5queue19priority_queue_coreINtB2_17PriorityQueueCoreNtNtCsdKwtZNK3RQP_5alloc6string6StringE10peek_top_kB4_
FNDA:2,_RNvMNtCsgRhhIKulwG7_5queue19priority_queue_coreINtB2_17PriorityQueueCoreNtNtCsdKwtZNK3RQP_5alloc6string6StringE14pop_with_agingB4_
FNDA:17,_RNvMNtCsgRhhIKulwG7_5queue19priority_queue_coreINtB2_17PriorityQueueCoreNtNtCsdKwtZNK3RQP_5alloc6string6StringE3lenB4_
FNDA:14,_RNvMNtCsgRhhIKulwG7_5queue19priority_queue_coreINtB2_17PriorityQueueCoreNtNtCsdKwtZNK3RQP_5alloc6string6StringE3newB4_
FNDA:15,_RNvMNtCsgRhhIKulwG7_5queue19priority_queue_coreINtB2_17PriorityQueueCoreNtNtCsdKwtZNK3RQP_5alloc6string6StringE3popB4_
FNDA:35,_RNvMNtCsgRhhIKulwG7_5queue19priority_queue_coreINtB2_17PriorityQueueCoreNtNtCsdKwtZNK3RQP_5alloc6string6StringE6insertB4_
FNDA:4,_RNvMNtCsgRhhIKulwG7_5queue19priority_queue_coreINtB2_17PriorityQueueCoreNtNtCsdKwtZNK3RQP_5alloc6string6StringE8is_emptyB4_
FNF:20
FNH:20
DA:40,14
DA:41,14
DA:42,14
DA:43,14
DA:44,14
DA:45,14
DA:46,14
DA:47,14
DA:48,14
DA:56,35
DA:57,35
DA:58,1
DA:59,1
DA:60,1
DA:61,1
DA:62,0
DA:64,1
DA:66,1
DA:67,1
DA:68,1
DA:69,1
DA:70,1
DA:71,1
DA:72,1
DA:73,1
DA:74,1
DA:75,1
DA:76,0
DA:77,0
DA:78,34
DA:80,34
DA:81,3
DA:82,3
DA:83,3
DA:84,3
DA:85,2
DA:86,1
DA:87,1
DA:88,2
DA:89,1
DA:90,1
DA:91,0
DA:92,31
DA:94,32
DA:95,32
DA:96,32
DA:97,32
DA:98,32
DA:99,32
DA:100,32
DA:101,32
DA:102,32
DA:103,32
DA:105,32
DA:106,35
DA:111,15
DA:112,15
DA:113,15
DA:115,15
DA:116,11
DA:117,3
DA:118,8
DA:120,8
DA:121,8
DA:122,8
DA:124,8
DA:125,8
DA:126,0
DA:127,0
DA:129,4
DA:130,15
DA:140,2
DA:141,2
DA:142,2
DA:143,2
DA:144,0
DA:147,2
DA:148,2
DA:149,2
DA:150,4
DA:151,4
DA:152,4
DA:153,4
DA:154,4
DA:155,4
DA:156,4
DA:157,4
DA:158,4
DA:159,4
DA:160,2
DA:163,4
DA:165,2
DA:166,2
DA:167,4
DA:168,2
DA:169,2
DA:170,0
DA:171,0
DA:172,0
DA:173,0
DA:174,2
DA:177,17
DA:178,17
DA:179,17
DA:184,4
DA:185,4
DA:186,4
DA:193,3
DA:194,3
DA:195,3
DA:196,5
DA:197,3
DA:198,3
DA:199,3
BRF:0
BRH:0
LF:127
LH:116
end_of_record
SF:/mnt/040b9fb6-50c4-4490-87c6-b7dd911435c9/Projects/rust/manga-vault/apps/scheduler/queue/src/queue_item.rs
FN:22,_RNvMNtCsgRhhIKulwG7_5queue10queue_itemINtB2_9QueueItemNtNtCsdKwtZNK3RQP_5alloc6string6StringE3newB4_
FNDA:31,_RNvMNtCsgRhhIKulwG7_5queue10queue_itemINtB2_9QueueItemNtNtCsdKwtZNK3RQP_5alloc6string6StringE3newB4_
FNF:1
FNH:1
DA:22,31
DA:23,31
DA:24,31
DA:25,31
DA:26,31
DA:27,31
DA:28,31
DA:29,31
DA:30,31
DA:31,31
DA:32,31
DA:33,31
DA:34,31
BRF:0
BRH:0
LF:13
LH:13
end_of_record
SF:/mnt/040b9fb6-50c4-4490-87c6-b7dd911435c9/Projects/rust/manga-vault/apps/scheduler/src/lib.rs
FN:117,_RNCNCNCNCNvMs_CseFbcGfeVCSN_9schedulerNtBc_20MangaUpdateScheduler3new0000Bc_
FN:123,_RNCNCNCNCNvMs_CseFbcGfeVCSN_9schedulerNtBc_20MangaUpdateScheduler3new000s0_0Bc_
FN:134,_RNCNCNCNCNvMs_CseFbcGfeVCSN_9schedulerNtBc_20MangaUpdateScheduler3new000s1_0Bc_
FN:137,_RNCNCNCNCNvMs_CseFbcGfeVCSN_9schedulerNtBc_20MangaUpdateScheduler3new000s2_0Bc_
FN:145,_RNCNCNCNCNvMs_CseFbcGfeVCSN_9schedulerNtBc_20MangaUpdateScheduler3new000s3_0Bc_
FN:148,_RNCNCNCNCNvMs_CseFbcGfeVCSN_9schedulerNtBc_20MangaUpdateScheduler3new000s4_0Bc_
FN:156,_RNCNCNCNCNvMs_CseFbcGfeVCSN_9schedulerNtBc_20MangaUpdateScheduler3new000s5_0Bc_
FN:180,_RNCNCNCNCNvMs_CseFbcGfeVCSN_9schedulerNtBc_20MangaUpdateScheduler3new000s7_0Bc_
FN:118,_RNCNCNCNCNvMs_CseFbcGfeVCSN_9schedulerNtBc_20MangaUpdateScheduler3new000s_0Bc_
FN:113,_RNCNCNCNvMs_CseFbcGfeVCSN_9schedulerNtBa_20MangaUpdateScheduler3new000Ba_
FN:103,_RNCNCNvMs_CseFbcGfeVCSN_9schedulerNtB8_20MangaUpdateScheduler3new00B8_
FN:75,_RNCNvMCseFbcGfeVCSN_9schedulerNtB4_22ScraperCooldownTracker14needs_cooldown0B4_
FN:224,_RNCNvMs_CseFbcGfeVCSN_9schedulerNtB6_20MangaUpdateScheduler16schedule_updates0B6_
FN:98,_RNCNvMs_CseFbcGfeVCSN_9schedulerNtB6_20MangaUpdateScheduler3new0B6_
FN:214,_RNCNvMs_CseFbcGfeVCSN_9schedulerNtB6_20MangaUpdateScheduler5start0B6_
FN:14,_RNvCseFbcGfeVCSN_9scheduler10parse_date
FN:72,_RNvMCseFbcGfeVCSN_9schedulerNtB2_22ScraperCooldownTracker14needs_cooldown
FN:65,_RNvMCseFbcGfeVCSN_9schedulerNtB2_22ScraperCooldownTracker3new
FN:79,_RNvMCseFbcGfeVCSN_9schedulerNtB2_22ScraperCooldownTracker9mark_used
FN:224,_RNvMs_CseFbcGfeVCSN_9schedulerNtB4_20MangaUpdateScheduler16schedule_updates
FN:85,_RNvMs_CseFbcGfeVCSN_9schedulerNtB4_20MangaUpdateScheduler3new
FN:214,_RNvMs_CseFbcGfeVCSN_9schedulerNtB4_20MangaUpdateScheduler5start
FNDA:0,_RNCNCNCNCNvMs_CseFbcGfeVCSN_9schedulerNtBc_20MangaUpdateScheduler3new0000Bc_
FNDA:0,_RNCNCNCNCNvMs_CseFbcGfeVCSN_9schedulerNtBc_20MangaUpdateScheduler3new000s0_0Bc_
FNDA:0,_RNCNCNCNCNvMs_CseFbcGfeVCSN_9schedulerNtBc_20MangaUpdateScheduler3new000s1_0Bc_
FNDA:0,_RNCNCNCNCNvMs_CseFbcGfeVCSN_9schedulerNtBc_20MangaUpdateScheduler3new000s2_0Bc_
FNDA:0,_RNCNCNCNCNvMs_CseFbcGfeVCSN_9schedulerNtBc_20MangaUpdateScheduler3new000s3_0Bc_
FNDA:0,_RNCNCNCNCNvMs_CseFbcGfeVCSN_9schedulerNtBc_20MangaUpdateScheduler3new000s4_0Bc_
FNDA:0,_RNCNCNCNCNvMs_CseFbcGfeVCSN_9schedulerNtBc_20MangaUpdateScheduler3new000s5_0Bc_
FNDA:0,_RNCNCNCNCNvMs_CseFbcGfeVCSN_9schedulerNtBc_20MangaUpdateScheduler3new000s7_0Bc_
FNDA:0,_RNCNCNCNCNvMs_CseFbcGfeVCSN_9schedulerNtBc_20MangaUpdateScheduler3new000s_0Bc_
FNDA:0,_RNCNCNCNvMs_CseFbcGfeVCSN_9schedulerNtBa_20MangaUpdateScheduler3new000Ba_
FNDA:0,_RNCNCNvMs_CseFbcGfeVCSN_9schedulerNtB8_20MangaUpdateScheduler3new00B8_
FNDA:0,_RNCNvMCseFbcGfeVCSN_9schedulerNtB4_22ScraperCooldownTracker14needs_cooldown0B4_
FNDA:0,_RNCNvMs_CseFbcGfeVCSN_9schedulerNtB6_20MangaUpdateScheduler16schedule_updates0B6_
FNDA:0,_RNCNvMs_CseFbcGfeVCSN_9schedulerNtB6_20MangaUpdateScheduler3new0B6_
FNDA:0,_RNCNvMs_CseFbcGfeVCSN_9schedulerNtB6_20MangaUpdateScheduler5start0B6_
FNDA:0,_RNvCseFbcGfeVCSN_9scheduler10parse_date
FNDA:0,_RNvMCseFbcGfeVCSN_9schedulerNtB2_22ScraperCooldownTracker14needs_cooldown
FNDA:0,_RNvMCseFbcGfeVCSN_9schedulerNtB2_22ScraperCooldownTracker3new
FNDA:0,_RNvMCseFbcGfeVCSN_9schedulerNtB2_22ScraperCooldownTracker9mark_used
FNDA:0,_RNvMs_CseFbcGfeVCSN_9schedulerNtB4_20MangaUpdateScheduler16schedule_updates
FNDA:0,_RNvMs_CseFbcGfeVCSN_9schedulerNtB4_20MangaUpdateScheduler3new
FNDA:0,_RNvMs_CseFbcGfeVCSN_9schedulerNtB4_20MangaUpdateScheduler5start
FNF:22
FNH:0
DA:14,0
DA:15,0
DA:16,0
DA:17,0
DA:18,0
DA:19,0
DA:20,0
DA:21,0
DA:22,0
DA:24,0
DA:25,0
DA:26,0
DA:27,0
DA:28,0
DA:29,0
DA:30,0
DA:33,0
DA:34,0
DA:35,0
DA:36,0
DA:37,0
DA:39,0
DA:40,0
DA:65,0
DA:66,0
DA:67,0
DA:68,0
DA:69,0
DA:70,0
DA:72,0
DA:73,0
DA:74,0
DA:75,0
DA:76,0
DA:77,0
DA:79,0
DA:80,0
DA:81,0
DA:85,0
DA:86,0
DA:87,0
DA:88,0
DA:89,0
DA:90,0
DA:91,0
DA:93,0
DA:94,0
DA:95,0
DA:96,0
DA:98,0
DA:99,0
DA:100,0
DA:101,0
DA:103,0
DA:104,0
DA:105,0
DA:106,0
DA:107,0
DA:108,0
DA:110,0
DA:111,0
DA:113,0
DA:114,0
DA:115,0
DA:116,0
DA:117,0
DA:118,0
DA:120,0
DA:121,0
DA:122,0
DA:123,0
DA:125,0
DA:127,0
DA:128,0
DA:129,0
DA:130,0
DA:131,0
DA:132,0
DA:133,0
DA:134,0
DA:135,0
DA:136,0
DA:137,0
DA:138,0
DA:139,0
DA:141,0
DA:142,0
DA:143,0
DA:145,0
DA:147,0
DA:148,0
DA:150,0
DA:151,0
DA:152,0
DA:153,0
DA:154,0
DA:155,0
DA:156,0
DA:158,0
DA:159,0
DA:161,0
DA:162,0
DA:163,0
DA:164,0
DA:165,0
DA:166,0
DA:167,0
DA:168,0
DA:169,0
DA:170,0
DA:171,0
DA:172,0
DA:173,0
DA:176,0
DA:177,0
DA:178,0
DA:179,0
DA:180,0
DA:181,0
DA:183,0
DA:185,0
DA:187,0
DA:188,0
DA:189,0
DA:190,0
DA:191,0
DA:192,0
DA:195,0
DA:196,0
DA:200,0
DA:201,0
DA:202,0
DA:205,0
DA:206,0
DA:207,0
DA:208,0
DA:209,0
DA:210,0
DA:211,0
DA:212,0
DA:214,0
DA:216,0
DA:217,0
DA:218,0
DA:220,0
DA:224,0
DA:225,0
DA:227,0
DA:229,0
DA:230,0
DA:231,0
DA:232,0
DA:234,0
DA:236,0
DA:237,0
DA:238,0
DA:239,0
DA:241,0
DA:242,0
DA:243,0
DA:245,0
DA:246,0
DA:247,0
DA:248,0
DA:249,0
DA:250,0
DA:251,0
DA:252,0
DA:253,0
DA:254,0
DA:258,0
DA:259,0
DA:260,0
DA:261,0
DA:262,0
DA:263,0
DA:265,0
DA:266,0
DA:269,0
DA:270,0
BRF:0
BRH:0
LF:194
LH:0
end_of_record
SF:/mnt/040b9fb6-50c4-4490-87c6-b7dd911435c9/Projects/rust/manga-vault/apps/scheduler/src/main.rs
FN:7,_RNCNvCsbP9rG2xOO1W_21manga_vault_scheduler4main0B3_
FN:7,_RNvCsbP9rG2xOO1W_21manga_vault_scheduler4main
FNDA:0,_RNCNvCsbP9rG2xOO1W_21manga_vault_scheduler4main0B3_
FNDA:0,_RNvCsbP9rG2xOO1W_21manga_vault_scheduler4main
FNF:2
FNH:0
DA:7,0
DA:8,0
DA:9,0
DA:11,0
DA:12,0
DA:13,0
DA:15,0
DA:18,0
DA:20,0
DA:22,0
DA:23,0
BRF:0
BRH:0
LF:13
LH:0
end_of_record
SF:/mnt/040b9fb6-50c4-4490-87c6-b7dd911435c9/Projects/rust/manga-vault/config/derive/src/lib.rs
FN:19,_RNCNCNvCs7M3cGdwNaGg_13config_derive13derive_config00B5_
FN:17,_RNCNvCs7M3cGdwNaGg_13config_derive13derive_config0B3_
FN:6,_RNvCs7M3cGdwNaGg_13config_derive13derive_config
FN:6,_RNvCsdHbUfU4kIky_13config_derive13derive_config
FN:19,_RNCNCNvCsdHbUfU4kIky_13config_derive13derive_config00B5_
FN:17,_RNCNvCsdHbUfU4kIky_13config_derive13derive_config0B3_
FNDA:0,_RNCNCNvCs7M3cGdwNaGg_13config_derive13derive_config00B5_
FNDA:0,_RNCNvCs7M3cGdwNaGg_13config_derive13derive_config0B3_
FNDA:0,_RNvCs7M3cGdwNaGg_13config_derive13derive_config
FNDA:9,_RNvCsdHbUfU4kIky_13config_derive13derive_config
FNDA:9,_RNCNCNvCsdHbUfU4kIky_13config_derive13derive_config00B5_
FNDA:9,_RNCNvCsdHbUfU4kIky_13config_derive13derive_config0B3_
FNF:3
FNH:3
DA:6,9
DA:7,9
DA:8,9
DA:10,9
DA:12,9
DA:13,9
DA:14,0
DA:15,9
DA:16,9
DA:17,9
DA:18,9
DA:19,9
DA:20,9
DA:21,9
DA:22,9
DA:23,0
DA:24,9
DA:25,9
DA:26,9
DA:27,9
DA:28,0
DA:31,9
DA:33,9
DA:68,9
DA:69,9
BRF:0
BRH:0
LF:27
LH:24
end_of_record
SF:/mnt/040b9fb6-50c4-4490-87c6-b7dd911435c9/Projects/rust/manga-vault/config/src/lib.rs
FN:70,_RNCNvCsgK3qAEmN4fJ_6config16build_value_tree0B3_
FN:11,_RINvCsgK3qAEmN4fJ_6config11load_configpEB2_
FN:17,_RNCINvCsgK3qAEmN4fJ_6config11load_configpE0B4_
FN:27,_RNCINvCsgK3qAEmN4fJ_6config11load_configpEs_0B4_
FN:47,_RNvCsgK3qAEmN4fJ_6config13read_env_vars
FN:40,_RNvCsgK3qAEmN4fJ_6config14read_json_file
FN:77,_RNvCsgK3qAEmN4fJ_6config12merge_values
FN:61,_RNvCsgK3qAEmN4fJ_6config16build_value_tree
FNDA:2,_RNCNvCsgK3qAEmN4fJ_6config16build_value_tree0B3_
FNDA:0,_RINvCsgK3qAEmN4fJ_6config11load_configpEB2_
FNDA:0,_RNCINvCsgK3qAEmN4fJ_6config11load_configpE0B4_
FNDA:0,_RNCINvCsgK3qAEmN4fJ_6config11load_configpEs_0B4_
FNDA:0,_RNvCsgK3qAEmN4fJ_6config13read_env_vars
FNDA:0,_RNvCsgK3qAEmN4fJ_6config14read_json_file
FNDA:1,_RNvCsgK3qAEmN4fJ_6config12merge_values
FNDA:3,_RNvCsgK3qAEmN4fJ_6config16build_value_tree
FNF:8
FNH:3
DA:11,0
DA:12,0
DA:13,0
DA:15,0
DA:16,0
DA:17,0
DA:19,0
DA:20,0
DA:21,0
DA:22,0
DA:23,0
DA:24,0
DA:25,0
DA:27,0
DA:29,0
DA:30,0
DA:31,0
DA:33,0
DA:34,0
DA:36,0
DA:37,0
DA:38,0
DA:40,0
DA:41,0
DA:42,0
DA:43,0
DA:44,0
DA:45,0
DA:47,0
DA:48,0
DA:49,0
DA:51,0
DA:52,0
DA:53,0
DA:54,0
DA:55,0
DA:56,0
DA:58,0
DA:59,0
DA:61,3
DA:62,3
DA:63,0
DA:64,3
DA:66,3
DA:67,3
DA:68,1
DA:69,1
DA:70,2
DA:71,2
DA:72,2
DA:73,2
DA:75,3
DA:77,1
DA:78,1
DA:79,3
DA:80,2
DA:81,0
DA:82,0
DA:83,0
DA:84,0
DA:85,2
DA:86,2
DA:88,0
DA:89,1
BRF:0
BRH:0
LF:67
LH:20
end_of_record
SF:/mnt/040b9fb6-50c4-4490-87c6-b7dd911435c9/Projects/rust/manga-vault/database/connection/src/lib.rs
FN:210,_RNCNCNvMs_Cs9Gfxau6VwZy_19database_connectionNtB8_8Database15cleanup_backups00B8_
FN:217,_RNCNCNvMs_Cs9Gfxau6VwZy_19database_connectionNtB8_8Database15cleanup_backups0s0_0B8_
FN:211,_RNCNCNvMs_Cs9Gfxau6VwZy_19database_connectionNtB8_8Database15cleanup_backups0s_0B8_
FN:85,_RNCNCNvMs_Cs9Gfxau6VwZy_19database_connectionNtB8_8Database3new00B8_
FN:155,_RNCNCNvMs_Cs9Gfxau6VwZy_19database_connectionNtB8_8Database3new0s0_0B8_
FN:145,_RNCNCNvMs_Cs9Gfxau6VwZy_19database_connectionNtB8_8Database3new0s_0B8_
FN:177,_RNCNCNvMs_Cs9Gfxau6VwZy_19database_connectionNtB8_8Database6backup00B8_
FN:192,_RNCNvMs_Cs9Gfxau6VwZy_19database_connectionNtB6_8Database15cleanup_backups0B6_
FN:74,_RNCNvMs_Cs9Gfxau6VwZy_19database_connectionNtB6_8Database3new0B6_
FN:169,_RNCNvMs_Cs9Gfxau6VwZy_19database_connectionNtB6_8Database6backup0B6_
FN:33,_RNvCs9Gfxau6VwZy_19database_connection22current_exe_parent_dir
FN:192,_RNvMs_Cs9Gfxau6VwZy_19database_connectionNtB4_8Database15cleanup_backups
FN:74,_RNvMs_Cs9Gfxau6VwZy_19database_connectionNtB4_8Database3new
FN:169,_RNvMs_Cs9Gfxau6VwZy_19database_connectionNtB4_8Database6backup
FN:55,_RNvXCs9Gfxau6VwZy_19database_connectionNtB2_6ConfigNtNtCsivcRoiMOGjn_4core7default7Default7default
FNDA:0,_RNCNCNvMs_Cs9Gfxau6VwZy_19database_connectionNtB8_8Database15cleanup_backups00B8_
FNDA:0,_RNCNCNvMs_Cs9Gfxau6VwZy_19database_connectionNtB8_8Database15cleanup_backups0s0_0B8_
FNDA:0,_RNCNCNvMs_Cs9Gfxau6VwZy_19database_connectionNtB8_8Database15cleanup_backups0s_0B8_
FNDA:0,_RNCNCNvMs_Cs9Gfxau6VwZy_19database_connectionNtB8_8Database3new00B8_
FNDA:0,_RNCNCNvMs_Cs9Gfxau6VwZy_19database_connectionNtB8_8Database3new0s0_0B8_
FNDA:0,_RNCNCNvMs_Cs9Gfxau6VwZy_19database_connectionNtB8_8Database3new0s_0B8_
FNDA:0,_RNCNCNvMs_Cs9Gfxau6VwZy_19database_connectionNtB8_8Database6backup00B8_
FNDA:0,_RNCNvMs_Cs9Gfxau6VwZy_19database_connectionNtB6_8Database15cleanup_backups0B6_
FNDA:0,_RNCNvMs_Cs9Gfxau6VwZy_19database_connectionNtB6_8Database3new0B6_
FNDA:0,_RNCNvMs_Cs9Gfxau6VwZy_19database_connectionNtB6_8Database6backup0B6_
FNDA:0,_RNvCs9Gfxau6VwZy_19database_connection22current_exe_parent_dir
FNDA:0,_RNvMs_Cs9Gfxau6VwZy_19database_connectionNtB4_8Database15cleanup_backups
FNDA:0,_RNvMs_Cs9Gfxau6VwZy_19database_connectionNtB4_8Database3new
FNDA:0,_RNvMs_Cs9Gfxau6VwZy_19database_connectionNtB4_8Database6backup
FNDA:0,_RNvXCs9Gfxau6VwZy_19database_connectionNtB2_6ConfigNtNtCsivcRoiMOGjn_4core7default7Default7default
FNF:15
FNH:0
DA:33,0
DA:34,0
DA:35,0
DA:36,0
DA:37,0
DA:38,0
DA:39,0
DA:55,0
DA:56,0
DA:57,0
DA:58,0
DA:59,0
DA:60,0
DA:61,0
DA:62,0
DA:74,0
DA:75,0
DA:77,0
DA:79,0
DA:81,0
DA:82,0
DA:83,0
DA:84,0
DA:85,0
DA:87,0
DA:89,0
DA:90,0
DA:91,0
DA:93,0
DA:94,0
DA:95,0
DA:97,0
DA:99,0
DA:100,0
DA:101,0
DA:102,0
DA:104,0
DA:105,0
DA:106,0
DA:107,0
DA:109,0
DA:110,0
DA:111,0
DA:114,0
DA:117,0
DA:118,0
DA:119,0
DA:121,0
DA:122,0
DA:123,0
DA:124,0
DA:125,0
DA:128,0
DA:129,0
DA:133,0
DA:134,0
DA:135,0
DA:136,0
DA:137,0
DA:138,0
DA:140,0
DA:141,0
DA:142,0
DA:144,0
DA:145,0
DA:147,0
DA:148,0
DA:149,0
DA:150,0
DA:154,0
DA:155,0
DA:157,0
DA:158,0
DA:159,0
DA:160,0
DA:163,0
DA:165,0
DA:166,0
DA:167,0
DA:169,0
DA:170,0
DA:171,0
DA:172,0
DA:174,0
DA:175,0
DA:176,0
DA:177,0
DA:179,0
DA:180,0
DA:181,0
DA:183,0
DA:184,0
DA:185,0
DA:187,0
DA:188,0
DA:189,0
DA:190,0
DA:192,0
DA:193,0
DA:194,0
DA:195,0
DA:197,0
DA:198,0
DA:199,0
DA:200,0
DA:202,0
DA:203,0
DA:205,0
DA:206,0
DA:207,0
DA:209,0
DA:210,0
DA:211,0
DA:212,0
DA:213,0
DA:214,0
DA:216,0
DA:217,0
DA:218,0
DA:219,0
DA:220,0
DA:221,0
DA:222,0
DA:223,0
DA:224,0
DA:225,0
DA:228,0
DA:229,0
BRF:0
BRH:0
LF:139
LH:0
end_of_record
SF:/mnt/040b9fb6-50c4-4490-87c6-b7dd911435c9/Projects/rust/manga-vault/database/entities/src/categories.rs
FN:30,_RNvXNtCsfczI3LJFaQQ_17database_entities10categoriesNtB2_6EntityINtNtNtCsd4duCZevpKc_7sea_orm6entity8relation7RelatedNtNtB4_15favorite_mangas6EntityE2to
FN:36,_RNvXs_NtCsfczI3LJFaQQ_17database_entities10categoriesNtB4_6EntityINtNtNtCsd4duCZevpKc_7sea_orm6entity8relation7RelatedNtNtB6_5users6EntityE2to
FNDA:0,_RNvXNtCsfczI3LJFaQQ_17database_entities10categoriesNtB2_6EntityINtNtNtCsd4duCZevpKc_7sea_orm6entity8relation7RelatedNtNtB4_15favorite_mangas6EntityE2to
FNDA:0,_RNvXs_NtCsfczI3LJFaQQ_17database_entities10categoriesNtB4_6EntityINtNtNtCsd4duCZevpKc_7sea_orm6entity8relation7RelatedNtNtB6_5users6EntityE2to
FNF:2
FNH:0
DA:30,0
DA:31,0
DA:32,0
DA:36,0
DA:37,0
DA:38,0
BRF:0
BRH:0
LF:6
LH:0
end_of_record
SF:/mnt/040b9fb6-50c4-4490-87c6-b7dd911435c9/Projects/rust/manga-vault/database/entities/src/chapters.rs
FN:33,_RNvXNtCsfczI3LJFaQQ_17database_entities8chaptersNtB2_6EntityINtNtNtCsd4duCZevpKc_7sea_orm6entity8relation7RelatedNtNtB4_6mangas6EntityE2to
FN:39,_RNvXs_NtCsfczI3LJFaQQ_17database_entities8chaptersNtB4_6EntityINtNtNtCsd4duCZevpKc_7sea_orm6entity8relation7RelatedNtNtB6_13read_chapters6EntityE2to
FNDA:0,_RNvXNtCsfczI3LJFaQQ_17database_entities8chaptersNtB2_6EntityINtNtNtCsd4duCZevpKc_7sea_orm6entity8relation7RelatedNtNtB4_6mangas6EntityE2to
FNDA:0,_RNvXs_NtCsfczI3LJFaQQ_17database_entities8chaptersNtB4_6EntityINtNtNtCsd4duCZevpKc_7sea_orm6entity8relation7RelatedNtNtB6_13read_chapters6EntityE2to
FNF:2
FNH:0
DA:33,0
DA:34,0
DA:35,0
DA:39,0
DA:40,0
DA:41,0
BRF:0
BRH:0
LF:6
LH:0
end_of_record
SF:/mnt/040b9fb6-50c4-4490-87c6-b7dd911435c9/Projects/rust/manga-vault/database/entities/src/favorite_mangas.rs
FN:45,_RNvXNtCsfczI3LJFaQQ_17database_entities15favorite_mangasNtB2_6EntityINtNtNtCsd4duCZevpKc_7sea_orm6entity8relation7RelatedNtNtB4_10categories6EntityE2to
FN:57,_RNvXs0_NtCsfczI3LJFaQQ_17database_entities15favorite_mangasNtB5_6EntityINtNtNtCsd4duCZevpKc_7sea_orm6entity8relation7RelatedNtNtB7_5users6EntityE2to
FN:51,_RNvXs_NtCsfczI3LJFaQQ_17database_entities15favorite_mangasNtB4_6EntityINtNtNtCsd4duCZevpKc_7sea_orm6entity8relation7RelatedNtNtB6_6mangas6EntityE2to
FNDA:0,_RNvXNtCsfczI3LJFaQQ_17database_entities15favorite_mangasNtB2_6EntityINtNtNtCsd4duCZevpKc_7sea_orm6entity8relation7RelatedNtNtB4_10categories6EntityE2to
FNDA:0,_RNvXs0_NtCsfczI3LJFaQQ_17database_entities15favorite_mangasNtB5_6EntityINtNtNtCsd4duCZevpKc_7sea_orm6entity8relation7RelatedNtNtB7_5users6EntityE2to
FNDA:0,_RNvXs_NtCsfczI3LJFaQQ_17database_entities15favorite_mangasNtB4_6EntityINtNtNtCsd4duCZevpKc_7sea_orm6entity8relation7RelatedNtNtB6_6mangas6EntityE2to
FNF:3
FNH:0
DA:45,0
DA:46,0
DA:47,0
DA:51,0
DA:52,0
DA:53,0
DA:57,0
DA:58,0
DA:59,0
BRF:0
BRH:0
LF:9
LH:0
end_of_record
SF:/mnt/040b9fb6-50c4-4490-87c6-b7dd911435c9/Projects/rust/manga-vault/database/entities/src/files.rs
FN:28,_RNvXNtCsfczI3LJFaQQ_17database_entities5filesNtB2_6EntityINtNtNtCsd4duCZevpKc_7sea_orm6entity8relation7RelatedNtNtB4_5users6EntityE2to
FNDA:0,_RNvXNtCsfczI3LJFaQQ_17database_entities5filesNtB2_6EntityINtNtNtCsd4duCZevpKc_7sea_orm6entity8relation7RelatedNtNtB4_5users6EntityE2to
FNF:1
FNH:0
DA:28,0
DA:29,0
DA:30,0
BRF:0
BRH:0
LF:3
LH:0
end_of_record
SF:/mnt/040b9fb6-50c4-4490-87c6-b7dd911435c9/Projects/rust/manga-vault/database/entities/src/manga_pack_members.rs
FN:35,_RNvXNtCsfczI3LJFaQQ_17database_entities18manga_pack_membersNtB2_6EntityINtNtNtCsd4duCZevpKc_7sea_orm6entity8relation7RelatedNtNtB4_11manga_packs6EntityE2to
FN:41,_RNvXs_NtCsfczI3LJFaQQ_17database_entities18manga_pack_membersNtB4_6EntityINtNtNtCsd4duCZevpKc_7sea_orm6entity8relation7RelatedNtNtB6_6mangas6EntityE2to
FNDA:0,_RNvXNtCsfczI3LJFaQQ_17database_entities18manga_pack_membersNtB2_6EntityINtNtNtCsd4duCZevpKc_7sea_orm6entity8relation7RelatedNtNtB4_11manga_packs6EntityE2to
FNDA:0,_RNvXs_NtCsfczI3LJFaQQ_17database_entities18manga_pack_membersNtB4_6EntityINtNtNtCsd4duCZevpKc_7sea_orm6entity8relation7RelatedNtNtB6_6mangas6EntityE2to
FNF:2
FNH:0
DA:35,0
DA:36,0
DA:37,0
DA:41,0
DA:42,0
DA:43,0
BRF:0
BRH:0
LF:6
LH:0
end_of_record
SF:/mnt/040b9fb6-50c4-4490-87c6-b7dd911435c9/Projects/rust/manga-vault/database/entities/src/manga_packs.rs
FN:29,_RNvXNtCsfczI3LJFaQQ_17database_entities11manga_packsNtB2_6EntityINtNtNtCsd4duCZevpKc_7sea_orm6entity8relation7RelatedNtNtB4_18manga_pack_members6EntityE2to
FN:35,_RNvXs_NtCsfczI3LJFaQQ_17database_entities11manga_packsNtB4_6EntityINtNtNtCsd4duCZevpKc_7sea_orm6entity8relation7RelatedNtNtB6_5users6EntityE2to
FNDA:0,_RNvXNtCsfczI3LJFaQQ_17database_entities11manga_packsNtB2_6EntityINtNtNtCsd4duCZevpKc_7sea_orm6entity8relation7RelatedNtNtB4_18manga_pack_members6EntityE2to
FNDA:0,_RNvXs_NtCsfczI3LJFaQQ_17database_entities11manga_packsNtB4_6EntityINtNtNtCsd4duCZevpKc_7sea_orm6entity8relation7RelatedNtNtB6_5users6EntityE2to
FNF:2
FNH:0
DA:29,0
DA:30,0
DA:31,0
DA:35,0
DA:36,0
DA:37,0
BRF:0
BRH:0
LF:6
LH:0
end_of_record
SF:/mnt/040b9fb6-50c4-4490-87c6-b7dd911435c9/Projects/rust/manga-vault/database/entities/src/mangas.rs
FN:40,_RNvXNtCsfczI3LJFaQQ_17database_entities6mangasNtB2_6EntityINtNtNtCsd4duCZevpKc_7sea_orm6entity8relation7RelatedNtNtB4_8chapters6EntityE2to
FN:52,_RNvXs0_NtCsfczI3LJFaQQ_17database_entities6mangasNtB5_6EntityINtNtNtCsd4duCZevpKc_7sea_orm6entity8relation7RelatedNtNtB7_18manga_pack_members6EntityE2to
FN:58,_RNvXs1_NtCsfczI3LJFaQQ_17database_entities6mangasNtB5_6EntityINtNtNtCsd4duCZevpKc_7sea_orm6entity8relation7RelatedNtNtB7_13read_chapters6EntityE2to
FN:46,_RNvXs_NtCsfczI3LJFaQQ_17database_entities6mangasNtB4_6EntityINtNtNtCsd4duCZevpKc_7sea_orm6entity8relation7RelatedNtNtB6_15favorite_mangas6EntityE2to
FNDA:0,_RNvXNtCsfczI3LJFaQQ_17database_entities6mangasNtB2_6EntityINtNtNtCsd4duCZevpKc_7sea_orm6entity8relation7RelatedNtNtB4_8chapters6EntityE2to
FNDA:0,_RNvXs0_NtCsfczI3LJFaQQ_17database_entities6mangasNtB5_6EntityINtNtNtCsd4duCZevpKc_7sea_orm6entity8relation7RelatedNtNtB7_18manga_pack_members6EntityE2to
FNDA:0,_RNvXs1_NtCsfczI3LJFaQQ_17database_entities6mangasNtB5_6EntityINtNtNtCsd4duCZevpKc_7sea_orm6entity8relation7RelatedNtNtB7_13read_chapters6EntityE2to
FNDA:0,_RNvXs_NtCsfczI3LJFaQQ_17database_entities6mangasNtB4_6EntityINtNtNtCsd4duCZevpKc_7sea_orm6entity8relation7RelatedNtNtB6_15favorite_mangas6EntityE2to
FNF:4
FNH:0
DA:40,0
DA:41,0
DA:42,0
DA:46,0
DA:47,0
DA:48,0
DA:52,0
DA:53,0
DA:54,0
DA:58,0
DA:59,0
DA:60,0
BRF:0
BRH:0
LF:12
LH:0
end_of_record
SF:/mnt/040b9fb6-50c4-4490-87c6-b7dd911435c9/Projects/rust/manga-vault/database/entities/src/read_chapters.rs
FN:45,_RNvXNtCsfczI3LJFaQQ_17database_entities13read_chaptersNtB2_6EntityINtNtNtCsd4duCZevpKc_7sea_orm6entity8relation7RelatedNtNtB4_8chapters6EntityE2to
FN:57,_RNvXs0_NtCsfczI3LJFaQQ_17database_entities13read_chaptersNtB5_6EntityINtNtNtCsd4duCZevpKc_7sea_orm6entity8relation7RelatedNtNtB7_5users6EntityE2to
FN:51,_RNvXs_NtCsfczI3LJFaQQ_17database_entities13read_chaptersNtB4_6EntityINtNtNtCsd4duCZevpKc_7sea_orm6entity8relation7RelatedNtNtB6_6mangas6EntityE2to
FNDA:0,_RNvXNtCsfczI3LJFaQQ_17database_entities13read_chaptersNtB2_6EntityINtNtNtCsd4duCZevpKc_7sea_orm6entity8relation7RelatedNtNtB4_8chapters6EntityE2to
FNDA:0,_RNvXs0_NtCsfczI3LJFaQQ_17database_entities13read_chaptersNtB5_6EntityINtNtNtCsd4duCZevpKc_7sea_orm6entity8relation7RelatedNtNtB7_5users6EntityE2to
FNDA:0,_RNvXs_NtCsfczI3LJFaQQ_17database_entities13read_chaptersNtB4_6EntityINtNtNtCsd4duCZevpKc_7sea_orm6entity8relation7RelatedNtNtB6_6mangas6EntityE2to
FNF:3
FNH:0
DA:45,0
DA:46,0
DA:47,0
DA:51,0
DA:52,0
DA:53,0
DA:57,0
DA:58,0
DA:59,0
BRF:0
BRH:0
LF:9
LH:0
end_of_record
SF:/mnt/040b9fb6-50c4-4490-87c6-b7dd911435c9/Projects/rust/manga-vault/database/entities/src/users.rs
FN:31,_RNvXNtCsfczI3LJFaQQ_17database_entities5usersNtB2_6EntityINtNtNtCsd4duCZevpKc_7sea_orm6entity8relation7RelatedNtNtB4_10categories6EntityE2to
FN:43,_RNvXs0_NtCsfczI3LJFaQQ_17database_entities5usersNtB5_6EntityINtNtNtCsd4duCZevpKc_7sea_orm6entity8relation7RelatedNtNtB7_5files6EntityE2to
FN:49,_RNvXs1_NtCsfczI3LJFaQQ_17database_entities5usersNtB5_6EntityINtNtNtCsd4duCZevpKc_7sea_orm6entity8relation7RelatedNtNtB7_11manga_packs6EntityE2to
FN:55,_RNvXs2_NtCsfczI3LJFaQQ_17database_entities5usersNtB5_6EntityINtNtNtCsd4duCZevpKc_7sea_orm6entity8relation7RelatedNtNtB7_13read_chapters6EntityE2to
FN:37,_RNvXs_NtCsfczI3LJFaQQ_17database_entities5usersNtB4_6EntityINtNtNtCsd4duCZevpKc_7sea_orm6entity8relation7RelatedNtNtB6_15favorite_mangas6EntityE2to
FNDA:0,_RNvXNtCsfczI3LJFaQQ_17database_entities5usersNtB2_6EntityINtNtNtCsd4duCZevpKc_7sea_orm6entity8relation7RelatedNtNtB4_10categories6EntityE2to
FNDA:0,_RNvXs0_NtCsfczI3LJFaQQ_17database_entities5usersNtB5_6EntityINtNtNtCsd4duCZevpKc_7sea_orm6entity8relation7RelatedNtNtB7_5files6EntityE2to
FNDA:0,_RNvXs1_NtCsfczI3LJFaQQ_17database_entities5usersNtB5_6EntityINtNtNtCsd4duCZevpKc_7sea_orm6entity8relation7RelatedNtNtB7_11manga_packs6EntityE2to
FNDA:0,_RNvXs2_NtCsfczI3LJFaQQ_17database_entities5usersNtB5_6EntityINtNtNtCsd4duCZevpKc_7sea_orm6entity8relation7RelatedNtNtB7_13read_chapters6EntityE2to
FNDA:0,_RNvXs_NtCsfczI3LJFaQQ_17database_entities5usersNtB4_6EntityINtNtNtCsd4duCZevpKc_7sea_orm6entity8relation7RelatedNtNtB6_15favorite_mangas6EntityE2to
FNF:5
FNH:0
DA:31,0
DA:32,0
DA:33,0
DA:37,0
DA:38,0
DA:39,0
DA:43,0
DA:44,0
DA:45,0
DA:49,0
DA:50,0
DA:51,0
DA:55,0
DA:56,0
DA:57,0
BRF:0
BRH:0
LF:15
LH:0
end_of_record
SF:/mnt/040b9fb6-50c4-4490-87c6-b7dd911435c9/Projects/rust/manga-vault/database/migration/src/lib.rs
FN:17,_RNvXCsbas2rHr9CXX_18database_migrationNtB2_8MigratorNtNtCs5L8xI86G7nH_17sea_orm_migration8migrator13MigratorTrait10migrations
FNDA:0,_RNvXCsbas2rHr9CXX_18database_migrationNtB2_8MigratorNtNtCs5L8xI86G7nH_17sea_orm_migration8migrator13MigratorTrait10migrations
FNF:1
FNH:0
DA:17,0
DA:18,0
DA:19,0
DA:20,0
DA:21,0
DA:22,0
DA:23,0
DA:24,0
DA:25,0
DA:26,0
DA:27,0
DA:29,0
BRF:0
BRH:0
LF:12
LH:0
end_of_record
SF:/mnt/040b9fb6-50c4-4490-87c6-b7dd911435c9/Projects/rust/manga-vault/database/migration/src/m20220101_000001_create_tables.rs
FN:8,_RNCNvXs_NtCsbas2rHr9CXX_18database_migration30m20220101_000001_create_tablesNtB6_9MigrationNtCs5L8xI86G7nH_17sea_orm_migration14MigrationTrait2up0B8_
FN:189,_RNCNvXs_NtCsbas2rHr9CXX_18database_migration30m20220101_000001_create_tablesNtB6_9MigrationNtCs5L8xI86G7nH_17sea_orm_migration14MigrationTrait4down0B8_
FN:8,_RNvXs_NtCsbas2rHr9CXX_18database_migration30m20220101_000001_create_tablesNtB4_9MigrationNtCs5L8xI86G7nH_17sea_orm_migration14MigrationTrait2up
FN:189,_RNvXs_NtCsbas2rHr9CXX_18database_migration30m20220101_000001_create_tablesNtB4_9MigrationNtCs5L8xI86G7nH_17sea_orm_migration14MigrationTrait4down
FNDA:0,_RNCNvXs_NtCsbas2rHr9CXX_18database_migration30m20220101_000001_create_tablesNtB6_9MigrationNtCs5L8xI86G7nH_17sea_orm_migration14MigrationTrait2up0B8_
FNDA:0,_RNCNvXs_NtCsbas2rHr9CXX_18database_migration30m20220101_000001_create_tablesNtB6_9MigrationNtCs5L8xI86G7nH_17sea_orm_migration14MigrationTrait4down0B8_
FNDA:0,_RNvXs_NtCsbas2rHr9CXX_18database_migration30m20220101_000001_create_tablesNtB4_9MigrationNtCs5L8xI86G7nH_17sea_orm_migration14MigrationTrait2up
FNDA:0,_RNvXs_NtCsbas2rHr9CXX_18database_migration30m20220101_000001_create_tablesNtB4_9MigrationNtCs5L8xI86G7nH_17sea_orm_migration14MigrationTrait4down
FNF:2
FNH:0
DA:8,0
DA:9,0
DA:10,0
DA:11,0
DA:12,0
DA:13,0
DA:14,0
DA:15,0
DA:16,0
DA:17,0
DA:18,0
DA:19,0
DA:20,0
DA:22,0
DA:23,0
DA:24,0
DA:25,0
DA:26,0
DA:27,0
DA:28,0
DA:29,0
DA:30,0
DA:31,0
DA:32,0
DA:33,0
DA:34,0
DA:35,0
DA:36,0
DA:38,0
DA:39,0
DA:40,0
DA:41,0
DA:42,0
DA:43,0
DA:44,0
DA:45,0
DA:46,0
DA:47,0
DA:48,0
DA:49,0
DA:50,0
DA:51,0
DA:52,0
DA:53,0
DA:54,0
DA:55,0
DA:56,0
DA:57,0
DA:58,0
DA:59,0
DA:60,0
DA:61,0
DA:62,0
DA:63,0
DA:64,0
DA:66,0
DA:67,0
DA:68,0
DA:69,0
DA:70,0
DA:71,0
DA:72,0
DA:73,0
DA:74,0
DA:75,0
DA:76,0
DA:77,0
DA:78,0
DA:79,0
DA:80,0
DA:81,0
DA:82,0
DA:83,0
DA:84,0
DA:85,0
DA:86,0
DA:87,0
DA:88,0
DA:89,0
DA:90,0
DA:92,0
DA:93,0
DA:94,0
DA:95,0
DA:96,0
DA:97,0
DA:98,0
DA:99,0
DA:100,0
DA:101,0
DA:102,0
DA:103,0
DA:104,0
DA:105,0
DA:106,0
DA:107,0
DA:108,0
DA:109,0
DA:110,0
DA:111,0
DA:112,0
DA:113,0
DA:114,0
DA:115,0
DA:116,0
DA:117,0
DA:118,0
DA:119,0
DA:120,0
DA:121,0
DA:122,0
DA:123,0
DA:124,0
DA:125,0
DA:126,0
DA:127,0
DA:128,0
DA:129,0
DA:130,0
DA:131,0
DA:133,0
DA:134,0
DA:135,0
DA:136,0
DA:137,0
DA:138,0
DA:139,0
DA:140,0
DA:141,0
DA:142,0
DA:143,0
DA:145,0
DA:146,0
DA:147,0
DA:148,0
DA:149,0
DA:150,0
DA:151,0
DA:152,0
DA:153,0
DA:154,0
DA:155,0
DA:156,0
DA:157,0
DA:158,0
DA:159,0
DA:160,0
DA:161,0
DA:162,0
DA:163,0
DA:164,0
DA:165,0
DA:166,0
DA:167,0
DA:168,0
DA:169,0
DA:170,0
DA:171,0
DA:172,0
DA:173,0
DA:174,0
DA:175,0
DA:176,0
DA:177,0
DA:178,0
DA:179,0
DA:180,0
DA:181,0
DA:182,0
DA:183,0
DA:184,0
DA:186,0
DA:187,0
DA:189,0
DA:190,0
DA:191,0
DA:192,0
DA:193,0
DA:194,0
DA:195,0
DA:196,0
DA:197,0
DA:198,0
DA:199,0
DA:200,0
DA:201,0
DA:202,0
DA:203,0
DA:204,0
DA:205,0
DA:206,0
DA:207,0
DA:208,0
DA:209,0
DA:210,0
DA:211,0
DA:212,0
BRF:0
BRH:0
LF:197
LH:0
end_of_record
SF:/mnt/040b9fb6-50c4-4490-87c6-b7dd911435c9/Projects/rust/manga-vault/database/migration/src/m20240328_005922_add_image_id_to_user.rs
FN:8,_RNCNvXs_NtCsbas2rHr9CXX_18database_migration37m20240328_005922_add_image_id_to_userNtB6_9MigrationNtCs5L8xI86G7nH_17sea_orm_migration14MigrationTrait2up0B8_
FN:21,_RNCNvXs_NtCsbas2rHr9CXX_18database_migration37m20240328_005922_add_image_id_to_userNtB6_9MigrationNtCs5L8xI86G7nH_17sea_orm_migration14MigrationTrait4down0B8_
FN:8,_RNvXs_NtCsbas2rHr9CXX_18database_migration37m20240328_005922_add_image_id_to_userNtB4_9MigrationNtCs5L8xI86G7nH_17sea_orm_migration14MigrationTrait2up
FN:21,_RNvXs_NtCsbas2rHr9CXX_18database_migration37m20240328_005922_add_image_id_to_userNtB4_9MigrationNtCs5L8xI86G7nH_17sea_orm_migration14MigrationTrait4down
FNDA:0,_RNCNvXs_NtCsbas2rHr9CXX_18database_migration37m20240328_005922_add_image_id_to_userNtB6_9MigrationNtCs5L8xI86G7nH_17sea_orm_migration14MigrationTrait2up0B8_
FNDA:0,_RNCNvXs_NtCsbas2rHr9CXX_18database_migration37m20240328_005922_add_image_id_to_userNtB6_9MigrationNtCs5L8xI86G7nH_17sea_orm_migration14MigrationTrait4down0B8_
FNDA:0,_RNvXs_NtCsbas2rHr9CXX_18database_migration37m20240328_005922_add_image_id_to_userNtB4_9MigrationNtCs5L8xI86G7nH_17sea_orm_migration14MigrationTrait2up
FNDA:0,_RNvXs_NtCsbas2rHr9CXX_18database_migration37m20240328_005922_add_image_id_to_userNtB4_9MigrationNtCs5L8xI86G7nH_17sea_orm_migration14MigrationTrait4down
FNF:2
FNH:0
DA:8,0
DA:9,0
DA:10,0
DA:11,0
DA:12,0
DA:13,0
DA:14,0
DA:15,0
DA:16,0
DA:18,0
DA:19,0
DA:21,0
DA:22,0
DA:23,0
DA:24,0
DA:26,0
DA:27,0
BRF:0
BRH:0
LF:17
LH:0
end_of_record
SF:/mnt/040b9fb6-50c4-4490-87c6-b7dd911435c9/Projects/rust/manga-vault/database/migration/src/m20240331_220133_create_temp_table.rs
FN:8,_RNCNvXs_NtCsbas2rHr9CXX_18database_migration34m20240331_220133_create_temp_tableNtB6_9MigrationNtCs5L8xI86G7nH_17sea_orm_migration14MigrationTrait2up0B8_
FN:23,_RNCNvXs_NtCsbas2rHr9CXX_18database_migration34m20240331_220133_create_temp_tableNtB6_9MigrationNtCs5L8xI86G7nH_17sea_orm_migration14MigrationTrait4down0B8_
FN:8,_RNvXs_NtCsbas2rHr9CXX_18database_migration34m20240331_220133_create_temp_tableNtB4_9MigrationNtCs5L8xI86G7nH_17sea_orm_migration14MigrationTrait2up
FN:23,_RNvXs_NtCsbas2rHr9CXX_18database_migration34m20240331_220133_create_temp_tableNtB4_9MigrationNtCs5L8xI86G7nH_17sea_orm_migration14MigrationTrait4down
FNDA:0,_RNCNvXs_NtCsbas2rHr9CXX_18database_migration34m20240331_220133_create_temp_tableNtB6_9MigrationNtCs5L8xI86G7nH_17sea_orm_migration14MigrationTrait2up0B8_
FNDA:0,_RNCNvXs_NtCsbas2rHr9CXX_18database_migration34m20240331_220133_create_temp_tableNtB6_9MigrationNtCs5L8xI86G7nH_17sea_orm_migration14MigrationTrait4down0B8_
FNDA:0,_RNvXs_NtCsbas2rHr9CXX_18database_migration34m20240331_220133_create_temp_tableNtB4_9MigrationNtCs5L8xI86G7nH_17sea_orm_migration14MigrationTrait2up
FNDA:0,_RNvXs_NtCsbas2rHr9CXX_18database_migration34m20240331_220133_create_temp_tableNtB4_9MigrationNtCs5L8xI86G7nH_17sea_orm_migration14MigrationTrait4down
FNF:2
FNH:0
DA:8,0
DA:9,0
DA:10,0
DA:11,0
DA:12,0
DA:13,0
DA:14,0
DA:15,0
DA:16,0
DA:17,0
DA:18,0
DA:19,0
DA:20,0
DA:21,0
DA:23,0
DA:24,0
DA:25,0
BRF:0
BRH:0
LF:17
LH:0
end_of_record
SF:/mnt/040b9fb6-50c4-4490-87c6-b7dd911435c9/Projects/rust/manga-vault/database/migration/src/m20240430_145751_alter_temp_table.rs
FN:8,_RNCNvXs_NtCsbas2rHr9CXX_18database_migration33m20240430_145751_alter_temp_tableNtB6_9MigrationNtCs5L8xI86G7nH_17sea_orm_migration14MigrationTrait2up0B8_
FN:25,_RNCNvXs_NtCsbas2rHr9CXX_18database_migration33m20240430_145751_alter_temp_tableNtB6_9MigrationNtCs5L8xI86G7nH_17sea_orm_migration14MigrationTrait4down0B8_
FN:8,_RNvXs_NtCsbas2rHr9CXX_18database_migration33m20240430_145751_alter_temp_tableNtB4_9MigrationNtCs5L8xI86G7nH_17sea_orm_migration14MigrationTrait2up
FN:25,_RNvXs_NtCsbas2rHr9CXX_18database_migration33m20240430_145751_alter_temp_tableNtB4_9MigrationNtCs5L8xI86G7nH_17sea_orm_migration14MigrationTrait4down
FNDA:0,_RNCNvXs_NtCsbas2rHr9CXX_18database_migration33m20240430_145751_alter_temp_tableNtB6_9MigrationNtCs5L8xI86G7nH_17sea_orm_migration14MigrationTrait2up0B8_
FNDA:0,_RNCNvXs_NtCsbas2rHr9CXX_18database_migration33m20240430_145751_alter_temp_tableNtB6_9MigrationNtCs5L8xI86G7nH_17sea_orm_migration14MigrationTrait4down0B8_
FNDA:0,_RNvXs_NtCsbas2rHr9CXX_18database_migration33m20240430_145751_alter_temp_tableNtB4_9MigrationNtCs5L8xI86G7nH_17sea_orm_migration14MigrationTrait2up
FNDA:0,_RNvXs_NtCsbas2rHr9CXX_18database_migration33m20240430_145751_alter_temp_tableNtB4_9MigrationNtCs5L8xI86G7nH_17sea_orm_migration14MigrationTrait4down
FNF:2
FNH:0
DA:8,0
DA:9,0
DA:11,0
DA:12,0
DA:13,0
DA:14,0
DA:15,0
DA:16,0
DA:17,0
DA:18,0
DA:19,0
DA:20,0
DA:21,0
DA:22,0
DA:23,0
DA:25,0
DA:26,0
DA:28,0
DA:29,0
DA:30,0
DA:31,0
DA:32,0
DA:33,0
DA:34,0
DA:35,0
DA:36,0
DA:37,0
DA:38,0
DA:39,0
DA:40,0
BRF:0
BRH:0
LF:30
LH:0
end_of_record
SF:/mnt/040b9fb6-50c4-4490-87c6-b7dd911435c9/Projects/rust/manga-vault/database/migration/src/m20250602_200354_add_owner_to_file.rs
FN:9,_RNCNvXs_NtCsbas2rHr9CXX_18database_migration34m20250602_200354_add_owner_to_fileNtB6_9MigrationNtCs5L8xI86G7nH_17sea_orm_migration14MigrationTrait2up0B8_
FN:79,_RNCNvXs_NtCsbas2rHr9CXX_18database_migration34m20250602_200354_add_owner_to_fileNtB6_9MigrationNtCs5L8xI86G7nH_17sea_orm_migration14MigrationTrait4down0B8_
FN:9,_RNvXs_NtCsbas2rHr9CXX_18database_migration34m20250602_200354_add_owner_to_fileNtB4_9MigrationNtCs5L8xI86G7nH_17sea_orm_migration14MigrationTrait2up
FN:79,_RNvXs_NtCsbas2rHr9CXX_18database_migration34m20250602_200354_add_owner_to_fileNtB4_9MigrationNtCs5L8xI86G7nH_17sea_orm_migration14MigrationTrait4down
FNDA:0,_RNCNvXs_NtCsbas2rHr9CXX_18database_migration34m20250602_200354_add_owner_to_fileNtB6_9MigrationNtCs5L8xI86G7nH_17sea_orm_migration14MigrationTrait2up0B8_
FNDA:0,_RNCNvXs_NtCsbas2rHr9CXX_18database_migration34m20250602_200354_add_owner_to_fileNtB6_9MigrationNtCs5L8xI86G7nH_17sea_orm_migration14MigrationTrait4down0B8_
FNDA:0,_RNvXs_NtCsbas2rHr9CXX_18database_migration34m20250602_200354_add_owner_to_fileNtB4_9MigrationNtCs5L8xI86G7nH_17sea_orm_migration14MigrationTrait2up
FNDA:0,_RNvXs_NtCsbas2rHr9CXX_18database_migration34m20250602_200354_add_owner_to_fileNtB4_9MigrationNtCs5L8xI86G7nH_17sea_orm_migration14MigrationTrait4down
FNF:2
FNH:0
DA:9,0
DA:10,0
DA:12,0
DA:13,0
DA:14,0
DA:16,0
DA:17,0
DA:18,0
DA:19,0
DA:20,0
DA:21,0
DA:22,0
DA:23,0
DA:24,0
DA:25,0
DA:26,0
DA:27,0
DA:28,0
DA:29,0
DA:30,0
DA:31,0
DA:32,0
DA:33,0
DA:34,0
DA:36,0
DA:37,0
DA:38,0
DA:39,0
DA:40,0
DA:41,0
DA:43,0
DA:45,0
DA:48,0
DA:49,0
DA:50,0
DA:51,0
DA:52,0
DA:53,0
DA:54,0
DA:55,0
DA:57,0
DA:58,0
DA:59,0
DA:60,0
DA:61,0
DA:62,0
DA:63,0
DA:64,0
DA:65,0
DA:66,0
DA:67,0
DA:68,0
DA:69,0
DA:70,0
DA:71,0
DA:72,0
DA:74,0
DA:77,0
DA:79,0
DA:80,0
DA:82,0
DA:83,0
DA:84,0
DA:86,0
DA:87,0
DA:88,0
DA:89,0
DA:90,0
DA:91,0
DA:92,0
DA:93,0
DA:94,0
DA:95,0
DA:96,0
DA:98,0
DA:99,0
DA:100,0
DA:101,0
DA:102,0
DA:103,0
DA:105,0
DA:107,0
DA:111,0
DA:112,0
DA:113,0
DA:114,0
DA:115,0
DA:116,0
DA:117,0
DA:118,0
DA:120,0
DA:121,0
DA:122,0
DA:124,0
DA:127,0
BRF:0
BRH:0
LF:95
LH:0
end_of_record
SF:/mnt/040b9fb6-50c4-4490-87c6-b7dd911435c9/Projects/rust/manga-vault/database/migration/src/m20250602_212249_add_indexes_to_tables.rs
FN:8,_RNCNvXs_NtCsbas2rHr9CXX_18database_migration38m20250602_212249_add_indexes_to_tablesNtB6_9MigrationNtCs5L8xI86G7nH_17sea_orm_migration14MigrationTrait2up0B8_
FN:152,_RNCNvXs_NtCsbas2rHr9CXX_18database_migration38m20250602_212249_add_indexes_to_tablesNtB6_9MigrationNtCs5L8xI86G7nH_17sea_orm_migration14MigrationTrait4down0B8_
FN:8,_RNvXs_NtCsbas2rHr9CXX_18database_migration38m20250602_212249_add_indexes_to_tablesNtB4_9MigrationNtCs5L8xI86G7nH_17sea_orm_migration14MigrationTrait2up
FN:152,_RNvXs_NtCsbas2rHr9CXX_18database_migration38m20250602_212249_add_indexes_to_tablesNtB4_9MigrationNtCs5L8xI86G7nH_17sea_orm_migration14MigrationTrait4down
FNDA:0,_RNCNvXs_NtCsbas2rHr9CXX_18database_migration38m20250602_212249_add_indexes_to_tablesNtB6_9MigrationNtCs5L8xI86G7nH_17sea_orm_migration14MigrationTrait2up0B8_
FNDA:0,_RNCNvXs_NtCsbas2rHr9CXX_18database_migration38m20250602_212249_add_indexes_to_tablesNtB6_9MigrationNtCs5L8xI86G7nH_17sea_orm_migration14MigrationTrait4down0B8_
FNDA:0,_RNvXs_NtCsbas2rHr9CXX_18database_migration38m20250602_212249_add_indexes_to_tablesNtB4_9MigrationNtCs5L8xI86G7nH_17sea_orm_migration14MigrationTrait2up
FNDA:0,_RNvXs_NtCsbas2rHr9CXX_18database_migration38m20250602_212249_add_indexes_to_tablesNtB4_9MigrationNtCs5L8xI86G7nH_17sea_orm_migration14MigrationTrait4down
FNF:2
FNH:0
DA:8,0
DA:11,0
DA:12,0
DA:13,0
DA:14,0
DA:15,0
DA:16,0
DA:17,0
DA:18,0
DA:19,0
DA:21,0
DA:22,0
DA:23,0
DA:24,0
DA:25,0
DA:26,0
DA:27,0
DA:28,0
DA:29,0
DA:31,0
DA:32,0
DA:33,0
DA:34,0
DA:35,0
DA:36,0
DA:37,0
DA:38,0
DA:39,0
DA:43,0
DA:44,0
DA:45,0
DA:46,0
DA:47,0
DA:48,0
DA:49,0
DA:50,0
DA:51,0
DA:53,0
DA:54,0
DA:55,0
DA:56,0
DA:57,0
DA:58,0
DA:59,0
DA:60,0
DA:61,0
DA:63,0
DA:64,0
DA:65,0
DA:66,0
DA:67,0
DA:68,0
DA:69,0
DA:70,0
DA:71,0
DA:75,0
DA:76,0
DA:77,0
DA:78,0
DA:79,0
DA:80,0
DA:81,0
DA:82,0
DA:83,0
DA:85,0
DA:86,0
DA:87,0
DA:88,0
DA:89,0
DA:90,0
DA:91,0
DA:92,0
DA:93,0
DA:95,0
DA:96,0
DA:97,0
DA:98,0
DA:99,0
DA:100,0
DA:101,0
DA:102,0
DA:103,0
DA:107,0
DA:108,0
DA:109,0
DA:110,0
DA:111,0
DA:112,0
DA:113,0
DA:114,0
DA:115,0
DA:117,0
DA:118,0
DA:119,0
DA:120,0
DA:121,0
DA:122,0
DA:123,0
DA:124,0
DA:125,0
DA:127,0
DA:128,0
DA:129,0
DA:130,0
DA:131,0
DA:132,0
DA:133,0
DA:134,0
DA:135,0
DA:139,0
DA:140,0
DA:141,0
DA:142,0
DA:143,0
DA:144,0
DA:145,0
DA:146,0
DA:147,0
DA:149,0
DA:150,0
DA:152,0
DA:155,0
DA:156,0
DA:157,0
DA:158,0
DA:159,0
DA:160,0
DA:161,0
DA:162,0
DA:166,0
DA:167,0
DA:168,0
DA:170,0
DA:171,0
DA:172,0
DA:174,0
DA:175,0
DA:176,0
DA:180,0
DA:181,0
DA:182,0
DA:184,0
DA:185,0
DA:186,0
DA:188,0
DA:189,0
DA:190,0
DA:194,0
DA:195,0
DA:196,0
DA:197,0
DA:198,0
DA:199,0
DA:200,0
DA:201,0
DA:203,0
DA:204,0
DA:205,0
DA:206,0
DA:207,0
DA:208,0
DA:209,0
DA:210,0
DA:212,0
DA:213,0
DA:214,0
DA:215,0
DA:216,0
DA:217,0
DA:218,0
DA:219,0
DA:223,0
DA:224,0
DA:225,0
DA:226,0
DA:227,0
DA:228,0
DA:229,0
DA:230,0
DA:232,0
DA:233,0
DA:234,0
DA:235,0
DA:236,0
DA:237,0
DA:238,0
DA:239,0
DA:241,0
DA:242,0
DA:243,0
DA:244,0
DA:245,0
DA:246,0
DA:247,0
DA:248,0
DA:250,0
DA:251,0
BRF:0
BRH:0
LF:197
LH:0
end_of_record
SF:/mnt/040b9fb6-50c4-4490-87c6-b7dd911435c9/Projects/rust/manga-vault/database/migration/src/m20250620_173359_mangas_table_changes.rs
FN:8,_RNCNvXs_NtCsbas2rHr9CXX_18database_migration37m20250620_173359_mangas_table_changesNtB6_9MigrationNtCs5L8xI86G7nH_17sea_orm_migration14MigrationTrait2up0B8_
FN:89,_RNCNvXs_NtCsbas2rHr9CXX_18database_migration37m20250620_173359_mangas_table_changesNtB6_9MigrationNtCs5L8xI86G7nH_17sea_orm_migration14MigrationTrait4down0B8_
FN:8,_RNvXs_NtCsbas2rHr9CXX_18database_migration37m20250620_173359_mangas_table_changesNtB4_9MigrationNtCs5L8xI86G7nH_17sea_orm_migration14MigrationTrait2up
FN:89,_RNvXs_NtCsbas2rHr9CXX_18database_migration37m20250620_173359_mangas_table_changesNtB4_9MigrationNtCs5L8xI86G7nH_17sea_orm_migration14MigrationTrait4down
FNDA:0,_RNCNvXs_NtCsbas2rHr9CXX_18database_migration37m20250620_173359_mangas_table_changesNtB6_9MigrationNtCs5L8xI86G7nH_17sea_orm_migration14MigrationTrait2up0B8_
FNDA:0,_RNCNvXs_NtCsbas2rHr9CXX_18database_migration37m20250620_173359_mangas_table_changesNtB6_9MigrationNtCs5L8xI86G7nH_17sea_orm_migration14MigrationTrait4down0B8_
FNDA:0,_RNvXs_NtCsbas2rHr9CXX_18database_migration37m20250620_173359_mangas_table_changesNtB4_9MigrationNtCs5L8xI86G7nH_17sea_orm_migration14MigrationTrait2up
FNDA:0,_RNvXs_NtCsbas2rHr9CXX_18database_migration37m20250620_173359_mangas_table_changesNtB4_9MigrationNtCs5L8xI86G7nH_17sea_orm_migration14MigrationTrait4down
FNF:2
FNH:0
DA:8,0
DA:9,0
DA:10,0
DA:11,0
DA:12,0
DA:13,0
DA:14,0
DA:15,0
DA:16,0
DA:17,0
DA:18,0
DA:19,0
DA:20,0
DA:21,0
DA:22,0
DA:23,0
DA:24,0
DA:25,0
DA:26,0
DA:27,0
DA:28,0
DA:29,0
DA:30,0
DA:31,0
DA:32,0
DA:33,0
DA:34,0
DA:35,0
DA:36,0
DA:37,0
DA:38,0
DA:39,0
DA:40,0
DA:41,0
DA:42,0
DA:43,0
DA:44,0
DA:45,0
DA:46,0
DA:47,0
DA:48,0
DA:49,0
DA:50,0
DA:51,0
DA:52,0
DA:53,0
DA:54,0
DA:55,0
DA:56,0
DA:57,0
DA:58,0
DA:59,0
DA:60,0
DA:61,0
DA:62,0
DA:63,0
DA:64,0
DA:65,0
DA:66,0
DA:67,0
DA:68,0
DA:69,0
DA:70,0
DA:71,0
DA:72,0
DA:74,0
DA:75,0
DA:76,0
DA:77,0
DA:78,0
DA:79,0
DA:80,0
DA:81,0
DA:82,0
DA:83,0
DA:84,0
DA:86,0
DA:87,0
DA:89,0
DA:90,0
DA:91,0
DA:92,0
DA:93,0
DA:94,0
DA:95,0
DA:96,0
DA:97,0
DA:99,0
DA:100,0
DA:101,0
DA:103,0
DA:104,0
DA:105,0
DA:107,0
DA:108,0
DA:109,0
DA:111,0
DA:112,0
DA:113,0
DA:115,0
DA:116,0
DA:117,0
DA:118,0
DA:119,0
DA:120,0
DA:121,0
DA:122,0
DA:124,0
DA:125,0
DA:126,0
DA:127,0
DA:128,0
DA:129,0
DA:130,0
DA:131,0
DA:133,0
DA:134,0
DA:135,0
DA:137,0
DA:138,0
BRF:0
BRH:0
LF:120
LH:0
end_of_record
SF:/mnt/040b9fb6-50c4-4490-87c6-b7dd911435c9/Projects/rust/manga-vault/database/migration/src/m20250624_225246_scanlation_groups.rs
FN:8,_RNCNvXs_NtCsbas2rHr9CXX_18database_migration34m20250624_225246_scanlation_groupsNtB6_9MigrationNtCs5L8xI86G7nH_17sea_orm_migration14MigrationTrait2up0B8_
FN:21,_RNCNvXs_NtCsbas2rHr9CXX_18database_migration34m20250624_225246_scanlation_groupsNtB6_9MigrationNtCs5L8xI86G7nH_17sea_orm_migration14MigrationTrait4down0B8_
FN:8,_RNvXs_NtCsbas2rHr9CXX_18database_migration34m20250624_225246_scanlation_groupsNtB4_9MigrationNtCs5L8xI86G7nH_17sea_orm_migration14MigrationTrait2up
FN:21,_RNvXs_NtCsbas2rHr9CXX_18database_migration34m20250624_225246_scanlation_groupsNtB4_9MigrationNtCs5L8xI86G7nH_17sea_orm_migration14MigrationTrait4down
FNDA:0,_RNCNvXs_NtCsbas2rHr9CXX_18database_migration34m20250624_225246_scanlation_groupsNtB6_9MigrationNtCs5L8xI86G7nH_17sea_orm_migration14MigrationTrait2up0B8_
FNDA:0,_RNCNvXs_NtCsbas2rHr9CXX_18database_migration34m20250624_225246_scanlation_groupsNtB6_9MigrationNtCs5L8xI86G7nH_17sea_orm_migration14MigrationTrait4down0B8_
FNDA:0,_RNvXs_NtCsbas2rHr9CXX_18database_migration34m20250624_225246_scanlation_groupsNtB4_9MigrationNtCs5L8xI86G7nH_17sea_orm_migration14MigrationTrait2up
FNDA:0,_RNvXs_NtCsbas2rHr9CXX_18database_migration34m20250624_225246_scanlation_groupsNtB4_9MigrationNtCs5L8xI86G7nH_17sea_orm_migration14MigrationTrait4down
FNF:2
FNH:0
DA:8,0
DA:9,0
DA:10,0
DA:11,0
DA:12,0
DA:13,0
DA:14,0
DA:15,0
DA:16,0
DA:18,0
DA:19,0
DA:21,0
DA:22,0
DA:23,0
DA:24,0
DA:25,0
DA:26,0
DA:27,0
DA:28,0
DA:29,0
DA:31,0
DA:32,0
BRF:0
BRH:0
LF:22
LH:0
end_of_record
SF:/mnt/040b9fb6-50c4-4490-87c6-b7dd911435c9/Projects/rust/manga-vault/database/migration/src/m20250624_230849_create_manga_packs.rs
FN:8,_RNCNvXs_NtCsbas2rHr9CXX_18database_migration35m20250624_230849_create_manga_packsNtB6_9MigrationNtCs5L8xI86G7nH_17sea_orm_migration14MigrationTrait2up0B8_
FN:67,_RNCNvXs_NtCsbas2rHr9CXX_18database_migration35m20250624_230849_create_manga_packsNtB6_9MigrationNtCs5L8xI86G7nH_17sea_orm_migration14MigrationTrait4down0B8_
FN:8,_RNvXs_NtCsbas2rHr9CXX_18database_migration35m20250624_230849_create_manga_packsNtB4_9MigrationNtCs5L8xI86G7nH_17sea_orm_migration14MigrationTrait2up
FN:67,_RNvXs_NtCsbas2rHr9CXX_18database_migration35m20250624_230849_create_manga_packsNtB4_9MigrationNtCs5L8xI86G7nH_17sea_orm_migration14MigrationTrait4down
FNDA:0,_RNCNvXs_NtCsbas2rHr9CXX_18database_migration35m20250624_230849_create_manga_packsNtB6_9MigrationNtCs5L8xI86G7nH_17sea_orm_migration14MigrationTrait2up0B8_
FNDA:0,_RNCNvXs_NtCsbas2rHr9CXX_18database_migration35m20250624_230849_create_manga_packsNtB6_9MigrationNtCs5L8xI86G7nH_17sea_orm_migration14MigrationTrait4down0B8_
FNDA:0,_RNvXs_NtCsbas2rHr9CXX_18database_migration35m20250624_230849_create_manga_packsNtB4_9MigrationNtCs5L8xI86G7nH_17sea_orm_migration14MigrationTrait2up
FNDA:0,_RNvXs_NtCsbas2rHr9CXX_18database_migration35m20250624_230849_create_manga_packsNtB4_9MigrationNtCs5L8xI86G7nH_17sea_orm_migration14MigrationTrait4down
FNF:2
FNH:0
DA:8,0
DA:9,0
DA:10,0
DA:11,0
DA:12,0
DA:13,0
DA:14,0
DA:15,0
DA:16,0
DA:17,0
DA:18,0
DA:19,0
DA:20,0
DA:21,0
DA:22,0
DA:23,0
DA:24,0
DA:25,0
DA:26,0
DA:27,0
DA:28,0
DA:29,0
DA:30,0
DA:31,0
DA:33,0
DA:34,0
DA:35,0
DA:36,0
DA:37,0
DA:38,0
DA:39,0
DA:40,0
DA:41,0
DA:42,0
DA:43,0
DA:44,0
DA:45,0
DA:46,0
DA:47,0
DA:48,0
DA:49,0
DA:50,0
DA:51,0
DA:52,0
DA:53,0
DA:54,0
DA:55,0
DA:56,0
DA:57,0
DA:58,0
DA:59,0
DA:60,0
DA:61,0
DA:62,0
DA:64,0
DA:65,0
DA:67,0
DA:68,0
DA:69,0
DA:70,0
DA:72,0
DA:74,0
DA:75,0
BRF:0
BRH:0
LF:63
LH:0
end_of_record
SF:/mnt/040b9fb6-50c4-4490-87c6-b7dd911435c9/Projects/rust/manga-vault/database/migration/src/main.rs
FN:4,_RNCNvCs2Wh6jhcZ2sJ_18database_migration4main0B3_
FN:4,_RNvCs2Wh6jhcZ2sJ_18database_migration4main
FNDA:0,_RNCNvCs2Wh6jhcZ2sJ_18database_migration4main0B3_
FNDA:0,_RNvCs2Wh6jhcZ2sJ_18database_migration4main
FNF:2
FNH:0
DA:4,0
DA:5,0
DA:6,0
BRF:0
BRH:0
LF:5
LH:0
end_of_record
SF:/mnt/040b9fb6-50c4-4490-87c6-b7dd911435c9/Projects/rust/manga-vault/scrapers/hari_manga/src/lib.rs
FN:168,_RNCNCNvXCs4yADsQhrETW_10hari_mangaNtB6_11ScraperImplNtNtNtNtNtB6_7exports7scraper5types7scraper5Guest12scrape_mangas7_00B6_
FN:95,_RNCNvXCs4yADsQhrETW_10hari_mangaNtB4_11ScraperImplNtNtNtNtNtB4_7exports7scraper5types7scraper5Guest12scrape_manga0B4_
FN:132,_RNCNvXCs4yADsQhrETW_10hari_mangaNtB4_11ScraperImplNtNtNtNtNtB4_7exports7scraper5types7scraper5Guest12scrape_mangas0_0B4_
FN:140,_RNCNvXCs4yADsQhrETW_10hari_mangaNtB4_11ScraperImplNtNtNtNtNtB4_7exports7scraper5types7scraper5Guest12scrape_mangas1_0B4_
FN:147,_RNCNvXCs4yADsQhrETW_10hari_mangaNtB4_11ScraperImplNtNtNtNtNtB4_7exports7scraper5types7scraper5Guest12scrape_mangas2_0B4_
FN:155,_RNCNvXCs4yADsQhrETW_10hari_mangaNtB4_11ScraperImplNtNtNtNtNtB4_7exports7scraper5types7scraper5Guest12scrape_mangas3_0B4_
FN:160,_RNCNvXCs4yADsQhrETW_10hari_mangaNtB4_11ScraperImplNtNtNtNtNtB4_7exports7scraper5types7scraper5Guest12scrape_mangas4_0B4_
FN:162,_RNCNvXCs4yADsQhrETW_10hari_mangaNtB4_11ScraperImplNtNtNtNtNtB4_7exports7scraper5types7scraper5Guest12scrape_mangas5_0B4_
FN:167,_RNCNvXCs4yADsQhrETW_10hari_mangaNtB4_11ScraperImplNtNtNtNtNtB4_7exports7scraper5types7scraper5Guest12scrape_mangas6_0B4_
FN:168,_RNCNvXCs4yADsQhrETW_10hari_mangaNtB4_11ScraperImplNtNtNtNtNtB4_7exports7scraper5types7scraper5Guest12scrape_mangas7_0B4_
FN:186,_RNCNvXCs4yADsQhrETW_10hari_mangaNtB4_11ScraperImplNtNtNtNtNtB4_7exports7scraper5types7scraper5Guest12scrape_mangas8_0B4_
FN:191,_RNCNvXCs4yADsQhrETW_10hari_mangaNtB4_11ScraperImplNtNtNtNtNtB4_7exports7scraper5types7scraper5Guest12scrape_mangas9_0B4_
FN:105,_RNCNvXCs4yADsQhrETW_10hari_mangaNtB4_11ScraperImplNtNtNtNtNtB4_7exports7scraper5types7scraper5Guest12scrape_mangas_0B4_
FN:194,_RNCNvXCs4yADsQhrETW_10hari_mangaNtB4_11ScraperImplNtNtNtNtNtB4_7exports7scraper5types7scraper5Guest12scrape_mangasa_0B4_
FN:199,_RNCNvXCs4yADsQhrETW_10hari_mangaNtB4_11ScraperImplNtNtNtNtNtB4_7exports7scraper5types7scraper5Guest12scrape_mangasb_0B4_
FN:213,_RNCNvXCs4yADsQhrETW_10hari_mangaNtB4_11ScraperImplNtNtNtNtNtB4_7exports7scraper5types7scraper5Guest12scrape_mangasc_0B4_
[...]
FNDA:0,_RNCNCNvMNtNtCsde1RjOcGQqT_12scraper_core7plugins4wasmNtB6_10WasmPlugin14scrape_chapter0s_0Ba_
FNDA:0,_RNCNCNvMNtNtCsde1RjOcGQqT_12scraper_core7plugins4wasmNtB6_10WasmPlugin15scrape_trending00Ba_
FNDA:0,_RNCNCNvMNtNtCsde1RjOcGQqT_12scraper_core7plugins4wasmNtB6_10WasmPlugin15scrape_trending0s_0Ba_
FNDA:0,_RNCNCNvMNtNtCsde1RjOcGQqT_12scraper_core7plugins4wasmNtB6_10WasmPlugin18scrape_genres_list00Ba_
FNDA:0,_RNCNCNvMNtNtCsde1RjOcGQqT_12scraper_core7plugins4wasmNtB6_10WasmPlugin18scrape_genres_list0s_0Ba_
FNDA:0,_RNCNCNvMNtNtCsde1RjOcGQqT_12scraper_core7plugins4wasmNtB6_10WasmPlugin8get_info00Ba_
FNDA:0,_RNCNCNvMNtNtCsde1RjOcGQqT_12scraper_core7plugins4wasmNtB6_10WasmPlugin8get_info0s_0Ba_
FNDA:0,_RNCNvMNtNtCsde1RjOcGQqT_12scraper_core7plugins4wasmNtB4_10WasmPlugin12scrape_manga0B8_
FNDA:0,_RNCNvMNtNtCsde1RjOcGQqT_12scraper_core7plugins4wasmNtB4_10WasmPlugin13scrape_latest0B8_
FNDA:0,_RNCNvMNtNtCsde1RjOcGQqT_12scraper_core7plugins4wasmNtB4_10WasmPlugin13scrape_search0B8_
FNDA:0,_RNCNvMNtNtCsde1RjOcGQqT_12scraper_core7plugins4wasmNtB4_10WasmPlugin14scrape_chapter0B8_
FNDA:0,_RNCNvMNtNtCsde1RjOcGQqT_12scraper_core7plugins4wasmNtB4_10WasmPlugin15scrape_trending0B8_
FNDA:0,_RNCNvMNtNtCsde1RjOcGQqT_12scraper_core7plugins4wasmNtB4_10WasmPlugin18scrape_genres_list0B8_
FNDA:0,_RNCNvMNtNtCsde1RjOcGQqT_12scraper_core7plugins4wasmNtB4_10WasmPlugin3new0B8_
FNDA:0,_RNCNvMNtNtCsde1RjOcGQqT_12scraper_core7plugins4wasmNtB4_10WasmPlugin8get_info0B8_
FNDA:0,_RNvMNtNtCsde1RjOcGQqT_12scraper_core7plugins4wasmNtB2_10WasmPlugin12scrape_manga
FNDA:0,_RNvMNtNtCsde1RjOcGQqT_12scraper_core7plugins4wasmNtB2_10WasmPlugin13scrape_latest
FNDA:0,_RNvMNtNtCsde1RjOcGQqT_12scraper_core7plugins4wasmNtB2_10WasmPlugin13scrape_search
FNDA:0,_RNvMNtNtCsde1RjOcGQqT_12scraper_core7plugins4wasmNtB2_10WasmPlugin14scrape_chapter
FNDA:0,_RNvMNtNtCsde1RjOcGQqT_12scraper_core7plugins4wasmNtB2_10WasmPlugin15scrape_trending
FNDA:0,_RNvMNtNtCsde1RjOcGQqT_12scraper_core7plugins4wasmNtB2_10WasmPlugin18scrape_genres_list
FNDA:0,_RNvMNtNtCsde1RjOcGQqT_12scraper_core7plugins4wasmNtB2_10WasmPlugin3new
FNDA:0,_RNvMNtNtCsde1RjOcGQqT_12scraper_core7plugins4wasmNtB2_10WasmPlugin8get_info
FNF:43
FNH:0
DA:22,0
DA:23,0
DA:25,0
DA:26,0
DA:28,0
DA:30,0
DA:31,0
DA:32,0
DA:34,0
DA:35,0
DA:36,0
DA:38,0
DA:39,0
DA:40,0
DA:41,0
DA:42,0
DA:43,0
DA:44,0
DA:45,0
DA:46,0
DA:48,0
DA:49,0
DA:50,0
DA:51,0
DA:52,0
DA:54,0
DA:55,0
DA:56,0
DA:57,0
DA:58,0
DA:59,0
DA:60,0
DA:61,0
DA:62,0
DA:64,0
DA:65,0
DA:66,0
DA:67,0
DA:68,0
DA:70,0
DA:71,0
DA:72,0
DA:73,0
DA:74,0
DA:75,0
DA:76,0
DA:77,0
DA:78,0
DA:80,0
DA:81,0
DA:82,0
DA:83,0
DA:84,0
DA:86,0
DA:87,0
DA:88,0
DA:89,0
DA:90,0
DA:91,0
DA:92,0
DA:93,0
DA:94,0
DA:96,0
DA:97,0
DA:98,0
DA:99,0
DA:100,0
DA:102,0
DA:103,0
DA:104,0
DA:105,0
DA:106,0
DA:107,0
DA:108,0
DA:109,0
DA:110,0
DA:112,0
DA:113,0
DA:114,0
DA:115,0
DA:116,0
DA:118,0
DA:119,0
DA:120,0
DA:121,0
DA:122,0
DA:123,0
DA:124,0
DA:125,0
DA:126,0
DA:128,0
DA:129,0
DA:130,0
DA:131,0
DA:132,0
DA:134,0
DA:135,0
DA:136,0
DA:137,0
DA:138,0
DA:139,0
DA:140,0
DA:141,0
DA:142,0
DA:144,0
DA:145,0
DA:146,0
DA:147,0
DA:148,0
DA:150,0
DA:151,0
DA:152,0
DA:153,0
DA:154,0
DA:155,0
DA:156,0
DA:157,0
DA:158,0
BRF:0
BRH:0
LF:153
LH:0
end_of_record
SF:/mnt/040b9fb6-50c4-4490-87c6-b7dd911435c9/Projects/rust/manga-vault/scrapers/scraper_core/src/plugins/wasm/state.rs
FN:51,_RNCNvXs1_NtNtNtCsde1RjOcGQqT_12scraper_core7plugins4wasm5stateNtB7_6StatesNtNtNtNtNtB9_8bindings7scraper5types4http4Host3get0Bd_
FN:85,_RNCNvXs1_NtNtNtCsde1RjOcGQqT_12scraper_core7plugins4wasm5stateNtB7_6StatesNtNtNtNtNtB9_8bindings7scraper5types4http4Host4post0Bd_
FN:12,_RNvMNtNtNtCsde1RjOcGQqT_12scraper_core7plugins4wasm5stateNtB2_6States3new
FN:26,_RNvXs0_NtNtNtCsde1RjOcGQqT_12scraper_core7plugins4wasm5stateNtB5_6StatesNtNtNtCs9f5uZbUZESc_13wasmtime_wasi2p24view8WasiView3ctx
FN:32,_RNvXs1_NtNtNtCsde1RjOcGQqT_12scraper_core7plugins4wasm5stateNtB5_6StatesNtNtNtNtNtB7_8bindings7scraper5types4http4Host3get
FN:65,_RNvXs1_NtNtNtCsde1RjOcGQqT_12scraper_core7plugins4wasm5stateNtB5_6StatesNtNtNtNtNtB7_8bindings7scraper5types4http4Host4post
FN:20,_RNvXs_NtNtNtCsde1RjOcGQqT_12scraper_core7plugins4wasm5stateNtB4_6StatesNtCs63Ls34jJSm3_16wasmtime_wasi_io6IoView5table
FNDA:0,_RNCNvXs1_NtNtNtCsde1RjOcGQqT_12scraper_core7plugins4wasm5stateNtB7_6StatesNtNtNtNtNtB9_8bindings7scraper5types4http4Host3get0Bd_
FNDA:0,_RNCNvXs1_NtNtNtCsde1RjOcGQqT_12scraper_core7plugins4wasm5stateNtB7_6StatesNtNtNtNtNtB9_8bindings7scraper5types4http4Host4post0Bd_
FNDA:0,_RNvMNtNtNtCsde1RjOcGQqT_12scraper_core7plugins4wasm5stateNtB2_6States3new
FNDA:0,_RNvXs0_NtNtNtCsde1RjOcGQqT_12scraper_core7plugins4wasm5stateNtB5_6StatesNtNtNtCs9f5uZbUZESc_13wasmtime_wasi2p24view8WasiView3ctx
FNDA:0,_RNvXs1_NtNtNtCsde1RjOcGQqT_12scraper_core7plugins4wasm5stateNtB5_6StatesNtNtNtNtNtB7_8bindings7scraper5types4http4Host3get
FNDA:0,_RNvXs1_NtNtNtCsde1RjOcGQqT_12scraper_core7plugins4wasm5stateNtB5_6StatesNtNtNtNtNtB7_8bindings7scraper5types4http4Host4post
FNDA:0,_RNvXs_NtNtNtCsde1RjOcGQqT_12scraper_core7plugins4wasm5stateNtB4_6StatesNtCs63Ls34jJSm3_16wasmtime_wasi_io6IoView5table
FNF:7
FNH:0
DA:12,0
DA:13,0
DA:14,0
DA:15,0
DA:16,0
DA:20,0
DA:21,0
DA:22,0
DA:26,0
DA:27,0
DA:28,0
DA:32,0
DA:33,0
DA:34,0
DA:35,0
DA:36,0
DA:37,0
DA:38,0
DA:39,0
DA:40,0
DA:41,0
DA:42,0
DA:44,0
DA:45,0
DA:46,0
DA:47,0
DA:48,0
DA:49,0
DA:50,0
DA:51,0
DA:52,0
DA:53,0
DA:54,0
DA:55,0
DA:56,0
DA:58,0
DA:59,0
DA:60,0
DA:63,0
DA:65,0
DA:66,0
DA:67,0
DA:68,0
DA:69,0
DA:70,0
DA:71,0
DA:72,0
DA:73,0
DA:74,0
DA:75,0
DA:76,0
DA:78,0
DA:79,0
DA:80,0
DA:81,0
DA:82,0
DA:83,0
DA:84,0
DA:85,0
DA:86,0
DA:87,0
DA:88,0
DA:89,0
DA:90,0
DA:92,0
DA:93,0
DA:94,0
DA:97,0
BRF:0
BRH:0
LF:68
LH:0
end_of_record
SF:/mnt/040b9fb6-50c4-4490-87c6-b7dd911435c9/Projects/rust/manga-vault/scrapers/scraper_core/src/repository.rs
FN:82,_RNCNCNvNtCsde1RjOcGQqT_12scraper_core10repository14filter_plugins00B7_
FN:84,_RNCNCNvNtCsde1RjOcGQqT_12scraper_core10repository14filter_plugins0s_0B7_
FN:122,_RNCNCNvNtCsde1RjOcGQqT_12scraper_core10repository19cleanup_old_plugins00B7_
FN:129,_RNCNCNvNtCsde1RjOcGQqT_12scraper_core10repository19cleanup_old_plugins0s_0B7_
FN:152,_RNCNCNvNtCsde1RjOcGQqT_12scraper_core10repository20download_new_plugins00B7_
FN:189,_RNCNCNvNtCsde1RjOcGQqT_12scraper_core10repository20download_new_plugins0s0_0B7_
FN:178,_RNCNCNvNtCsde1RjOcGQqT_12scraper_core10repository20download_new_plugins0s_0B7_
FN:109,_RNCNCNvNtCsde1RjOcGQqT_12scraper_core10repository21load_internal_plugins00B7_
FN:110,_RNCNCNvNtCsde1RjOcGQqT_12scraper_core10repository21load_internal_plugins0s_0B7_
FN:51,_RNCNvNtCsde1RjOcGQqT_12scraper_core10repository10load_repos0B5_
FN:81,_RNCNvNtCsde1RjOcGQqT_12scraper_core10repository14filter_plugins0B5_
FN:69,_RNCNvNtCsde1RjOcGQqT_12scraper_core10repository16fetch_repository0B5_
FN:120,_RNCNvNtCsde1RjOcGQqT_12scraper_core10repository19cleanup_old_plugins0B5_
FN:142,_RNCNvNtCsde1RjOcGQqT_12scraper_core10repository20download_new_plugins0B5_
FN:104,_RNCNvNtCsde1RjOcGQqT_12scraper_core10repository21load_internal_plugins0B5_
FN:99,_RNCNvNtCsde1RjOcGQqT_12scraper_core10repository23ensure_directory_exists0B5_
FN:51,_RNvNtCsde1RjOcGQqT_12scraper_core10repository10load_repos
FN:78,_RNvNtCsde1RjOcGQqT_12scraper_core10repository14filter_plugins
FN:69,_RNvNtCsde1RjOcGQqT_12scraper_core10repository16fetch_repository
FN:194,_RNvNtCsde1RjOcGQqT_12scraper_core10repository17get_download_info
FN:116,_RNvNtCsde1RjOcGQqT_12scraper_core10repository19cleanup_old_plugins
FN:137,_RNvNtCsde1RjOcGQqT_12scraper_core10repository20download_new_plugins
FN:104,_RNvNtCsde1RjOcGQqT_12scraper_core10repository21load_internal_plugins
FN:96,_RNvNtCsde1RjOcGQqT_12scraper_core10repository23ensure_directory_exists
FNDA:0,_RNCNCNvNtCsde1RjOcGQqT_12scraper_core10repository14filter_plugins00B7_
FNDA:0,_RNCNCNvNtCsde1RjOcGQqT_12scraper_core10repository14filter_plugins0s_0B7_
FNDA:0,_RNCNCNvNtCsde1RjOcGQqT_12scraper_core10repository19cleanup_old_plugins00B7_
FNDA:0,_RNCNCNvNtCsde1RjOcGQqT_12scraper_core10repository19cleanup_old_plugins0s_0B7_
FNDA:0,_RNCNCNvNtCsde1RjOcGQqT_12scraper_core10repository20download_new_plugins00B7_
FNDA:0,_RNCNCNvNtCsde1RjOcGQqT_12scraper_core10repository20download_new_plugins0s0_0B7_
FNDA:0,_RNCNCNvNtCsde1RjOcGQqT_12scraper_core10repository20download_new_plugins0s_0B7_
FNDA:0,_RNCNCNvNtCsde1RjOcGQqT_12scraper_core10repository21load_internal_plugins00B7_
FNDA:0,_RNCNCNvNtCsde1RjOcGQqT_12scraper_core10repository21load_internal_plugins0s_0B7_
FNDA:0,_RNCNvNtCsde1RjOcGQqT_12scraper_core10repository10load_repos0B5_
FNDA:0,_RNCNvNtCsde1RjOcGQqT_12scraper_core10repository14filter_plugins0B5_
FNDA:0,_RNCNvNtCsde1RjOcGQqT_12scraper_core10repository16fetch_repository0B5_
FNDA:0,_RNCNvNtCsde1RjOcGQqT_12scraper_core10repository19cleanup_old_plugins0B5_
FNDA:0,_RNCNvNtCsde1RjOcGQqT_12scraper_core10repository20download_new_plugins0B5_
FNDA:0,_RNCNvNtCsde1RjOcGQqT_12scraper_core10repository21load_internal_plugins0B5_
FNDA:0,_RNCNvNtCsde1RjOcGQqT_12scraper_core10repository23ensure_directory_exists0B5_
FNDA:0,_RNvNtCsde1RjOcGQqT_12scraper_core10repository10load_repos
FNDA:0,_RNvNtCsde1RjOcGQqT_12scraper_core10repository14filter_plugins
FNDA:0,_RNvNtCsde1RjOcGQqT_12scraper_core10repository16fetch_repository
FNDA:0,_RNvNtCsde1RjOcGQqT_12scraper_core10repository17get_download_info
FNDA:0,_RNvNtCsde1RjOcGQqT_12scraper_core10repository19cleanup_old_plugins
FNDA:0,_RNvNtCsde1RjOcGQqT_12scraper_core10repository20download_new_plugins
FNDA:0,_RNvNtCsde1RjOcGQqT_12scraper_core10repository21load_internal_plugins
FNDA:0,_RNvNtCsde1RjOcGQqT_12scraper_core10repository23ensure_directory_exists
FNF:24
FNH:0
DA:51,0
DA:52,0
DA:53,0
DA:55,0
DA:56,0
DA:58,0
DA:59,0
DA:61,0
DA:62,0
DA:64,0
DA:66,0
DA:67,0
DA:69,0
DA:70,0
DA:71,0
DA:72,0
DA:73,0
DA:74,0
DA:75,0
DA:76,0
DA:78,0
DA:79,0
DA:80,0
DA:81,0
DA:82,0
DA:84,0
DA:86,0
DA:87,0
DA:88,0
DA:90,0
DA:91,0
DA:92,0
DA:93,0
DA:94,0
DA:96,0
DA:97,0
DA:98,0
DA:99,0
DA:100,0
DA:101,0
DA:102,0
DA:104,0
DA:105,0
DA:106,0
DA:107,0
DA:108,0
DA:109,0
DA:110,0
DA:112,0
DA:114,0
DA:116,0
DA:117,0
DA:118,0
DA:119,0
DA:120,0
DA:121,0
DA:122,0
DA:123,0
DA:124,0
DA:125,0
DA:126,0
DA:127,0
DA:128,0
DA:129,0
DA:130,0
DA:132,0
DA:134,0
DA:135,0
DA:137,0
DA:138,0
DA:139,0
DA:140,0
DA:141,0
DA:142,0
DA:143,0
DA:144,0
DA:146,0
DA:147,0
DA:148,0
DA:149,0
DA:151,0
DA:152,0
DA:153,0
DA:154,0
DA:155,0
DA:156,0
DA:157,0
DA:158,0
DA:159,0
DA:160,0
DA:162,0
DA:163,0
DA:165,0
DA:167,0
DA:168,0
DA:169,0
DA:170,0
DA:171,0
DA:172,0
DA:173,0
DA:174,0
DA:176,0
DA:177,0
DA:178,0
DA:180,0
DA:181,0
DA:182,0
DA:183,0
DA:186,0
DA:187,0
DA:188,0
DA:189,0
DA:191,0
DA:192,0
DA:194,0
DA:195,0
DA:196,0
DA:197,0
DA:198,0
DA:200,0
DA:202,0
BRF:0
BRH:0
LF:137
LH:0
end_of_record
SF:/mnt/040b9fb6-50c4-4490-87c6-b7dd911435c9/Projects/rust/manga-vault/scrapers/scraper_types/src/lib.rs
FN:8,_RNCNvCsbY7qsF1d7qE_13scraper_types17CHAP_NUMBER_REGEX0B3_
FN:118,_RNCNvMs2_CsbY7qsF1d7qE_13scraper_typesNtB7_7Chapter16all_same_chapter0B7_
FN:105,_RNCNvMs2_CsbY7qsF1d7qE_13scraper_typesNtB7_7Chapter22extract_chapter_number0B7_
FN:106,_RNCNvMs2_CsbY7qsF1d7qE_13scraper_typesNtB7_7Chapter22extract_chapter_numbers_0B7_
FN:109,_RNvMs2_CsbY7qsF1d7qE_13scraper_typesNtB5_7Chapter12same_chapter
FN:113,_RNvMs2_CsbY7qsF1d7qE_13scraper_typesNtB5_7Chapter16all_same_chapter
FN:102,_RNvMs2_CsbY7qsF1d7qE_13scraper_typesNtB5_7Chapter22extract_chapter_number
FN:18,_RNvXCsbY7qsF1d7qE_13scraper_typesNtB2_9MangaItemNtNtCs4oHozbO70Pd_4mlua6traits7IntoLua8into_lua
FN:55,_RNvXs0_CsbY7qsF1d7qE_13scraper_typesNtB5_9MangaPageNtNtCs4oHozbO70Pd_4mlua6traits7IntoLua8into_lua
FN:74,_RNvXs1_CsbY7qsF1d7qE_13scraper_typesNtB5_9MangaPageNtNtCs4oHozbO70Pd_4mlua6traits7FromLua8from_lua
FN:123,_RNvXs3_CsbY7qsF1d7qE_13scraper_typesNtB5_7ChapterNtNtCs4oHozbO70Pd_4mlua6traits7IntoLua8into_lua
FN:133,_RNvXs4_CsbY7qsF1d7qE_13scraper_typesNtB5_7ChapterNtNtCs4oHozbO70Pd_4mlua6traits7FromLua8from_lua
FN:151,_RNvXs5_CsbY7qsF1d7qE_13scraper_typesNtB5_5GenreNtNtCs4oHozbO70Pd_4mlua6traits7IntoLua8into_lua
FN:160,_RNvXs6_CsbY7qsF1d7qE_13scraper_typesNtB5_5GenreNtNtCs4oHozbO70Pd_4mlua6traits7FromLua8from_lua
FN:177,_RNvXs7_CsbY7qsF1d7qE_13scraper_typesNtB5_11ScraperInfoNtNtCs4oHozbO70Pd_4mlua6traits7IntoLua8into_lua
FN:187,_RNvXs8_CsbY7qsF1d7qE_13scraper_typesNtB5_11ScraperInfoNtNtCs4oHozbO70Pd_4mlua6traits7FromLua8from_lua
FN:28,_RNvXs_CsbY7qsF1d7qE_13scraper_typesNtB4_9MangaItemNtNtCs4oHozbO70Pd_4mlua6traits7FromLua8from_lua
FN:8,_RNCNvCslufbxBgSmWz_13scraper_types17CHAP_NUMBER_REGEX0B3_
FN:118,_RNCNvMs2_CslufbxBgSmWz_13scraper_typesNtB7_7Chapter16all_same_chapter0B7_
FN:105,_RNCNvMs2_CslufbxBgSmWz_13scraper_typesNtB7_7Chapter22extract_chapter_number0B7_
FN:106,_RNCNvMs2_CslufbxBgSmWz_13scraper_typesNtB7_7Chapter22extract_chapter_numbers_0B7_
FN:18,_RNvXCslufbxBgSmWz_13scraper_typesNtB2_9MangaItemNtNtCs4oHozbO70Pd_4mlua6traits7IntoLua8into_lua
FN:55,_RNvXs0_CslufbxBgSmWz_13scraper_typesNtB5_9MangaPageNtNtCs4oHozbO70Pd_4mlua6traits7IntoLua8into_lua
FN:74,_RNvXs1_CslufbxBgSmWz_13scraper_typesNtB5_9MangaPageNtNtCs4oHozbO70Pd_4mlua6traits7FromLua8from_lua
FN:123,_RNvXs3_CslufbxBgSmWz_13scraper_typesNtB5_7ChapterNtNtCs4oHozbO70Pd_4mlua6traits7IntoLua8into_lua
FN:133,_RNvXs4_CslufbxBgSmWz_13scraper_typesNtB5_7ChapterNtNtCs4oHozbO70Pd_4mlua6traits7FromLua8from_lua
FN:151,_RNvXs5_CslufbxBgSmWz_13scraper_typesNtB5_5GenreNtNtCs4oHozbO70Pd_4mlua6traits7IntoLua8into_lua
FN:160,_RNvXs6_CslufbxBgSmWz_13scraper_typesNtB5_5GenreNtNtCs4oHozbO70Pd_4mlua6traits7FromLua8from_lua
FN:177,_RNvXs7_CslufbxBgSmWz_13scraper_typesNtB5_11ScraperInfoNtNtCs4oHozbO70Pd_4mlua6traits7IntoLua8into_lua
FN:187,_RNvXs8_CslufbxBgSmWz_13scraper_typesNtB5_11ScraperInfoNtNtCs4oHozbO70Pd_4mlua6traits7FromLua8from_lua
FN:28,_RNvXs_CslufbxBgSmWz_13scraper_typesNtB4_9MangaItemNtNtCs4oHozbO70Pd_4mlua6traits7FromLua8from_lua
FN:202,_RNvNtCslufbxBgSmWz_13scraper_types5testss_12test_extract
FN:237,_RNvNtCslufbxBgSmWz_13scraper_types5testss_17test_same_chapter
FN:262,_RNvNtCslufbxBgSmWz_13scraper_types5testss_21test_all_same_chapter
FN:109,_RNvMs2_CslufbxBgSmWz_13scraper_typesNtB5_7Chapter12same_chapter
FN:113,_RNvMs2_CslufbxBgSmWz_13scraper_typesNtB5_7Chapter16all_same_chapter
FN:102,_RNvMs2_CslufbxBgSmWz_13scraper_typesNtB5_7Chapter22extract_chapter_number
FNDA:0,_RNCNvCsbY7qsF1d7qE_13scraper_types17CHAP_NUMBER_REGEX0B3_
FNDA:0,_RNCNvMs2_CsbY7qsF1d7qE_13scraper_typesNtB7_7Chapter16all_same_chapter0B7_
FNDA:0,_RNCNvMs2_CsbY7qsF1d7qE_13scraper_typesNtB7_7Chapter22extract_chapter_number0B7_
FNDA:0,_RNCNvMs2_CsbY7qsF1d7qE_13scraper_typesNtB7_7Chapter22extract_chapter_numbers_0B7_
FNDA:0,_RNvMs2_CsbY7qsF1d7qE_13scraper_typesNtB5_7Chapter12same_chapter
FNDA:0,_RNvMs2_CsbY7qsF1d7qE_13scraper_typesNtB5_7Chapter16all_same_chapter
FNDA:0,_RNvMs2_CsbY7qsF1d7qE_13scraper_typesNtB5_7Chapter22extract_chapter_number
FNDA:0,_RNvXCsbY7qsF1d7qE_13scraper_typesNtB2_9MangaItemNtNtCs4oHozbO70Pd_4mlua6traits7IntoLua8into_lua
FNDA:0,_RNvXs0_CsbY7qsF1d7qE_13scraper_typesNtB5_9MangaPageNtNtCs4oHozbO70Pd_4mlua6traits7IntoLua8into_lua
FNDA:0,_RNvXs1_CsbY7qsF1d7qE_13scraper_typesNtB5_9MangaPageNtNtCs4oHozbO70Pd_4mlua6traits7FromLua8from_lua
FNDA:0,_RNvXs3_CsbY7qsF1d7qE_13scraper_typesNtB5_7ChapterNtNtCs4oHozbO70Pd_4mlua6traits7IntoLua8into_lua
FNDA:0,_RNvXs4_CsbY7qsF1d7qE_13scraper_typesNtB5_7ChapterNtNtCs4oHozbO70Pd_4mlua6traits7FromLua8from_lua
FNDA:0,_RNvXs5_CsbY7qsF1d7qE_13scraper_typesNtB5_5GenreNtNtCs4oHozbO70Pd_4mlua6traits7IntoLua8into_lua
FNDA:0,_RNvXs6_CsbY7qsF1d7qE_13scraper_typesNtB5_5GenreNtNtCs4oHozbO70Pd_4mlua6traits7FromLua8from_lua
FNDA:0,_RNvXs7_CsbY7qsF1d7qE_13scraper_typesNtB5_11ScraperInfoNtNtCs4oHozbO70Pd_4mlua6traits7IntoLua8into_lua
FNDA:0,_RNvXs8_CsbY7qsF1d7qE_13scraper_typesNtB5_11ScraperInfoNtNtCs4oHozbO70Pd_4mlua6traits7FromLua8from_lua
FNDA:0,_RNvXs_CsbY7qsF1d7qE_13scraper_typesNtB4_9MangaItemNtNtCs4oHozbO70Pd_4mlua6traits7FromLua8from_lua
FNDA:24,_RNCNvCslufbxBgSmWz_13scraper_types17CHAP_NUMBER_REGEX0B3_
FNDA:9,_RNCNvMs2_CslufbxBgSmWz_13scraper_typesNtB7_7Chapter16all_same_chapter0B7_
FNDA:23,_RNCNvMs2_CslufbxBgSmWz_13scraper_typesNtB7_7Chapter22extract_chapter_number0B7_
FNDA:23,_RNCNvMs2_CslufbxBgSmWz_13scraper_typesNtB7_7Chapter22extract_chapter_numbers_0B7_
FNDA:0,_RNvXCslufbxBgSmWz_13scraper_typesNtB2_9MangaItemNtNtCs4oHozbO70Pd_4mlua6traits7IntoLua8into_lua
FNDA:0,_RNvXs0_CslufbxBgSmWz_13scraper_typesNtB5_9MangaPageNtNtCs4oHozbO70Pd_4mlua6traits7IntoLua8into_lua
FNDA:0,_RNvXs1_CslufbxBgSmWz_13scraper_typesNtB5_9MangaPageNtNtCs4oHozbO70Pd_4mlua6traits7FromLua8from_lua
FNDA:0,_RNvXs3_CslufbxBgSmWz_13scraper_typesNtB5_7ChapterNtNtCs4oHozbO70Pd_4mlua6traits7IntoLua8into_lua
FNDA:0,_RNvXs4_CslufbxBgSmWz_13scraper_typesNtB5_7ChapterNtNtCs4oHozbO70Pd_4mlua6traits7FromLua8from_lua
FNDA:0,_RNvXs5_CslufbxBgSmWz_13scraper_typesNtB5_5GenreNtNtCs4oHozbO70Pd_4mlua6traits7IntoLua8into_lua
FNDA:0,_RNvXs6_CslufbxBgSmWz_13scraper_typesNtB5_5GenreNtNtCs4oHozbO70Pd_4mlua6traits7FromLua8from_lua
FNDA:0,_RNvXs7_CslufbxBgSmWz_13scraper_typesNtB5_11ScraperInfoNtNtCs4oHozbO70Pd_4mlua6traits7IntoLua8into_lua
FNDA:0,_RNvXs8_CslufbxBgSmWz_13scraper_typesNtB5_11ScraperInfoNtNtCs4oHozbO70Pd_4mlua6traits7FromLua8from_lua
FNDA:0,_RNvXs_CslufbxBgSmWz_13scraper_typesNtB4_9MangaItemNtNtCs4oHozbO70Pd_4mlua6traits7FromLua8from_lua
FNDA:1,_RNvNtCslufbxBgSmWz_13scraper_types5testss_12test_extract
FNDA:1,_RNvNtCslufbxBgSmWz_13scraper_types5testss_17test_same_chapter
FNDA:1,_RNvNtCslufbxBgSmWz_13scraper_types5testss_21test_all_same_chapter
FNDA:3,_RNvMs2_CslufbxBgSmWz_13scraper_typesNtB5_7Chapter12same_chapter
FNDA:5,_RNvMs2_CslufbxBgSmWz_13scraper_typesNtB5_7Chapter16all_same_chapter
FNDA:24,_RNvMs2_CslufbxBgSmWz_13scraper_typesNtB5_7Chapter22extract_chapter_number
FNF:20
FNH:10
DA:8,24
DA:18,0
DA:19,0
DA:20,0
DA:21,0
DA:22,0
DA:23,0
DA:24,0
DA:28,0
DA:29,0
DA:31,0
DA:32,0
DA:33,0
DA:35,0
DA:55,0
DA:56,0
DA:57,0
DA:58,0
DA:59,0
DA:60,0
DA:61,0
DA:62,0
DA:63,0
DA:64,0
DA:65,0
DA:66,0
DA:67,0
DA:68,0
DA:69,0
DA:70,0
DA:74,0
DA:75,0
DA:77,0
DA:78,0
DA:79,0
DA:80,0
DA:81,0
DA:82,0
DA:83,0
DA:84,0
DA:85,0
DA:86,0
DA:87,0
DA:88,0
DA:90,0
DA:102,24
DA:103,24
DA:104,24
DA:105,24
DA:106,24
DA:107,24
DA:109,3
DA:110,3
DA:111,3
DA:113,5
DA:114,5
DA:115,0
DA:116,5
DA:117,5
DA:118,9
DA:119,5
DA:123,0
DA:124,0
DA:125,0
DA:126,0
DA:127,0
DA:128,0
DA:129,0
DA:133,0
DA:134,0
DA:136,0
DA:137,0
DA:138,0
DA:139,0
DA:141,0
DA:151,0
DA:152,0
DA:153,0
DA:154,0
DA:155,0
DA:156,0
DA:160,0
DA:161,0
DA:163,0
DA:164,0
DA:166,0
DA:177,0
DA:178,0
DA:179,0
DA:180,0
DA:181,0
DA:182,0
DA:183,0
DA:187,0
DA:188,0
DA:190,0
DA:191,0
DA:192,0
DA:194,0
DA:202,1
DA:203,1
DA:204,1
DA:205,1
DA:206,1
DA:207,1
DA:208,1
DA:209,1
DA:211,1
DA:212,1
DA:213,1
DA:214,1
DA:215,1
DA:216,1
DA:217,1
DA:219,1
DA:220,1
DA:221,1
DA:222,1
DA:223,1
DA:224,1
DA:225,1
DA:227,1
DA:228,1
DA:229,1
DA:230,1
DA:231,1
DA:232,1
DA:233,1
DA:234,1
DA:237,1
DA:238,1
DA:239,1
DA:240,1
DA:241,1
DA:242,1
DA:243,1
DA:244,1
DA:245,1
DA:246,1
DA:247,1
DA:248,1
DA:249,1
DA:250,1
DA:251,1
DA:252,1
DA:253,1
DA:254,1
DA:255,1
DA:256,1
DA:257,1
DA:258,1
DA:259,1
DA:262,1
DA:263,1
DA:264,1
DA:265,1
DA:266,1
DA:267,1
DA:268,1
DA:269,1
DA:270,1
DA:271,1
DA:272,1
DA:273,1
DA:274,1
DA:275,1
DA:276,1
DA:277,1
DA:278,1
DA:279,1
DA:280,1
DA:281,1
DA:282,1
DA:283,1
DA:284,1
DA:285,1
DA:286,1
DA:287,1
DA:288,1
DA:289,1
DA:290,1
DA:291,1
DA:292,1
BRF:0
BRH:0
LF:186
LH:103
end_of_record
SF:/mnt/040b9fb6-50c4-4490-87c6-b7dd911435c9/Projects/rust/manga-vault/src/main.rs
FN:43,_RNCNCNvCs8y4NAFqB17V_11manga_vault4main00B5_
FN:12,_RNCNvCs8y4NAFqB17V_11manga_vault4main0B3_
FN:12,_RNvCs8y4NAFqB17V_11manga_vault4main
FNDA:0,_RNCNCNvCs8y4NAFqB17V_11manga_vault4main00B5_
FNDA:0,_RNCNvCs8y4NAFqB17V_11manga_vault4main0B3_
FNDA:0,_RNvCs8y4NAFqB17V_11manga_vault4main
FNF:3
FNH:0
DA:12,0
DA:13,0
DA:15,0
DA:16,0
DA:17,0
DA:32,0
DA:33,0
DA:35,0
DA:36,0
DA:37,0
DA:39,0
DA:42,0
DA:43,0
DA:44,0
DA:45,0
DA:47,0
DA:48,0
DA:49,0
BRF:0
BRH:0
LF:21
LH:0
end_of_record