SF:/mnt/040b9fb6-50c4-4490-87c6-b7dd911435c9/Projects/rust/manga-vault/apps/http/gql/src/lib.rs
FN:7,_RNCNvCsePg5QHcWUGT_7gql_api10playground0B3_
FN:17,_RNCNvCsePg5QHcWUGT_7gql_api3run0B3_
FN:7,_RNvCsePg5QHcWUGT_7gql_api10playground
FN:17,_RNvCsePg5QHcWUGT_7gql_api3run
FNDA:0,_RNCNvCsePg5QHcWUGT_7gql_api10playground0B3_
FNDA:0,_RNCNvCsePg5QHcWUGT_7gql_api3run0B3_
FNDA:0,_RNvCsePg5QHcWUGT_7gql_api10playground
FNDA:0,_RNvCsePg5QHcWUGT_7gql_api3run
FNF:4
FNH:0
DA:7,0
DA:8,0
DA:9,0
DA:10,0
DA:11,0
DA:12,0
DA:13,0
DA:14,0
DA:15,0
DA:17,0
DA:18,0
DA:20,0
DA:21,0
DA:22,0
DA:23,0
BRF:0
BRH:0
LF:17
LH:0
end_of_record
SF:/mnt/040b9fb6-50c4-4490-87c6-b7dd911435c9/Projects/rust/manga-vault/apps/http/gql/src/main.rs
FN:2,_RNCNvCsfrBsGTGpMhl_15manga_vault_gql4main0B3_
FN:2,_RNvCsfrBsGTGpMhl_15manga_vault_gql4main
FNDA:0,_RNCNvCsfrBsGTGpMhl_15manga_vault_gql4main0B3_
FNDA:0,_RNvCsfrBsGTGpMhl_15manga_vault_gql4main
FNF:2
FNH:0
DA:2,0
DA:3,0
DA:4,0
BRF:0
BRH:0
LF:5
LH:0
end_of_record
SF:/mnt/040b9fb6-50c4-4490-87c6-b7dd911435c9/Projects/rust/manga-vault/apps/http/utils/src/downloader.rs
FN:8,_RNCNvNtCs5z3P4nS5HHj_10http_utils10downloader10downloader0B5_
FN:64,_RNCNvNtCs5z3P4nS5HHj_10http_utils10downloader10unzip_file0B5_
FN:45,_RNCNvNtCs5z3P4nS5HHj_10http_utils10downloader11get_version0B5_
FN:73,_RNCNvNtCs5z3P4nS5HHj_10http_utils10downloader14update_website0B5_
FN:8,_RNvNtCs5z3P4nS5HHj_10http_utils10downloader10downloader
FN:64,_RNvNtCs5z3P4nS5HHj_10http_utils10downloader10unzip_file
FN:45,_RNvNtCs5z3P4nS5HHj_10http_utils10downloader11get_version
FN:73,_RNvNtCs5z3P4nS5HHj_10http_utils10downloader14update_website
FNDA:0,_RNCNvNtCs5z3P4nS5HHj_10http_utils10downloader10downloader0B5_
FNDA:0,_RNCNvNtCs5z3P4nS5HHj_10http_utils10downloader10unzip_file0B5_
FNDA:0,_RNCNvNtCs5z3P4nS5HHj_10http_utils10downloader11get_version0B5_
FNDA:0,_RNCNvNtCs5z3P4nS5HHj_10http_utils10downloader14update_website0B5_
FNDA:0,_RNvNtCs5z3P4nS5HHj_10http_utils10downloader10downloader
FNDA:0,_RNvNtCs5z3P4nS5HHj_10http_utils10downloader10unzip_file
FNDA:0,_RNvNtCs5z3P4nS5HHj_10http_utils10downloader11get_version
FNDA:0,_RNvNtCs5z3P4nS5HHj_10http_utils10downloader14update_website
FNF:8
FNH:0
DA:8,0
DA:9,0
DA:11,0
DA:12,0
DA:13,0
DA:14,0
DA:16,0
DA:17,0
DA:18,0
DA:20,0
DA:22,0
DA:23,0
DA:24,0
DA:26,0
DA:27,0
DA:28,0
DA:29,0
DA:30,0
DA:33,0
DA:35,0
DA:36,0
DA:37,0
DA:39,0
DA:40,0
DA:42,0
DA:43,0
DA:45,0
DA:46,0
DA:48,0
DA:49,0
DA:50,0
DA:51,0
DA:53,0
DA:54,0
DA:55,0
DA:57,0
DA:59,0
DA:61,0
DA:62,0
DA:64,0
DA:65,0
DA:66,0
DA:67,0
DA:68,0
DA:70,0
DA:71,0
DA:73,0
DA:74,0
DA:75,0
DA:76,0
DA:77,0
DA:79,0
DA:80,0
DA:81,0
DA:82,0
DA:83,0
DA:84,0
DA:85,0
DA:86,0
DA:87,0
DA:88,0
DA:89,0
DA:90,0
DA:93,0
DA:95,0
DA:96,0
DA:97,0
DA:98,0
DA:100,0
DA:101,0
DA:102,0
DA:103,0
DA:104,0
DA:105,0
DA:106,0
DA:107,0
DA:108,0
DA:109,0
DA:111,0
DA:112,0
DA:113,0
DA:114,0
DA:116,0
DA:117,0
DA:118,0
DA:119,0
DA:120,0
DA:121,0
DA:122,0
DA:123,0
DA:124,0
DA:125,0
BRF:0
BRH:0
LF:96
LH:0
end_of_record
SF:/mnt/040b9fb6-50c4-4490-87c6-b7dd911435c9/Projects/rust/manga-vault/config/src/lib.rs
FN:43,_RNvMs_CskGjoS9EwyFB_6configNtB4_12TracingLevel16to_tracing_level
FN:18,_RNvCskGjoS9EwyFB_6config15generate_secret
FN:10,_RNvCskGjoS9EwyFB_6config22current_exe_parent_dir
FN:158,_RNvMs4_CskGjoS9EwyFB_6configNtB5_6Config4load
FN:37,_RNvXCskGjoS9EwyFB_6configNtB2_12TracingLevelNtNtCsktIZoBbIovV_4core7default7Default7default
FN:113,_RNvXs0_CskGjoS9EwyFB_6configNtB5_9ApiConfigNtNtCsktIZoBbIovV_4core7default7Default7default
FN:123,_RNvXs1_CskGjoS9EwyFB_6configNtB5_15WebsocketConfigNtNtCsktIZoBbIovV_4core7default7Default7default
FN:132,_RNvXs2_CskGjoS9EwyFB_6configNtB5_14DatabaseConfigNtNtCsktIZoBbIovV_4core7default7Default7default
FN:142,_RNvXs3_CskGjoS9EwyFB_6configNtB5_6ConfigNtNtCsktIZoBbIovV_4core7default7Default7default
FN:18,_RNvCs6oSjKW105iA_6config15generate_secret
FN:10,_RNvCs6oSjKW105iA_6config22current_exe_parent_dir
FN:158,_RNvMs4_Cs6oSjKW105iA_6configNtB5_6Config4load
FN:43,_RNvMs_Cs6oSjKW105iA_6configNtB4_12TracingLevel16to_tracing_level
FN:37,_RNvXCs6oSjKW105iA_6configNtB2_12TracingLevelNtNtCsktIZoBbIovV_4core7default7Default7default
FN:113,_RNvXs0_Cs6oSjKW105iA_6configNtB5_9ApiConfigNtNtCsktIZoBbIovV_4core7default7Default7default
FN:123,_RNvXs1_Cs6oSjKW105iA_6configNtB5_15WebsocketConfigNtNtCsktIZoBbIovV_4core7default7Default7default
FN:132,_RNvXs2_Cs6oSjKW105iA_6configNtB5_14DatabaseConfigNtNtCsktIZoBbIovV_4core7default7Default7default
FN:142,_RNvXs3_Cs6oSjKW105iA_6configNtB5_6ConfigNtNtCsktIZoBbIovV_4core7default7Default7default
FNDA:0,_RNvMs_CskGjoS9EwyFB_6configNtB4_12TracingLevel16to_tracing_level
FNDA:0,_RNvCskGjoS9EwyFB_6config15generate_secret
FNDA:0,_RNvCskGjoS9EwyFB_6config22current_exe_parent_dir
FNDA:0,_RNvMs4_CskGjoS9EwyFB_6configNtB5_6Config4load
FNDA:0,_RNvXCskGjoS9EwyFB_6configNtB2_12TracingLevelNtNtCsktIZoBbIovV_4core7default7Default7default
FNDA:0,_RNvXs0_CskGjoS9EwyFB_6configNtB5_9ApiConfigNtNtCsktIZoBbIovV_4core7default7Default7default
FNDA:0,_RNvXs1_CskGjoS9EwyFB_6configNtB5_15WebsocketConfigNtNtCsktIZoBbIovV_4core7default7Default7default
FNDA:0,_RNvXs2_CskGjoS9EwyFB_6configNtB5_14DatabaseConfigNtNtCsktIZoBbIovV_4core7default7Default7default
FNDA:0,_RNvXs3_CskGjoS9EwyFB_6configNtB5_6ConfigNtNtCsktIZoBbIovV_4core7default7Default7default
FNDA:0,_RNvCs6oSjKW105iA_6config15generate_secret
FNDA:0,_RNvCs6oSjKW105iA_6config22current_exe_parent_dir
FNDA:0,_RNvMs4_Cs6oSjKW105iA_6configNtB5_6Config4load
FNDA:0,_RNvMs_Cs6oSjKW105iA_6configNtB4_12TracingLevel16to_tracing_level
FNDA:0,_RNvXCs6oSjKW105iA_6configNtB2_12TracingLevelNtNtCsktIZoBbIovV_4core7default7Default7default
FNDA:0,_RNvXs0_Cs6oSjKW105iA_6configNtB5_9ApiConfigNtNtCsktIZoBbIovV_4core7default7Default7default
FNDA:0,_RNvXs1_Cs6oSjKW105iA_6configNtB5_15WebsocketConfigNtNtCsktIZoBbIovV_4core7default7Default7default
FNDA:0,_RNvXs2_Cs6oSjKW105iA_6configNtB5_14DatabaseConfigNtNtCsktIZoBbIovV_4core7default7Default7default
FNDA:0,_RNvXs3_Cs6oSjKW105iA_6configNtB5_6ConfigNtNtCsktIZoBbIovV_4core7default7Default7default
FNF:9
FNH:0
DA:10,0
DA:11,0
DA:12,0
DA:13,0
DA:14,0
DA:15,0
DA:16,0
DA:18,0
DA:19,0
DA:20,0
DA:21,0
DA:22,0
DA:23,0
DA:24,0
DA:37,0
DA:38,0
DA:39,0
DA:43,0
DA:44,0
DA:45,0
DA:46,0
DA:47,0
DA:48,0
DA:49,0
DA:51,0
DA:113,0
DA:114,0
DA:115,0
DA:116,0
DA:117,0
DA:118,0
DA:119,0
DA:123,0
DA:124,0
DA:125,0
DA:126,0
DA:127,0
DA:128,0
DA:132,0
DA:133,0
DA:134,0
DA:135,0
DA:136,0
DA:137,0
DA:138,0
DA:142,0
DA:143,0
DA:144,0
DA:145,0
DA:146,0
DA:147,0
DA:148,0
DA:149,0
DA:150,0
DA:151,0
DA:152,0
DA:153,0
DA:154,0
DA:158,0
DA:159,0
DA:161,0
DA:162,0
DA:163,0
DA:164,0
DA:165,0
DA:166,0
DA:168,0
DA:169,0
DA:170,0
BRF:0
BRH:0
LF:69
LH:0
end_of_record
SF:/mnt/040b9fb6-50c4-4490-87c6-b7dd911435c9/Projects/rust/manga-vault/database/connection/src/lib.rs
FN:14,_RNCNvMCs7bLbYIfmgHT_10connectionNtB4_8Database3new0B4_
FN:48,_RNCNvMCs7bLbYIfmgHT_10connectionNtB4_8Database6backup0B4_
FN:14,_RNvMCs7bLbYIfmgHT_10connectionNtB2_8Database3new
FN:48,_RNvMCs7bLbYIfmgHT_10connectionNtB2_8Database6backup
FNDA:0,_RNCNvMCs7bLbYIfmgHT_10connectionNtB4_8Database3new0B4_
FNDA:0,_RNCNvMCs7bLbYIfmgHT_10connectionNtB4_8Database6backup0B4_
FNDA:0,_RNvMCs7bLbYIfmgHT_10connectionNtB2_8Database3new
FNDA:0,_RNvMCs7bLbYIfmgHT_10connectionNtB2_8Database6backup
FNF:4
FNH:0
DA:14,0
DA:15,0
DA:16,0
DA:18,0
DA:19,0
DA:20,0
DA:21,0
DA:23,0
DA:24,0
DA:25,0
DA:26,0
DA:27,0
DA:29,0
DA:30,0
DA:32,0
DA:34,0
DA:35,0
DA:36,0
DA:37,0
DA:38,0
DA:40,0
DA:41,0
DA:42,0
DA:44,0
DA:45,0
DA:46,0
DA:48,0
DA:49,0
DA:50,0
DA:51,0
DA:53,0
DA:54,0
DA:55,0
DA:57,0
DA:59,0
DA:60,0
DA:61,0
BRF:0
BRH:0
LF:39
LH:0
end_of_record
SF:/mnt/040b9fb6-50c4-4490-87c6-b7dd911435c9/Projects/rust/manga-vault/database/migration/src/lib.rs
FN:12,_RNvXCs4uDC3UF85B1_9migrationNtB2_8MigratorNtNtCs2SAbLzCaAGL_17sea_orm_migration8migrator13MigratorTrait10migrations
FNDA:0,_RNvXCs4uDC3UF85B1_9migrationNtB2_8MigratorNtNtCs2SAbLzCaAGL_17sea_orm_migration8migrator13MigratorTrait10migrations
FNF:1
FNH:0
DA:12,0
DA:13,0
DA:14,0
DA:15,0
DA:16,0
DA:17,0
DA:19,0
BRF:0
BRH:0
LF:7
LH:0
end_of_record
SF:/mnt/040b9fb6-50c4-4490-87c6-b7dd911435c9/Projects/rust/manga-vault/database/migration/src/m20220101_000001_create_tables.rs
FN:8,_RNCNvXs_NtCsdiTG8YHzIaJ_9migration30m20220101_000001_create_tablesNtB6_9MigrationNtCs2SAbLzCaAGL_17sea_orm_migration14MigrationTrait2up0B8_
FN:207,_RNCNvXs_NtCsdiTG8YHzIaJ_9migration30m20220101_000001_create_tablesNtB6_9MigrationNtCs2SAbLzCaAGL_17sea_orm_migration14MigrationTrait4down0B8_
FN:8,_RNvXs_NtCsdiTG8YHzIaJ_9migration30m20220101_000001_create_tablesNtB4_9MigrationNtCs2SAbLzCaAGL_17sea_orm_migration14MigrationTrait2up
FN:207,_RNvXs_NtCsdiTG8YHzIaJ_9migration30m20220101_000001_create_tablesNtB4_9MigrationNtCs2SAbLzCaAGL_17sea_orm_migration14MigrationTrait4down
FN:8,_RNCNvXs_NtCs4uDC3UF85B1_9migration30m20220101_000001_create_tablesNtB6_9MigrationNtCs2SAbLzCaAGL_17sea_orm_migration14MigrationTrait2up0B8_
FN:207,_RNCNvXs_NtCs4uDC3UF85B1_9migration30m20220101_000001_create_tablesNtB6_9MigrationNtCs2SAbLzCaAGL_17sea_orm_migration14MigrationTrait4down0B8_
FN:8,_RNvXs_NtCs4uDC3UF85B1_9migration30m20220101_000001_create_tablesNtB4_9MigrationNtCs2SAbLzCaAGL_17sea_orm_migration14MigrationTrait2up
FN:207,_RNvXs_NtCs4uDC3UF85B1_9migration30m20220101_000001_create_tablesNtB4_9MigrationNtCs2SAbLzCaAGL_17sea_orm_migration14MigrationTrait4down
FNDA:0,_RNCNvXs_NtCsdiTG8YHzIaJ_9migration30m20220101_000001_create_tablesNtB6_9MigrationNtCs2SAbLzCaAGL_17sea_orm_migration14MigrationTrait2up0B8_
FNDA:0,_RNCNvXs_NtCsdiTG8YHzIaJ_9migration30m20220101_000001_create_tablesNtB6_9MigrationNtCs2SAbLzCaAGL_17sea_orm_migration14MigrationTrait4down0B8_
FNDA:0,_RNvXs_NtCsdiTG8YHzIaJ_9migration30m20220101_000001_create_tablesNtB4_9MigrationNtCs2SAbLzCaAGL_17sea_orm_migration14MigrationTrait2up
FNDA:0,_RNvXs_NtCsdiTG8YHzIaJ_9migration30m20220101_000001_create_tablesNtB4_9MigrationNtCs2SAbLzCaAGL_17sea_orm_migration14MigrationTrait4down
FNDA:0,_RNCNvXs_NtCs4uDC3UF85B1_9migration30m20220101_000001_create_tablesNtB6_9MigrationNtCs2SAbLzCaAGL_17sea_orm_migration14MigrationTrait2up0B8_
FNDA:0,_RNCNvXs_NtCs4uDC3UF85B1_9migration30m20220101_000001_create_tablesNtB6_9MigrationNtCs2SAbLzCaAGL_17sea_orm_migration14MigrationTrait4down0B8_
FNDA:0,_RNvXs_NtCs4uDC3UF85B1_9migration30m20220101_000001_create_tablesNtB4_9MigrationNtCs2SAbLzCaAGL_17sea_orm_migration14MigrationTrait2up
FNDA:0,_RNvXs_NtCs4uDC3UF85B1_9migration30m20220101_000001_create_tablesNtB4_9MigrationNtCs2SAbLzCaAGL_17sea_orm_migration14MigrationTrait4down
FNF:2
FNH:0
DA:8,0
DA:9,0
DA:10,0
DA:11,0
DA:12,0
DA:13,0
DA:14,0
DA:15,0
DA:16,0
DA:17,0
DA:18,0
DA:19,0
DA:20,0
DA:21,0
DA:22,0
DA:23,0
DA:24,0
DA:25,0
DA:26,0
DA:28,0
DA:29,0
DA:30,0
DA:31,0
DA:32,0
DA:33,0
DA:34,0
DA:35,0
DA:36,0
DA:37,0
DA:38,0
DA:39,0
DA:40,0
DA:41,0
DA:42,0
DA:43,0
DA:44,0
DA:45,0
DA:46,0
DA:47,0
DA:48,0
DA:49,0
DA:50,0
DA:51,0
DA:52,0
DA:53,0
DA:54,0
DA:55,0
DA:56,0
DA:57,0
DA:58,0
DA:59,0
DA:60,0
DA:61,0
DA:62,0
DA:63,0
DA:64,0
DA:65,0
DA:66,0
DA:67,0
DA:69,0
DA:70,0
DA:71,0
DA:72,0
DA:73,0
DA:74,0
DA:75,0
DA:76,0
DA:77,0
DA:78,0
DA:79,0
DA:80,0
DA:81,0
DA:82,0
DA:83,0
DA:84,0
DA:85,0
DA:86,0
DA:87,0
DA:88,0
DA:89,0
DA:91,0
DA:92,0
DA:93,0
DA:94,0
DA:95,0
DA:96,0
DA:97,0
DA:98,0
DA:99,0
DA:100,0
DA:101,0
DA:102,0
DA:103,0
DA:104,0
DA:105,0
DA:106,0
DA:107,0
DA:109,0
DA:110,0
DA:111,0
DA:112,0
DA:113,0
DA:114,0
DA:115,0
DA:116,0
DA:117,0
DA:118,0
DA:119,0
DA:120,0
DA:121,0
DA:122,0
DA:123,0
DA:124,0
DA:125,0
DA:126,0
DA:127,0
DA:128,0
DA:129,0
DA:130,0
DA:131,0
DA:132,0
DA:133,0
DA:134,0
DA:135,0
DA:136,0
DA:137,0
DA:138,0
DA:139,0
DA:140,0
DA:141,0
DA:142,0
DA:143,0
DA:144,0
DA:145,0
DA:146,0
DA:147,0
DA:148,0
DA:150,0
DA:151,0
DA:152,0
DA:153,0
DA:154,0
DA:155,0
DA:156,0
DA:157,0
DA:158,0
DA:159,0
DA:160,0
DA:161,0
DA:162,0
DA:163,0
DA:164,0
DA:165,0
DA:166,0
DA:167,0
DA:168,0
DA:169,0
DA:170,0
DA:171,0
DA:172,0
DA:173,0
DA:174,0
DA:175,0
DA:176,0
DA:178,0
DA:179,0
DA:180,0
DA:181,0
DA:182,0
DA:183,0
DA:184,0
DA:185,0
DA:186,0
DA:187,0
DA:188,0
DA:189,0
DA:190,0
DA:191,0
DA:192,0
DA:193,0
DA:194,0
DA:195,0
DA:196,0
DA:197,0
DA:198,0
DA:199,0
DA:200,0
DA:201,0
DA:202,0
DA:204,0
DA:205,0
DA:207,0
DA:208,0
DA:209,0
DA:210,0
DA:211,0
DA:212,0
DA:213,0
DA:214,0
DA:215,0
DA:216,0
DA:217,0
DA:218,0
DA:219,0
DA:220,0
DA:221,0
DA:222,0
DA:223,0
DA:224,0
DA:225,0
DA:226,0
DA:227,0
DA:228,0
DA:230,0
DA:231,0
BRF:0
BRH:0
LF:215
LH:0
end_of_record
SF:/mnt/040b9fb6-50c4-4490-87c6-b7dd911435c9/Projects/rust/manga-vault/database/migration/src/m20240328_005922_add_image_id_to_user.rs
FN:8,_RNCNvXs_NtCsdiTG8YHzIaJ_9migration37m20240328_005922_add_image_id_to_userNtB6_9MigrationNtCs2SAbLzCaAGL_17sea_orm_migration14MigrationTrait2up0B8_
FN:21,_RNCNvXs_NtCsdiTG8YHzIaJ_9migration37m20240328_005922_add_image_id_to_userNtB6_9MigrationNtCs2SAbLzCaAGL_17sea_orm_migration14MigrationTrait4down0B8_
FN:8,_RNvXs_NtCsdiTG8YHzIaJ_9migration37m20240328_005922_add_image_id_to_userNtB4_9MigrationNtCs2SAbLzCaAGL_17sea_orm_migration14MigrationTrait2up
FN:21,_RNvXs_NtCsdiTG8YHzIaJ_9migration37m20240328_005922_add_image_id_to_userNtB4_9MigrationNtCs2SAbLzCaAGL_17sea_orm_migration14MigrationTrait4down
FN:8,_RNCNvXs_NtCs4uDC3UF85B1_9migration37m20240328_005922_add_image_id_to_userNtB6_9MigrationNtCs2SAbLzCaAGL_17sea_orm_migration14MigrationTrait2up0B8_
FN:21,_RNCNvXs_NtCs4uDC3UF85B1_9migration37m20240328_005922_add_image_id_to_userNtB6_9MigrationNtCs2SAbLzCaAGL_17sea_orm_migration14MigrationTrait4down0B8_
FN:8,_RNvXs_NtCs4uDC3UF85B1_9migration37m20240328_005922_add_image_id_to_userNtB4_9MigrationNtCs2SAbLzCaAGL_17sea_orm_migration14MigrationTrait2up
FN:21,_RNvXs_NtCs4uDC3UF85B1_9migration37m20240328_005922_add_image_id_to_userNtB4_9MigrationNtCs2SAbLzCaAGL_17sea_orm_migration14MigrationTrait4down
FNDA:0,_RNCNvXs_NtCsdiTG8YHzIaJ_9migration37m20240328_005922_add_image_id_to_userNtB6_9MigrationNtCs2SAbLzCaAGL_17sea_orm_migration14MigrationTrait2up0B8_
FNDA:0,_RNCNvXs_NtCsdiTG8YHzIaJ_9migration37m20240328_005922_add_image_id_to_userNtB6_9MigrationNtCs2SAbLzCaAGL_17sea_orm_migration14MigrationTrait4down0B8_
FNDA:0,_RNvXs_NtCsdiTG8YHzIaJ_9migration37m20240328_005922_add_image_id_to_userNtB4_9MigrationNtCs2SAbLzCaAGL_17sea_orm_migration14MigrationTrait2up
FNDA:0,_RNvXs_NtCsdiTG8YHzIaJ_9migration37m20240328_005922_add_image_id_to_userNtB4_9MigrationNtCs2SAbLzCaAGL_17sea_orm_migration14MigrationTrait4down
FNDA:0,_RNCNvXs_NtCs4uDC3UF85B1_9migration37m20240328_005922_add_image_id_to_userNtB6_9MigrationNtCs2SAbLzCaAGL_17sea_orm_migration14MigrationTrait2up0B8_
FNDA:0,_RNCNvXs_NtCs4uDC3UF85B1_9migration37m20240328_005922_add_image_id_to_userNtB6_9MigrationNtCs2SAbLzCaAGL_17sea_orm_migration14MigrationTrait4down0B8_
FNDA:0,_RNvXs_NtCs4uDC3UF85B1_9migration37m20240328_005922_add_image_id_to_userNtB4_9MigrationNtCs2SAbLzCaAGL_17sea_orm_migration14MigrationTrait2up
FNDA:0,_RNvXs_NtCs4uDC3UF85B1_9migration37m20240328_005922_add_image_id_to_userNtB4_9MigrationNtCs2SAbLzCaAGL_17sea_orm_migration14MigrationTrait4down
FNF:2
FNH:0
DA:8,0
DA:9,0
DA:10,0
DA:11,0
DA:12,0
DA:13,0
DA:14,0
DA:15,0
DA:16,0
DA:18,0
DA:19,0
DA:21,0
DA:22,0
DA:23,0
DA:24,0
DA:25,0
DA:26,0
DA:27,0
DA:28,0
DA:29,0
DA:31,0
DA:32,0
BRF:0
BRH:0
LF:22
LH:0
end_of_record
SF:/mnt/040b9fb6-50c4-4490-87c6-b7dd911435c9/Projects/rust/manga-vault/database/migration/src/m20240331_220133_create_temp_table.rs
FN:8,_RNvXs_NtCsdiTG8YHzIaJ_9migration34m20240331_220133_create_temp_tableNtB4_9MigrationNtCs2SAbLzCaAGL_17sea_orm_migration14MigrationTrait2up
FN:29,_RNvXs_NtCsdiTG8YHzIaJ_9migration34m20240331_220133_create_temp_tableNtB4_9MigrationNtCs2SAbLzCaAGL_17sea_orm_migration14MigrationTrait4down
FN:8,_RNCNvXs_NtCsdiTG8YHzIaJ_9migration34m20240331_220133_create_temp_tableNtB6_9MigrationNtCs2SAbLzCaAGL_17sea_orm_migration14MigrationTrait2up0B8_
FN:29,_RNCNvXs_NtCsdiTG8YHzIaJ_9migration34m20240331_220133_create_temp_tableNtB6_9MigrationNtCs2SAbLzCaAGL_17sea_orm_migration14MigrationTrait4down0B8_
FN:8,_RNCNvXs_NtCs4uDC3UF85B1_9migration34m20240331_220133_create_temp_tableNtB6_9MigrationNtCs2SAbLzCaAGL_17sea_orm_migration14MigrationTrait2up0B8_
FN:29,_RNCNvXs_NtCs4uDC3UF85B1_9migration34m20240331_220133_create_temp_tableNtB6_9MigrationNtCs2SAbLzCaAGL_17sea_orm_migration14MigrationTrait4down0B8_
FN:8,_RNvXs_NtCs4uDC3UF85B1_9migration34m20240331_220133_create_temp_tableNtB4_9MigrationNtCs2SAbLzCaAGL_17sea_orm_migration14MigrationTrait2up
FN:29,_RNvXs_NtCs4uDC3UF85B1_9migration34m20240331_220133_create_temp_tableNtB4_9MigrationNtCs2SAbLzCaAGL_17sea_orm_migration14MigrationTrait4down
FNDA:0,_RNvXs_NtCsdiTG8YHzIaJ_9migration34m20240331_220133_create_temp_tableNtB4_9MigrationNtCs2SAbLzCaAGL_17sea_orm_migration14MigrationTrait2up
FNDA:0,_RNvXs_NtCsdiTG8YHzIaJ_9migration34m20240331_220133_create_temp_tableNtB4_9MigrationNtCs2SAbLzCaAGL_17sea_orm_migration14MigrationTrait4down
FNDA:0,_RNCNvXs_NtCsdiTG8YHzIaJ_9migration34m20240331_220133_create_temp_tableNtB6_9MigrationNtCs2SAbLzCaAGL_17sea_orm_migration14MigrationTrait2up0B8_
FNDA:0,_RNCNvXs_NtCsdiTG8YHzIaJ_9migration34m20240331_220133_create_temp_tableNtB6_9MigrationNtCs2SAbLzCaAGL_17sea_orm_migration14MigrationTrait4down0B8_
FNDA:0,_RNCNvXs_NtCs4uDC3UF85B1_9migration34m20240331_220133_create_temp_tableNtB6_9MigrationNtCs2SAbLzCaAGL_17sea_orm_migration14MigrationTrait2up0B8_
FNDA:0,_RNCNvXs_NtCs4uDC3UF85B1_9migration34m20240331_220133_create_temp_tableNtB6_9MigrationNtCs2SAbLzCaAGL_17sea_orm_migration14MigrationTrait4down0B8_
FNDA:0,_RNvXs_NtCs4uDC3UF85B1_9migration34m20240331_220133_create_temp_tableNtB4_9MigrationNtCs2SAbLzCaAGL_17sea_orm_migration14MigrationTrait2up
FNDA:0,_RNvXs_NtCs4uDC3UF85B1_9migration34m20240331_220133_create_temp_tableNtB4_9MigrationNtCs2SAbLzCaAGL_17sea_orm_migration14MigrationTrait4down
FNF:2
FNH:0
DA:8,0
DA:9,0
DA:10,0
DA:11,0
DA:12,0
DA:13,0
DA:14,0
DA:15,0
DA:16,0
DA:17,0
DA:18,0
DA:19,0
DA:20,0
DA:21,0
DA:22,0
DA:23,0
DA:24,0
DA:25,0
DA:26,0
DA:27,0
DA:29,0
DA:30,0
DA:31,0
BRF:0
BRH:0
LF:23
LH:0
end_of_record
SF:/mnt/040b9fb6-50c4-4490-87c6-b7dd911435c9/Projects/rust/manga-vault/database/migration/src/m20240430_145751_alter_temp_table.rs
FN:8,_RNvXs_NtCsdiTG8YHzIaJ_9migration33m20240430_145751_alter_temp_tableNtB4_9MigrationNtCs2SAbLzCaAGL_17sea_orm_migration14MigrationTrait2up
FN:35,_RNvXs_NtCsdiTG8YHzIaJ_9migration33m20240430_145751_alter_temp_tableNtB4_9MigrationNtCs2SAbLzCaAGL_17sea_orm_migration14MigrationTrait4down
FN:8,_RNCNvXs_NtCsdiTG8YHzIaJ_9migration33m20240430_145751_alter_temp_tableNtB6_9MigrationNtCs2SAbLzCaAGL_17sea_orm_migration14MigrationTrait2up0B8_
FN:35,_RNCNvXs_NtCsdiTG8YHzIaJ_9migration33m20240430_145751_alter_temp_tableNtB6_9MigrationNtCs2SAbLzCaAGL_17sea_orm_migration14MigrationTrait4down0B8_
FN:8,_RNCNvXs_NtCs4uDC3UF85B1_9migration33m20240430_145751_alter_temp_tableNtB6_9MigrationNtCs2SAbLzCaAGL_17sea_orm_migration14MigrationTrait2up0B8_
FN:35,_RNCNvXs_NtCs4uDC3UF85B1_9migration33m20240430_145751_alter_temp_tableNtB6_9MigrationNtCs2SAbLzCaAGL_17sea_orm_migration14MigrationTrait4down0B8_
FN:8,_RNvXs_NtCs4uDC3UF85B1_9migration33m20240430_145751_alter_temp_tableNtB4_9MigrationNtCs2SAbLzCaAGL_17sea_orm_migration14MigrationTrait2up
FN:35,_RNvXs_NtCs4uDC3UF85B1_9migration33m20240430_145751_alter_temp_tableNtB4_9MigrationNtCs2SAbLzCaAGL_17sea_orm_migration14MigrationTrait4down
FNDA:0,_RNvXs_NtCsdiTG8YHzIaJ_9migration33m20240430_145751_alter_temp_tableNtB4_9MigrationNtCs2SAbLzCaAGL_17sea_orm_migration14MigrationTrait2up
FNDA:0,_RNvXs_NtCsdiTG8YHzIaJ_9migration33m20240430_145751_alter_temp_tableNtB4_9MigrationNtCs2SAbLzCaAGL_17sea_orm_migration14MigrationTrait4down
FNDA:0,_RNCNvXs_NtCsdiTG8YHzIaJ_9migration33m20240430_145751_alter_temp_tableNtB6_9MigrationNtCs2SAbLzCaAGL_17sea_orm_migration14MigrationTrait2up0B8_
FNDA:0,_RNCNvXs_NtCsdiTG8YHzIaJ_9migration33m20240430_145751_alter_temp_tableNtB6_9MigrationNtCs2SAbLzCaAGL_17sea_orm_migration14MigrationTrait4down0B8_
FNDA:0,_RNCNvXs_NtCs4uDC3UF85B1_9migration33m20240430_145751_alter_temp_tableNtB6_9MigrationNtCs2SAbLzCaAGL_17sea_orm_migration14MigrationTrait2up0B8_
FNDA:0,_RNCNvXs_NtCs4uDC3UF85B1_9migration33m20240430_145751_alter_temp_tableNtB6_9MigrationNtCs2SAbLzCaAGL_17sea_orm_migration14MigrationTrait4down0B8_
FNDA:0,_RNvXs_NtCs4uDC3UF85B1_9migration33m20240430_145751_alter_temp_tableNtB4_9MigrationNtCs2SAbLzCaAGL_17sea_orm_migration14MigrationTrait2up
FNDA:0,_RNvXs_NtCs4uDC3UF85B1_9migration33m20240430_145751_alter_temp_tableNtB4_9MigrationNtCs2SAbLzCaAGL_17sea_orm_migration14MigrationTrait4down
FNF:2
FNH:0
DA:8,0
DA:9,0
DA:11,0
DA:12,0
DA:13,0
DA:15,0
DA:16,0
DA:17,0
DA:18,0
DA:19,0
DA:20,0
DA:21,0
DA:22,0
DA:23,0
DA:24,0
DA:25,0
DA:26,0
DA:27,0
DA:28,0
DA:29,0
DA:30,0
DA:31,0
DA:32,0
DA:33,0
DA:35,0
DA:36,0
DA:37,0
BRF:0
BRH:0
LF:27
LH:0
end_of_record
SF:/mnt/040b9fb6-50c4-4490-87c6-b7dd911435c9/Projects/rust/manga-vault/scrapers/scraper_core/src/files.rs
FN:16,_RINvNtCs2ksCJ6dMoGl_12scraper_core5files14read_directoryppEB4_
FN:28,_RNCINvNtCs2ksCJ6dMoGl_12scraper_core5files14read_directoryppE0B6_
FN:32,_RNCNCINvNtCs2ksCJ6dMoGl_12scraper_core5files14read_directoryppE00B8_
FN:35,_RNCNCINvNtCs2ksCJ6dMoGl_12scraper_core5files14read_directoryppE0s_0B8_
FN:101,_RNCNCNvNtCs2ksCJ6dMoGl_12scraper_core5files15load_lua_plugin00B7_
FN:58,_RNCNCNvNtCs2ksCJ6dMoGl_12scraper_core5files16load_plugin_file00B7_
FN:251,_RNCNCNvNtCs2ksCJ6dMoGl_12scraper_core5files19process_plugin_file00B7_
FN:178,_RNCNCNvNtCs2ksCJ6dMoGl_12scraper_core5files25handle_modification_event00B7_
FN:188,_RNCNCNvNtCs2ksCJ6dMoGl_12scraper_core5files25handle_modification_event0s_0B7_
FN:82,_RNCNvNtCs2ksCJ6dMoGl_12scraper_core5files15load_lua_plugin0B5_
FN:53,_RNCNvNtCs2ksCJ6dMoGl_12scraper_core5files16load_plugin_file0B5_
FN:137,_RNCNvNtCs2ksCJ6dMoGl_12scraper_core5files18handle_file_events0B5_
FN:160,_RNCNvNtCs2ksCJ6dMoGl_12scraper_core5files19handle_single_event0B5_
FN:112,_RNCNvNtCs2ksCJ6dMoGl_12scraper_core5files19load_dynamic_plugin0B5_
FN:120,_RNCNvNtCs2ksCJ6dMoGl_12scraper_core5files19load_dynamic_plugins0_0B5_
FN:116,_RNCNvNtCs2ksCJ6dMoGl_12scraper_core5files19load_dynamic_plugins_0B5_
FN:246,_RNCNvNtCs2ksCJ6dMoGl_12scraper_core5files19process_plugin_file0B5_
FN:226,_RNCNvNtCs2ksCJ6dMoGl_12scraper_core5files20handle_removal_event0B5_
FN:229,_RNCNvNtCs2ksCJ6dMoGl_12scraper_core5files20handle_removal_events_0B5_
FN:71,_RNCNvNtCs2ksCJ6dMoGl_12scraper_core5files22remove_existing_plugin0B5_
FN:174,_RNCNvNtCs2ksCJ6dMoGl_12scraper_core5files25handle_modification_event0B5_
FN:78,_RNvNtCs2ksCJ6dMoGl_12scraper_core5files15load_lua_plugin
FN:49,_RNvNtCs2ksCJ6dMoGl_12scraper_core5files16load_plugin_file
FN:134,_RNvNtCs2ksCJ6dMoGl_12scraper_core5files18handle_file_events
FN:156,_RNvNtCs2ksCJ6dMoGl_12scraper_core5files19handle_single_event
FN:109,_RNvNtCs2ksCJ6dMoGl_12scraper_core5files19load_dynamic_plugin
FN:242,_RNvNtCs2ksCJ6dMoGl_12scraper_core5files19process_plugin_file
FN:220,_RNvNtCs2ksCJ6dMoGl_12scraper_core5files20handle_removal_event
FN:69,_RNvNtCs2ksCJ6dMoGl_12scraper_core5files22remove_existing_plugin
FN:170,_RNvNtCs2ksCJ6dMoGl_12scraper_core5files25handle_modification_event
FNDA:0,_RINvNtCs2ksCJ6dMoGl_12scraper_core5files14read_directoryppEB4_
FNDA:0,_RNCINvNtCs2ksCJ6dMoGl_12scraper_core5files14read_directoryppE0B6_
FNDA:0,_RNCNCINvNtCs2ksCJ6dMoGl_12scraper_core5files14read_directoryppE00B8_
FNDA:0,_RNCNCINvNtCs2ksCJ6dMoGl_12scraper_core5files14read_directoryppE0s_0B8_
FNDA:0,_RNCNCNvNtCs2ksCJ6dMoGl_12scraper_core5files15load_lua_plugin00B7_
FNDA:0,_RNCNCNvNtCs2ksCJ6dMoGl_12scraper_core5files16load_plugin_file00B7_
FNDA:0,_RNCNCNvNtCs2ksCJ6dMoGl_12scraper_core5files19process_plugin_file00B7_
FNDA:0,_RNCNCNvNtCs2ksCJ6dMoGl_12scraper_core5files25handle_modification_event00B7_
FNDA:0,_RNCNCNvNtCs2ksCJ6dMoGl_12scraper_core5files25handle_modification_event0s_0B7_
FNDA:0,_RNCNvNtCs2ksCJ6dMoGl_12scraper_core5files15load_lua_plugin0B5_
FNDA:0,_RNCNvNtCs2ksCJ6dMoGl_12scraper_core5files16load_plugin_file0B5_
FNDA:0,_RNCNvNtCs2ksCJ6dMoGl_12scraper_core5files18handle_file_events0B5_
FNDA:0,_RNCNvNtCs2ksCJ6dMoGl_12scraper_core5files19handle_single_event0B5_
FNDA:0,_RNCNvNtCs2ksCJ6dMoGl_12scraper_core5files19load_dynamic_plugin0B5_
FNDA:0,_RNCNvNtCs2ksCJ6dMoGl_12scraper_core5files19load_dynamic_plugins0_0B5_
FNDA:0,_RNCNvNtCs2ksCJ6dMoGl_12scraper_core5files19load_dynamic_plugins_0B5_
FNDA:0,_RNCNvNtCs2ksCJ6dMoGl_12scraper_core5files19process_plugin_file0B5_
FNDA:0,_RNCNvNtCs2ksCJ6dMoGl_12scraper_core5files20handle_removal_event0B5_
FNDA:0,_RNCNvNtCs2ksCJ6dMoGl_12scraper_core5files20handle_removal_events_0B5_
FNDA:0,_RNCNvNtCs2ksCJ6dMoGl_12scraper_core5files22remove_existing_plugin0B5_
FNDA:0,_RNCNvNtCs2ksCJ6dMoGl_12scraper_core5files25handle_modification_event0B5_
FNDA:0,_RNvNtCs2ksCJ6dMoGl_12scraper_core5files15load_lua_plugin
FNDA:0,_RNvNtCs2ksCJ6dMoGl_12scraper_core5files16load_plugin_file
FNDA:0,_RNvNtCs2ksCJ6dMoGl_12scraper_core5files18handle_file_events
FNDA:0,_RNvNtCs2ksCJ6dMoGl_12scraper_core5files19handle_single_event
FNDA:0,_RNvNtCs2ksCJ6dMoGl_12scraper_core5files19load_dynamic_plugin
FNDA:0,_RNvNtCs2ksCJ6dMoGl_12scraper_core5files19process_plugin_file
FNDA:0,_RNvNtCs2ksCJ6dMoGl_12scraper_core5files20handle_removal_event
FNDA:0,_RNvNtCs2ksCJ6dMoGl_12scraper_core5files22remove_existing_plugin
FNDA:0,_RNvNtCs2ksCJ6dMoGl_12scraper_core5files25handle_modification_event
FNF:30
FNH:0
DA:16,0
DA:17,0
DA:18,0
DA:19,0
DA:20,0
DA:21,0
DA:22,0
DA:23,0
DA:25,0
DA:26,0
DA:28,0
DA:29,0
DA:31,0
DA:32,0
DA:34,0
DA:35,0
DA:36,0
DA:38,0
DA:39,0
DA:40,0
DA:41,0
DA:42,0
DA:45,0
DA:46,0
DA:47,0
DA:49,0
DA:50,0
DA:51,0
DA:52,0
DA:53,0
DA:54,0
DA:56,0
DA:57,0
DA:58,0
DA:59,0
DA:61,0
DA:63,0
DA:64,0
DA:65,0
DA:67,0
DA:69,0
DA:70,0
DA:71,0
DA:72,0
DA:73,0
DA:74,0
DA:75,0
DA:76,0
DA:78,0
DA:79,0
DA:80,0
DA:81,0
DA:82,0
DA:83,0
DA:84,0
DA:86,0
DA:87,0
DA:88,0
DA:89,0
DA:90,0
DA:91,0
DA:92,0
DA:94,0
DA:95,0
DA:96,0
DA:97,0
DA:98,0
DA:100,0
DA:101,0
DA:104,0
DA:106,0
DA:107,0
DA:109,0
DA:111,0
DA:112,0
DA:114,0
DA:115,0
DA:116,0
DA:118,0
DA:119,0
DA:120,0
DA:122,0
DA:123,0
DA:124,0
DA:125,0
DA:126,0
DA:128,0
DA:131,0
DA:132,0
DA:134,0
DA:135,0
DA:136,0
DA:137,0
DA:138,0
DA:139,0
DA:140,0
DA:142,0
DA:143,0
DA:144,0
DA:146,0
DA:147,0
DA:148,0
DA:149,0
DA:153,0
DA:154,0
DA:156,0
DA:157,0
DA:158,0
DA:159,0
DA:160,0
DA:161,0
DA:163,0
DA:165,0
DA:166,0
DA:168,0
DA:170,0
DA:171,0
DA:172,0
DA:173,0
DA:174,0
DA:177,0
DA:178,0
DA:179,0
DA:181,0
DA:182,0
DA:183,0
DA:185,0
DA:186,0
DA:187,0
DA:188,0
DA:190,0
DA:192,0
DA:193,0
DA:194,0
DA:196,0
DA:197,0
DA:198,0
DA:202,0
DA:203,0
DA:204,0
DA:206,0
DA:209,0
DA:210,0
DA:211,0
DA:213,0
DA:214,0
DA:215,0
DA:216,0
DA:218,0
DA:220,0
DA:221,0
DA:222,0
DA:223,0
DA:224,0
DA:225,0
DA:226,0
DA:227,0
DA:228,0
DA:229,0
DA:230,0
DA:231,0
DA:232,0
DA:233,0
DA:235,0
DA:236,0
DA:237,0
DA:238,0
DA:240,0
DA:242,0
DA:243,0
DA:244,0
DA:245,0
DA:246,0
DA:247,0
DA:249,0
DA:250,0
DA:251,0
DA:253,0
DA:254,0
DA:255,0
BRF:0
BRH:0
LF:199
LH:0
end_of_record
SF:/mnt/040b9fb6-50c4-4490-87c6-b7dd911435c9/Projects/rust/manga-vault/scrapers/scraper_core/src/lib.rs
FN:81,_RNCNCNCNCNvMCs2ksCJ6dMoGl_12scraper_coreNtBa_13PluginManager20load_initial_plugins0000Ba_
FN:80,_RNCNCNCNvMCs2ksCJ6dMoGl_12scraper_coreNtB8_13PluginManager20load_initial_plugins000B8_
FN:113,_RNCNCNvMCs2ksCJ6dMoGl_12scraper_coreNtB6_13PluginManager18start_file_watcher00B6_
FN:78,_RNCNCNvMCs2ksCJ6dMoGl_12scraper_coreNtB6_13PluginManager20load_initial_plugins00B6_
FN:51,_RNCNvMCs2ksCJ6dMoGl_12scraper_coreNtB4_13PluginManager10initialize0B4_
FN:37,_RNCNvMCs2ksCJ6dMoGl_12scraper_coreNtB4_13PluginManager13new_no_update0B4_
FN:111,_RNCNvMCs2ksCJ6dMoGl_12scraper_coreNtB4_13PluginManager18start_file_watcher0B4_
FN:59,_RNCNvMCs2ksCJ6dMoGl_12scraper_coreNtB4_13PluginManager20initialize_no_update0B4_
FN:76,_RNCNvMCs2ksCJ6dMoGl_12scraper_coreNtB4_13PluginManager20load_initial_plugins0B4_
FN:71,_RNCNvMCs2ksCJ6dMoGl_12scraper_coreNtB4_13PluginManager23setup_plugins_directory0B4_
FN:30,_RNCNvMCs2ksCJ6dMoGl_12scraper_coreNtB4_13PluginManager3new0B4_
FN:131,_RNvMCs2ksCJ6dMoGl_12scraper_coreNtB2_13PluginManager10get_plugin
FN:51,_RNvMCs2ksCJ6dMoGl_12scraper_coreNtB2_13PluginManager10initialize
FN:124,_RNvMCs2ksCJ6dMoGl_12scraper_coreNtB2_13PluginManager11get_plugins
FN:37,_RNvMCs2ksCJ6dMoGl_12scraper_coreNtB2_13PluginManager13new_no_update
FN:44,_RNvMCs2ksCJ6dMoGl_12scraper_coreNtB2_13PluginManager14create_manager
FN:105,_RNvMCs2ksCJ6dMoGl_12scraper_coreNtB2_13PluginManager18start_file_watcher
FN:59,_RNvMCs2ksCJ6dMoGl_12scraper_coreNtB2_13PluginManager20initialize_no_update
FN:76,_RNvMCs2ksCJ6dMoGl_12scraper_coreNtB2_13PluginManager20load_initial_plugins
FN:66,_RNvMCs2ksCJ6dMoGl_12scraper_coreNtB2_13PluginManager23setup_plugins_directory
FN:30,_RNvMCs2ksCJ6dMoGl_12scraper_coreNtB2_13PluginManager3new
FNDA:0,_RNCNCNCNCNvMCs2ksCJ6dMoGl_12scraper_coreNtBa_13PluginManager20load_initial_plugins0000Ba_
FNDA:0,_RNCNCNCNvMCs2ksCJ6dMoGl_12scraper_coreNtB8_13PluginManager20load_initial_plugins000B8_
FNDA:0,_RNCNCNvMCs2ksCJ6dMoGl_12scraper_coreNtB6_13PluginManager18start_file_watcher00B6_
FNDA:0,_RNCNCNvMCs2ksCJ6dMoGl_12scraper_coreNtB6_13PluginManager20load_initial_plugins00B6_
FNDA:0,_RNCNvMCs2ksCJ6dMoGl_12scraper_coreNtB4_13PluginManager10initialize0B4_
FNDA:0,_RNCNvMCs2ksCJ6dMoGl_12scraper_coreNtB4_13PluginManager13new_no_update0B4_
FNDA:0,_RNCNvMCs2ksCJ6dMoGl_12scraper_coreNtB4_13PluginManager18start_file_watcher0B4_
FNDA:0,_RNCNvMCs2ksCJ6dMoGl_12scraper_coreNtB4_13PluginManager20initialize_no_update0B4_
FNDA:0,_RNCNvMCs2ksCJ6dMoGl_12scraper_coreNtB4_13PluginManager20load_initial_plugins0B4_
FNDA:0,_RNCNvMCs2ksCJ6dMoGl_12scraper_coreNtB4_13PluginManager23setup_plugins_directory0B4_
FNDA:0,_RNCNvMCs2ksCJ6dMoGl_12scraper_coreNtB4_13PluginManager3new0B4_
FNDA:0,_RNvMCs2ksCJ6dMoGl_12scraper_coreNtB2_13PluginManager10get_plugin
FNDA:0,_RNvMCs2ksCJ6dMoGl_12scraper_coreNtB2_13PluginManager10initialize
FNDA:0,_RNvMCs2ksCJ6dMoGl_12scraper_coreNtB2_13PluginManager11get_plugins
FNDA:0,_RNvMCs2ksCJ6dMoGl_12scraper_coreNtB2_13PluginManager13new_no_update
FNDA:0,_RNvMCs2ksCJ6dMoGl_12scraper_coreNtB2_13PluginManager14create_manager
FNDA:0,_RNvMCs2ksCJ6dMoGl_12scraper_coreNtB2_13PluginManager18start_file_watcher
FNDA:0,_RNvMCs2ksCJ6dMoGl_12scraper_coreNtB2_13PluginManager20initialize_no_update
FNDA:0,_RNvMCs2ksCJ6dMoGl_12scraper_coreNtB2_13PluginManager20load_initial_plugins
FNDA:0,_RNvMCs2ksCJ6dMoGl_12scraper_coreNtB2_13PluginManager23setup_plugins_directory
FNDA:0,_RNvMCs2ksCJ6dMoGl_12scraper_coreNtB2_13PluginManager3new
FNF:21
FNH:0
DA:30,0
DA:31,0
DA:32,0
DA:33,0
DA:34,0
DA:35,0
DA:37,0
DA:38,0
DA:39,0
DA:40,0
DA:41,0
DA:42,0
DA:44,0
DA:45,0
DA:46,0
DA:47,0
DA:48,0
DA:49,0
DA:51,0
DA:52,0
DA:53,0
DA:54,0
DA:55,0
DA:56,0
DA:57,0
DA:59,0
DA:60,0
DA:61,0
DA:62,0
DA:63,0
DA:64,0
DA:66,0
DA:67,0
DA:68,0
DA:69,0
DA:70,0
DA:71,0
DA:72,0
DA:73,0
DA:74,0
DA:76,0
DA:77,0
DA:78,0
DA:79,0
DA:80,0
DA:81,0
DA:82,0
DA:85,0
DA:86,0
DA:87,0
DA:89,0
DA:92,0
DA:93,0
DA:94,0
DA:96,0
DA:97,0
DA:98,0
DA:99,0
DA:100,0
DA:102,0
DA:103,0
DA:105,0
DA:106,0
DA:107,0
DA:109,0
DA:110,0
DA:111,0
DA:112,0
DA:113,0
DA:114,0
DA:115,0
DA:116,0
DA:117,0
DA:118,0
DA:119,0
DA:121,0
DA:122,0
DA:124,0
DA:125,0
DA:126,0
DA:127,0
DA:128,0
DA:129,0
DA:131,0
DA:132,0
DA:133,0
DA:134,0
DA:135,0
DA:136,0
DA:137,0
BRF:0
BRH:0
LF:100
LH:0
end_of_record
SF:/mnt/040b9fb6-50c4-4490-87c6-b7dd911435c9/Projects/rust/manga-vault/scrapers/scraper_core/src/plugins/dynlib.rs
FN:22,_RINvMNtNtCs2ksCJ6dMoGl_12scraper_core7plugins6dynlibNtB3_16DynamicLibPlugin17call_lib_functionpppEB7_
FN:26,_RNCINvMNtNtCs2ksCJ6dMoGl_12scraper_core7plugins6dynlibNtB5_16DynamicLibPlugin17call_lib_functionpppE0B9_
FN:63,_RNCNvMNtNtCs2ksCJ6dMoGl_12scraper_core7plugins6dynlibNtB4_16DynamicLibPlugin12scrape_manga0B8_
FN:42,_RNCNvMNtNtCs2ksCJ6dMoGl_12scraper_core7plugins6dynlibNtB4_16DynamicLibPlugin13scrape_latest0B8_
FN:54,_RNCNvMNtNtCs2ksCJ6dMoGl_12scraper_core7plugins6dynlibNtB4_16DynamicLibPlugin13scrape_search0B8_
FN:36,_RNCNvMNtNtCs2ksCJ6dMoGl_12scraper_core7plugins6dynlibNtB4_16DynamicLibPlugin14scrape_chapter0B8_
FN:48,_RNCNvMNtNtCs2ksCJ6dMoGl_12scraper_core7plugins6dynlibNtB4_16DynamicLibPlugin15scrape_trending0B8_
FN:69,_RNCNvMNtNtCs2ksCJ6dMoGl_12scraper_core7plugins6dynlibNtB4_16DynamicLibPlugin18scrape_genres_list0B8_
FN:75,_RNCNvMNtNtCs2ksCJ6dMoGl_12scraper_core7plugins6dynlibNtB4_16DynamicLibPlugin8get_info0B8_
FN:63,_RNvMNtNtCs2ksCJ6dMoGl_12scraper_core7plugins6dynlibNtB2_16DynamicLibPlugin12scrape_manga
FN:42,_RNvMNtNtCs2ksCJ6dMoGl_12scraper_core7plugins6dynlibNtB2_16DynamicLibPlugin13scrape_latest
FN:54,_RNvMNtNtCs2ksCJ6dMoGl_12scraper_core7plugins6dynlibNtB2_16DynamicLibPlugin13scrape_search
FN:36,_RNvMNtNtCs2ksCJ6dMoGl_12scraper_core7plugins6dynlibNtB2_16DynamicLibPlugin14scrape_chapter
FN:48,_RNvMNtNtCs2ksCJ6dMoGl_12scraper_core7plugins6dynlibNtB2_16DynamicLibPlugin15scrape_trending
FN:69,_RNvMNtNtCs2ksCJ6dMoGl_12scraper_core7plugins6dynlibNtB2_16DynamicLibPlugin18scrape_genres_list
FN:14,_RNvMNtNtCs2ksCJ6dMoGl_12scraper_core7plugins6dynlibNtB2_16DynamicLibPlugin3new
FN:75,_RNvMNtNtCs2ksCJ6dMoGl_12scraper_core7plugins6dynlibNtB2_16DynamicLibPlugin8get_info
FNDA:0,_RINvMNtNtCs2ksCJ6dMoGl_12scraper_core7plugins6dynlibNtB3_16DynamicLibPlugin17call_lib_functionpppEB7_
FNDA:0,_RNCINvMNtNtCs2ksCJ6dMoGl_12scraper_core7plugins6dynlibNtB5_16DynamicLibPlugin17call_lib_functionpppE0B9_
FNDA:0,_RNCNvMNtNtCs2ksCJ6dMoGl_12scraper_core7plugins6dynlibNtB4_16DynamicLibPlugin12scrape_manga0B8_
FNDA:0,_RNCNvMNtNtCs2ksCJ6dMoGl_12scraper_core7plugins6dynlibNtB4_16DynamicLibPlugin13scrape_latest0B8_
FNDA:0,_RNCNvMNtNtCs2ksCJ6dMoGl_12scraper_core7plugins6dynlibNtB4_16DynamicLibPlugin13scrape_search0B8_
FNDA:0,_RNCNvMNtNtCs2ksCJ6dMoGl_12scraper_core7plugins6dynlibNtB4_16DynamicLibPlugin14scrape_chapter0B8_
FNDA:0,_RNCNvMNtNtCs2ksCJ6dMoGl_12scraper_core7plugins6dynlibNtB4_16DynamicLibPlugin15scrape_trending0B8_
FNDA:0,_RNCNvMNtNtCs2ksCJ6dMoGl_12scraper_core7plugins6dynlibNtB4_16DynamicLibPlugin18scrape_genres_list0B8_
FNDA:0,_RNCNvMNtNtCs2ksCJ6dMoGl_12scraper_core7plugins6dynlibNtB4_16DynamicLibPlugin8get_info0B8_
FNDA:0,_RNvMNtNtCs2ksCJ6dMoGl_12scraper_core7plugins6dynlibNtB2_16DynamicLibPlugin12scrape_manga
FNDA:0,_RNvMNtNtCs2ksCJ6dMoGl_12scraper_core7plugins6dynlibNtB2_16DynamicLibPlugin13scrape_latest
FNDA:0,_RNvMNtNtCs2ksCJ6dMoGl_12scraper_core7plugins6dynlibNtB2_16DynamicLibPlugin13scrape_search
FNDA:0,_RNvMNtNtCs2ksCJ6dMoGl_12scraper_core7plugins6dynlibNtB2_16DynamicLibPlugin14scrape_chapter
FNDA:0,_RNvMNtNtCs2ksCJ6dMoGl_12scraper_core7plugins6dynlibNtB2_16DynamicLibPlugin15scrape_trending
FNDA:0,_RNvMNtNtCs2ksCJ6dMoGl_12scraper_core7plugins6dynlibNtB2_16DynamicLibPlugin18scrape_genres_list
FNDA:0,_RNvMNtNtCs2ksCJ6dMoGl_12scraper_core7plugins6dynlibNtB2_16DynamicLibPlugin3new
FNDA:0,_RNvMNtNtCs2ksCJ6dMoGl_12scraper_core7plugins6dynlibNtB2_16DynamicLibPlugin8get_info
FNF:17
FNH:0
DA:14,0
DA:15,0
DA:16,0
DA:17,0
DA:18,0
DA:19,0
DA:20,0
DA:22,0
DA:23,0
DA:24,0
DA:25,0
DA:26,0
DA:28,0
DA:30,0
DA:32,0
DA:34,0
DA:36,0
DA:37,0
DA:38,0
DA:39,0
DA:40,0
DA:42,0
DA:43,0
DA:44,0
DA:45,0
DA:46,0
DA:48,0
DA:49,0
DA:50,0
DA:51,0
DA:52,0
DA:54,0
DA:55,0
DA:56,0
DA:57,0
DA:58,0
DA:59,0
DA:60,0
DA:61,0
DA:63,0
DA:64,0
DA:65,0
DA:66,0
DA:67,0
DA:69,0
DA:70,0
DA:71,0
DA:72,0
DA:73,0
DA:75,0
DA:76,0
DA:77,0
DA:78,0
DA:79,0
BRF:0
BRH:0
LF:61
LH:0
end_of_record
SF:/mnt/040b9fb6-50c4-4490-87c6-b7dd911435c9/Projects/rust/manga-vault/scrapers/scraper_core/src/plugins/globals/headless.rs
FN:16,_RINvXNtNtNtCs2ksCJ6dMoGl_12scraper_core7plugins7globals8headlessNtB3_14HeadlessClientNtNtCshx1JSfWEZEr_4mlua8userdata8UserData11add_methodsINtNtB1n_8registry16UserDataRegistryB10_EEB9_
FN:85,_RINvXs_NtNtNtCs2ksCJ6dMoGl_12scraper_core7plugins7globals8headlessNtB5_7ElementNtNtCshx1JSfWEZEr_4mlua8userdata8UserData11add_methodsINtNtB1h_8registry16UserDataRegistryB12_EEBb_
FN:36,_RNCINvXNtNtNtCs2ksCJ6dMoGl_12scraper_core7plugins7globals8headlessNtB5_14HeadlessClientNtNtCshx1JSfWEZEr_4mlua8userdata8UserData11add_methodsINtNtB1p_8registry16UserDataRegistryB12_EE0Bb_
FN:68,_RNCINvXNtNtNtCs2ksCJ6dMoGl_12scraper_core7plugins7globals8headlessNtB5_14HeadlessClientNtNtCshx1JSfWEZEr_4mlua8userdata8UserData11add_methodsINtNtB1p_8registry16UserDataRegistryB12_EEs0_0Bb_
FN:80,_RNCINvXNtNtNtCs2ksCJ6dMoGl_12scraper_core7plugins7globals8headlessNtB5_14HeadlessClientNtNtCshx1JSfWEZEr_4mlua8userdata8UserData11add_methodsINtNtB1p_8registry16UserDataRegistryB12_EEs1_0Bb_
FN:51,_RNCINvXNtNtNtCs2ksCJ6dMoGl_12scraper_core7plugins7globals8headlessNtB5_14HeadlessClientNtNtCshx1JSfWEZEr_4mlua8userdata8UserData11add_methodsINtNtB1p_8registry16UserDataRegistryB12_EEs_0Bb_
FN:96,_RNCINvXs_NtNtNtCs2ksCJ6dMoGl_12scraper_core7plugins7globals8headlessNtB7_7ElementNtNtCshx1JSfWEZEr_4mlua8userdata8UserData11add_methodsINtNtB1j_8registry16UserDataRegistryB14_EE0Bd_
FN:111,_RNCINvXs_NtNtNtCs2ksCJ6dMoGl_12scraper_core7plugins7globals8headlessNtB7_7ElementNtNtCshx1JSfWEZEr_4mlua8userdata8UserData11add_methodsINtNtB1j_8registry16UserDataRegistryB14_EEs_0Bd_
FN:17,_RNCNCINvXNtNtNtCs2ksCJ6dMoGl_12scraper_core7plugins7globals8headlessNtB7_14HeadlessClientNtNtCshx1JSfWEZEr_4mlua8userdata8UserData11add_methodsINtNtB1r_8registry16UserDataRegistryB14_EE00Bd_
FN:53,_RNCNCINvXNtNtNtCs2ksCJ6dMoGl_12scraper_core7plugins7globals8headlessNtB7_14HeadlessClientNtNtCshx1JSfWEZEr_4mlua8userdata8UserData11add_methodsINtNtB1r_8registry16UserDataRegistryB14_EEs0_00Bd_
FN:70,_RNCNCINvXNtNtNtCs2ksCJ6dMoGl_12scraper_core7plugins7globals8headlessNtB7_14HeadlessClientNtNtCshx1JSfWEZEr_4mlua8userdata8UserData11add_methodsINtNtB1r_8registry16UserDataRegistryB14_EEs1_00Bd_
FN:38,_RNCNCINvXNtNtNtCs2ksCJ6dMoGl_12scraper_core7plugins7globals8headlessNtB7_14HeadlessClientNtNtCshx1JSfWEZEr_4mlua8userdata8UserData11add_methodsINtNtB1r_8registry16UserDataRegistryB14_EEs_00Bd_
FN:86,_RNCNCINvXs_NtNtNtCs2ksCJ6dMoGl_12scraper_core7plugins7globals8headlessNtB9_7ElementNtNtCshx1JSfWEZEr_4mlua8userdata8UserData11add_methodsINtNtB1l_8registry16UserDataRegistryB16_EE00Bf_
FN:98,_RNCNCINvXs_NtNtNtCs2ksCJ6dMoGl_12scraper_core7plugins7globals8headlessNtB9_7ElementNtNtCshx1JSfWEZEr_4mlua8userdata8UserData11add_methodsINtNtB1l_8registry16UserDataRegistryB16_EEs_00Bf_
FN:27,_RNCNCNCINvXNtNtNtCs2ksCJ6dMoGl_12scraper_core7plugins7globals8headlessNtB9_14HeadlessClientNtNtCshx1JSfWEZEr_4mlua8userdata8UserData11add_methodsINtNtB1t_8registry16UserDataRegistryB16_EE000Bf_
FN:33,_RNCNCNCINvXNtNtNtCs2ksCJ6dMoGl_12scraper_core7plugins7globals8headlessNtB9_14HeadlessClientNtNtCshx1JSfWEZEr_4mlua8userdata8UserData11add_methodsINtNtB1t_8registry16UserDataRegistryB16_EE00s_0Bf_
FN:63,_RNCNCNCINvXNtNtNtCs2ksCJ6dMoGl_12scraper_core7plugins7globals8headlessNtB9_14HeadlessClientNtNtCshx1JSfWEZEr_4mlua8userdata8UserData11add_methodsINtNtB1t_8registry16UserDataRegistryB16_EEs0_000Bf_
FN:65,_RNCNCNCINvXNtNtNtCs2ksCJ6dMoGl_12scraper_core7plugins7globals8headlessNtB9_14HeadlessClientNtNtCshx1JSfWEZEr_4mlua8userdata8UserData11add_methodsINtNtB1t_8registry16UserDataRegistryB16_EEs0_00s_0Bf_
FN:48,_RNCNCNCINvXNtNtNtCs2ksCJ6dMoGl_12scraper_core7plugins7globals8headlessNtB9_14HeadlessClientNtNtCshx1JSfWEZEr_4mlua8userdata8UserData11add_methodsINtNtB1t_8registry16UserDataRegistryB16_EEs_000Bf_
FNDA:6,_RINvXNtNtNtCs2ksCJ6dMoGl_12scraper_core7plugins7globals8headlessNtB3_14HeadlessClientNtNtCshx1JSfWEZEr_4mlua8userdata8UserData11add_methodsINtNtB1n_8registry16UserDataRegistryB10_EEB9_
FNDA:4,_RINvXs_NtNtNtCs2ksCJ6dMoGl_12scraper_core7plugins7globals8headlessNtB5_7ElementNtNtCshx1JSfWEZEr_4mlua8userdata8UserData11add_methodsINtNtB1h_8registry16UserDataRegistryB12_EEBb_
FNDA:5,_RNCINvXNtNtNtCs2ksCJ6dMoGl_12scraper_core7plugins7globals8headlessNtB5_14HeadlessClientNtNtCshx1JSfWEZEr_4mlua8userdata8UserData11add_methodsINtNtB1p_8registry16UserDataRegistryB12_EE0Bb_
FNDA:1,_RNCINvXNtNtNtCs2ksCJ6dMoGl_12scraper_core7plugins7globals8headlessNtB5_14HeadlessClientNtNtCshx1JSfWEZEr_4mlua8userdata8UserData11add_methodsINtNtB1p_8registry16UserDataRegistryB12_EEs0_0Bb_
FNDA:1,_RNCINvXNtNtNtCs2ksCJ6dMoGl_12scraper_core7plugins7globals8headlessNtB5_14HeadlessClientNtNtCshx1JSfWEZEr_4mlua8userdata8UserData11add_methodsINtNtB1p_8registry16UserDataRegistryB12_EEs1_0Bb_
FNDA:3,_RNCINvXNtNtNtCs2ksCJ6dMoGl_12scraper_core7plugins7globals8headlessNtB5_14HeadlessClientNtNtCshx1JSfWEZEr_4mlua8userdata8UserData11add_methodsINtNtB1p_8registry16UserDataRegistryB12_EEs_0Bb_
FNDA:1,_RNCINvXs_NtNtNtCs2ksCJ6dMoGl_12scraper_core7plugins7globals8headlessNtB7_7ElementNtNtCshx1JSfWEZEr_4mlua8userdata8UserData11add_methodsINtNtB1j_8registry16UserDataRegistryB14_EE0Bd_
FNDA:1,_RNCINvXs_NtNtNtCs2ksCJ6dMoGl_12scraper_core7plugins7globals8headlessNtB7_7ElementNtNtCshx1JSfWEZEr_4mlua8userdata8UserData11add_methodsINtNtB1j_8registry16UserDataRegistryB14_EEs_0Bd_
FNDA:5,_RNCNCINvXNtNtNtCs2ksCJ6dMoGl_12scraper_core7plugins7globals8headlessNtB7_14HeadlessClientNtNtCshx1JSfWEZEr_4mlua8userdata8UserData11add_methodsINtNtB1r_8registry16UserDataRegistryB14_EE00Bd_
FNDA:1,_RNCNCINvXNtNtNtCs2ksCJ6dMoGl_12scraper_core7plugins7globals8headlessNtB7_14HeadlessClientNtNtCshx1JSfWEZEr_4mlua8userdata8UserData11add_methodsINtNtB1r_8registry16UserDataRegistryB14_EEs0_00Bd_
FNDA:1,_RNCNCINvXNtNtNtCs2ksCJ6dMoGl_12scraper_core7plugins7globals8headlessNtB7_14HeadlessClientNtNtCshx1JSfWEZEr_4mlua8userdata8UserData11add_methodsINtNtB1r_8registry16UserDataRegistryB14_EEs1_00Bd_
FNDA:3,_RNCNCINvXNtNtNtCs2ksCJ6dMoGl_12scraper_core7plugins7globals8headlessNtB7_14HeadlessClientNtNtCshx1JSfWEZEr_4mlua8userdata8UserData11add_methodsINtNtB1r_8registry16UserDataRegistryB14_EEs_00Bd_
FNDA:1,_RNCNCINvXs_NtNtNtCs2ksCJ6dMoGl_12scraper_core7plugins7globals8headlessNtB9_7ElementNtNtCshx1JSfWEZEr_4mlua8userdata8UserData11add_methodsINtNtB1l_8registry16UserDataRegistryB16_EE00Bf_
FNDA:1,_RNCNCINvXs_NtNtNtCs2ksCJ6dMoGl_12scraper_core7plugins7globals8headlessNtB9_7ElementNtNtCshx1JSfWEZEr_4mlua8userdata8UserData11add_methodsINtNtB1l_8registry16UserDataRegistryB16_EEs_00Bf_
FNDA:0,_RNCNCNCINvXNtNtNtCs2ksCJ6dMoGl_12scraper_core7plugins7globals8headlessNtB9_14HeadlessClientNtNtCshx1JSfWEZEr_4mlua8userdata8UserData11add_methodsINtNtB1t_8registry16UserDataRegistryB16_EE000Bf_
FNDA:0,_RNCNCNCINvXNtNtNtCs2ksCJ6dMoGl_12scraper_core7plugins7globals8headlessNtB9_14HeadlessClientNtNtCshx1JSfWEZEr_4mlua8userdata8UserData11add_methodsINtNtB1t_8registry16UserDataRegistryB16_EE00s_0Bf_
FNDA:0,_RNCNCNCINvXNtNtNtCs2ksCJ6dMoGl_12scraper_core7plugins7globals8headlessNtB9_14HeadlessClientNtNtCshx1JSfWEZEr_4mlua8userdata8UserData11add_methodsINtNtB1t_8registry16UserDataRegistryB16_EEs0_000Bf_
FNDA:1,_RNCNCNCINvXNtNtNtCs2ksCJ6dMoGl_12scraper_core7plugins7globals8headlessNtB9_14HeadlessClientNtNtCshx1JSfWEZEr_4mlua8userdata8UserData11add_methodsINtNtB1t_8registry16UserDataRegistryB16_EEs0_00s_0Bf_
FNDA:0,_RNCNCNCINvXNtNtNtCs2ksCJ6dMoGl_12scraper_core7plugins7globals8headlessNtB9_14HeadlessClientNtNtCshx1JSfWEZEr_4mlua8userdata8UserData11add_methodsINtNtB1t_8registry16UserDataRegistryB16_EEs_000Bf_
FNF:19
FNH:15
DA:16,6
DA:17,6
DA:23,5
DA:24,5
DA:25,5
DA:26,5
DA:27,5
DA:29,5
DA:30,5
DA:31,5
DA:32,5
DA:33,5
DA:35,5
DA:36,10
DA:38,6
DA:44,3
DA:45,3
DA:46,3
DA:47,3
DA:48,3
DA:50,3
DA:51,6
DA:53,6
DA:59,1
DA:60,1
DA:61,1
DA:62,1
DA:63,1
DA:65,1
DA:67,1
DA:68,2
DA:70,6
DA:76,1
DA:77,1
DA:79,1
DA:80,2
DA:81,6
DA:85,4
DA:86,4
DA:92,1
DA:93,1
DA:95,1
DA:96,2
DA:98,4
DA:104,1
DA:105,1
DA:106,1
DA:107,1
DA:108,1
DA:110,1
DA:111,2
DA:112,4
BRF:0
BRH:0
LF:69
LH:65
end_of_record
SF:/mnt/040b9fb6-50c4-4490-87c6-b7dd911435c9/Projects/rust/manga-vault/scrapers/scraper_core/src/plugins/globals/http.rs
FN:6,_RNvNtNtNtCs2ksCJ6dMoGl_12scraper_core7plugins7globals4http21create_response_table
FN:28,_RINvXNtNtNtCs2ksCJ6dMoGl_12scraper_core7plugins7globals4httpNtB3_4HttpNtNtCshx1JSfWEZEr_4mlua8userdata8UserData11add_methodsINtNtB18_8registry16UserDataRegistryBW_EEB9_
FN:57,_RNCINvXNtNtNtCs2ksCJ6dMoGl_12scraper_core7plugins7globals4httpNtB5_4HttpNtNtCshx1JSfWEZEr_4mlua8userdata8UserData11add_methodsINtNtB1a_8registry16UserDataRegistryBY_EE0Bb_
FN:89,_RNCINvXNtNtNtCs2ksCJ6dMoGl_12scraper_core7plugins7globals4httpNtB5_4HttpNtNtCshx1JSfWEZEr_4mlua8userdata8UserData11add_methodsINtNtB1a_8registry16UserDataRegistryBY_EEs_0Bb_
FN:31,_RNCNCINvXNtNtNtCs2ksCJ6dMoGl_12scraper_core7plugins7globals4httpNtB7_4HttpNtNtCshx1JSfWEZEr_4mlua8userdata8UserData11add_methodsINtNtB1c_8registry16UserDataRegistryB10_EE00Bd_
FN:62,_RNCNCINvXNtNtNtCs2ksCJ6dMoGl_12scraper_core7plugins7globals4httpNtB7_4HttpNtNtCshx1JSfWEZEr_4mlua8userdata8UserData11add_methodsINtNtB1c_8registry16UserDataRegistryB10_EEs_00Bd_
FN:35,_RNCNCNCINvXNtNtNtCs2ksCJ6dMoGl_12scraper_core7plugins7globals4httpNtB9_4HttpNtNtCshx1JSfWEZEr_4mlua8userdata8UserData11add_methodsINtNtB1e_8registry16UserDataRegistryB12_EE000Bf_
FN:55,_RNCNCNCINvXNtNtNtCs2ksCJ6dMoGl_12scraper_core7plugins7globals4httpNtB9_4HttpNtNtCshx1JSfWEZEr_4mlua8userdata8UserData11add_methodsINtNtB1e_8registry16UserDataRegistryB12_EE00s0_0Bf_
FN:48,_RNCNCNCINvXNtNtNtCs2ksCJ6dMoGl_12scraper_core7plugins7globals4httpNtB9_4HttpNtNtCshx1JSfWEZEr_4mlua8userdata8UserData11add_methodsINtNtB1e_8registry16UserDataRegistryB12_EE00s_0Bf_
FN:66,_RNCNCNCINvXNtNtNtCs2ksCJ6dMoGl_12scraper_core7plugins7globals4httpNtB9_4HttpNtNtCshx1JSfWEZEr_4mlua8userdata8UserData11add_methodsINtNtB1e_8registry16UserDataRegistryB12_EEs_000Bf_
FN:87,_RNCNCNCINvXNtNtNtCs2ksCJ6dMoGl_12scraper_core7plugins7globals4httpNtB9_4HttpNtNtCshx1JSfWEZEr_4mlua8userdata8UserData11add_methodsINtNtB1e_8registry16UserDataRegistryB12_EEs_00s0_0Bf_
FN:80,_RNCNCNCINvXNtNtNtCs2ksCJ6dMoGl_12scraper_core7plugins7globals4httpNtB9_4HttpNtNtCshx1JSfWEZEr_4mlua8userdata8UserData11add_methodsINtNtB1e_8registry16UserDataRegistryB12_EEs_00s_0Bf_
FN:12,_RNCNvNtNtNtCs2ksCJ6dMoGl_12scraper_core7plugins7globals4http21create_response_table0B9_
FNDA:2,_RNvNtNtNtCs2ksCJ6dMoGl_12scraper_core7plugins7globals4http21create_response_table
FNDA:2,_RINvXNtNtNtCs2ksCJ6dMoGl_12scraper_core7plugins7globals4httpNtB3_4HttpNtNtCshx1JSfWEZEr_4mlua8userdata8UserData11add_methodsINtNtB18_8registry16UserDataRegistryBW_EEB9_
FNDA:1,_RNCINvXNtNtNtCs2ksCJ6dMoGl_12scraper_core7plugins7globals4httpNtB5_4HttpNtNtCshx1JSfWEZEr_4mlua8userdata8UserData11add_methodsINtNtB1a_8registry16UserDataRegistryBY_EE0Bb_
FNDA:1,_RNCINvXNtNtNtCs2ksCJ6dMoGl_12scraper_core7plugins7globals4httpNtB5_4HttpNtNtCshx1JSfWEZEr_4mlua8userdata8UserData11add_methodsINtNtB1a_8registry16UserDataRegistryBY_EEs_0Bb_
FNDA:1,_RNCNCINvXNtNtNtCs2ksCJ6dMoGl_12scraper_core7plugins7globals4httpNtB7_4HttpNtNtCshx1JSfWEZEr_4mlua8userdata8UserData11add_methodsINtNtB1c_8registry16UserDataRegistryB10_EE00Bd_
FNDA:1,_RNCNCINvXNtNtNtCs2ksCJ6dMoGl_12scraper_core7plugins7globals4httpNtB7_4HttpNtNtCshx1JSfWEZEr_4mlua8userdata8UserData11add_methodsINtNtB1c_8registry16UserDataRegistryB10_EEs_00Bd_
FNDA:0,_RNCNCNCINvXNtNtNtCs2ksCJ6dMoGl_12scraper_core7plugins7globals4httpNtB9_4HttpNtNtCshx1JSfWEZEr_4mlua8userdata8UserData11add_methodsINtNtB1e_8registry16UserDataRegistryB12_EE000Bf_
FNDA:0,_RNCNCNCINvXNtNtNtCs2ksCJ6dMoGl_12scraper_core7plugins7globals4httpNtB9_4HttpNtNtCshx1JSfWEZEr_4mlua8userdata8UserData11add_methodsINtNtB1e_8registry16UserDataRegistryB12_EE00s0_0Bf_
FNDA:0,_RNCNCNCINvXNtNtNtCs2ksCJ6dMoGl_12scraper_core7plugins7globals4httpNtB9_4HttpNtNtCshx1JSfWEZEr_4mlua8userdata8UserData11add_methodsINtNtB1e_8registry16UserDataRegistryB12_EE00s_0Bf_
FNDA:1,_RNCNCNCINvXNtNtNtCs2ksCJ6dMoGl_12scraper_core7plugins7globals4httpNtB9_4HttpNtNtCshx1JSfWEZEr_4mlua8userdata8UserData11add_methodsINtNtB1e_8registry16UserDataRegistryB12_EEs_000Bf_
FNDA:0,_RNCNCNCINvXNtNtNtCs2ksCJ6dMoGl_12scraper_core7plugins7globals4httpNtB9_4HttpNtNtCshx1JSfWEZEr_4mlua8userdata8UserData11add_methodsINtNtB1e_8registry16UserDataRegistryB12_EEs_00s0_0Bf_
FNDA:0,_RNCNCNCINvXNtNtNtCs2ksCJ6dMoGl_12scraper_core7plugins7globals4httpNtB9_4HttpNtNtCshx1JSfWEZEr_4mlua8userdata8UserData11add_methodsINtNtB1e_8registry16UserDataRegistryB12_EEs_00s_0Bf_
FNDA:2,_RNCNvNtNtNtCs2ksCJ6dMoGl_12scraper_core7plugins7globals4http21create_response_table0B9_
FNF:13
FNH:8
DA:6,2
DA:7,2
DA:8,2
DA:10,2
DA:12,2
DA:13,2
DA:14,2
DA:15,0
DA:18,2
DA:19,2
DA:20,0
DA:22,2
DA:23,2
DA:28,2
DA:29,2
DA:31,1
DA:32,1
DA:33,1
DA:34,1
DA:35,1
DA:36,0
DA:37,0
DA:38,0
DA:39,0
DA:40,1
DA:42,1
DA:43,1
DA:44,1
DA:45,1
DA:46,1
DA:47,1
DA:48,1
DA:50,1
DA:51,1
DA:52,1
DA:53,1
DA:54,1
DA:55,1
DA:57,2
DA:60,2
DA:62,1
DA:63,1
DA:64,1
DA:65,1
DA:66,1
DA:67,1
DA:68,1
DA:69,1
DA:70,1
DA:71,1
DA:73,1
DA:74,1
DA:75,1
DA:76,1
DA:77,1
DA:78,1
DA:79,1
DA:80,1
DA:82,1
DA:83,1
DA:84,1
DA:85,1
DA:86,1
DA:87,1
DA:89,2
DA:91,2
BRF:0
BRH:0
LF:76
LH:64
end_of_record
SF:/mnt/040b9fb6-50c4-4490-87c6-b7dd911435c9/Projects/rust/manga-vault/scrapers/scraper_core/src/plugins/globals/mod.rs
FN:9,_RNCNvNtNtCs2ksCJ6dMoGl_12scraper_core7plugins7globals4load0B7_
FN:9,_RNvNtNtCs2ksCJ6dMoGl_12scraper_core7plugins7globals4load
FNDA:0,_RNCNvNtNtCs2ksCJ6dMoGl_12scraper_core7plugins7globals4load0B7_
FNDA:0,_RNvNtNtCs2ksCJ6dMoGl_12scraper_core7plugins7globals4load
FNF:2
FNH:0
DA:9,0
DA:10,0
DA:11,0
DA:12,0
DA:13,0
DA:14,0
DA:16,0
DA:17,0
BRF:0
BRH:0
LF:9
LH:0
end_of_record
SF:/mnt/040b9fb6-50c4-4490-87c6-b7dd911435c9/Projects/rust/manga-vault/scrapers/scraper_core/src/plugins/globals/scraping.rs
FN:6,_RNvNtNtNtCs2ksCJ6dMoGl_12scraper_core7plugins7globals8scraping13get_image_url
FN:24,_RINvXNtNtNtCs2ksCJ6dMoGl_12scraper_core7plugins7globals8scrapingNtB3_13CustomScraperNtNtCshx1JSfWEZEr_4mlua8userdata8UserData11add_methodsINtNtB1m_8registry16UserDataRegistryB10_EEB9_
FN:30,_RNCINvXNtNtNtCs2ksCJ6dMoGl_12scraper_core7plugins7globals8scrapingNtB5_13CustomScraperNtNtCshx1JSfWEZEr_4mlua8userdata8UserData11add_methodsINtNtB1o_8registry16UserDataRegistryB12_EE0Bb_
FN:53,_RNCINvXNtNtNtCs2ksCJ6dMoGl_12scraper_core7plugins7globals8scrapingNtB5_13CustomScraperNtNtCshx1JSfWEZEr_4mlua8userdata8UserData11add_methodsINtNtB1o_8registry16UserDataRegistryB12_EEs0_0Bb_
FN:65,_RNCINvXNtNtNtCs2ksCJ6dMoGl_12scraper_core7plugins7globals8scrapingNtB5_13CustomScraperNtNtCshx1JSfWEZEr_4mlua8userdata8UserData11add_methodsINtNtB1o_8registry16UserDataRegistryB12_EEs1_0Bb_
FN:40,_RNCINvXNtNtNtCs2ksCJ6dMoGl_12scraper_core7plugins7globals8scrapingNtB5_13CustomScraperNtNtCshx1JSfWEZEr_4mlua8userdata8UserData11add_methodsINtNtB1o_8registry16UserDataRegistryB12_EEs_0Bb_
FN:25,_RNCNCINvXNtNtNtCs2ksCJ6dMoGl_12scraper_core7plugins7globals8scrapingNtB7_13CustomScraperNtNtCshx1JSfWEZEr_4mlua8userdata8UserData11add_methodsINtNtB1q_8registry16UserDataRegistryB14_EE00Bd_
FN:42,_RNCNCINvXNtNtNtCs2ksCJ6dMoGl_12scraper_core7plugins7globals8scrapingNtB7_13CustomScraperNtNtCshx1JSfWEZEr_4mlua8userdata8UserData11add_methodsINtNtB1q_8registry16UserDataRegistryB14_EEs0_00Bd_
FN:57,_RNCNCINvXNtNtNtCs2ksCJ6dMoGl_12scraper_core7plugins7globals8scrapingNtB7_13CustomScraperNtNtCshx1JSfWEZEr_4mlua8userdata8UserData11add_methodsINtNtB1q_8registry16UserDataRegistryB14_EEs1_00Bd_
FN:32,_RNCNCINvXNtNtNtCs2ksCJ6dMoGl_12scraper_core7plugins7globals8scrapingNtB7_13CustomScraperNtNtCshx1JSfWEZEr_4mlua8userdata8UserData11add_methodsINtNtB1q_8registry16UserDataRegistryB14_EEs_00Bd_
FN:59,_RNCNCNCINvXNtNtNtCs2ksCJ6dMoGl_12scraper_core7plugins7globals8scrapingNtB9_13CustomScraperNtNtCshx1JSfWEZEr_4mlua8userdata8UserData11add_methodsINtNtB1s_8registry16UserDataRegistryB16_EEs1_000Bf_
FN:63,_RNCNCNCINvXNtNtNtCs2ksCJ6dMoGl_12scraper_core7plugins7globals8scrapingNtB9_13CustomScraperNtNtCshx1JSfWEZEr_4mlua8userdata8UserData11add_methodsINtNtB1s_8registry16UserDataRegistryB16_EEs1_00s_0Bf_
FN:36,_RNCNCNCINvXNtNtNtCs2ksCJ6dMoGl_12scraper_core7plugins7globals8scrapingNtB9_13CustomScraperNtNtCshx1JSfWEZEr_4mlua8userdata8UserData11add_methodsINtNtB1s_8registry16UserDataRegistryB16_EEs_000Bf_
FN:36,_RNCNCNCNCINvXNtNtNtCs2ksCJ6dMoGl_12scraper_core7plugins7globals8scrapingNtBb_13CustomScraperNtNtCshx1JSfWEZEr_4mlua8userdata8UserData11add_methodsINtNtB1u_8registry16UserDataRegistryB18_EEs_0000Bh_
FN:36,_RNCNCNCNCNCINvXNtNtNtCs2ksCJ6dMoGl_12scraper_core7plugins7globals8scrapingNtBd_13CustomScraperNtNtCshx1JSfWEZEr_4mlua8userdata8UserData11add_methodsINtNtB1w_8registry16UserDataRegistryB1a_EEs_00000Bj_
FNDA:1,_RNvNtNtNtCs2ksCJ6dMoGl_12scraper_core7plugins7globals8scraping13get_image_url
FNDA:4,_RINvXNtNtNtCs2ksCJ6dMoGl_12scraper_core7plugins7globals8scrapingNtB3_13CustomScraperNtNtCshx1JSfWEZEr_4mlua8userdata8UserData11add_methodsINtNtB1m_8registry16UserDataRegistryB10_EEB9_
FNDA:1,_RNCINvXNtNtNtCs2ksCJ6dMoGl_12scraper_core7plugins7globals8scrapingNtB5_13CustomScraperNtNtCshx1JSfWEZEr_4mlua8userdata8UserData11add_methodsINtNtB1o_8registry16UserDataRegistryB12_EE0Bb_
FNDA:1,_RNCINvXNtNtNtCs2ksCJ6dMoGl_12scraper_core7plugins7globals8scrapingNtB5_13CustomScraperNtNtCshx1JSfWEZEr_4mlua8userdata8UserData11add_methodsINtNtB1o_8registry16UserDataRegistryB12_EEs0_0Bb_
FNDA:1,_RNCINvXNtNtNtCs2ksCJ6dMoGl_12scraper_core7plugins7globals8scrapingNtB5_13CustomScraperNtNtCshx1JSfWEZEr_4mlua8userdata8UserData11add_methodsINtNtB1o_8registry16UserDataRegistryB12_EEs1_0Bb_
FNDA:1,_RNCINvXNtNtNtCs2ksCJ6dMoGl_12scraper_core7plugins7globals8scrapingNtB5_13CustomScraperNtNtCshx1JSfWEZEr_4mlua8userdata8UserData11add_methodsINtNtB1o_8registry16UserDataRegistryB12_EEs_0Bb_
FNDA:1,_RNCNCINvXNtNtNtCs2ksCJ6dMoGl_12scraper_core7plugins7globals8scrapingNtB7_13CustomScraperNtNtCshx1JSfWEZEr_4mlua8userdata8UserData11add_methodsINtNtB1q_8registry16UserDataRegistryB14_EE00Bd_
FNDA:1,_RNCNCINvXNtNtNtCs2ksCJ6dMoGl_12scraper_core7plugins7globals8scrapingNtB7_13CustomScraperNtNtCshx1JSfWEZEr_4mlua8userdata8UserData11add_methodsINtNtB1q_8registry16UserDataRegistryB14_EEs0_00Bd_
FNDA:1,_RNCNCINvXNtNtNtCs2ksCJ6dMoGl_12scraper_core7plugins7globals8scrapingNtB7_13CustomScraperNtNtCshx1JSfWEZEr_4mlua8userdata8UserData11add_methodsINtNtB1q_8registry16UserDataRegistryB14_EEs1_00Bd_
FNDA:1,_RNCNCINvXNtNtNtCs2ksCJ6dMoGl_12scraper_core7plugins7globals8scrapingNtB7_13CustomScraperNtNtCshx1JSfWEZEr_4mlua8userdata8UserData11add_methodsINtNtB1q_8registry16UserDataRegistryB14_EEs_00Bd_
FNDA:0,_RNCNCNCINvXNtNtNtCs2ksCJ6dMoGl_12scraper_core7plugins7globals8scrapingNtB9_13CustomScraperNtNtCshx1JSfWEZEr_4mlua8userdata8UserData11add_methodsINtNtB1s_8registry16UserDataRegistryB16_EEs1_000Bf_
FNDA:2,_RNCNCNCINvXNtNtNtCs2ksCJ6dMoGl_12scraper_core7plugins7globals8scrapingNtB9_13CustomScraperNtNtCshx1JSfWEZEr_4mlua8userdata8UserData11add_methodsINtNtB1s_8registry16UserDataRegistryB16_EEs1_00s_0Bf_
FNDA:6,_RNCNCNCINvXNtNtNtCs2ksCJ6dMoGl_12scraper_core7plugins7globals8scrapingNtB9_13CustomScraperNtNtCshx1JSfWEZEr_4mlua8userdata8UserData11add_methodsINtNtB1s_8registry16UserDataRegistryB16_EEs_000Bf_
FNDA:4,_RNCNCNCNCINvXNtNtNtCs2ksCJ6dMoGl_12scraper_core7plugins7globals8scrapingNtBb_13CustomScraperNtNtCshx1JSfWEZEr_4mlua8userdata8UserData11add_methodsINtNtB1u_8registry16UserDataRegistryB18_EEs_0000Bh_
FNDA:1,_RNCNCNCNCNCINvXNtNtNtCs2ksCJ6dMoGl_12scraper_core7plugins7globals8scrapingNtBd_13CustomScraperNtNtCshx1JSfWEZEr_4mlua8userdata8UserData11add_methodsINtNtB1w_8registry16UserDataRegistryB1a_EEs_00000Bj_
FNF:15
FNH:14
DA:6,1
DA:7,1
DA:9,1
DA:10,1
DA:11,0
DA:12,0
DA:13,0
DA:14,0
DA:15,0
DA:16,0
DA:18,0
DA:20,1
DA:24,4
DA:25,4
DA:26,1
DA:27,1
DA:29,1
DA:30,2
DA:32,4
DA:33,1
DA:34,1
DA:35,1
DA:36,6
DA:37,1
DA:39,1
DA:40,2
DA:42,4
DA:43,1
DA:44,1
DA:45,1
DA:46,1
DA:47,1
DA:48,1
DA:49,1
DA:50,1
DA:52,1
DA:53,2
DA:55,4
DA:57,1
DA:58,1
DA:59,1
DA:61,1
DA:62,1
DA:63,2
DA:64,1
DA:65,2
DA:67,4
BRF:0
BRH:0
LF:59
LH:51
end_of_record
SF:/mnt/040b9fb6-50c4-4490-87c6-b7dd911435c9/Projects/rust/manga-vault/scrapers/scraper_core/src/plugins/globals/string.rs
FN:8,_RNCNCNvNtNtNtCs2ksCJ6dMoGl_12scraper_core7plugins7globals6string4load00Bb_
FN:7,_RNCNvNtNtNtCs2ksCJ6dMoGl_12scraper_core7plugins7globals6string4load0B9_
FN:14,_RNCNvNtNtNtCs2ksCJ6dMoGl_12scraper_core7plugins7globals6string4loads0_0B9_
FN:18,_RNCNvNtNtNtCs2ksCJ6dMoGl_12scraper_core7plugins7globals6string4loads1_0B9_
FN:22,_RNCNvNtNtNtCs2ksCJ6dMoGl_12scraper_core7plugins7globals6string4loads2_0B9_
FN:11,_RNCNvNtNtNtCs2ksCJ6dMoGl_12scraper_core7plugins7globals6string4loads_0B9_
FN:3,_RNvNtNtNtCs2ksCJ6dMoGl_12scraper_core7plugins7globals6string4load
FNDA:2,_RNCNCNvNtNtNtCs2ksCJ6dMoGl_12scraper_core7plugins7globals6string4load00Bb_
FNDA:1,_RNCNvNtNtNtCs2ksCJ6dMoGl_12scraper_core7plugins7globals6string4load0B9_
FNDA:1,_RNCNvNtNtNtCs2ksCJ6dMoGl_12scraper_core7plugins7globals6string4loads0_0B9_
FNDA:1,_RNCNvNtNtNtCs2ksCJ6dMoGl_12scraper_core7plugins7globals6string4loads1_0B9_
FNDA:1,_RNCNvNtNtNtCs2ksCJ6dMoGl_12scraper_core7plugins7globals6string4loads2_0B9_
FNDA:1,_RNCNvNtNtNtCs2ksCJ6dMoGl_12scraper_core7plugins7globals6string4loads_0B9_
FNDA:5,_RNvNtNtNtCs2ksCJ6dMoGl_12scraper_core7plugins7globals6string4load
FNF:7
FNH:7
DA:3,5
DA:4,5
DA:5,5
DA:7,5
DA:8,2
DA:9,1
DA:10,0
DA:11,5
DA:12,5
DA:14,5
DA:15,0
DA:16,5
DA:18,5
DA:19,0
DA:20,5
DA:22,5
DA:23,1
DA:24,1
DA:25,0
DA:27,5
DA:28,5
BRF:0
BRH:0
LF:29
LH:23
end_of_record
SF:/mnt/040b9fb6-50c4-4490-87c6-b7dd911435c9/Projects/rust/manga-vault/scrapers/scraper_core/src/plugins/globals/table.rs
FN:10,_RNCNCNvNtNtNtCs2ksCJ6dMoGl_12scraper_core7plugins7globals5table4load00Bb_
FN:12,_RNCNCNvNtNtNtCs2ksCJ6dMoGl_12scraper_core7plugins7globals5table4load0s_0Bb_
FN:8,_RNCNvNtNtNtCs2ksCJ6dMoGl_12scraper_core7plugins7globals5table4load0B9_
FN:3,_RNvNtNtNtCs2ksCJ6dMoGl_12scraper_core7plugins7globals5table4load
FNDA:5,_RNCNCNvNtNtNtCs2ksCJ6dMoGl_12scraper_core7plugins7globals5table4load00Bb_
FNDA:1,_RNCNCNvNtNtNtCs2ksCJ6dMoGl_12scraper_core7plugins7globals5table4load0s_0Bb_
FNDA:1,_RNCNvNtNtNtCs2ksCJ6dMoGl_12scraper_core7plugins7globals5table4load0B9_
FNDA:1,_RNvNtNtNtCs2ksCJ6dMoGl_12scraper_core7plugins7globals5table4load
FNF:4
FNH:4
DA:3,1
DA:4,1
DA:6,1
DA:8,1
DA:9,1
DA:10,5
DA:11,1
DA:12,1
DA:13,1
DA:14,1
DA:15,5
DA:16,5
DA:18,1
DA:19,1
DA:20,1
DA:21,0
DA:23,1
DA:24,1
BRF:0
BRH:0
LF:22
LH:20
end_of_record
SF:/mnt/040b9fb6-50c4-4490-87c6-b7dd911435c9/Projects/rust/manga-vault/scrapers/scraper_core/src/plugins/lua.rs
FN:60,_RNCNvMNtNtCs2ksCJ6dMoGl_12scraper_core7plugins3luaNtB4_9LuaPlugin12scrape_manga0B8_
FN:42,_RNCNvMNtNtCs2ksCJ6dMoGl_12scraper_core7plugins3luaNtB4_9LuaPlugin13scrape_latest0B8_
FN:54,_RNCNvMNtNtCs2ksCJ6dMoGl_12scraper_core7plugins3luaNtB4_9LuaPlugin13scrape_search0B8_
FN:36,_RNCNvMNtNtCs2ksCJ6dMoGl_12scraper_core7plugins3luaNtB4_9LuaPlugin14scrape_chapter0B8_
FN:48,_RNCNvMNtNtCs2ksCJ6dMoGl_12scraper_core7plugins3luaNtB4_9LuaPlugin15scrape_trending0B8_
FN:66,_RNCNvMNtNtCs2ksCJ6dMoGl_12scraper_core7plugins3luaNtB4_9LuaPlugin18scrape_genres_list0B8_
FN:18,_RNCNvMNtNtCs2ksCJ6dMoGl_12scraper_core7plugins3luaNtB4_9LuaPlugin3new0B8_
FN:72,_RNCNvMNtNtCs2ksCJ6dMoGl_12scraper_core7plugins3luaNtB4_9LuaPlugin8get_info0B8_
FN:60,_RNvMNtNtCs2ksCJ6dMoGl_12scraper_core7plugins3luaNtB2_9LuaPlugin12scrape_manga
FN:42,_RNvMNtNtCs2ksCJ6dMoGl_12scraper_core7plugins3luaNtB2_9LuaPlugin13scrape_latest
FN:54,_RNvMNtNtCs2ksCJ6dMoGl_12scraper_core7plugins3luaNtB2_9LuaPlugin13scrape_search
FN:36,_RNvMNtNtCs2ksCJ6dMoGl_12scraper_core7plugins3luaNtB2_9LuaPlugin14scrape_chapter
FN:48,_RNvMNtNtCs2ksCJ6dMoGl_12scraper_core7plugins3luaNtB2_9LuaPlugin15scrape_trending
FN:66,_RNvMNtNtCs2ksCJ6dMoGl_12scraper_core7plugins3luaNtB2_9LuaPlugin18scrape_genres_list
FN:18,_RNvMNtNtCs2ksCJ6dMoGl_12scraper_core7plugins3luaNtB2_9LuaPlugin3new
FN:72,_RNvMNtNtCs2ksCJ6dMoGl_12scraper_core7plugins3luaNtB2_9LuaPlugin8get_info
FNDA:0,_RNCNvMNtNtCs2ksCJ6dMoGl_12scraper_core7plugins3luaNtB4_9LuaPlugin12scrape_manga0B8_
FNDA:0,_RNCNvMNtNtCs2ksCJ6dMoGl_12scraper_core7plugins3luaNtB4_9LuaPlugin13scrape_latest0B8_
FNDA:0,_RNCNvMNtNtCs2ksCJ6dMoGl_12scraper_core7plugins3luaNtB4_9LuaPlugin13scrape_search0B8_
FNDA:0,_RNCNvMNtNtCs2ksCJ6dMoGl_12scraper_core7plugins3luaNtB4_9LuaPlugin14scrape_chapter0B8_
FNDA:0,_RNCNvMNtNtCs2ksCJ6dMoGl_12scraper_core7plugins3luaNtB4_9LuaPlugin15scrape_trending0B8_
FNDA:0,_RNCNvMNtNtCs2ksCJ6dMoGl_12scraper_core7plugins3luaNtB4_9LuaPlugin18scrape_genres_list0B8_
FNDA:0,_RNCNvMNtNtCs2ksCJ6dMoGl_12scraper_core7plugins3luaNtB4_9LuaPlugin3new0B8_
FNDA:0,_RNCNvMNtNtCs2ksCJ6dMoGl_12scraper_core7plugins3luaNtB4_9LuaPlugin8get_info0B8_
FNDA:0,_RNvMNtNtCs2ksCJ6dMoGl_12scraper_core7plugins3luaNtB2_9LuaPlugin12scrape_manga
FNDA:0,_RNvMNtNtCs2ksCJ6dMoGl_12scraper_core7plugins3luaNtB2_9LuaPlugin13scrape_latest
FNDA:0,_RNvMNtNtCs2ksCJ6dMoGl_12scraper_core7plugins3luaNtB2_9LuaPlugin13scrape_search
FNDA:0,_RNvMNtNtCs2ksCJ6dMoGl_12scraper_core7plugins3luaNtB2_9LuaPlugin14scrape_chapter
FNDA:0,_RNvMNtNtCs2ksCJ6dMoGl_12scraper_core7plugins3luaNtB2_9LuaPlugin15scrape_trending
FNDA:0,_RNvMNtNtCs2ksCJ6dMoGl_12scraper_core7plugins3luaNtB2_9LuaPlugin18scrape_genres_list
FNDA:0,_RNvMNtNtCs2ksCJ6dMoGl_12scraper_core7plugins3luaNtB2_9LuaPlugin3new
FNDA:0,_RNvMNtNtCs2ksCJ6dMoGl_12scraper_core7plugins3luaNtB2_9LuaPlugin8get_info
FNF:16
FNH:0
DA:18,0
DA:19,0
DA:20,0
DA:21,0
DA:23,0
DA:24,0
DA:25,0
DA:27,0
DA:28,0
DA:29,0
DA:30,0
DA:31,0
DA:32,0
DA:33,0
DA:34,0
DA:36,0
DA:37,0
DA:38,0
DA:39,0
DA:40,0
DA:42,0
DA:43,0
DA:44,0
DA:45,0
DA:46,0
DA:48,0
DA:49,0
DA:50,0
DA:51,0
DA:52,0
DA:54,0
DA:55,0
DA:56,0
DA:57,0
DA:58,0
DA:60,0
DA:61,0
DA:62,0
DA:63,0
DA:64,0
DA:66,0
DA:67,0
DA:68,0
DA:69,0
DA:70,0
DA:72,0
DA:73,0
DA:74,0
DA:75,0
DA:76,0
BRF:0
BRH:0
LF:58
LH:0
end_of_record
SF:/mnt/040b9fb6-50c4-4490-87c6-b7dd911435c9/Projects/rust/manga-vault/scrapers/scraper_core/src/plugins/mod.rs
FN:55,_RNvMNtCs2ksCJ6dMoGl_12scraper_core7pluginsNtB2_6Plugin12scrape_manga
FN:23,_RNvMNtCs2ksCJ6dMoGl_12scraper_core7pluginsNtB2_6Plugin13scrape_latest
FN:44,_RNvMNtCs2ksCJ6dMoGl_12scraper_core7pluginsNtB2_6Plugin13scrape_search
FN:30,_RNvMNtCs2ksCJ6dMoGl_12scraper_core7pluginsNtB2_6Plugin14scrape_chapter
FN:37,_RNvMNtCs2ksCJ6dMoGl_12scraper_core7pluginsNtB2_6Plugin15scrape_trending
FN:62,_RNvMNtCs2ksCJ6dMoGl_12scraper_core7pluginsNtB2_6Plugin18scrape_genres_list
FN:69,_RNvMNtCs2ksCJ6dMoGl_12scraper_core7pluginsNtB2_6Plugin8get_info
FNDA:0,_RNvMNtCs2ksCJ6dMoGl_12scraper_core7pluginsNtB2_6Plugin12scrape_manga
FNDA:0,_RNvMNtCs2ksCJ6dMoGl_12scraper_core7pluginsNtB2_6Plugin13scrape_latest
FNDA:0,_RNvMNtCs2ksCJ6dMoGl_12scraper_core7pluginsNtB2_6Plugin13scrape_search
FNDA:0,_RNvMNtCs2ksCJ6dMoGl_12scraper_core7pluginsNtB2_6Plugin14scrape_chapter
FNDA:0,_RNvMNtCs2ksCJ6dMoGl_12scraper_core7pluginsNtB2_6Plugin15scrape_trending
FNDA:0,_RNvMNtCs2ksCJ6dMoGl_12scraper_core7pluginsNtB2_6Plugin18scrape_genres_list
FNDA:0,_RNvMNtCs2ksCJ6dMoGl_12scraper_core7pluginsNtB2_6Plugin8get_info
FNF:7
FNH:0
DA:23,0
DA:24,0
DA:25,0
DA:26,0
DA:28,0
DA:30,0
DA:31,0
DA:32,0
DA:33,0
DA:35,0
DA:37,0
DA:38,0
DA:39,0
DA:40,0
DA:42,0
DA:44,0
DA:45,0
DA:46,0
DA:47,0
DA:48,0
DA:49,0
DA:50,0
DA:51,0
DA:53,0
DA:55,0
DA:56,0
DA:57,0
DA:58,0
DA:60,0
DA:62,0
DA:63,0
DA:64,0
DA:65,0
DA:67,0
DA:69,0
DA:70,0
DA:71,0
DA:72,0
DA:74,0
BRF:0
BRH:0
LF:39
LH:0
end_of_record
SF:/mnt/040b9fb6-50c4-4490-87c6-b7dd911435c9/Projects/rust/manga-vault/scrapers/scraper_core/src/repository.rs
FN:88,_RNCNCNvNtCs2ksCJ6dMoGl_12scraper_core10repository14filter_plugins00B7_
FN:93,_RNCNCNvNtCs2ksCJ6dMoGl_12scraper_core10repository14filter_plugins0s_0B7_
FN:132,_RNCNCNvNtCs2ksCJ6dMoGl_12scraper_core10repository19cleanup_old_plugins00B7_
FN:139,_RNCNCNvNtCs2ksCJ6dMoGl_12scraper_core10repository19cleanup_old_plugins0s_0B7_
FN:157,_RNCNCNvNtCs2ksCJ6dMoGl_12scraper_core10repository20download_new_plugins00B7_
FN:191,_RNCNCNvNtCs2ksCJ6dMoGl_12scraper_core10repository20download_new_plugins0s0_0B7_
FN:180,_RNCNCNvNtCs2ksCJ6dMoGl_12scraper_core10repository20download_new_plugins0s_0B7_
FN:119,_RNCNCNvNtCs2ksCJ6dMoGl_12scraper_core10repository21load_internal_plugins00B7_
FN:120,_RNCNCNvNtCs2ksCJ6dMoGl_12scraper_core10repository21load_internal_plugins0s_0B7_
FN:54,_RNCNvNtCs2ksCJ6dMoGl_12scraper_core10repository10load_repos0B5_
FN:87,_RNCNvNtCs2ksCJ6dMoGl_12scraper_core10repository14filter_plugins0B5_
FN:72,_RNCNvNtCs2ksCJ6dMoGl_12scraper_core10repository16fetch_repository0B5_
FN:207,_RNCNvNtCs2ksCJ6dMoGl_12scraper_core10repository17get_download_info0B5_
FN:208,_RNCNvNtCs2ksCJ6dMoGl_12scraper_core10repository17get_download_infos_0B5_
FN:130,_RNCNvNtCs2ksCJ6dMoGl_12scraper_core10repository19cleanup_old_plugins0B5_
FN:152,_RNCNvNtCs2ksCJ6dMoGl_12scraper_core10repository20download_new_plugins0B5_
FN:114,_RNCNvNtCs2ksCJ6dMoGl_12scraper_core10repository21load_internal_plugins0B5_
FN:109,_RNCNvNtCs2ksCJ6dMoGl_12scraper_core10repository23ensure_directory_exists0B5_
FN:54,_RNvNtCs2ksCJ6dMoGl_12scraper_core10repository10load_repos
FN:81,_RNvNtCs2ksCJ6dMoGl_12scraper_core10repository14filter_plugins
FN:72,_RNvNtCs2ksCJ6dMoGl_12scraper_core10repository16fetch_repository
FN:196,_RNvNtCs2ksCJ6dMoGl_12scraper_core10repository17get_download_info
FN:126,_RNvNtCs2ksCJ6dMoGl_12scraper_core10repository19cleanup_old_plugins
FN:147,_RNvNtCs2ksCJ6dMoGl_12scraper_core10repository20download_new_plugins
FN:114,_RNvNtCs2ksCJ6dMoGl_12scraper_core10repository21load_internal_plugins
FN:106,_RNvNtCs2ksCJ6dMoGl_12scraper_core10repository23ensure_directory_exists
FNDA:0,_RNCNCNvNtCs2ksCJ6dMoGl_12scraper_core10repository14filter_plugins00B7_
FNDA:0,_RNCNCNvNtCs2ksCJ6dMoGl_12scraper_core10repository14filter_plugins0s_0B7_
FNDA:0,_RNCNCNvNtCs2ksCJ6dMoGl_12scraper_core10repository19cleanup_old_plugins00B7_
FNDA:0,_RNCNCNvNtCs2ksCJ6dMoGl_12scraper_core10repository19cleanup_old_plugins0s_0B7_
FNDA:0,_RNCNCNvNtCs2ksCJ6dMoGl_12scraper_core10repository20download_new_plugins00B7_
FNDA:0,_RNCNCNvNtCs2ksCJ6dMoGl_12scraper_core10repository20download_new_plugins0s0_0B7_
FNDA:0,_RNCNCNvNtCs2ksCJ6dMoGl_12scraper_core10repository20download_new_plugins0s_0B7_
FNDA:0,_RNCNCNvNtCs2ksCJ6dMoGl_12scraper_core10repository21load_internal_plugins00B7_
FNDA:0,_RNCNCNvNtCs2ksCJ6dMoGl_12scraper_core10repository21load_internal_plugins0s_0B7_
FNDA:0,_RNCNvNtCs2ksCJ6dMoGl_12scraper_core10repository10load_repos0B5_
FNDA:0,_RNCNvNtCs2ksCJ6dMoGl_12scraper_core10repository14filter_plugins0B5_
FNDA:0,_RNCNvNtCs2ksCJ6dMoGl_12scraper_core10repository16fetch_repository0B5_
FNDA:0,_RNCNvNtCs2ksCJ6dMoGl_12scraper_core10repository17get_download_info0B5_
FNDA:0,_RNCNvNtCs2ksCJ6dMoGl_12scraper_core10repository17get_download_infos_0B5_
FNDA:0,_RNCNvNtCs2ksCJ6dMoGl_12scraper_core10repository19cleanup_old_plugins0B5_
FNDA:0,_RNCNvNtCs2ksCJ6dMoGl_12scraper_core10repository20download_new_plugins0B5_
FNDA:0,_RNCNvNtCs2ksCJ6dMoGl_12scraper_core10repository21load_internal_plugins0B5_
FNDA:0,_RNCNvNtCs2ksCJ6dMoGl_12scraper_core10repository23ensure_directory_exists0B5_
FNDA:0,_RNvNtCs2ksCJ6dMoGl_12scraper_core10repository10load_repos
FNDA:0,_RNvNtCs2ksCJ6dMoGl_12scraper_core10repository14filter_plugins
FNDA:0,_RNvNtCs2ksCJ6dMoGl_12scraper_core10repository16fetch_repository
FNDA:0,_RNvNtCs2ksCJ6dMoGl_12scraper_core10repository17get_download_info
FNDA:0,_RNvNtCs2ksCJ6dMoGl_12scraper_core10repository19cleanup_old_plugins
FNDA:0,_RNvNtCs2ksCJ6dMoGl_12scraper_core10repository20download_new_plugins
FNDA:0,_RNvNtCs2ksCJ6dMoGl_12scraper_core10repository21load_internal_plugins
FNDA:0,_RNvNtCs2ksCJ6dMoGl_12scraper_core10repository23ensure_directory_exists
FNF:26
FNH:0
DA:54,0
DA:55,0
DA:56,0
DA:58,0
DA:59,0
DA:61,0
DA:62,0
DA:64,0
DA:65,0
DA:67,0
DA:69,0
DA:70,0
DA:72,0
DA:73,0
DA:74,0
DA:75,0
DA:76,0
DA:77,0
DA:78,0
DA:79,0
DA:81,0
DA:82,0
DA:83,0
DA:84,0
DA:85,0
DA:86,0
DA:87,0
DA:88,0
DA:90,0
DA:91,0
DA:92,0
DA:93,0
DA:94,0
DA:96,0
DA:97,0
DA:98,0
DA:100,0
DA:101,0
DA:102,0
DA:103,0
DA:104,0
DA:106,0
DA:107,0
DA:108,0
DA:109,0
DA:110,0
DA:111,0
DA:112,0
DA:114,0
DA:115,0
DA:116,0
DA:117,0
DA:118,0
DA:119,0
DA:120,0
DA:122,0
DA:124,0
DA:126,0
DA:127,0
DA:128,0
DA:129,0
DA:130,0
DA:131,0
DA:132,0
DA:133,0
DA:134,0
DA:135,0
DA:136,0
DA:137,0
DA:138,0
DA:139,0
DA:140,0
DA:142,0
DA:144,0
DA:145,0
DA:147,0
DA:148,0
DA:149,0
DA:150,0
DA:151,0
DA:152,0
DA:153,0
DA:154,0
DA:156,0
DA:157,0
DA:158,0
DA:159,0
DA:160,0
DA:161,0
DA:162,0
DA:163,0
DA:164,0
DA:165,0
DA:167,0
DA:168,0
DA:170,0
DA:171,0
DA:172,0
DA:173,0
DA:174,0
DA:175,0
DA:176,0
DA:178,0
DA:179,0
DA:180,0
DA:182,0
DA:183,0
DA:184,0
DA:185,0
DA:188,0
DA:189,0
DA:190,0
DA:191,0
DA:193,0
DA:194,0
DA:196,0
DA:197,0
DA:198,0
DA:205,0
DA:207,0
DA:208,0
DA:210,0
BRF:0
BRH:0
LF:140
LH:0
end_of_record
SF:/mnt/040b9fb6-50c4-4490-87c6-b7dd911435c9/Projects/rust/manga-vault/scrapers/scraper_types/src/lib.rs
FN:12,_RNvXCs1Hm35jyZlKz_13scraper_typesNtB2_9MangaItemNtNtCshx1JSfWEZEr_4mlua6traits7IntoLua8into_lua
FN:49,_RNvXs0_Cs1Hm35jyZlKz_13scraper_typesNtB5_9MangaPageNtNtCshx1JSfWEZEr_4mlua6traits7IntoLua8into_lua
FN:68,_RNvXs1_Cs1Hm35jyZlKz_13scraper_typesNtB5_9MangaPageNtNtCshx1JSfWEZEr_4mlua6traits7FromLua8from_lua
FN:95,_RNvXs2_Cs1Hm35jyZlKz_13scraper_typesNtB5_7ChapterNtNtCshx1JSfWEZEr_4mlua6traits7IntoLua8into_lua
FN:105,_RNvXs3_Cs1Hm35jyZlKz_13scraper_typesNtB5_7ChapterNtNtCshx1JSfWEZEr_4mlua6traits7FromLua8from_lua
FN:122,_RNvXs4_Cs1Hm35jyZlKz_13scraper_typesNtB5_5GenreNtNtCshx1JSfWEZEr_4mlua6traits7IntoLua8into_lua
FN:131,_RNvXs5_Cs1Hm35jyZlKz_13scraper_typesNtB5_5GenreNtNtCshx1JSfWEZEr_4mlua6traits7FromLua8from_lua
FN:148,_RNvXs6_Cs1Hm35jyZlKz_13scraper_typesNtB5_11ScraperInfoNtNtCshx1JSfWEZEr_4mlua6traits7IntoLua8into_lua
FN:158,_RNvXs7_Cs1Hm35jyZlKz_13scraper_typesNtB5_11ScraperInfoNtNtCshx1JSfWEZEr_4mlua6traits7FromLua8from_lua
FN:22,_RNvXs_Cs1Hm35jyZlKz_13scraper_typesNtB4_9MangaItemNtNtCshx1JSfWEZEr_4mlua6traits7FromLua8from_lua
FN:12,_RNvXCs5mf1ihaxmeT_13scraper_typesNtB2_9MangaItemNtNtCshx1JSfWEZEr_4mlua6traits7IntoLua8into_lua
FN:49,_RNvXs0_Cs5mf1ihaxmeT_13scraper_typesNtB5_9MangaPageNtNtCshx1JSfWEZEr_4mlua6traits7IntoLua8into_lua
FN:68,_RNvXs1_Cs5mf1ihaxmeT_13scraper_typesNtB5_9MangaPageNtNtCshx1JSfWEZEr_4mlua6traits7FromLua8from_lua
FN:95,_RNvXs2_Cs5mf1ihaxmeT_13scraper_typesNtB5_7ChapterNtNtCshx1JSfWEZEr_4mlua6traits7IntoLua8into_lua
FN:105,_RNvXs3_Cs5mf1ihaxmeT_13scraper_typesNtB5_7ChapterNtNtCshx1JSfWEZEr_4mlua6traits7FromLua8from_lua
FN:122,_RNvXs4_Cs5mf1ihaxmeT_13scraper_typesNtB5_5GenreNtNtCshx1JSfWEZEr_4mlua6traits7IntoLua8into_lua
FN:131,_RNvXs5_Cs5mf1ihaxmeT_13scraper_typesNtB5_5GenreNtNtCshx1JSfWEZEr_4mlua6traits7FromLua8from_lua
FN:148,_RNvXs6_Cs5mf1ihaxmeT_13scraper_typesNtB5_11ScraperInfoNtNtCshx1JSfWEZEr_4mlua6traits7IntoLua8into_lua
FN:158,_RNvXs7_Cs5mf1ihaxmeT_13scraper_typesNtB5_11ScraperInfoNtNtCshx1JSfWEZEr_4mlua6traits7FromLua8from_lua
FN:22,_RNvXs_Cs5mf1ihaxmeT_13scraper_typesNtB4_9MangaItemNtNtCshx1JSfWEZEr_4mlua6traits7FromLua8from_lua
FNDA:0,_RNvXCs1Hm35jyZlKz_13scraper_typesNtB2_9MangaItemNtNtCshx1JSfWEZEr_4mlua6traits7IntoLua8into_lua
FNDA:0,_RNvXs0_Cs1Hm35jyZlKz_13scraper_typesNtB5_9MangaPageNtNtCshx1JSfWEZEr_4mlua6traits7IntoLua8into_lua
FNDA:0,_RNvXs1_Cs1Hm35jyZlKz_13scraper_typesNtB5_9MangaPageNtNtCshx1JSfWEZEr_4mlua6traits7FromLua8from_lua
FNDA:0,_RNvXs2_Cs1Hm35jyZlKz_13scraper_typesNtB5_7ChapterNtNtCshx1JSfWEZEr_4mlua6traits7IntoLua8into_lua
FNDA:0,_RNvXs3_Cs1Hm35jyZlKz_13scraper_typesNtB5_7ChapterNtNtCshx1JSfWEZEr_4mlua6traits7FromLua8from_lua
FNDA:0,_RNvXs4_Cs1Hm35jyZlKz_13scraper_typesNtB5_5GenreNtNtCshx1JSfWEZEr_4mlua6traits7IntoLua8into_lua
FNDA:0,_RNvXs5_Cs1Hm35jyZlKz_13scraper_typesNtB5_5GenreNtNtCshx1JSfWEZEr_4mlua6traits7FromLua8from_lua
FNDA:0,_RNvXs6_Cs1Hm35jyZlKz_13scraper_typesNtB5_11ScraperInfoNtNtCshx1JSfWEZEr_4mlua6traits7IntoLua8into_lua
FNDA:0,_RNvXs7_Cs1Hm35jyZlKz_13scraper_typesNtB5_11ScraperInfoNtNtCshx1JSfWEZEr_4mlua6traits7FromLua8from_lua
FNDA:0,_RNvXs_Cs1Hm35jyZlKz_13scraper_typesNtB4_9MangaItemNtNtCshx1JSfWEZEr_4mlua6traits7FromLua8from_lua
FNDA:0,_RNvXCs5mf1ihaxmeT_13scraper_typesNtB2_9MangaItemNtNtCshx1JSfWEZEr_4mlua6traits7IntoLua8into_lua
FNDA:0,_RNvXs0_Cs5mf1ihaxmeT_13scraper_typesNtB5_9MangaPageNtNtCshx1JSfWEZEr_4mlua6traits7IntoLua8into_lua
FNDA:0,_RNvXs1_Cs5mf1ihaxmeT_13scraper_typesNtB5_9MangaPageNtNtCshx1JSfWEZEr_4mlua6traits7FromLua8from_lua
FNDA:0,_RNvXs2_Cs5mf1ihaxmeT_13scraper_typesNtB5_7ChapterNtNtCshx1JSfWEZEr_4mlua6traits7IntoLua8into_lua
FNDA:0,_RNvXs3_Cs5mf1ihaxmeT_13scraper_typesNtB5_7ChapterNtNtCshx1JSfWEZEr_4mlua6traits7FromLua8from_lua
FNDA:0,_RNvXs4_Cs5mf1ihaxmeT_13scraper_typesNtB5_5GenreNtNtCshx1JSfWEZEr_4mlua6traits7IntoLua8into_lua
FNDA:0,_RNvXs5_Cs5mf1ihaxmeT_13scraper_typesNtB5_5GenreNtNtCshx1JSfWEZEr_4mlua6traits7FromLua8from_lua
FNDA:0,_RNvXs6_Cs5mf1ihaxmeT_13scraper_typesNtB5_11ScraperInfoNtNtCshx1JSfWEZEr_4mlua6traits7IntoLua8into_lua
FNDA:0,_RNvXs7_Cs5mf1ihaxmeT_13scraper_typesNtB5_11ScraperInfoNtNtCshx1JSfWEZEr_4mlua6traits7FromLua8from_lua
FNDA:0,_RNvXs_Cs5mf1ihaxmeT_13scraper_typesNtB4_9MangaItemNtNtCshx1JSfWEZEr_4mlua6traits7FromLua8from_lua
FNF:10
FNH:0
DA:12,0
DA:13,0
DA:14,0
DA:15,0
DA:16,0
DA:17,0
DA:18,0
DA:22,0
DA:23,0
DA:25,0
DA:26,0
DA:27,0
DA:29,0
DA:49,0
DA:50,0
DA:51,0
DA:52,0
DA:53,0
DA:54,0
DA:55,0
DA:56,0
DA:57,0
DA:58,0
DA:59,0
DA:60,0
DA:61,0
DA:62,0
DA:63,0
DA:64,0
DA:68,0
DA:69,0
DA:71,0
DA:72,0
DA:73,0
DA:74,0
DA:75,0
DA:76,0
DA:77,0
DA:78,0
DA:79,0
DA:80,0
DA:81,0
DA:82,0
DA:84,0
DA:95,0
DA:96,0
DA:97,0
DA:98,0
DA:99,0
DA:100,0
DA:101,0
DA:105,0
DA:106,0
DA:108,0
DA:109,0
DA:110,0
DA:112,0
DA:122,0
DA:123,0
DA:124,0
DA:125,0
DA:126,0
DA:127,0
DA:131,0
DA:132,0
DA:134,0
DA:135,0
DA:137,0
DA:148,0
DA:149,0
DA:150,0
DA:151,0
DA:152,0
DA:153,0
DA:154,0
DA:158,0
DA:159,0
DA:161,0
DA:162,0
DA:163,0
DA:165,0
BRF:0
BRH:0
LF:81
LH:0
end_of_record
SF:/mnt/040b9fb6-50c4-4490-87c6-b7dd911435c9/Projects/rust/manga-vault/src/main.rs
FN:32,_RNCNCNvCsKjVry5gsd6_11manga_vault4main00B5_
FN:10,_RNCNvCsKjVry5gsd6_11manga_vault4main0B3_
FN:10,_RNvCsKjVry5gsd6_11manga_vault4main
FNDA:0,_RNCNCNvCsKjVry5gsd6_11manga_vault4main00B5_
FNDA:0,_RNCNvCsKjVry5gsd6_11manga_vault4main0B3_
FNDA:0,_RNvCsKjVry5gsd6_11manga_vault4main
FNF:3
FNH:0
DA:10,0
DA:11,0
DA:12,0
DA:13,0
DA:14,0
DA:16,0
DA:17,0
DA:18,0
DA:20,0
DA:21,0
DA:22,0
DA:25,0
DA:27,0
DA:28,0
DA:29,0
DA:32,0
DA:34,0
DA:35,0
DA:36,0
DA:37,0
DA:38,0
DA:39,0
DA:40,0
DA:44,0
DA:45,0
BRF:0
BRH:0
LF:28
LH:0
end_of_record