SF:/mnt/040b9fb6-50c4-4490-87c6-b7dd911435c9/Projects/rust/manga-vault/apps/http/gql/src/image_proxy/mod.rs
FN:22,_RNCNCNvNtCs1uU1prdvDfE_7gql_api11image_proxy11proxy_image00B7_
FN:54,_RNCNCNvNtCs1uU1prdvDfE_7gql_api11image_proxy11proxy_image0s0_0B7_
FN:55,_RNCNCNvNtCs1uU1prdvDfE_7gql_api11image_proxy11proxy_image0s1_0B7_
FN:23,_RNCNCNvNtCs1uU1prdvDfE_7gql_api11image_proxy11proxy_image0s_0B7_
FN:12,_RNCNvNtCs1uU1prdvDfE_7gql_api11image_proxy11proxy_image0B5_
FN:12,_RNvNtCs1uU1prdvDfE_7gql_api11image_proxy11proxy_image
FN:123,_RNvNtCs1uU1prdvDfE_7gql_api11image_proxy19is_valid_image_type
FNDA:0,_RNCNCNvNtCs1uU1prdvDfE_7gql_api11image_proxy11proxy_image00B7_
FNDA:0,_RNCNCNvNtCs1uU1prdvDfE_7gql_api11image_proxy11proxy_image0s0_0B7_
FNDA:0,_RNCNCNvNtCs1uU1prdvDfE_7gql_api11image_proxy11proxy_image0s1_0B7_
FNDA:0,_RNCNCNvNtCs1uU1prdvDfE_7gql_api11image_proxy11proxy_image0s_0B7_
FNDA:0,_RNCNvNtCs1uU1prdvDfE_7gql_api11image_proxy11proxy_image0B5_
FNDA:0,_RNvNtCs1uU1prdvDfE_7gql_api11image_proxy11proxy_image
FNDA:0,_RNvNtCs1uU1prdvDfE_7gql_api11image_proxy19is_valid_image_type
FNF:7
FNH:0
DA:12,0
DA:13,0
DA:14,0
DA:15,0
DA:18,0
DA:19,0
DA:20,0
DA:21,0
DA:22,0
DA:23,0
DA:26,0
DA:28,0
DA:30,0
DA:31,0
DA:32,0
DA:34,0
DA:35,0
DA:36,0
DA:38,0
DA:39,0
DA:40,0
DA:41,0
DA:42,0
DA:46,0
DA:47,0
DA:48,0
DA:49,0
DA:51,0
DA:52,0
DA:53,0
DA:54,0
DA:55,0
DA:56,0
DA:58,0
DA:59,0
DA:61,0
DA:62,0
DA:63,0
DA:64,0
DA:65,0
DA:66,0
DA:69,0
DA:70,0
DA:71,0
DA:72,0
DA:77,0
DA:78,0
DA:79,0
DA:80,0
DA:81,0
DA:82,0
DA:83,0
DA:84,0
DA:85,0
DA:86,0
DA:87,0
DA:88,0
DA:89,0
DA:91,0
DA:93,0
DA:94,0
DA:95,0
DA:99,0
DA:100,0
DA:101,0
DA:102,0
DA:104,0
DA:105,0
DA:106,0
DA:107,0
DA:109,0
DA:110,0
DA:111,0
DA:112,0
DA:114,0
DA:115,0
DA:116,0
DA:117,0
DA:118,0
DA:121,0
DA:123,0
DA:124,0
DA:125,0
DA:126,0
DA:127,0
DA:128,0
DA:129,0
DA:130,0
DA:132,0
BRF:0
BRH:0
LF:94
LH:0
end_of_record
SF:/mnt/040b9fb6-50c4-4490-87c6-b7dd911435c9/Projects/rust/manga-vault/apps/http/gql/src/lib.rs
FN:95,_RNCNCNvCs1uU1prdvDfE_7gql_api15graphql_handler00B5_
FN:137,_RNCNCNvCs1uU1prdvDfE_7gql_api3run00B5_
FN:156,_RNCNCNvCs1uU1prdvDfE_7gql_api3run0s0_0B5_
FN:149,_RNCNCNvCs1uU1prdvDfE_7gql_api3run0s_0B5_
FN:91,_RNCNvCs1uU1prdvDfE_7gql_api15graphql_handler0B3_
FN:127,_RNCNvCs1uU1prdvDfE_7gql_api18graphql_playground0B3_
FN:133,_RNCNvCs1uU1prdvDfE_7gql_api3run0B3_
FN:33,_RNvCs1uU1prdvDfE_7gql_api15generate_secret
FN:85,_RNvCs1uU1prdvDfE_7gql_api15graphql_handler
FN:127,_RNvCs1uU1prdvDfE_7gql_api18graphql_playground
FN:41,_RNvCs1uU1prdvDfE_7gql_api22current_exe_parent_dir
FN:133,_RNvCs1uU1prdvDfE_7gql_api3run
FN:71,_RNvXCs1uU1prdvDfE_7gql_apiNtB2_6ConfigNtNtCs9bgXZFP4km6_4core7default7Default7default
FNDA:0,_RNCNCNvCs1uU1prdvDfE_7gql_api15graphql_handler00B5_
FNDA:0,_RNCNCNvCs1uU1prdvDfE_7gql_api3run00B5_
FNDA:0,_RNCNCNvCs1uU1prdvDfE_7gql_api3run0s0_0B5_
FNDA:0,_RNCNCNvCs1uU1prdvDfE_7gql_api3run0s_0B5_
FNDA:0,_RNCNvCs1uU1prdvDfE_7gql_api15graphql_handler0B3_
FNDA:0,_RNCNvCs1uU1prdvDfE_7gql_api18graphql_playground0B3_
FNDA:0,_RNCNvCs1uU1prdvDfE_7gql_api3run0B3_
FNDA:0,_RNvCs1uU1prdvDfE_7gql_api15generate_secret
FNDA:0,_RNvCs1uU1prdvDfE_7gql_api15graphql_handler
FNDA:0,_RNvCs1uU1prdvDfE_7gql_api18graphql_playground
FNDA:0,_RNvCs1uU1prdvDfE_7gql_api22current_exe_parent_dir
FNDA:0,_RNvCs1uU1prdvDfE_7gql_api3run
FNDA:0,_RNvXCs1uU1prdvDfE_7gql_apiNtB2_6ConfigNtNtCs9bgXZFP4km6_4core7default7Default7default
FNF:13
FNH:0
DA:33,0
DA:34,0
DA:35,0
DA:36,0
DA:37,0
DA:38,0
DA:39,0
DA:41,0
DA:42,0
DA:43,0
DA:44,0
DA:45,0
DA:46,0
DA:47,0
DA:71,0
DA:72,0
DA:73,0
DA:74,0
DA:75,0
DA:76,0
DA:77,0
DA:78,0
DA:79,0
DA:80,0
DA:81,0
DA:82,0
DA:85,0
DA:86,0
DA:87,0
DA:88,0
DA:89,0
DA:90,0
DA:91,0
DA:92,0
DA:93,0
DA:95,0
DA:96,0
DA:98,0
DA:99,0
DA:100,0
DA:101,0
DA:102,0
DA:103,0
DA:104,0
DA:105,0
DA:106,0
DA:108,0
DA:109,0
DA:110,0
DA:111,0
DA:112,0
DA:113,0
DA:114,0
DA:115,0
DA:116,0
DA:117,0
DA:121,0
DA:122,0
DA:124,0
DA:125,0
DA:127,0
DA:128,0
DA:129,0
DA:130,0
DA:131,0
DA:133,0
DA:134,0
DA:136,0
DA:137,0
DA:139,0
DA:140,0
DA:141,0
DA:142,0
DA:143,0
DA:145,0
DA:149,0
DA:150,0
DA:151,0
DA:153,0
DA:154,0
DA:155,0
DA:156,0
DA:157,0
DA:159,0
DA:160,0
DA:162,0
DA:163,0
DA:165,0
DA:166,0
DA:167,0
DA:168,0
DA:169,0
DA:171,0
DA:172,0
DA:173,0
DA:174,0
DA:175,0
DA:176,0
DA:177,0
DA:178,0
DA:179,0
DA:180,0
DA:182,0
DA:183,0
DA:184,0
DA:185,0
DA:186,0
DA:188,0
DA:189,0
DA:190,0
DA:191,0
DA:194,0
DA:195,0
DA:196,0
DA:199,0
DA:200,0
DA:201,0
DA:202,0
DA:205,0
DA:206,0
DA:207,0
DA:208,0
DA:212,0
DA:213,0
BRF:0
BRH:0
LF:131
LH:0
end_of_record
SF:/mnt/040b9fb6-50c4-4490-87c6-b7dd911435c9/Projects/rust/manga-vault/apps/http/gql/src/main.rs
FN:8,_RNCNvCs6ie6gkqXSwv_15manga_vault_gql4main0B3_
FN:8,_RNvCs6ie6gkqXSwv_15manga_vault_gql4main
FNDA:0,_RNCNvCs6ie6gkqXSwv_15manga_vault_gql4main0B3_
FNDA:0,_RNvCs6ie6gkqXSwv_15manga_vault_gql4main
FNF:2
FNH:0
DA:8,0
DA:9,0
DA:11,0
DA:13,0
DA:14,0
DA:15,0
DA:16,0
DA:17,0
DA:18,0
DA:19,0
DA:20,0
DA:21,0
DA:23,0
DA:25,0
DA:26,0
BRF:0
BRH:0
LF:17
LH:0
end_of_record
SF:/mnt/040b9fb6-50c4-4490-87c6-b7dd911435c9/Projects/rust/manga-vault/apps/http/gql/src/mutations/auth.rs
FN:105,_RNCNCNvMs4_NtNtCs1uU1prdvDfE_7gql_api9mutations4authNtB9_12AuthMutation5login00Bd_
FN:165,_RNCNCNvNtNtCs1uU1prdvDfE_7gql_api9mutations4auth15verify_password00B9_
FN:182,_RNCNCNvNtNtCs1uU1prdvDfE_7gql_api9mutations4auth15verify_password0s_0B9_
FN:97,_RNCNvMs4_NtNtCs1uU1prdvDfE_7gql_api9mutations4authNtB7_12AuthMutation5login0Bb_
FN:140,_RNCNvMs4_NtNtCs1uU1prdvDfE_7gql_api9mutations4authNtB7_12AuthMutation6logout0Bb_
FN:40,_RNCNvMs4_NtNtCs1uU1prdvDfE_7gql_api9mutations4authNtB7_12AuthMutation8register0Bb_
FN:158,_RNCNvNtNtCs1uU1prdvDfE_7gql_api9mutations4auth12generate_jwt0B7_
FN:161,_RNCNvNtNtCs1uU1prdvDfE_7gql_api9mutations4auth15verify_password0B7_
FN:97,_RNvMs4_NtNtCs1uU1prdvDfE_7gql_api9mutations4authNtB5_12AuthMutation5login
FN:140,_RNvMs4_NtNtCs1uU1prdvDfE_7gql_api9mutations4authNtB5_12AuthMutation6logout
FN:40,_RNvMs4_NtNtCs1uU1prdvDfE_7gql_api9mutations4authNtB5_12AuthMutation8register
FN:146,_RNvNtNtCs1uU1prdvDfE_7gql_api9mutations4auth12generate_jwt
FN:161,_RNvNtNtCs1uU1prdvDfE_7gql_api9mutations4auth15verify_password
FN:29,_RNvXs1_NtNtCs1uU1prdvDfE_7gql_api9mutations4authNtB5_13RegisterInputNtNtCseMgwbgZFWos_13async_graphql4base9InputType5parse
FN:23,_RNvXs_NtNtCs1uU1prdvDfE_7gql_api9mutations4authNtB4_10LoginInputNtNtCseMgwbgZFWos_13async_graphql4base9InputType5parse
FNDA:0,_RNCNCNvMs4_NtNtCs1uU1prdvDfE_7gql_api9mutations4authNtB9_12AuthMutation5login00Bd_
FNDA:0,_RNCNCNvNtNtCs1uU1prdvDfE_7gql_api9mutations4auth15verify_password00B9_
FNDA:0,_RNCNCNvNtNtCs1uU1prdvDfE_7gql_api9mutations4auth15verify_password0s_0B9_
FNDA:0,_RNCNvMs4_NtNtCs1uU1prdvDfE_7gql_api9mutations4authNtB7_12AuthMutation5login0Bb_
FNDA:0,_RNCNvMs4_NtNtCs1uU1prdvDfE_7gql_api9mutations4authNtB7_12AuthMutation6logout0Bb_
FNDA:0,_RNCNvMs4_NtNtCs1uU1prdvDfE_7gql_api9mutations4authNtB7_12AuthMutation8register0Bb_
FNDA:0,_RNCNvNtNtCs1uU1prdvDfE_7gql_api9mutations4auth12generate_jwt0B7_
FNDA:0,_RNCNvNtNtCs1uU1prdvDfE_7gql_api9mutations4auth15verify_password0B7_
FNDA:0,_RNvMs4_NtNtCs1uU1prdvDfE_7gql_api9mutations4authNtB5_12AuthMutation5login
FNDA:0,_RNvMs4_NtNtCs1uU1prdvDfE_7gql_api9mutations4authNtB5_12AuthMutation6logout
FNDA:0,_RNvMs4_NtNtCs1uU1prdvDfE_7gql_api9mutations4authNtB5_12AuthMutation8register
FNDA:0,_RNvNtNtCs1uU1prdvDfE_7gql_api9mutations4auth12generate_jwt
FNDA:0,_RNvNtNtCs1uU1prdvDfE_7gql_api9mutations4auth15verify_password
FNDA:0,_RNvXs1_NtNtCs1uU1prdvDfE_7gql_api9mutations4authNtB5_13RegisterInputNtNtCseMgwbgZFWos_13async_graphql4base9InputType5parse
FNDA:0,_RNvXs_NtNtCs1uU1prdvDfE_7gql_api9mutations4authNtB4_10LoginInputNtNtCseMgwbgZFWos_13async_graphql4base9InputType5parse
FNF:15
FNH:0
DA:23,0
DA:29,0
DA:40,0
DA:41,0
DA:42,0
DA:44,0
DA:45,0
DA:46,0
DA:47,0
DA:49,0
DA:50,0
DA:51,0
DA:53,0
DA:54,0
DA:55,0
DA:56,0
DA:58,0
DA:59,0
DA:60,0
DA:61,0
DA:62,0
DA:63,0
DA:65,0
DA:67,0
DA:85,0
DA:87,0
DA:88,0
DA:90,0
DA:93,0
DA:95,0
DA:97,0
DA:98,0
DA:99,0
DA:101,0
DA:102,0
DA:103,0
DA:104,0
DA:105,0
DA:107,0
DA:108,0
DA:109,0
DA:111,0
DA:128,0
DA:130,0
DA:131,0
DA:133,0
DA:136,0
DA:138,0
DA:140,0
DA:141,0
DA:142,0
DA:143,0
DA:146,0
DA:147,0
DA:148,0
DA:149,0
DA:150,0
DA:152,0
DA:153,0
DA:154,0
DA:155,0
DA:157,0
DA:158,0
DA:159,0
DA:161,0
DA:162,0
DA:163,0
DA:164,0
DA:165,0
DA:167,0
DA:168,0
DA:169,0
DA:170,0
DA:171,0
DA:173,0
DA:174,0
DA:176,0
DA:181,0
DA:182,0
DA:184,0
DA:185,0
DA:186,0
DA:188,0
DA:189,0
DA:190,0
DA:191,0
DA:193,0
DA:194,0
DA:195,0
DA:196,0
DA:197,0
DA:198,0
DA:200,0
DA:203,0
BRF:0
BRH:0
LF:102
LH:0
end_of_record
SF:/mnt/040b9fb6-50c4-4490-87c6-b7dd911435c9/Projects/rust/manga-vault/apps/http/gql/src/mutations/category.rs
FN:71,_RNCNCNvMs4_NtNtCs1uU1prdvDfE_7gql_api9mutations8categoryNtB9_16CategoryMutation15delete_category00Bd_
FN:48,_RNCNCNvMs4_NtNtCs1uU1prdvDfE_7gql_api9mutations8categoryNtB9_16CategoryMutation15update_category00Bd_
FN:26,_RNCNvMs4_NtNtCs1uU1prdvDfE_7gql_api9mutations8categoryNtB7_16CategoryMutation15create_category0Bb_
FN:64,_RNCNvMs4_NtNtCs1uU1prdvDfE_7gql_api9mutations8categoryNtB7_16CategoryMutation15delete_category0Bb_
FN:41,_RNCNvMs4_NtNtCs1uU1prdvDfE_7gql_api9mutations8categoryNtB7_16CategoryMutation15update_category0Bb_
FN:26,_RNvMs4_NtNtCs1uU1prdvDfE_7gql_api9mutations8categoryNtB5_16CategoryMutation15create_category
FN:64,_RNvMs4_NtNtCs1uU1prdvDfE_7gql_api9mutations8categoryNtB5_16CategoryMutation15delete_category
FN:41,_RNvMs4_NtNtCs1uU1prdvDfE_7gql_api9mutations8categoryNtB5_16CategoryMutation15update_category
FN:11,_RNvXNtNtCs1uU1prdvDfE_7gql_api9mutations8categoryNtB2_19CreateCategoryInputNtNtCseMgwbgZFWos_13async_graphql4base9InputType5parse
FN:16,_RNvXs0_NtNtCs1uU1prdvDfE_7gql_api9mutations8categoryNtB5_19UpdateCategoryInputNtNtCseMgwbgZFWos_13async_graphql4base9InputType5parse
FNDA:0,_RNCNCNvMs4_NtNtCs1uU1prdvDfE_7gql_api9mutations8categoryNtB9_16CategoryMutation15delete_category00Bd_
FNDA:0,_RNCNCNvMs4_NtNtCs1uU1prdvDfE_7gql_api9mutations8categoryNtB9_16CategoryMutation15update_category00Bd_
FNDA:0,_RNCNvMs4_NtNtCs1uU1prdvDfE_7gql_api9mutations8categoryNtB7_16CategoryMutation15create_category0Bb_
FNDA:0,_RNCNvMs4_NtNtCs1uU1prdvDfE_7gql_api9mutations8categoryNtB7_16CategoryMutation15delete_category0Bb_
FNDA:0,_RNCNvMs4_NtNtCs1uU1prdvDfE_7gql_api9mutations8categoryNtB7_16CategoryMutation15update_category0Bb_
FNDA:0,_RNvMs4_NtNtCs1uU1prdvDfE_7gql_api9mutations8categoryNtB5_16CategoryMutation15create_category
FNDA:0,_RNvMs4_NtNtCs1uU1prdvDfE_7gql_api9mutations8categoryNtB5_16CategoryMutation15delete_category
FNDA:0,_RNvMs4_NtNtCs1uU1prdvDfE_7gql_api9mutations8categoryNtB5_16CategoryMutation15update_category
FNDA:0,_RNvXNtNtCs1uU1prdvDfE_7gql_api9mutations8categoryNtB2_19CreateCategoryInputNtNtCseMgwbgZFWos_13async_graphql4base9InputType5parse
FNDA:0,_RNvXs0_NtNtCs1uU1prdvDfE_7gql_api9mutations8categoryNtB5_19UpdateCategoryInputNtNtCseMgwbgZFWos_13async_graphql4base9InputType5parse
FNF:10
FNH:0
DA:11,0
DA:16,0
DA:26,0
DA:27,0
DA:28,0
DA:30,0
DA:31,0
DA:32,0
DA:33,0
DA:34,0
DA:35,0
DA:37,0
DA:38,0
DA:39,0
DA:41,0
DA:42,0
DA:43,0
DA:45,0
DA:46,0
DA:47,0
DA:48,0
DA:50,0
DA:51,0
DA:52,0
DA:54,0
DA:55,0
DA:56,0
DA:57,0
DA:58,0
DA:60,0
DA:61,0
DA:62,0
DA:64,0
DA:65,0
DA:66,0
DA:68,0
DA:69,0
DA:70,0
DA:71,0
DA:73,0
DA:74,0
DA:75,0
DA:77,0
DA:78,0
DA:79,0
DA:80,0
DA:82,0
DA:83,0
DA:84,0
DA:86,0
DA:87,0
DA:88,0
BRF:0
BRH:0
LF:57
LH:0
end_of_record
SF:/mnt/040b9fb6-50c4-4490-87c6-b7dd911435c9/Projects/rust/manga-vault/apps/http/gql/src/mutations/chapter.rs
FN:49,_RNCNCNvMs_NtNtCs1uU1prdvDfE_7gql_api9mutations7chapterNtB8_15ChapterMutation14unread_chapter00Bc_
FN:79,_RNCNCNvMs_NtNtCs1uU1prdvDfE_7gql_api9mutations7chapterNtB8_15ChapterMutation17read_all_chapters00Bc_
FN:16,_RNCNvMs_NtNtCs1uU1prdvDfE_7gql_api9mutations7chapterNtB6_15ChapterMutation12read_chapter0Ba_
FN:40,_RNCNvMs_NtNtCs1uU1prdvDfE_7gql_api9mutations7chapterNtB6_15ChapterMutation14unread_chapter0Ba_
FN:62,_RNCNvMs_NtNtCs1uU1prdvDfE_7gql_api9mutations7chapterNtB6_15ChapterMutation17read_all_chapters0Ba_
FN:101,_RNCNvMs_NtNtCs1uU1prdvDfE_7gql_api9mutations7chapterNtB6_15ChapterMutation19unread_all_chapters0Ba_
FN:16,_RNvMs_NtNtCs1uU1prdvDfE_7gql_api9mutations7chapterNtB4_15ChapterMutation12read_chapter
FN:40,_RNvMs_NtNtCs1uU1prdvDfE_7gql_api9mutations7chapterNtB4_15ChapterMutation14unread_chapter
FN:62,_RNvMs_NtNtCs1uU1prdvDfE_7gql_api9mutations7chapterNtB4_15ChapterMutation17read_all_chapters
FN:101,_RNvMs_NtNtCs1uU1prdvDfE_7gql_api9mutations7chapterNtB4_15ChapterMutation19unread_all_chapters
FNDA:0,_RNCNCNvMs_NtNtCs1uU1prdvDfE_7gql_api9mutations7chapterNtB8_15ChapterMutation14unread_chapter00Bc_
FNDA:0,_RNCNCNvMs_NtNtCs1uU1prdvDfE_7gql_api9mutations7chapterNtB8_15ChapterMutation17read_all_chapters00Bc_
FNDA:0,_RNCNvMs_NtNtCs1uU1prdvDfE_7gql_api9mutations7chapterNtB6_15ChapterMutation12read_chapter0Ba_
FNDA:0,_RNCNvMs_NtNtCs1uU1prdvDfE_7gql_api9mutations7chapterNtB6_15ChapterMutation14unread_chapter0Ba_
FNDA:0,_RNCNvMs_NtNtCs1uU1prdvDfE_7gql_api9mutations7chapterNtB6_15ChapterMutation17read_all_chapters0Ba_
FNDA:0,_RNCNvMs_NtNtCs1uU1prdvDfE_7gql_api9mutations7chapterNtB6_15ChapterMutation19unread_all_chapters0Ba_
FNDA:0,_RNvMs_NtNtCs1uU1prdvDfE_7gql_api9mutations7chapterNtB4_15ChapterMutation12read_chapter
FNDA:0,_RNvMs_NtNtCs1uU1prdvDfE_7gql_api9mutations7chapterNtB4_15ChapterMutation14unread_chapter
FNDA:0,_RNvMs_NtNtCs1uU1prdvDfE_7gql_api9mutations7chapterNtB4_15ChapterMutation17read_all_chapters
FNDA:0,_RNvMs_NtNtCs1uU1prdvDfE_7gql_api9mutations7chapterNtB4_15ChapterMutation19unread_all_chapters
FNF:10
FNH:0
DA:16,0
DA:17,0
DA:18,0
DA:20,0
DA:22,0
DA:23,0
DA:24,0
DA:25,0
DA:28,0
DA:29,0
DA:30,0
DA:31,0
DA:32,0
DA:33,0
DA:34,0
DA:36,0
DA:37,0
DA:38,0
DA:40,0
DA:41,0
DA:42,0
DA:44,0
DA:45,0
DA:46,0
DA:47,0
DA:48,0
DA:49,0
DA:51,0
DA:52,0
DA:53,0
DA:55,0
DA:56,0
DA:57,0
DA:59,0
DA:60,0
DA:62,0
DA:63,0
DA:64,0
DA:66,0
DA:67,0
DA:68,0
DA:69,0
DA:71,0
DA:72,0
DA:73,0
DA:74,0
DA:75,0
DA:77,0
DA:78,0
DA:79,0
DA:80,0
DA:81,0
DA:83,0
DA:84,0
DA:85,0
DA:86,0
DA:87,0
DA:88,0
DA:89,0
DA:91,0
DA:94,0
DA:95,0
DA:96,0
DA:98,0
DA:99,0
DA:101,0
DA:102,0
DA:103,0
DA:105,0
DA:106,0
DA:107,0
DA:108,0
DA:109,0
DA:111,0
DA:112,0
BRF:0
BRH:0
LF:81
LH:0
end_of_record
SF:/mnt/040b9fb6-50c4-4490-87c6-b7dd911435c9/Projects/rust/manga-vault/apps/http/gql/src/mutations/favorite_manga.rs
FN:96,_RNCNCNvMs4_NtNtCs1uU1prdvDfE_7gql_api9mutations14favorite_mangaNtB9_21FavoriteMangaMutation21delete_favorite_manga00Bd_
FN:69,_RNCNCNvMs4_NtNtCs1uU1prdvDfE_7gql_api9mutations14favorite_mangaNtB9_21FavoriteMangaMutation21update_favorite_manga00Bd_
FN:27,_RNCNvMs4_NtNtCs1uU1prdvDfE_7gql_api9mutations14favorite_mangaNtB7_21FavoriteMangaMutation21create_favorite_manga0Bb_
FN:89,_RNCNvMs4_NtNtCs1uU1prdvDfE_7gql_api9mutations14favorite_mangaNtB7_21FavoriteMangaMutation21delete_favorite_manga0Bb_
FN:62,_RNCNvMs4_NtNtCs1uU1prdvDfE_7gql_api9mutations14favorite_mangaNtB7_21FavoriteMangaMutation21update_favorite_manga0Bb_
FN:27,_RNvMs4_NtNtCs1uU1prdvDfE_7gql_api9mutations14favorite_mangaNtB5_21FavoriteMangaMutation21create_favorite_manga
FN:89,_RNvMs4_NtNtCs1uU1prdvDfE_7gql_api9mutations14favorite_mangaNtB5_21FavoriteMangaMutation21delete_favorite_manga
FN:57,_RNvMs4_NtNtCs1uU1prdvDfE_7gql_api9mutations14favorite_mangaNtB5_21FavoriteMangaMutation21update_favorite_manga
FN:11,_RNvXNtNtCs1uU1prdvDfE_7gql_api9mutations14favorite_mangaNtB2_24CreateFavoriteMangaInputNtNtCseMgwbgZFWos_13async_graphql4base9InputType5parse
FN:17,_RNvXs0_NtNtCs1uU1prdvDfE_7gql_api9mutations14favorite_mangaNtB5_24UpdateFavoriteMangaInputNtNtCseMgwbgZFWos_13async_graphql4base9InputType5parse
FNDA:0,_RNCNCNvMs4_NtNtCs1uU1prdvDfE_7gql_api9mutations14favorite_mangaNtB9_21FavoriteMangaMutation21delete_favorite_manga00Bd_
FNDA:0,_RNCNCNvMs4_NtNtCs1uU1prdvDfE_7gql_api9mutations14favorite_mangaNtB9_21FavoriteMangaMutation21update_favorite_manga00Bd_
FNDA:0,_RNCNvMs4_NtNtCs1uU1prdvDfE_7gql_api9mutations14favorite_mangaNtB7_21FavoriteMangaMutation21create_favorite_manga0Bb_
FNDA:0,_RNCNvMs4_NtNtCs1uU1prdvDfE_7gql_api9mutations14favorite_mangaNtB7_21FavoriteMangaMutation21delete_favorite_manga0Bb_
FNDA:0,_RNCNvMs4_NtNtCs1uU1prdvDfE_7gql_api9mutations14favorite_mangaNtB7_21FavoriteMangaMutation21update_favorite_manga0Bb_
FNDA:0,_RNvMs4_NtNtCs1uU1prdvDfE_7gql_api9mutations14favorite_mangaNtB5_21FavoriteMangaMutation21create_favorite_manga
FNDA:0,_RNvMs4_NtNtCs1uU1prdvDfE_7gql_api9mutations14favorite_mangaNtB5_21FavoriteMangaMutation21delete_favorite_manga
FNDA:0,_RNvMs4_NtNtCs1uU1prdvDfE_7gql_api9mutations14favorite_mangaNtB5_21FavoriteMangaMutation21update_favorite_manga
FNDA:0,_RNvXNtNtCs1uU1prdvDfE_7gql_api9mutations14favorite_mangaNtB2_24CreateFavoriteMangaInputNtNtCseMgwbgZFWos_13async_graphql4base9InputType5parse
FNDA:0,_RNvXs0_NtNtCs1uU1prdvDfE_7gql_api9mutations14favorite_mangaNtB5_24UpdateFavoriteMangaInputNtNtCseMgwbgZFWos_13async_graphql4base9InputType5parse
FNF:10
FNH:0
DA:11,0
DA:17,0
DA:27,0
DA:28,0
DA:29,0
DA:31,0
DA:32,0
DA:33,0
DA:34,0
DA:35,0
DA:36,0
DA:38,0
DA:39,0
DA:40,0
DA:41,0
DA:42,0
DA:43,0
DA:45,0
DA:46,0
DA:47,0
DA:48,0
DA:49,0
DA:50,0
DA:51,0
DA:53,0
DA:54,0
DA:55,0
DA:57,0
DA:58,0
DA:59,0
DA:60,0
DA:61,0
DA:62,0
DA:63,0
DA:64,0
DA:66,0
DA:67,0
DA:68,0
DA:69,0
DA:71,0
DA:72,0
DA:73,0
DA:75,0
DA:76,0
DA:77,0
DA:78,0
DA:79,0
DA:80,0
DA:81,0
DA:82,0
DA:83,0
DA:85,0
DA:86,0
DA:87,0
DA:89,0
DA:90,0
DA:91,0
DA:93,0
DA:94,0
DA:95,0
DA:96,0
DA:98,0
DA:99,0
DA:100,0
DA:102,0
DA:103,0
DA:104,0
DA:106,0
DA:107,0
BRF:0
BRH:0
LF:74
LH:0
end_of_record
SF:/mnt/040b9fb6-50c4-4490-87c6-b7dd911435c9/Projects/rust/manga-vault/apps/http/gql/src/mutations/file.rs
FN:62,_RNCNCNCNvMs_NtNtCs1uU1prdvDfE_7gql_api9mutations4fileNtBa_12FileMutation11upload_file0s0_00Be_
FN:73,_RNCNCNCNvMs_NtNtCs1uU1prdvDfE_7gql_api9mutations4fileNtBa_12FileMutation11upload_file0s0_0s_0Be_
FN:34,_RNCNCNvMs_NtNtCs1uU1prdvDfE_7gql_api9mutations4fileNtB8_12FileMutation11upload_file00Bc_
FN:60,_RNCNCNvMs_NtNtCs1uU1prdvDfE_7gql_api9mutations4fileNtB8_12FileMutation11upload_file0s0_0Bc_
FN:79,_RNCNCNvMs_NtNtCs1uU1prdvDfE_7gql_api9mutations4fileNtB8_12FileMutation11upload_file0s1_0Bc_
FN:84,_RNCNCNvMs_NtNtCs1uU1prdvDfE_7gql_api9mutations4fileNtB8_12FileMutation11upload_file0s2_0Bc_
FN:89,_RNCNCNvMs_NtNtCs1uU1prdvDfE_7gql_api9mutations4fileNtB8_12FileMutation11upload_file0s3_0Bc_
FN:58,_RNCNCNvMs_NtNtCs1uU1prdvDfE_7gql_api9mutations4fileNtB8_12FileMutation11upload_file0s_0Bc_
FN:21,_RNCNvMs_NtNtCs1uU1prdvDfE_7gql_api9mutations4fileNtB6_12FileMutation11upload_file0Ba_
FN:21,_RNvMs_NtNtCs1uU1prdvDfE_7gql_api9mutations4fileNtB4_12FileMutation11upload_file
FNDA:0,_RNCNCNCNvMs_NtNtCs1uU1prdvDfE_7gql_api9mutations4fileNtBa_12FileMutation11upload_file0s0_00Be_
FNDA:0,_RNCNCNCNvMs_NtNtCs1uU1prdvDfE_7gql_api9mutations4fileNtBa_12FileMutation11upload_file0s0_0s_0Be_
FNDA:0,_RNCNCNvMs_NtNtCs1uU1prdvDfE_7gql_api9mutations4fileNtB8_12FileMutation11upload_file00Bc_
FNDA:0,_RNCNCNvMs_NtNtCs1uU1prdvDfE_7gql_api9mutations4fileNtB8_12FileMutation11upload_file0s0_0Bc_
FNDA:0,_RNCNCNvMs_NtNtCs1uU1prdvDfE_7gql_api9mutations4fileNtB8_12FileMutation11upload_file0s1_0Bc_
FNDA:0,_RNCNCNvMs_NtNtCs1uU1prdvDfE_7gql_api9mutations4fileNtB8_12FileMutation11upload_file0s2_0Bc_
FNDA:0,_RNCNCNvMs_NtNtCs1uU1prdvDfE_7gql_api9mutations4fileNtB8_12FileMutation11upload_file0s3_0Bc_
FNDA:0,_RNCNCNvMs_NtNtCs1uU1prdvDfE_7gql_api9mutations4fileNtB8_12FileMutation11upload_file0s_0Bc_
FNDA:0,_RNCNvMs_NtNtCs1uU1prdvDfE_7gql_api9mutations4fileNtB6_12FileMutation11upload_file0Ba_
FNDA:0,_RNvMs_NtNtCs1uU1prdvDfE_7gql_api9mutations4fileNtB4_12FileMutation11upload_file
FNF:10
FNH:0
DA:21,0
DA:22,0
DA:23,0
DA:24,0
DA:25,0
DA:27,0
DA:28,0
DA:29,0
DA:31,0
DA:32,0
DA:33,0
DA:34,0
DA:36,0
DA:37,0
DA:38,0
DA:40,0
DA:41,0
DA:42,0
DA:43,0
DA:44,0
DA:45,0
DA:47,0
DA:49,0
DA:50,0
DA:51,0
DA:52,0
DA:54,0
DA:55,0
DA:56,0
DA:57,0
DA:58,0
DA:60,0
DA:61,0
DA:62,0
DA:66,0
DA:67,0
DA:69,0
DA:72,0
DA:73,0
DA:74,0
DA:76,0
DA:77,0
DA:78,0
DA:79,0
DA:81,0
DA:82,0
DA:83,0
DA:84,0
DA:85,0
DA:87,0
DA:88,0
DA:89,0
DA:91,0
DA:92,0
BRF:0
BRH:0
LF:63
LH:0
end_of_record
SF:/mnt/040b9fb6-50c4-4490-87c6-b7dd911435c9/Projects/rust/manga-vault/apps/http/gql/src/mutations/manga_pack.rs
FN:101,_RNCNCNvMs3_NtNtCs1uU1prdvDfE_7gql_api9mutations10manga_packNtB9_17MangaPackMutation17delete_manga_pack00Bd_
FN:66,_RNCNCNvMs3_NtNtCs1uU1prdvDfE_7gql_api9mutations10manga_packNtB9_17MangaPackMutation17update_manga_pack00Bd_
FN:27,_RNCNvMs3_NtNtCs1uU1prdvDfE_7gql_api9mutations10manga_packNtB7_17MangaPackMutation17create_manga_pack0Bb_
FN:94,_RNCNvMs3_NtNtCs1uU1prdvDfE_7gql_api9mutations10manga_packNtB7_17MangaPackMutation17delete_manga_pack0Bb_
FN:59,_RNCNvMs3_NtNtCs1uU1prdvDfE_7gql_api9mutations10manga_packNtB7_17MangaPackMutation17update_manga_pack0Bb_
FN:27,_RNvMs3_NtNtCs1uU1prdvDfE_7gql_api9mutations10manga_packNtB5_17MangaPackMutation17create_manga_pack
FN:94,_RNvMs3_NtNtCs1uU1prdvDfE_7gql_api9mutations10manga_packNtB5_17MangaPackMutation17delete_manga_pack
FN:59,_RNvMs3_NtNtCs1uU1prdvDfE_7gql_api9mutations10manga_packNtB5_17MangaPackMutation17update_manga_pack
FN:11,_RNvXNtNtCs1uU1prdvDfE_7gql_api9mutations10manga_packNtB2_20CreateMangaPackInputNtNtCseMgwbgZFWos_13async_graphql4base9InputType5parse
FN:17,_RNvXs0_NtNtCs1uU1prdvDfE_7gql_api9mutations10manga_packNtB5_20UpdateMangaPackInputNtNtCseMgwbgZFWos_13async_graphql4base9InputType5parse
FNDA:0,_RNCNCNvMs3_NtNtCs1uU1prdvDfE_7gql_api9mutations10manga_packNtB9_17MangaPackMutation17delete_manga_pack00Bd_
FNDA:0,_RNCNCNvMs3_NtNtCs1uU1prdvDfE_7gql_api9mutations10manga_packNtB9_17MangaPackMutation17update_manga_pack00Bd_
FNDA:0,_RNCNvMs3_NtNtCs1uU1prdvDfE_7gql_api9mutations10manga_packNtB7_17MangaPackMutation17create_manga_pack0Bb_
FNDA:0,_RNCNvMs3_NtNtCs1uU1prdvDfE_7gql_api9mutations10manga_packNtB7_17MangaPackMutation17delete_manga_pack0Bb_
FNDA:0,_RNCNvMs3_NtNtCs1uU1prdvDfE_7gql_api9mutations10manga_packNtB7_17MangaPackMutation17update_manga_pack0Bb_
FNDA:0,_RNvMs3_NtNtCs1uU1prdvDfE_7gql_api9mutations10manga_packNtB5_17MangaPackMutation17create_manga_pack
FNDA:0,_RNvMs3_NtNtCs1uU1prdvDfE_7gql_api9mutations10manga_packNtB5_17MangaPackMutation17delete_manga_pack
FNDA:0,_RNvMs3_NtNtCs1uU1prdvDfE_7gql_api9mutations10manga_packNtB5_17MangaPackMutation17update_manga_pack
FNDA:0,_RNvXNtNtCs1uU1prdvDfE_7gql_api9mutations10manga_packNtB2_20CreateMangaPackInputNtNtCseMgwbgZFWos_13async_graphql4base9InputType5parse
FNDA:0,_RNvXs0_NtNtCs1uU1prdvDfE_7gql_api9mutations10manga_packNtB5_20UpdateMangaPackInputNtNtCseMgwbgZFWos_13async_graphql4base9InputType5parse
FNF:10
FNH:0
DA:11,0
DA:17,0
DA:27,0
DA:28,0
DA:29,0
DA:31,0
DA:32,0
DA:33,0
DA:35,0
DA:36,0
DA:37,0
DA:38,0
DA:39,0
DA:40,0
DA:42,0
DA:43,0
DA:44,0
DA:45,0
DA:46,0
DA:48,0
DA:49,0
DA:50,0
DA:51,0
DA:52,0
DA:53,0
DA:56,0
DA:57,0
DA:59,0
DA:60,0
DA:61,0
DA:63,0
DA:64,0
DA:65,0
DA:66,0
DA:68,0
DA:69,0
DA:70,0
DA:72,0
DA:73,0
DA:74,0
DA:75,0
DA:77,0
DA:78,0
DA:79,0
DA:80,0
DA:81,0
DA:83,0
DA:84,0
DA:85,0
DA:86,0
DA:87,0
DA:88,0
DA:91,0
DA:92,0
DA:94,0
DA:95,0
DA:96,0
DA:98,0
DA:99,0
DA:100,0
DA:101,0
DA:103,0
DA:104,0
DA:105,0
DA:107,0
DA:108,0
DA:109,0
DA:110,0
DA:112,0
DA:113,0
DA:114,0
DA:115,0
DA:116,0
BRF:0
BRH:0
LF:78
LH:0
end_of_record
SF:/mnt/040b9fb6-50c4-4490-87c6-b7dd911435c9/Projects/rust/manga-vault/apps/http/gql/src/mutations/profile.rs
FN:27,_RNCNCNvMs2_NtNtCs1uU1prdvDfE_7gql_api9mutations7profileNtB9_15ProfileMutation14update_profile00Bd_
FN:20,_RNCNvMs2_NtNtCs1uU1prdvDfE_7gql_api9mutations7profileNtB7_15ProfileMutation14update_profile0Bb_
FN:20,_RNvMs2_NtNtCs1uU1prdvDfE_7gql_api9mutations7profileNtB5_15ProfileMutation14update_profile
FN:9,_RNvXNtNtCs1uU1prdvDfE_7gql_api9mutations7profileNtB2_18UpdateProfileInputNtNtCseMgwbgZFWos_13async_graphql4base9InputType5parse
FNDA:0,_RNCNCNvMs2_NtNtCs1uU1prdvDfE_7gql_api9mutations7profileNtB9_15ProfileMutation14update_profile00Bd_
FNDA:0,_RNCNvMs2_NtNtCs1uU1prdvDfE_7gql_api9mutations7profileNtB7_15ProfileMutation14update_profile0Bb_
FNDA:0,_RNvMs2_NtNtCs1uU1prdvDfE_7gql_api9mutations7profileNtB5_15ProfileMutation14update_profile
FNDA:0,_RNvXNtNtCs1uU1prdvDfE_7gql_api9mutations7profileNtB2_18UpdateProfileInputNtNtCseMgwbgZFWos_13async_graphql4base9InputType5parse
FNF:4
FNH:0
DA:9,0
DA:20,0
DA:21,0
DA:22,0
DA:24,0
DA:25,0
DA:26,0
DA:27,0
DA:28,0
DA:30,0
DA:31,0
DA:32,0
DA:33,0
DA:34,0
DA:35,0
DA:37,0
DA:38,0
DA:39,0
DA:40,0
DA:41,0
DA:43,0
DA:44,0
DA:46,0
DA:47,0
DA:48,0
DA:49,0
DA:50,0
DA:52,0
DA:53,0
DA:54,0
BRF:0
BRH:0
LF:32
LH:0
end_of_record
SF:/mnt/040b9fb6-50c4-4490-87c6-b7dd911435c9/Projects/rust/manga-vault/apps/http/gql/src/objects/categories.rs
FN:37,_RNCNCNvMs4_NtNtCs1uU1prdvDfE_7gql_api7objects10categoriesNtB9_8Category4user00Bd_
FN:32,_RNCNvMs4_NtNtCs1uU1prdvDfE_7gql_api7objects10categoriesNtB7_8Category4user0Bb_
FN:32,_RNvMs4_NtNtCs1uU1prdvDfE_7gql_api7objects10categoriesNtB5_8Category4user
FN:20,_RNvXNtNtCs1uU1prdvDfE_7gql_api7objects10categoriesNtB2_8CategoryINtNtCs9bgXZFP4km6_4core7convert4FromNtNtCs5ffTNelr4nn_17database_entities10categories5ModelE4from
FNDA:0,_RNCNCNvMs4_NtNtCs1uU1prdvDfE_7gql_api7objects10categoriesNtB9_8Category4user00Bd_
FNDA:0,_RNCNvMs4_NtNtCs1uU1prdvDfE_7gql_api7objects10categoriesNtB7_8Category4user0Bb_
FNDA:0,_RNvMs4_NtNtCs1uU1prdvDfE_7gql_api7objects10categoriesNtB5_8Category4user
FNDA:0,_RNvXNtNtCs1uU1prdvDfE_7gql_api7objects10categoriesNtB2_8CategoryINtNtCs9bgXZFP4km6_4core7convert4FromNtNtCs5ffTNelr4nn_17database_entities10categories5ModelE4from
FNF:4
FNH:0
DA:20,0
DA:21,0
DA:22,0
DA:23,0
DA:24,0
DA:25,0
DA:26,0
DA:27,0
DA:32,0
DA:33,0
DA:34,0
DA:35,0
DA:36,0
DA:37,0
DA:38,0
DA:39,0
BRF:0
BRH:0
LF:18
LH:0
end_of_record
SF:/mnt/040b9fb6-50c4-4490-87c6-b7dd911435c9/Projects/rust/manga-vault/apps/http/gql/src/objects/chapters.rs
FN:107,_RNCNCNvMs4_NtNtCs1uU1prdvDfE_7gql_api7objects8chaptersNtB9_7Chapter12next_chapter00Bd_
FN:125,_RNCNCNvMs4_NtNtCs1uU1prdvDfE_7gql_api7objects8chaptersNtB9_7Chapter16previous_chapter00Bd_
FN:46,_RNCNCNvMs4_NtNtCs1uU1prdvDfE_7gql_api7objects8chaptersNtB9_7Chapter5manga00Bd_
FN:57,_RNCNCNvMs4_NtNtCs1uU1prdvDfE_7gql_api7objects8chaptersNtB9_7Chapter6images00Bd_
FN:94,_RNCNCNvMs4_NtNtCs1uU1prdvDfE_7gql_api7objects8chaptersNtB9_7Chapter6images0s0_0Bd_
FN:73,_RNCNCNvMs4_NtNtCs1uU1prdvDfE_7gql_api7objects8chaptersNtB9_7Chapter6images0s_0Bd_
FN:147,_RNCNCNvMs4_NtNtCs1uU1prdvDfE_7gql_api7objects8chaptersNtB9_7Chapter7scraper00Bd_
FN:155,_RNCNCNvMs4_NtNtCs1uU1prdvDfE_7gql_api7objects8chaptersNtB9_7Chapter7scraper0s0_0Bd_
FN:153,_RNCNCNvMs4_NtNtCs1uU1prdvDfE_7gql_api7objects8chaptersNtB9_7Chapter7scraper0s_0Bd_
FN:102,_RNCNvMs4_NtNtCs1uU1prdvDfE_7gql_api7objects8chaptersNtB7_7Chapter12next_chapter0Bb_
FN:120,_RNCNvMs4_NtNtCs1uU1prdvDfE_7gql_api7objects8chaptersNtB7_7Chapter16previous_chapter0Bb_
FN:41,_RNCNvMs4_NtNtCs1uU1prdvDfE_7gql_api7objects8chaptersNtB7_7Chapter5manga0Bb_
FN:51,_RNCNvMs4_NtNtCs1uU1prdvDfE_7gql_api7objects8chaptersNtB7_7Chapter6images0Bb_
FN:138,_RNCNvMs4_NtNtCs1uU1prdvDfE_7gql_api7objects8chaptersNtB7_7Chapter7scraper0Bb_
FN:102,_RNvMs4_NtNtCs1uU1prdvDfE_7gql_api7objects8chaptersNtB5_7Chapter12next_chapter
FN:120,_RNvMs4_NtNtCs1uU1prdvDfE_7gql_api7objects8chaptersNtB5_7Chapter16previous_chapter
FN:41,_RNvMs4_NtNtCs1uU1prdvDfE_7gql_api7objects8chaptersNtB5_7Chapter5manga
FN:51,_RNvMs4_NtNtCs1uU1prdvDfE_7gql_api7objects8chaptersNtB5_7Chapter6images
FN:138,_RNvMs4_NtNtCs1uU1prdvDfE_7gql_api7objects8chaptersNtB5_7Chapter7scraper
FN:26,_RNvXNtNtCs1uU1prdvDfE_7gql_api7objects8chaptersNtB2_7ChapterINtNtCs9bgXZFP4km6_4core7convert4FromNtNtCs5ffTNelr4nn_17database_entities8chapters5ModelE4from
FNDA:0,_RNCNCNvMs4_NtNtCs1uU1prdvDfE_7gql_api7objects8chaptersNtB9_7Chapter12next_chapter00Bd_
FNDA:0,_RNCNCNvMs4_NtNtCs1uU1prdvDfE_7gql_api7objects8chaptersNtB9_7Chapter16previous_chapter00Bd_
FNDA:0,_RNCNCNvMs4_NtNtCs1uU1prdvDfE_7gql_api7objects8chaptersNtB9_7Chapter5manga00Bd_
FNDA:0,_RNCNCNvMs4_NtNtCs1uU1prdvDfE_7gql_api7objects8chaptersNtB9_7Chapter6images00Bd_
FNDA:0,_RNCNCNvMs4_NtNtCs1uU1prdvDfE_7gql_api7objects8chaptersNtB9_7Chapter6images0s0_0Bd_
FNDA:0,_RNCNCNvMs4_NtNtCs1uU1prdvDfE_7gql_api7objects8chaptersNtB9_7Chapter6images0s_0Bd_
FNDA:0,_RNCNCNvMs4_NtNtCs1uU1prdvDfE_7gql_api7objects8chaptersNtB9_7Chapter7scraper00Bd_
FNDA:0,_RNCNCNvMs4_NtNtCs1uU1prdvDfE_7gql_api7objects8chaptersNtB9_7Chapter7scraper0s0_0Bd_
FNDA:0,_RNCNCNvMs4_NtNtCs1uU1prdvDfE_7gql_api7objects8chaptersNtB9_7Chapter7scraper0s_0Bd_
FNDA:0,_RNCNvMs4_NtNtCs1uU1prdvDfE_7gql_api7objects8chaptersNtB7_7Chapter12next_chapter0Bb_
FNDA:0,_RNCNvMs4_NtNtCs1uU1prdvDfE_7gql_api7objects8chaptersNtB7_7Chapter16previous_chapter0Bb_
FNDA:0,_RNCNvMs4_NtNtCs1uU1prdvDfE_7gql_api7objects8chaptersNtB7_7Chapter5manga0Bb_
FNDA:0,_RNCNvMs4_NtNtCs1uU1prdvDfE_7gql_api7objects8chaptersNtB7_7Chapter6images0Bb_
FNDA:0,_RNCNvMs4_NtNtCs1uU1prdvDfE_7gql_api7objects8chaptersNtB7_7Chapter7scraper0Bb_
FNDA:0,_RNvMs4_NtNtCs1uU1prdvDfE_7gql_api7objects8chaptersNtB5_7Chapter12next_chapter
FNDA:0,_RNvMs4_NtNtCs1uU1prdvDfE_7gql_api7objects8chaptersNtB5_7Chapter16previous_chapter
FNDA:0,_RNvMs4_NtNtCs1uU1prdvDfE_7gql_api7objects8chaptersNtB5_7Chapter5manga
FNDA:0,_RNvMs4_NtNtCs1uU1prdvDfE_7gql_api7objects8chaptersNtB5_7Chapter6images
FNDA:0,_RNvMs4_NtNtCs1uU1prdvDfE_7gql_api7objects8chaptersNtB5_7Chapter7scraper
FNDA:0,_RNvXNtNtCs1uU1prdvDfE_7gql_api7objects8chaptersNtB2_7ChapterINtNtCs9bgXZFP4km6_4core7convert4FromNtNtCs5ffTNelr4nn_17database_entities8chapters5ModelE4from
FNF:20
FNH:0
DA:26,0
DA:27,0
DA:28,0
DA:29,0
DA:30,0
DA:31,0
DA:32,0
DA:33,0
DA:34,0
DA:35,0
DA:36,0
DA:41,0
DA:42,0
DA:43,0
DA:44,0
DA:45,0
DA:46,0
DA:48,0
DA:49,0
DA:51,0
DA:52,0
DA:54,0
DA:55,0
DA:56,0
DA:57,0
DA:59,0
DA:61,0
DA:62,0
DA:63,0
DA:64,0
DA:66,0
DA:68,0
DA:69,0
DA:70,0
DA:71,0
DA:72,0
DA:73,0
DA:75,0
DA:77,0
DA:79,0
DA:80,0
DA:81,0
DA:82,0
DA:83,0
DA:84,0
DA:85,0
DA:86,0
DA:88,0
DA:89,0
DA:90,0
DA:92,0
DA:94,0
DA:95,0
DA:96,0
DA:99,0
DA:100,0
DA:102,0
DA:103,0
DA:104,0
DA:105,0
DA:106,0
DA:107,0
DA:109,0
DA:110,0
DA:111,0
DA:112,0
DA:113,0
DA:114,0
DA:115,0
DA:117,0
DA:118,0
DA:120,0
DA:121,0
DA:122,0
DA:123,0
DA:124,0
DA:125,0
DA:127,0
DA:128,0
DA:129,0
DA:130,0
DA:131,0
DA:132,0
DA:133,0
DA:135,0
DA:136,0
DA:138,0
DA:139,0
DA:141,0
DA:142,0
DA:143,0
DA:144,0
DA:145,0
DA:146,0
DA:147,0
DA:149,0
DA:150,0
DA:151,0
DA:152,0
DA:153,0
DA:155,0
DA:156,0
BRF:0
BRH:0
LF:116
LH:0
end_of_record
SF:/mnt/040b9fb6-50c4-4490-87c6-b7dd911435c9/Projects/rust/manga-vault/apps/http/gql/src/objects/favorite_mangas.rs
FN:42,_RNCNCNvMs4_NtNtCs1uU1prdvDfE_7gql_api7objects15favorite_mangasNtB9_13FavoriteManga4user00Bd_
FN:51,_RNCNCNvMs4_NtNtCs1uU1prdvDfE_7gql_api7objects15favorite_mangasNtB9_13FavoriteManga5manga00Bd_
FN:60,_RNCNCNvMs4_NtNtCs1uU1prdvDfE_7gql_api7objects15favorite_mangasNtB9_13FavoriteManga8category00Bd_
FN:64,_RNCNvMs4_NtNtCs1uU1prdvDfE_7gql_api7objects15favorite_mangasNtB7_13FavoriteManga4pack0Bb_
FN:37,_RNCNvMs4_NtNtCs1uU1prdvDfE_7gql_api7objects15favorite_mangasNtB7_13FavoriteManga4user0Bb_
FN:46,_RNCNvMs4_NtNtCs1uU1prdvDfE_7gql_api7objects15favorite_mangasNtB7_13FavoriteManga5manga0Bb_
FN:55,_RNCNvMs4_NtNtCs1uU1prdvDfE_7gql_api7objects15favorite_mangasNtB7_13FavoriteManga8category0Bb_
FN:64,_RNvMs4_NtNtCs1uU1prdvDfE_7gql_api7objects15favorite_mangasNtB5_13FavoriteManga4pack
FN:37,_RNvMs4_NtNtCs1uU1prdvDfE_7gql_api7objects15favorite_mangasNtB5_13FavoriteManga4user
FN:46,_RNvMs4_NtNtCs1uU1prdvDfE_7gql_api7objects15favorite_mangasNtB5_13FavoriteManga5manga
FN:55,_RNvMs4_NtNtCs1uU1prdvDfE_7gql_api7objects15favorite_mangasNtB5_13FavoriteManga8category
FN:24,_RNvXNtNtCs1uU1prdvDfE_7gql_api7objects15favorite_mangasNtB2_13FavoriteMangaINtNtCs9bgXZFP4km6_4core7convert4FromNtNtCs5ffTNelr4nn_17database_entities15favorite_mangas5ModelE4from
FNDA:0,_RNCNCNvMs4_NtNtCs1uU1prdvDfE_7gql_api7objects15favorite_mangasNtB9_13FavoriteManga4user00Bd_
FNDA:0,_RNCNCNvMs4_NtNtCs1uU1prdvDfE_7gql_api7objects15favorite_mangasNtB9_13FavoriteManga5manga00Bd_
FNDA:0,_RNCNCNvMs4_NtNtCs1uU1prdvDfE_7gql_api7objects15favorite_mangasNtB9_13FavoriteManga8category00Bd_
FNDA:0,_RNCNvMs4_NtNtCs1uU1prdvDfE_7gql_api7objects15favorite_mangasNtB7_13FavoriteManga4pack0Bb_
FNDA:0,_RNCNvMs4_NtNtCs1uU1prdvDfE_7gql_api7objects15favorite_mangasNtB7_13FavoriteManga4user0Bb_
FNDA:0,_RNCNvMs4_NtNtCs1uU1prdvDfE_7gql_api7objects15favorite_mangasNtB7_13FavoriteManga5manga0Bb_
FNDA:0,_RNCNvMs4_NtNtCs1uU1prdvDfE_7gql_api7objects15favorite_mangasNtB7_13FavoriteManga8category0Bb_
FNDA:0,_RNvMs4_NtNtCs1uU1prdvDfE_7gql_api7objects15favorite_mangasNtB5_13FavoriteManga4pack
FNDA:0,_RNvMs4_NtNtCs1uU1prdvDfE_7gql_api7objects15favorite_mangasNtB5_13FavoriteManga4user
FNDA:0,_RNvMs4_NtNtCs1uU1prdvDfE_7gql_api7objects15favorite_mangasNtB5_13FavoriteManga5manga
FNDA:0,_RNvMs4_NtNtCs1uU1prdvDfE_7gql_api7objects15favorite_mangasNtB5_13FavoriteManga8category
FNDA:0,_RNvXNtNtCs1uU1prdvDfE_7gql_api7objects15favorite_mangasNtB2_13FavoriteMangaINtNtCs9bgXZFP4km6_4core7convert4FromNtNtCs5ffTNelr4nn_17database_entities15favorite_mangas5ModelE4from
FNF:12
FNH:0
DA:24,0
DA:25,0
DA:26,0
DA:27,0
DA:28,0
DA:29,0
DA:30,0
DA:31,0
DA:32,0
DA:37,0
DA:38,0
DA:39,0
DA:40,0
DA:41,0
DA:42,0
DA:43,0
DA:44,0
DA:46,0
DA:47,0
DA:48,0
DA:49,0
DA:50,0
DA:51,0
DA:52,0
DA:53,0
DA:55,0
DA:56,0
DA:57,0
DA:58,0
DA:59,0
DA:60,0
DA:61,0
DA:62,0
DA:64,0
DA:65,0
DA:67,0
DA:68,0
DA:69,0
DA:70,0
DA:72,0
DA:73,0
DA:74,0
DA:76,0
DA:78,0
DA:79,0
DA:80,0
DA:81,0
DA:82,0
DA:84,0
DA:85,0
BRF:0
BRH:0
LF:57
LH:0
end_of_record
SF:/mnt/040b9fb6-50c4-4490-87c6-b7dd911435c9/Projects/rust/manga-vault/apps/http/gql/src/objects/files.rs
FN:37,_RNCNCNvMs4_NtNtCs1uU1prdvDfE_7gql_api7objects5filesNtB9_4File5owner00Bd_
FN:32,_RNCNvMs4_NtNtCs1uU1prdvDfE_7gql_api7objects5filesNtB7_4File5owner0Bb_
FN:32,_RNvMs4_NtNtCs1uU1prdvDfE_7gql_api7objects5filesNtB5_4File5owner
FN:20,_RNvXNtNtCs1uU1prdvDfE_7gql_api7objects5filesNtB2_4FileINtNtCs9bgXZFP4km6_4core7convert4FromNtNtCs5ffTNelr4nn_17database_entities5files5ModelE4from
FNDA:0,_RNCNCNvMs4_NtNtCs1uU1prdvDfE_7gql_api7objects5filesNtB9_4File5owner00Bd_
FNDA:0,_RNCNvMs4_NtNtCs1uU1prdvDfE_7gql_api7objects5filesNtB7_4File5owner0Bb_
FNDA:0,_RNvMs4_NtNtCs1uU1prdvDfE_7gql_api7objects5filesNtB5_4File5owner
FNDA:0,_RNvXNtNtCs1uU1prdvDfE_7gql_api7objects5filesNtB2_4FileINtNtCs9bgXZFP4km6_4core7convert4FromNtNtCs5ffTNelr4nn_17database_entities5files5ModelE4from
FNF:4
FNH:0
DA:20,0
DA:21,0
DA:22,0
DA:23,0
DA:24,0
DA:25,0
DA:26,0
DA:27,0
DA:32,0
DA:33,0
DA:34,0
DA:35,0
DA:36,0
DA:37,0
DA:38,0
DA:39,0
BRF:0
BRH:0
LF:18
LH:0
end_of_record
SF:/mnt/040b9fb6-50c4-4490-87c6-b7dd911435c9/Projects/rust/manga-vault/apps/http/gql/src/objects/manga_packs.rs
FN:34,_RNCNCNvMsa_NtNtCs1uU1prdvDfE_7gql_api7objects11manga_packsNtB9_9MangaPack4user00Bd_
FN:29,_RNCNvMsa_NtNtCs1uU1prdvDfE_7gql_api7objects11manga_packsNtB7_9MangaPack4user0Bb_
FN:38,_RNCNvMsa_NtNtCs1uU1prdvDfE_7gql_api7objects11manga_packsNtB7_9MangaPack6mangas0Bb_
FN:29,_RNvMsa_NtNtCs1uU1prdvDfE_7gql_api7objects11manga_packsNtB5_9MangaPack4user
FN:38,_RNvMsa_NtNtCs1uU1prdvDfE_7gql_api7objects11manga_packsNtB5_9MangaPack6mangas
FN:57,_RNvXNtNtCs1uU1prdvDfE_7gql_api7objects11manga_packsNtB2_9MangaPackINtNtCs9bgXZFP4km6_4core7convert4FromNtNtCs5ffTNelr4nn_17database_entities11manga_packs5ModelE4from
FN:67,_RNvXs_NtNtCs1uU1prdvDfE_7gql_api7objects11manga_packsNtB4_15MangaPackMemberINtNtCs9bgXZFP4km6_4core7convert4FromNtNtCs5ffTNelr4nn_17database_entities18manga_pack_members5ModelE4from
FNDA:0,_RNCNCNvMsa_NtNtCs1uU1prdvDfE_7gql_api7objects11manga_packsNtB9_9MangaPack4user00Bd_
FNDA:0,_RNCNvMsa_NtNtCs1uU1prdvDfE_7gql_api7objects11manga_packsNtB7_9MangaPack4user0Bb_
FNDA:0,_RNCNvMsa_NtNtCs1uU1prdvDfE_7gql_api7objects11manga_packsNtB7_9MangaPack6mangas0Bb_
FNDA:0,_RNvMsa_NtNtCs1uU1prdvDfE_7gql_api7objects11manga_packsNtB5_9MangaPack4user
FNDA:0,_RNvMsa_NtNtCs1uU1prdvDfE_7gql_api7objects11manga_packsNtB5_9MangaPack6mangas
FNDA:0,_RNvXNtNtCs1uU1prdvDfE_7gql_api7objects11manga_packsNtB2_9MangaPackINtNtCs9bgXZFP4km6_4core7convert4FromNtNtCs5ffTNelr4nn_17database_entities11manga_packs5ModelE4from
FNDA:0,_RNvXs_NtNtCs1uU1prdvDfE_7gql_api7objects11manga_packsNtB4_15MangaPackMemberINtNtCs9bgXZFP4km6_4core7convert4FromNtNtCs5ffTNelr4nn_17database_entities18manga_pack_members5ModelE4from
FNF:7
FNH:0
DA:29,0
DA:30,0
DA:31,0
DA:32,0
DA:33,0
DA:34,0
DA:35,0
DA:36,0
DA:38,0
DA:39,0
DA:40,0
DA:41,0
DA:42,0
DA:43,0
DA:45,0
DA:47,0
DA:48,0
DA:49,0
DA:50,0
DA:52,0
DA:53,0
DA:57,0
DA:58,0
DA:59,0
DA:60,0
DA:61,0
DA:62,0
DA:63,0
DA:67,0
DA:68,0
DA:69,0
DA:70,0
DA:71,0
DA:72,0
DA:73,0
BRF:0
BRH:0
LF:38
LH:0
end_of_record
SF:/mnt/040b9fb6-50c4-4490-87c6-b7dd911435c9/Projects/rust/manga-vault/apps/http/gql/src/objects/mangas.rs
FN:123,_RNCNCNvMs4_NtNtCs1uU1prdvDfE_7gql_api7objects6mangasNtB9_5Manga12scraper_info00Bd_
FN:81,_RNCNCNvMs4_NtNtCs1uU1prdvDfE_7gql_api7objects6mangasNtB9_5Manga18user_read_chapters00Bd_
FN:98,_RNCNCNvMs4_NtNtCs1uU1prdvDfE_7gql_api7objects6mangasNtB9_5Manga25user_read_chapters_amount00Bd_
FN:50,_RNCNCNvXNtNtCs1uU1prdvDfE_7gql_api7objects6mangasNtB6_5MangaINtNtCs9bgXZFP4km6_4core7convert4FromNtNtCs5ffTNelr4nn_17database_entities6mangas5ModelE4froms1_00Ba_
FN:54,_RNCNCNvXNtNtCs1uU1prdvDfE_7gql_api7objects6mangasNtB6_5MangaINtNtCs9bgXZFP4km6_4core7convert4FromNtNtCs5ffTNelr4nn_17database_entities6mangas5ModelE4froms3_00Ba_
FN:47,_RNCNCNvXNtNtCs1uU1prdvDfE_7gql_api7objects6mangasNtB6_5MangaINtNtCs9bgXZFP4km6_4core7convert4FromNtNtCs5ffTNelr4nn_17database_entities6mangas5ModelE4froms_00Ba_
FN:118,_RNCNvMs4_NtNtCs1uU1prdvDfE_7gql_api7objects6mangasNtB7_5Manga12scraper_info0Bb_
FN:109,_RNCNvMs4_NtNtCs1uU1prdvDfE_7gql_api7objects6mangasNtB7_5Manga15chapters_amount0Bb_
FN:77,_RNCNvMs4_NtNtCs1uU1prdvDfE_7gql_api7objects6mangasNtB7_5Manga18user_read_chapters0Bb_
FN:94,_RNCNvMs4_NtNtCs1uU1prdvDfE_7gql_api7objects6mangasNtB7_5Manga25user_read_chapters_amount0Bb_
FN:67,_RNCNvMs4_NtNtCs1uU1prdvDfE_7gql_api7objects6mangasNtB7_5Manga8chapters0Bb_
FN:50,_RNCNvXNtNtCs1uU1prdvDfE_7gql_api7objects6mangasNtB4_5MangaINtNtCs9bgXZFP4km6_4core7convert4FromNtNtCs5ffTNelr4nn_17database_entities6mangas5ModelE4froms1_0B8_
FN:54,_RNCNvXNtNtCs1uU1prdvDfE_7gql_api7objects6mangasNtB4_5MangaINtNtCs9bgXZFP4km6_4core7convert4FromNtNtCs5ffTNelr4nn_17database_entities6mangas5ModelE4froms3_0B8_
FN:47,_RNCNvXNtNtCs1uU1prdvDfE_7gql_api7objects6mangasNtB4_5MangaINtNtCs9bgXZFP4km6_4core7convert4FromNtNtCs5ffTNelr4nn_17database_entities6mangas5ModelE4froms_0B8_
FN:118,_RNvMs4_NtNtCs1uU1prdvDfE_7gql_api7objects6mangasNtB5_5Manga12scraper_info
FN:109,_RNvMs4_NtNtCs1uU1prdvDfE_7gql_api7objects6mangasNtB5_5Manga15chapters_amount
FN:77,_RNvMs4_NtNtCs1uU1prdvDfE_7gql_api7objects6mangasNtB5_5Manga18user_read_chapters
FN:94,_RNvMs4_NtNtCs1uU1prdvDfE_7gql_api7objects6mangasNtB5_5Manga25user_read_chapters_amount
FN:67,_RNvMs4_NtNtCs1uU1prdvDfE_7gql_api7objects6mangasNtB5_5Manga8chapters
FN:36,_RNvXNtNtCs1uU1prdvDfE_7gql_api7objects6mangasNtB2_5MangaINtNtCs9bgXZFP4km6_4core7convert4FromNtNtCs5ffTNelr4nn_17database_entities6mangas5ModelE4from
FNDA:0,_RNCNCNvMs4_NtNtCs1uU1prdvDfE_7gql_api7objects6mangasNtB9_5Manga12scraper_info00Bd_
FNDA:0,_RNCNCNvMs4_NtNtCs1uU1prdvDfE_7gql_api7objects6mangasNtB9_5Manga18user_read_chapters00Bd_
FNDA:0,_RNCNCNvMs4_NtNtCs1uU1prdvDfE_7gql_api7objects6mangasNtB9_5Manga25user_read_chapters_amount00Bd_
FNDA:0,_RNCNCNvXNtNtCs1uU1prdvDfE_7gql_api7objects6mangasNtB6_5MangaINtNtCs9bgXZFP4km6_4core7convert4FromNtNtCs5ffTNelr4nn_17database_entities6mangas5ModelE4froms1_00Ba_
FNDA:0,_RNCNCNvXNtNtCs1uU1prdvDfE_7gql_api7objects6mangasNtB6_5MangaINtNtCs9bgXZFP4km6_4core7convert4FromNtNtCs5ffTNelr4nn_17database_entities6mangas5ModelE4froms3_00Ba_
FNDA:0,_RNCNCNvXNtNtCs1uU1prdvDfE_7gql_api7objects6mangasNtB6_5MangaINtNtCs9bgXZFP4km6_4core7convert4FromNtNtCs5ffTNelr4nn_17database_entities6mangas5ModelE4froms_00Ba_
FNDA:0,_RNCNvMs4_NtNtCs1uU1prdvDfE_7gql_api7objects6mangasNtB7_5Manga12scraper_info0Bb_
FNDA:0,_RNCNvMs4_NtNtCs1uU1prdvDfE_7gql_api7objects6mangasNtB7_5Manga15chapters_amount0Bb_
FNDA:0,_RNCNvMs4_NtNtCs1uU1prdvDfE_7gql_api7objects6mangasNtB7_5Manga18user_read_chapters0Bb_
FNDA:0,_RNCNvMs4_NtNtCs1uU1prdvDfE_7gql_api7objects6mangasNtB7_5Manga25user_read_chapters_amount0Bb_
FNDA:0,_RNCNvMs4_NtNtCs1uU1prdvDfE_7gql_api7objects6mangasNtB7_5Manga8chapters0Bb_
FNDA:0,_RNCNvXNtNtCs1uU1prdvDfE_7gql_api7objects6mangasNtB4_5MangaINtNtCs9bgXZFP4km6_4core7convert4FromNtNtCs5ffTNelr4nn_17database_entities6mangas5ModelE4froms1_0B8_
FNDA:0,_RNCNvXNtNtCs1uU1prdvDfE_7gql_api7objects6mangasNtB4_5MangaINtNtCs9bgXZFP4km6_4core7convert4FromNtNtCs5ffTNelr4nn_17database_entities6mangas5ModelE4froms3_0B8_
FNDA:0,_RNCNvXNtNtCs1uU1prdvDfE_7gql_api7objects6mangasNtB4_5MangaINtNtCs9bgXZFP4km6_4core7convert4FromNtNtCs5ffTNelr4nn_17database_entities6mangas5ModelE4froms_0B8_
FNDA:0,_RNvMs4_NtNtCs1uU1prdvDfE_7gql_api7objects6mangasNtB5_5Manga12scraper_info
FNDA:0,_RNvMs4_NtNtCs1uU1prdvDfE_7gql_api7objects6mangasNtB5_5Manga15chapters_amount
FNDA:0,_RNvMs4_NtNtCs1uU1prdvDfE_7gql_api7objects6mangasNtB5_5Manga18user_read_chapters
FNDA:0,_RNvMs4_NtNtCs1uU1prdvDfE_7gql_api7objects6mangasNtB5_5Manga25user_read_chapters_amount
FNDA:0,_RNvMs4_NtNtCs1uU1prdvDfE_7gql_api7objects6mangasNtB5_5Manga8chapters
FNDA:0,_RNvXNtNtCs1uU1prdvDfE_7gql_api7objects6mangasNtB2_5MangaINtNtCs9bgXZFP4km6_4core7convert4FromNtNtCs5ffTNelr4nn_17database_entities6mangas5ModelE4from
FNF:20
FNH:0
DA:36,0
DA:38,0
DA:39,0
DA:40,0
DA:41,0
DA:42,0
DA:43,0
DA:44,0
DA:45,0
DA:46,0
DA:47,0
DA:48,0
DA:50,0
DA:52,0
DA:54,0
DA:56,0
DA:57,0
DA:58,0
DA:59,0
DA:60,0
DA:62,0
DA:67,0
DA:68,0
DA:69,0
DA:70,0
DA:71,0
DA:72,0
DA:73,0
DA:74,0
DA:75,0
DA:77,0
DA:78,0
DA:79,0
DA:80,0
DA:81,0
DA:82,0
DA:84,0
DA:85,0
DA:86,0
DA:87,0
DA:88,0
DA:89,0
DA:91,0
DA:92,0
DA:94,0
DA:95,0
DA:96,0
DA:97,0
DA:98,0
DA:99,0
DA:101,0
DA:102,0
DA:103,0
DA:104,0
DA:105,0
DA:106,0
DA:107,0
DA:109,0
DA:110,0
DA:111,0
DA:112,0
DA:113,0
DA:114,0
DA:115,0
DA:116,0
DA:118,0
DA:119,0
DA:120,0
DA:121,0
DA:122,0
DA:123,0
DA:125,0
DA:126,0
BRF:0
BRH:0
LF:85
LH:0
end_of_record
SF:/mnt/040b9fb6-50c4-4490-87c6-b7dd911435c9/Projects/rust/manga-vault/apps/http/gql/src/objects/read_chapters.rs
FN:38,_RNCNCNvMs4_NtNtCs1uU1prdvDfE_7gql_api7objects13read_chaptersNtB9_11ReadChapter4user00Bd_
FN:58,_RNCNCNvMs4_NtNtCs1uU1prdvDfE_7gql_api7objects13read_chaptersNtB9_11ReadChapter5manga00Bd_
FN:48,_RNCNCNvMs4_NtNtCs1uU1prdvDfE_7gql_api7objects13read_chaptersNtB9_11ReadChapter7chapter00Bd_
FN:33,_RNCNvMs4_NtNtCs1uU1prdvDfE_7gql_api7objects13read_chaptersNtB7_11ReadChapter4user0Bb_
FN:53,_RNCNvMs4_NtNtCs1uU1prdvDfE_7gql_api7objects13read_chaptersNtB7_11ReadChapter5manga0Bb_
FN:43,_RNCNvMs4_NtNtCs1uU1prdvDfE_7gql_api7objects13read_chaptersNtB7_11ReadChapter7chapter0Bb_
FN:33,_RNvMs4_NtNtCs1uU1prdvDfE_7gql_api7objects13read_chaptersNtB5_11ReadChapter4user
FN:53,_RNvMs4_NtNtCs1uU1prdvDfE_7gql_api7objects13read_chaptersNtB5_11ReadChapter5manga
FN:43,_RNvMs4_NtNtCs1uU1prdvDfE_7gql_api7objects13read_chaptersNtB5_11ReadChapter7chapter
FN:20,_RNvXNtNtCs1uU1prdvDfE_7gql_api7objects13read_chaptersNtB2_11ReadChapterINtNtCs9bgXZFP4km6_4core7convert4FromNtNtCs5ffTNelr4nn_17database_entities13read_chapters5ModelE4from
FNDA:0,_RNCNCNvMs4_NtNtCs1uU1prdvDfE_7gql_api7objects13read_chaptersNtB9_11ReadChapter4user00Bd_
FNDA:0,_RNCNCNvMs4_NtNtCs1uU1prdvDfE_7gql_api7objects13read_chaptersNtB9_11ReadChapter5manga00Bd_
FNDA:0,_RNCNCNvMs4_NtNtCs1uU1prdvDfE_7gql_api7objects13read_chaptersNtB9_11ReadChapter7chapter00Bd_
FNDA:0,_RNCNvMs4_NtNtCs1uU1prdvDfE_7gql_api7objects13read_chaptersNtB7_11ReadChapter4user0Bb_
FNDA:0,_RNCNvMs4_NtNtCs1uU1prdvDfE_7gql_api7objects13read_chaptersNtB7_11ReadChapter5manga0Bb_
FNDA:0,_RNCNvMs4_NtNtCs1uU1prdvDfE_7gql_api7objects13read_chaptersNtB7_11ReadChapter7chapter0Bb_
FNDA:0,_RNvMs4_NtNtCs1uU1prdvDfE_7gql_api7objects13read_chaptersNtB5_11ReadChapter4user
FNDA:0,_RNvMs4_NtNtCs1uU1prdvDfE_7gql_api7objects13read_chaptersNtB5_11ReadChapter5manga
FNDA:0,_RNvMs4_NtNtCs1uU1prdvDfE_7gql_api7objects13read_chaptersNtB5_11ReadChapter7chapter
FNDA:0,_RNvXNtNtCs1uU1prdvDfE_7gql_api7objects13read_chaptersNtB2_11ReadChapterINtNtCs9bgXZFP4km6_4core7convert4FromNtNtCs5ffTNelr4nn_17database_entities13read_chapters5ModelE4from
FNF:10
FNH:0
DA:20,0
DA:21,0
DA:22,0
DA:23,0
DA:24,0
DA:25,0
DA:26,0
DA:27,0
DA:28,0
DA:33,0
DA:34,0
DA:35,0
DA:36,0
DA:37,0
DA:38,0
DA:40,0
DA:41,0
DA:43,0
DA:44,0
DA:45,0
DA:46,0
DA:47,0
DA:48,0
DA:50,0
DA:51,0
DA:53,0
DA:54,0
DA:55,0
DA:56,0
DA:57,0
DA:58,0
DA:60,0
DA:61,0
BRF:0
BRH:0
LF:39
LH:0
end_of_record
SF:/mnt/040b9fb6-50c4-4490-87c6-b7dd911435c9/Projects/rust/manga-vault/apps/http/gql/src/objects/scraper.rs
FN:16,_RNCNvMNtNtCs1uU1prdvDfE_7gql_api7objects7scraperNtB4_7Scraper11from_plugin0B8_
FN:16,_RNvMNtNtCs1uU1prdvDfE_7gql_api7objects7scraperNtB2_7Scraper11from_plugin
FNDA:0,_RNCNvMNtNtCs1uU1prdvDfE_7gql_api7objects7scraperNtB4_7Scraper11from_plugin0B8_
FNDA:0,_RNvMNtNtCs1uU1prdvDfE_7gql_api7objects7scraperNtB2_7Scraper11from_plugin
FNF:2
FNH:0
DA:16,0
DA:17,0
DA:19,0
DA:20,0
DA:21,0
DA:22,0
DA:23,0
DA:24,0
DA:25,0
BRF:0
BRH:0
LF:10
LH:0
end_of_record
SF:/mnt/040b9fb6-50c4-4490-87c6-b7dd911435c9/Projects/rust/manga-vault/apps/http/gql/src/objects/temp.rs
FN:14,_RNvXNtNtCs1uU1prdvDfE_7gql_api7objects4tempNtB2_4TempINtNtCs9bgXZFP4km6_4core7convert4FromNtNtCs5ffTNelr4nn_17database_entities4temp5ModelE4from
FNDA:0,_RNvXNtNtCs1uU1prdvDfE_7gql_api7objects4tempNtB2_4TempINtNtCs9bgXZFP4km6_4core7convert4FromNtNtCs5ffTNelr4nn_17database_entities4temp5ModelE4from
FNF:1
FNH:0
DA:14,0
DA:15,0
DA:16,0
DA:17,0
DA:18,0
DA:19,0
DA:20,0
DA:21,0
BRF:0
BRH:0
LF:8
LH:0
end_of_record
SF:/mnt/040b9fb6-50c4-4490-87c6-b7dd911435c9/Projects/rust/manga-vault/apps/http/gql/src/objects/users.rs
FN:71,_RNCNCNvMs8_NtNtCs1uU1prdvDfE_7gql_api7objects5usersNtB9_4User19image_from_image_id00Bd_
FN:65,_RNCNvMs8_NtNtCs1uU1prdvDfE_7gql_api7objects5usersNtB7_4User19image_from_image_id0Bb_
FN:65,_RNvMs8_NtNtCs1uU1prdvDfE_7gql_api7objects5usersNtB5_4User19image_from_image_id
FN:21,_RNvXNtNtCs1uU1prdvDfE_7gql_api7objects5usersNtB2_7RawUserINtNtCs9bgXZFP4km6_4core7convert4FromNtNtCs5ffTNelr4nn_17database_entities5users5ModelE4from
FN:53,_RNvXs0_NtNtCs1uU1prdvDfE_7gql_api7objects5usersNtB5_4UserINtNtCs9bgXZFP4km6_4core7convert4FromNtB5_7RawUserE4from
FN:42,_RNvXs_NtNtCs1uU1prdvDfE_7gql_api7objects5usersNtB4_4UserINtNtCs9bgXZFP4km6_4core7convert4FromNtNtCs5ffTNelr4nn_17database_entities5users5ModelE4from
FNDA:0,_RNCNCNvMs8_NtNtCs1uU1prdvDfE_7gql_api7objects5usersNtB9_4User19image_from_image_id00Bd_
FNDA:0,_RNCNvMs8_NtNtCs1uU1prdvDfE_7gql_api7objects5usersNtB7_4User19image_from_image_id0Bb_
FNDA:0,_RNvMs8_NtNtCs1uU1prdvDfE_7gql_api7objects5usersNtB5_4User19image_from_image_id
FNDA:0,_RNvXNtNtCs1uU1prdvDfE_7gql_api7objects5usersNtB2_7RawUserINtNtCs9bgXZFP4km6_4core7convert4FromNtNtCs5ffTNelr4nn_17database_entities5users5ModelE4from
FNDA:0,_RNvXs0_NtNtCs1uU1prdvDfE_7gql_api7objects5usersNtB5_4UserINtNtCs9bgXZFP4km6_4core7convert4FromNtB5_7RawUserE4from
FNDA:0,_RNvXs_NtNtCs1uU1prdvDfE_7gql_api7objects5usersNtB4_4UserINtNtCs9bgXZFP4km6_4core7convert4FromNtNtCs5ffTNelr4nn_17database_entities5users5ModelE4from
FNF:6
FNH:0
DA:21,0
DA:22,0
DA:23,0
DA:24,0
DA:25,0
DA:26,0
DA:27,0
DA:28,0
DA:29,0
DA:42,0
DA:43,0
DA:44,0
DA:45,0
DA:46,0
DA:47,0
DA:48,0
DA:49,0
DA:53,0
DA:54,0
DA:55,0
DA:56,0
DA:57,0
DA:58,0
DA:59,0
DA:60,0
DA:65,0
DA:66,0
DA:67,0
DA:68,0
DA:69,0
DA:70,0
DA:71,0
DA:72,0
DA:74,0
DA:76,0
BRF:0
BRH:0
LF:37
LH:0
end_of_record
SF:/mnt/040b9fb6-50c4-4490-87c6-b7dd911435c9/Projects/rust/manga-vault/apps/http/gql/src/queries/category.rs
FN:25,_RNCNCNvMs_NtNtCs1uU1prdvDfE_7gql_api7queries8categoryNtB8_13CategoryQuery15user_categories00Bc_
FN:21,_RNCNvMs_NtNtCs1uU1prdvDfE_7gql_api7queries8categoryNtB6_13CategoryQuery15user_categories0Ba_
FN:15,_RNCNvMs_NtNtCs1uU1prdvDfE_7gql_api7queries8categoryNtB6_13CategoryQuery8category0Ba_
FN:21,_RNvMs_NtNtCs1uU1prdvDfE_7gql_api7queries8categoryNtB4_13CategoryQuery15user_categories
FN:15,_RNvMs_NtNtCs1uU1prdvDfE_7gql_api7queries8categoryNtB4_13CategoryQuery8category
FNDA:0,_RNCNCNvMs_NtNtCs1uU1prdvDfE_7gql_api7queries8categoryNtB8_13CategoryQuery15user_categories00Bc_
FNDA:0,_RNCNvMs_NtNtCs1uU1prdvDfE_7gql_api7queries8categoryNtB6_13CategoryQuery15user_categories0Ba_
FNDA:0,_RNCNvMs_NtNtCs1uU1prdvDfE_7gql_api7queries8categoryNtB6_13CategoryQuery8category0Ba_
FNDA:0,_RNvMs_NtNtCs1uU1prdvDfE_7gql_api7queries8categoryNtB4_13CategoryQuery15user_categories
FNDA:0,_RNvMs_NtNtCs1uU1prdvDfE_7gql_api7queries8categoryNtB4_13CategoryQuery8category
FNF:5
FNH:0
DA:15,0
DA:16,0
DA:17,0
DA:18,0
DA:19,0
DA:21,0
DA:22,0
DA:23,0
DA:24,0
DA:25,0
DA:26,0
DA:27,0
DA:28,0
DA:29,0
DA:30,0
DA:31,0
DA:32,0
BRF:0
BRH:0
LF:20
LH:0
end_of_record
SF:/mnt/040b9fb6-50c4-4490-87c6-b7dd911435c9/Projects/rust/manga-vault/apps/http/gql/src/queries/chapter.rs
FN:27,_RNCNvMs_NtNtCs1uU1prdvDfE_7gql_api7queries7chapterNtB6_12ChapterQuery17chapters_by_manga0Ba_
FN:15,_RNCNvMs_NtNtCs1uU1prdvDfE_7gql_api7queries7chapterNtB6_12ChapterQuery7chapter0Ba_
FN:21,_RNvMs_NtNtCs1uU1prdvDfE_7gql_api7queries7chapterNtB4_12ChapterQuery17chapters_by_manga
FN:15,_RNvMs_NtNtCs1uU1prdvDfE_7gql_api7queries7chapterNtB4_12ChapterQuery7chapter
FNDA:0,_RNCNvMs_NtNtCs1uU1prdvDfE_7gql_api7queries7chapterNtB6_12ChapterQuery17chapters_by_manga0Ba_
FNDA:0,_RNCNvMs_NtNtCs1uU1prdvDfE_7gql_api7queries7chapterNtB6_12ChapterQuery7chapter0Ba_
FNDA:0,_RNvMs_NtNtCs1uU1prdvDfE_7gql_api7queries7chapterNtB4_12ChapterQuery17chapters_by_manga
FNDA:0,_RNvMs_NtNtCs1uU1prdvDfE_7gql_api7queries7chapterNtB4_12ChapterQuery7chapter
FNF:4
FNH:0
DA:15,0
DA:16,0
DA:17,0
DA:18,0
DA:19,0
DA:21,0
DA:22,0
DA:23,0
DA:24,0
DA:25,0
DA:26,0
DA:27,0
DA:28,0
DA:29,0
DA:30,0
DA:32,0
DA:33,0
DA:34,0
DA:35,0
DA:36,0
DA:37,0
DA:39,0
DA:40,0
BRF:0
BRH:0
LF:25
LH:0
end_of_record
SF:/mnt/040b9fb6-50c4-4490-87c6-b7dd911435c9/Projects/rust/manga-vault/apps/http/gql/src/queries/favorite_manga.rs
FN:63,_RNCNCNvMs_NtNtCs1uU1prdvDfE_7gql_api7queries14favorite_mangaNtB8_18FavoriteMangaQuery16is_user_favorite00Bc_
FN:42,_RNCNCNvMs_NtNtCs1uU1prdvDfE_7gql_api7queries14favorite_mangaNtB8_18FavoriteMangaQuery20user_favorite_mangas00Bc_
FN:27,_RNCNCNvMs_NtNtCs1uU1prdvDfE_7gql_api7queries14favorite_mangaNtB8_18FavoriteMangaQuery26favorite_manga_by_manga_id00Bc_
FN:15,_RNCNvMs_NtNtCs1uU1prdvDfE_7gql_api7queries14favorite_mangaNtB6_18FavoriteMangaQuery14favorite_manga0Ba_
FN:59,_RNCNvMs_NtNtCs1uU1prdvDfE_7gql_api7queries14favorite_mangaNtB6_18FavoriteMangaQuery16is_user_favorite0Ba_
FN:38,_RNCNvMs_NtNtCs1uU1prdvDfE_7gql_api7queries14favorite_mangaNtB6_18FavoriteMangaQuery20user_favorite_mangas0Ba_
FN:23,_RNCNvMs_NtNtCs1uU1prdvDfE_7gql_api7queries14favorite_mangaNtB6_18FavoriteMangaQuery26favorite_manga_by_manga_id0Ba_
FN:15,_RNvMs_NtNtCs1uU1prdvDfE_7gql_api7queries14favorite_mangaNtB4_18FavoriteMangaQuery14favorite_manga
FN:59,_RNvMs_NtNtCs1uU1prdvDfE_7gql_api7queries14favorite_mangaNtB4_18FavoriteMangaQuery16is_user_favorite
FN:38,_RNvMs_NtNtCs1uU1prdvDfE_7gql_api7queries14favorite_mangaNtB4_18FavoriteMangaQuery20user_favorite_mangas
FN:23,_RNvMs_NtNtCs1uU1prdvDfE_7gql_api7queries14favorite_mangaNtB4_18FavoriteMangaQuery26favorite_manga_by_manga_id
FNDA:0,_RNCNCNvMs_NtNtCs1uU1prdvDfE_7gql_api7queries14favorite_mangaNtB8_18FavoriteMangaQuery16is_user_favorite00Bc_
FNDA:0,_RNCNCNvMs_NtNtCs1uU1prdvDfE_7gql_api7queries14favorite_mangaNtB8_18FavoriteMangaQuery20user_favorite_mangas00Bc_
FNDA:0,_RNCNCNvMs_NtNtCs1uU1prdvDfE_7gql_api7queries14favorite_mangaNtB8_18FavoriteMangaQuery26favorite_manga_by_manga_id00Bc_
FNDA:0,_RNCNvMs_NtNtCs1uU1prdvDfE_7gql_api7queries14favorite_mangaNtB6_18FavoriteMangaQuery14favorite_manga0Ba_
FNDA:0,_RNCNvMs_NtNtCs1uU1prdvDfE_7gql_api7queries14favorite_mangaNtB6_18FavoriteMangaQuery16is_user_favorite0Ba_
FNDA:0,_RNCNvMs_NtNtCs1uU1prdvDfE_7gql_api7queries14favorite_mangaNtB6_18FavoriteMangaQuery20user_favorite_mangas0Ba_
FNDA:0,_RNCNvMs_NtNtCs1uU1prdvDfE_7gql_api7queries14favorite_mangaNtB6_18FavoriteMangaQuery26favorite_manga_by_manga_id0Ba_
FNDA:0,_RNvMs_NtNtCs1uU1prdvDfE_7gql_api7queries14favorite_mangaNtB4_18FavoriteMangaQuery14favorite_manga
FNDA:0,_RNvMs_NtNtCs1uU1prdvDfE_7gql_api7queries14favorite_mangaNtB4_18FavoriteMangaQuery16is_user_favorite
FNDA:0,_RNvMs_NtNtCs1uU1prdvDfE_7gql_api7queries14favorite_mangaNtB4_18FavoriteMangaQuery20user_favorite_mangas
FNDA:0,_RNvMs_NtNtCs1uU1prdvDfE_7gql_api7queries14favorite_mangaNtB4_18FavoriteMangaQuery26favorite_manga_by_manga_id
FNF:11
FNH:0
DA:15,0
DA:16,0
DA:17,0
DA:18,0
DA:19,0
DA:20,0
DA:21,0
DA:23,0
DA:24,0
DA:25,0
DA:26,0
DA:27,0
DA:28,0
DA:30,0
DA:31,0
DA:32,0
DA:33,0
DA:34,0
DA:35,0
DA:36,0
DA:38,0
DA:39,0
DA:40,0
DA:41,0
DA:42,0
DA:43,0
DA:44,0
DA:45,0
DA:47,0
DA:48,0
DA:49,0
DA:51,0
DA:52,0
DA:53,0
DA:54,0
DA:56,0
DA:57,0
DA:59,0
DA:60,0
DA:61,0
DA:62,0
DA:63,0
DA:64,0
DA:66,0
DA:67,0
DA:68,0
DA:69,0
DA:70,0
DA:72,0
DA:73,0
BRF:0
BRH:0
LF:57
LH:0
end_of_record
SF:/mnt/040b9fb6-50c4-4490-87c6-b7dd911435c9/Projects/rust/manga-vault/apps/http/gql/src/queries/file.rs
FN:20,_RNCNCNvMs_NtNtCs1uU1prdvDfE_7gql_api7queries4fileNtB8_9FileQuery5files00Bc_
FN:15,_RNCNvMs_NtNtCs1uU1prdvDfE_7gql_api7queries4fileNtB6_9FileQuery5files0Ba_
FN:15,_RNvMs_NtNtCs1uU1prdvDfE_7gql_api7queries4fileNtB4_9FileQuery5files
FNDA:0,_RNCNCNvMs_NtNtCs1uU1prdvDfE_7gql_api7queries4fileNtB8_9FileQuery5files00Bc_
FNDA:0,_RNCNvMs_NtNtCs1uU1prdvDfE_7gql_api7queries4fileNtB6_9FileQuery5files0Ba_
FNDA:0,_RNvMs_NtNtCs1uU1prdvDfE_7gql_api7queries4fileNtB4_9FileQuery5files
FNF:3
FNH:0
DA:15,0
DA:16,0
DA:17,0
DA:18,0
DA:19,0
DA:20,0
DA:22,0
DA:23,0
DA:24,0
DA:25,0
DA:27,0
DA:28,0
BRF:0
BRH:0
LF:14
LH:0
end_of_record
SF:/mnt/040b9fb6-50c4-4490-87c6-b7dd911435c9/Projects/rust/manga-vault/apps/http/gql/src/queries/manga.rs
FN:50,_RNCNCNvMNtNtCs1uU1prdvDfE_7gql_api7queries5mangaNtB6_10MangaQuery11get_scraper00Ba_
FN:65,_RNCNCNvMNtNtCs1uU1prdvDfE_7gql_api7queries5mangaNtB6_10MangaQuery23scrape_and_update_manga00Ba_
FN:93,_RNCNCNvMNtNtCs1uU1prdvDfE_7gql_api7queries5mangaNtB6_10MangaQuery23scrape_and_update_manga0s0_0Ba_
FN:98,_RNCNCNvMNtNtCs1uU1prdvDfE_7gql_api7queries5mangaNtB6_10MangaQuery23scrape_and_update_manga0s1_0Ba_
FN:100,_RNCNCNvMNtNtCs1uU1prdvDfE_7gql_api7queries5mangaNtB6_10MangaQuery23scrape_and_update_manga0s2_0Ba_
FN:85,_RNCNCNvMNtNtCs1uU1prdvDfE_7gql_api7queries5mangaNtB6_10MangaQuery23scrape_and_update_manga0s_0Ba_
FN:46,_RNCNvMNtNtCs1uU1prdvDfE_7gql_api7queries5mangaNtB4_10MangaQuery11get_scraper0B8_
FN:57,_RNCNvMNtNtCs1uU1prdvDfE_7gql_api7queries5mangaNtB4_10MangaQuery23scrape_and_update_manga0B8_
FN:34,_RNCNvMs0_NtNtCs1uU1prdvDfE_7gql_api7queries5mangaNtB7_10MangaQuery13mangas_by_ids0Bb_
FN:16,_RNCNvMs0_NtNtCs1uU1prdvDfE_7gql_api7queries5mangaNtB7_10MangaQuery5manga0Bb_
FN:46,_RNvMNtNtCs1uU1prdvDfE_7gql_api7queries5mangaNtB2_10MangaQuery11get_scraper
FN:53,_RNvMNtNtCs1uU1prdvDfE_7gql_api7queries5mangaNtB2_10MangaQuery23scrape_and_update_manga
FN:34,_RNvMs0_NtNtCs1uU1prdvDfE_7gql_api7queries5mangaNtB5_10MangaQuery13mangas_by_ids
FN:16,_RNvMs0_NtNtCs1uU1prdvDfE_7gql_api7queries5mangaNtB5_10MangaQuery5manga
FNDA:0,_RNCNCNvMNtNtCs1uU1prdvDfE_7gql_api7queries5mangaNtB6_10MangaQuery11get_scraper00Ba_
FNDA:0,_RNCNCNvMNtNtCs1uU1prdvDfE_7gql_api7queries5mangaNtB6_10MangaQuery23scrape_and_update_manga00Ba_
FNDA:0,_RNCNCNvMNtNtCs1uU1prdvDfE_7gql_api7queries5mangaNtB6_10MangaQuery23scrape_and_update_manga0s0_0Ba_
FNDA:0,_RNCNCNvMNtNtCs1uU1prdvDfE_7gql_api7queries5mangaNtB6_10MangaQuery23scrape_and_update_manga0s1_0Ba_
FNDA:0,_RNCNCNvMNtNtCs1uU1prdvDfE_7gql_api7queries5mangaNtB6_10MangaQuery23scrape_and_update_manga0s2_0Ba_
FNDA:0,_RNCNCNvMNtNtCs1uU1prdvDfE_7gql_api7queries5mangaNtB6_10MangaQuery23scrape_and_update_manga0s_0Ba_
FNDA:0,_RNCNvMNtNtCs1uU1prdvDfE_7gql_api7queries5mangaNtB4_10MangaQuery11get_scraper0B8_
FNDA:0,_RNCNvMNtNtCs1uU1prdvDfE_7gql_api7queries5mangaNtB4_10MangaQuery23scrape_and_update_manga0B8_
FNDA:0,_RNCNvMs0_NtNtCs1uU1prdvDfE_7gql_api7queries5mangaNtB7_10MangaQuery13mangas_by_ids0Bb_
FNDA:0,_RNCNvMs0_NtNtCs1uU1prdvDfE_7gql_api7queries5mangaNtB7_10MangaQuery5manga0Bb_
FNDA:0,_RNvMNtNtCs1uU1prdvDfE_7gql_api7queries5mangaNtB2_10MangaQuery11get_scraper
FNDA:0,_RNvMNtNtCs1uU1prdvDfE_7gql_api7queries5mangaNtB2_10MangaQuery23scrape_and_update_manga
FNDA:0,_RNvMs0_NtNtCs1uU1prdvDfE_7gql_api7queries5mangaNtB5_10MangaQuery13mangas_by_ids
FNDA:0,_RNvMs0_NtNtCs1uU1prdvDfE_7gql_api7queries5mangaNtB5_10MangaQuery5manga
FNF:14
FNH:0
DA:16,0
DA:17,0
DA:18,0
DA:20,0
DA:21,0
DA:22,0
DA:23,0
DA:24,0
DA:25,0
DA:26,0
DA:27,0
DA:28,0
DA:30,0
DA:32,0
DA:34,0
DA:35,0
DA:36,0
DA:37,0
DA:38,0
DA:39,0
DA:41,0
DA:42,0
DA:46,0
DA:47,0
DA:48,0
DA:49,0
DA:50,0
DA:51,0
DA:53,0
DA:54,0
DA:55,0
DA:56,0
DA:57,0
DA:58,0
DA:59,0
DA:60,0
DA:62,0
DA:63,0
DA:64,0
DA:65,0
DA:66,0
DA:68,0
DA:70,0
DA:71,0
DA:72,0
DA:73,0
DA:74,0
DA:75,0
DA:76,0
DA:77,0
DA:78,0
DA:79,0
DA:80,0
DA:81,0
DA:83,0
DA:85,0
DA:87,0
DA:88,0
DA:89,0
DA:90,0
DA:91,0
DA:93,0
DA:95,0
DA:96,0
DA:97,0
DA:98,0
DA:99,0
DA:100,0
DA:101,0
DA:102,0
DA:103,0
DA:104,0
DA:105,0
DA:106,0
DA:107,0
DA:108,0
DA:110,0
DA:111,0
DA:112,0
DA:113,0
DA:114,0
DA:116,0
DA:117,0
BRF:0
BRH:0
LF:92
LH:0
end_of_record
SF:/mnt/040b9fb6-50c4-4490-87c6-b7dd911435c9/Projects/rust/manga-vault/apps/http/gql/src/queries/manga_pack.rs
FN:25,_RNCNCNvMs_NtNtCs1uU1prdvDfE_7gql_api7queries10manga_packNtB8_14MangaPackQuery16user_manga_packs00Bc_
FN:15,_RNCNvMs_NtNtCs1uU1prdvDfE_7gql_api7queries10manga_packNtB6_14MangaPackQuery10manga_pack0Ba_
FN:21,_RNCNvMs_NtNtCs1uU1prdvDfE_7gql_api7queries10manga_packNtB6_14MangaPackQuery16user_manga_packs0Ba_
FN:15,_RNvMs_NtNtCs1uU1prdvDfE_7gql_api7queries10manga_packNtB4_14MangaPackQuery10manga_pack
FN:21,_RNvMs_NtNtCs1uU1prdvDfE_7gql_api7queries10manga_packNtB4_14MangaPackQuery16user_manga_packs
FNDA:0,_RNCNCNvMs_NtNtCs1uU1prdvDfE_7gql_api7queries10manga_packNtB8_14MangaPackQuery16user_manga_packs00Bc_
FNDA:0,_RNCNvMs_NtNtCs1uU1prdvDfE_7gql_api7queries10manga_packNtB6_14MangaPackQuery10manga_pack0Ba_
FNDA:0,_RNCNvMs_NtNtCs1uU1prdvDfE_7gql_api7queries10manga_packNtB6_14MangaPackQuery16user_manga_packs0Ba_
FNDA:0,_RNvMs_NtNtCs1uU1prdvDfE_7gql_api7queries10manga_packNtB4_14MangaPackQuery10manga_pack
FNDA:0,_RNvMs_NtNtCs1uU1prdvDfE_7gql_api7queries10manga_packNtB4_14MangaPackQuery16user_manga_packs
FNF:5
FNH:0
DA:15,0
DA:16,0
DA:17,0
DA:18,0
DA:19,0
DA:21,0
DA:22,0
DA:23,0
DA:24,0
DA:25,0
DA:26,0
DA:27,0
DA:28,0
DA:29,0
DA:30,0
DA:31,0
DA:32,0
BRF:0
BRH:0
LF:20
LH:0
end_of_record
SF:/mnt/040b9fb6-50c4-4490-87c6-b7dd911435c9/Projects/rust/manga-vault/apps/http/gql/src/queries/read_chapter.rs
FN:25,_RNCNCNvMs_NtNtCs1uU1prdvDfE_7gql_api7queries12read_chapterNtB8_16ReadChapterQuery27user_read_chapters_by_manga00Bc_
FN:15,_RNCNvMs_NtNtCs1uU1prdvDfE_7gql_api7queries12read_chapterNtB6_16ReadChapterQuery12read_chapter0Ba_
FN:21,_RNCNvMs_NtNtCs1uU1prdvDfE_7gql_api7queries12read_chapterNtB6_16ReadChapterQuery27user_read_chapters_by_manga0Ba_
FN:15,_RNvMs_NtNtCs1uU1prdvDfE_7gql_api7queries12read_chapterNtB4_16ReadChapterQuery12read_chapter
FN:21,_RNvMs_NtNtCs1uU1prdvDfE_7gql_api7queries12read_chapterNtB4_16ReadChapterQuery27user_read_chapters_by_manga
FNDA:0,_RNCNCNvMs_NtNtCs1uU1prdvDfE_7gql_api7queries12read_chapterNtB8_16ReadChapterQuery27user_read_chapters_by_manga00Bc_
FNDA:0,_RNCNvMs_NtNtCs1uU1prdvDfE_7gql_api7queries12read_chapterNtB6_16ReadChapterQuery12read_chapter0Ba_
FNDA:0,_RNCNvMs_NtNtCs1uU1prdvDfE_7gql_api7queries12read_chapterNtB6_16ReadChapterQuery27user_read_chapters_by_manga0Ba_
FNDA:0,_RNvMs_NtNtCs1uU1prdvDfE_7gql_api7queries12read_chapterNtB4_16ReadChapterQuery12read_chapter
FNDA:0,_RNvMs_NtNtCs1uU1prdvDfE_7gql_api7queries12read_chapterNtB4_16ReadChapterQuery27user_read_chapters_by_manga
FNF:5
FNH:0
DA:15,0
DA:16,0
DA:17,0
DA:18,0
DA:19,0
DA:21,0
DA:22,0
DA:23,0
DA:24,0
DA:25,0
DA:26,0
DA:27,0
DA:28,0
DA:30,0
DA:31,0
DA:32,0
DA:34,0
DA:35,0
DA:36,0
DA:37,0
DA:39,0
DA:40,0
BRF:0
BRH:0
LF:25
LH:0
end_of_record
SF:/mnt/040b9fb6-50c4-4490-87c6-b7dd911435c9/Projects/rust/manga-vault/apps/http/gql/src/queries/scraping.rs
FN:154,_RNCNCNvMNtNtCs1uU1prdvDfE_7gql_api7queries8scrapingNtB6_13ScrapingQuery11get_scraper00Ba_
FN:163,_RNCNCNvMNtNtCs1uU1prdvDfE_7gql_api7queries8scrapingNtB6_13ScrapingQuery14process_mangas00Ba_
FN:172,_RNCNCNvMNtNtCs1uU1prdvDfE_7gql_api7queries8scrapingNtB6_13ScrapingQuery14process_mangas0s_0Ba_
FN:85,_RNCNCNvMs0_NtNtCs1uU1prdvDfE_7gql_api7queries8scrapingNtB9_13ScrapingQuery13scrape_latest0s0_0Bd_
FN:74,_RNCNCNvMs0_NtNtCs1uU1prdvDfE_7gql_api7queries8scrapingNtB9_13ScrapingQuery13scrape_latest0s_0Bd_
FN:122,_RNCNCNvMs0_NtNtCs1uU1prdvDfE_7gql_api7queries8scrapingNtB9_13ScrapingQuery15scrape_trending0s0_0Bd_
FN:111,_RNCNCNvMs0_NtNtCs1uU1prdvDfE_7gql_api7queries8scrapingNtB9_13ScrapingQuery15scrape_trending0s_0Bd_
FN:48,_RNCNCNvMs0_NtNtCs1uU1prdvDfE_7gql_api7queries8scrapingNtB9_13ScrapingQuery6search0s0_0Bd_
FN:37,_RNCNCNvMs0_NtNtCs1uU1prdvDfE_7gql_api7queries8scrapingNtB9_13ScrapingQuery6search0s_0Bd_
FN:150,_RNCNvMNtNtCs1uU1prdvDfE_7gql_api7queries8scrapingNtB4_13ScrapingQuery11get_scraper0B8_
FN:162,_RNCNvMNtNtCs1uU1prdvDfE_7gql_api7queries8scrapingNtB4_13ScrapingQuery14process_mangas0B8_
FN:58,_RNCNvMs0_NtNtCs1uU1prdvDfE_7gql_api7queries8scrapingNtB7_13ScrapingQuery13scrape_latest0Bb_
FN:95,_RNCNvMs0_NtNtCs1uU1prdvDfE_7gql_api7queries8scrapingNtB7_13ScrapingQuery15scrape_trending0Bb_
FN:17,_RNCNvMs0_NtNtCs1uU1prdvDfE_7gql_api7queries8scrapingNtB7_13ScrapingQuery6search0Bb_
FN:142,_RNCNvMs0_NtNtCs1uU1prdvDfE_7gql_api7queries8scrapingNtB7_13ScrapingQuery7scraper0Bb_
FN:132,_RNCNvMs0_NtNtCs1uU1prdvDfE_7gql_api7queries8scrapingNtB7_13ScrapingQuery8scrapers0Bb_
FN:150,_RNvMNtNtCs1uU1prdvDfE_7gql_api7queries8scrapingNtB2_13ScrapingQuery11get_scraper
FN:157,_RNvMNtNtCs1uU1prdvDfE_7gql_api7queries8scrapingNtB2_13ScrapingQuery14process_mangas
FN:58,_RNvMs0_NtNtCs1uU1prdvDfE_7gql_api7queries8scrapingNtB5_13ScrapingQuery13scrape_latest
FN:95,_RNvMs0_NtNtCs1uU1prdvDfE_7gql_api7queries8scrapingNtB5_13ScrapingQuery15scrape_trending
FN:17,_RNvMs0_NtNtCs1uU1prdvDfE_7gql_api7queries8scrapingNtB5_13ScrapingQuery6search
FN:142,_RNvMs0_NtNtCs1uU1prdvDfE_7gql_api7queries8scrapingNtB5_13ScrapingQuery7scraper
FN:132,_RNvMs0_NtNtCs1uU1prdvDfE_7gql_api7queries8scrapingNtB5_13ScrapingQuery8scrapers
FNDA:0,_RNCNCNvMNtNtCs1uU1prdvDfE_7gql_api7queries8scrapingNtB6_13ScrapingQuery11get_scraper00Ba_
FNDA:0,_RNCNCNvMNtNtCs1uU1prdvDfE_7gql_api7queries8scrapingNtB6_13ScrapingQuery14process_mangas00Ba_
FNDA:0,_RNCNCNvMNtNtCs1uU1prdvDfE_7gql_api7queries8scrapingNtB6_13ScrapingQuery14process_mangas0s_0Ba_
FNDA:0,_RNCNCNvMs0_NtNtCs1uU1prdvDfE_7gql_api7queries8scrapingNtB9_13ScrapingQuery13scrape_latest0s0_0Bd_
FNDA:0,_RNCNCNvMs0_NtNtCs1uU1prdvDfE_7gql_api7queries8scrapingNtB9_13ScrapingQuery13scrape_latest0s_0Bd_
FNDA:0,_RNCNCNvMs0_NtNtCs1uU1prdvDfE_7gql_api7queries8scrapingNtB9_13ScrapingQuery15scrape_trending0s0_0Bd_
FNDA:0,_RNCNCNvMs0_NtNtCs1uU1prdvDfE_7gql_api7queries8scrapingNtB9_13ScrapingQuery15scrape_trending0s_0Bd_
FNDA:0,_RNCNCNvMs0_NtNtCs1uU1prdvDfE_7gql_api7queries8scrapingNtB9_13ScrapingQuery6search0s0_0Bd_
FNDA:0,_RNCNCNvMs0_NtNtCs1uU1prdvDfE_7gql_api7queries8scrapingNtB9_13ScrapingQuery6search0s_0Bd_
FNDA:0,_RNCNvMNtNtCs1uU1prdvDfE_7gql_api7queries8scrapingNtB4_13ScrapingQuery11get_scraper0B8_
FNDA:0,_RNCNvMNtNtCs1uU1prdvDfE_7gql_api7queries8scrapingNtB4_13ScrapingQuery14process_mangas0B8_
FNDA:0,_RNCNvMs0_NtNtCs1uU1prdvDfE_7gql_api7queries8scrapingNtB7_13ScrapingQuery13scrape_latest0Bb_
FNDA:0,_RNCNvMs0_NtNtCs1uU1prdvDfE_7gql_api7queries8scrapingNtB7_13ScrapingQuery15scrape_trending0Bb_
FNDA:0,_RNCNvMs0_NtNtCs1uU1prdvDfE_7gql_api7queries8scrapingNtB7_13ScrapingQuery6search0Bb_
FNDA:0,_RNCNvMs0_NtNtCs1uU1prdvDfE_7gql_api7queries8scrapingNtB7_13ScrapingQuery7scraper0Bb_
FNDA:0,_RNCNvMs0_NtNtCs1uU1prdvDfE_7gql_api7queries8scrapingNtB7_13ScrapingQuery8scrapers0Bb_
FNDA:0,_RNvMNtNtCs1uU1prdvDfE_7gql_api7queries8scrapingNtB2_13ScrapingQuery11get_scraper
FNDA:0,_RNvMNtNtCs1uU1prdvDfE_7gql_api7queries8scrapingNtB2_13ScrapingQuery14process_mangas
FNDA:0,_RNvMs0_NtNtCs1uU1prdvDfE_7gql_api7queries8scrapingNtB5_13ScrapingQuery13scrape_latest
FNDA:0,_RNvMs0_NtNtCs1uU1prdvDfE_7gql_api7queries8scrapingNtB5_13ScrapingQuery15scrape_trending
FNDA:0,_RNvMs0_NtNtCs1uU1prdvDfE_7gql_api7queries8scrapingNtB5_13ScrapingQuery6search
FNDA:0,_RNvMs0_NtNtCs1uU1prdvDfE_7gql_api7queries8scrapingNtB5_13ScrapingQuery7scraper
FNDA:0,_RNvMs0_NtNtCs1uU1prdvDfE_7gql_api7queries8scrapingNtB5_13ScrapingQuery8scrapers
FNF:23
FNH:0
DA:17,0
DA:18,0
DA:20,0
DA:21,0
DA:22,0
DA:23,0
DA:24,0
DA:25,0
DA:26,0
DA:27,0
DA:29,0
DA:30,0
DA:31,0
DA:32,0
DA:34,0
DA:35,0
DA:36,0
DA:37,0
DA:38,0
DA:39,0
DA:42,0
DA:44,0
DA:45,0
DA:47,0
DA:48,0
DA:50,0
DA:51,0
DA:52,0
DA:53,0
DA:55,0
DA:56,0
DA:58,0
DA:59,0
DA:61,0
DA:62,0
DA:63,0
DA:64,0
DA:66,0
DA:67,0
DA:68,0
DA:69,0
DA:71,0
DA:72,0
DA:73,0
DA:74,0
DA:75,0
DA:76,0
DA:79,0
DA:81,0
DA:82,0
DA:84,0
DA:85,0
DA:87,0
DA:88,0
DA:89,0
DA:90,0
DA:92,0
DA:93,0
DA:95,0
DA:96,0
DA:98,0
DA:99,0
DA:100,0
DA:101,0
DA:103,0
DA:104,0
DA:105,0
DA:106,0
DA:108,0
DA:109,0
DA:110,0
DA:111,0
DA:112,0
DA:113,0
DA:116,0
DA:118,0
DA:119,0
DA:121,0
DA:122,0
DA:124,0
DA:125,0
DA:126,0
DA:127,0
DA:129,0
DA:130,0
DA:132,0
DA:133,0
DA:135,0
DA:136,0
DA:137,0
DA:138,0
DA:139,0
DA:140,0
DA:142,0
DA:143,0
DA:145,0
DA:146,0
DA:150,0
DA:151,0
DA:152,0
DA:153,0
DA:154,0
DA:155,0
DA:157,0
DA:158,0
DA:159,0
DA:160,0
DA:161,0
DA:162,0
DA:163,0
DA:165,0
DA:166,0
DA:167,0
DA:168,0
DA:169,0
DA:171,0
DA:172,0
DA:174,0
DA:175,0
DA:176,0
DA:178,0
DA:179,0
DA:180,0
DA:181,0
DA:182,0
DA:183,0
DA:184,0
DA:185,0
DA:186,0
DA:187,0
DA:188,0
DA:189,0
DA:190,0
DA:191,0
DA:192,0
DA:193,0
DA:194,0
DA:197,0
DA:198,0
DA:199,0
DA:200,0
DA:201,0
DA:203,0
DA:204,0
DA:207,0
DA:208,0
DA:209,0
DA:210,0
DA:212,0
DA:213,0
BRF:0
BRH:0
LF:166
LH:0
end_of_record
SF:/mnt/040b9fb6-50c4-4490-87c6-b7dd911435c9/Projects/rust/manga-vault/apps/http/gql/src/queries/user.rs
FN:33,_RNCNvMs_NtNtCs1uU1prdvDfE_7gql_api7queries4userNtB6_9UserQuery2me0Ba_
FN:27,_RNCNvMs_NtNtCs1uU1prdvDfE_7gql_api7queries4userNtB6_9UserQuery4user0Ba_
FN:14,_RNCNvMs_NtNtCs1uU1prdvDfE_7gql_api7queries4userNtB6_9UserQuery5users0Ba_
FN:33,_RNvMs_NtNtCs1uU1prdvDfE_7gql_api7queries4userNtB4_9UserQuery2me
FN:27,_RNvMs_NtNtCs1uU1prdvDfE_7gql_api7queries4userNtB4_9UserQuery4user
FN:14,_RNvMs_NtNtCs1uU1prdvDfE_7gql_api7queries4userNtB4_9UserQuery5users
FNDA:0,_RNCNvMs_NtNtCs1uU1prdvDfE_7gql_api7queries4userNtB6_9UserQuery2me0Ba_
FNDA:0,_RNCNvMs_NtNtCs1uU1prdvDfE_7gql_api7queries4userNtB6_9UserQuery4user0Ba_
FNDA:0,_RNCNvMs_NtNtCs1uU1prdvDfE_7gql_api7queries4userNtB6_9UserQuery5users0Ba_
FNDA:0,_RNvMs_NtNtCs1uU1prdvDfE_7gql_api7queries4userNtB4_9UserQuery2me
FNDA:0,_RNvMs_NtNtCs1uU1prdvDfE_7gql_api7queries4userNtB4_9UserQuery4user
FNDA:0,_RNvMs_NtNtCs1uU1prdvDfE_7gql_api7queries4userNtB4_9UserQuery5users
FNF:6
FNH:0
DA:14,0
DA:15,0
DA:16,0
DA:17,0
DA:19,0
DA:20,0
DA:21,0
DA:22,0
DA:24,0
DA:25,0
DA:27,0
DA:28,0
DA:29,0
DA:30,0
DA:31,0
DA:33,0
DA:34,0
DA:35,0
DA:36,0
BRF:0
BRH:0
LF:22
LH:0
end_of_record
SF:/mnt/040b9fb6-50c4-4490-87c6-b7dd911435c9/Projects/rust/manga-vault/apps/http/gql/src/serve_file/mod.rs
FN:26,_RNCNCNvNtCs1uU1prdvDfE_7gql_api10serve_file10serve_file00B7_
FN:27,_RNCNCNvNtCs1uU1prdvDfE_7gql_api10serve_file10serve_file0s_0B7_
FN:23,_RNCNvNtCs1uU1prdvDfE_7gql_api10serve_file10serve_file0B5_
FN:18,_RNvNtCs1uU1prdvDfE_7gql_api10serve_file10serve_file
FNDA:0,_RNCNCNvNtCs1uU1prdvDfE_7gql_api10serve_file10serve_file00B7_
FNDA:0,_RNCNCNvNtCs1uU1prdvDfE_7gql_api10serve_file10serve_file0s_0B7_
FNDA:0,_RNCNvNtCs1uU1prdvDfE_7gql_api10serve_file10serve_file0B5_
FNDA:0,_RNvNtCs1uU1prdvDfE_7gql_api10serve_file10serve_file
FNF:4
FNH:0
DA:18,0
DA:19,0
DA:20,0
DA:21,0
DA:22,0
DA:23,0
DA:24,0
DA:25,0
DA:26,0
DA:27,0
DA:29,0
DA:30,0
DA:31,0
DA:32,0
DA:33,0
DA:34,0
DA:35,0
DA:37,0
DA:40,0
DA:43,0
DA:45,0
DA:46,0
DA:47,0
DA:48,0
DA:50,0
DA:51,0
DA:52,0
DA:55,0
DA:56,0
DA:57,0
DA:59,0
DA:60,0
DA:62,0
DA:63,0
DA:65,0
DA:67,0
DA:68,0
DA:69,0
DA:72,0
DA:73,0
BRF:0
BRH:0
LF:43
LH:0
end_of_record
SF:/mnt/040b9fb6-50c4-4490-87c6-b7dd911435c9/Projects/rust/manga-vault/apps/http/version_check/src/lib.rs
FN:53,_RNCNCNvCshymtKcml7xc_13version_check18get_latest_release00B5_
FN:92,_RNCNCNvCshymtKcml7xc_13version_check18get_latest_release0s0_0B5_
FN:62,_RNCNCNvCshymtKcml7xc_13version_check18get_latest_release0s_0B5_
FN:38,_RNCNvCshymtKcml7xc_13version_check18get_latest_release0B3_
FN:38,_RNvCshymtKcml7xc_13version_check18get_latest_release
FN:105,_RNvCshymtKcml7xc_13version_check19is_update_available
FNDA:0,_RNCNCNvCshymtKcml7xc_13version_check18get_latest_release00B5_
FNDA:0,_RNCNCNvCshymtKcml7xc_13version_check18get_latest_release0s0_0B5_
FNDA:0,_RNCNCNvCshymtKcml7xc_13version_check18get_latest_release0s_0B5_
FNDA:0,_RNCNvCshymtKcml7xc_13version_check18get_latest_release0B3_
FNDA:0,_RNvCshymtKcml7xc_13version_check18get_latest_release
FNDA:0,_RNvCshymtKcml7xc_13version_check19is_update_available
FNF:6
FNH:0
DA:38,0
DA:39,0
DA:40,0
DA:42,0
DA:43,0
DA:44,0
DA:48,0
DA:49,0
DA:50,0
DA:51,0
DA:52,0
DA:53,0
DA:55,0
DA:56,0
DA:57,0
DA:59,0
DA:60,0
DA:61,0
DA:62,0
DA:64,0
DA:65,0
DA:66,0
DA:67,0
DA:70,0
DA:71,0
DA:72,0
DA:73,0
DA:74,0
DA:76,0
DA:78,0
DA:79,0
DA:80,0
DA:81,0
DA:82,0
DA:83,0
DA:84,0
DA:85,0
DA:86,0
DA:87,0
DA:88,0
DA:92,0
DA:94,0
DA:95,0
DA:96,0
DA:97,0
DA:98,0
DA:99,0
DA:101,0
DA:103,0
DA:105,0
DA:106,0
DA:107,0
DA:108,0
DA:109,0
BRF:0
BRH:0
LF:58
LH:0
end_of_record
SF:/mnt/040b9fb6-50c4-4490-87c6-b7dd911435c9/Projects/rust/manga-vault/apps/scheduler/queue/src/lib.rs
FN:258,_RNvCscgpBtnCsTMq_5queue17calculate_backoff
FN:226,_RNvMCscgpBtnCsTMq_5queueINtB2_9TaskQueuepE8max_sizeB2_
FN:131,_RNCNCNvMCscgpBtnCsTMq_5queueINtB6_9TaskQueueNtNtCsdlgNDpCKIbK_5alloc6string6StringE3news_0s_0B6_
FN:236,_RNCNvMCscgpBtnCsTMq_5queueINtB4_9TaskQueueNtNtCsdlgNDpCKIbK_5alloc6string6StringE10peek_top_k0B4_
FN:77,_RNCNvMCscgpBtnCsTMq_5queueINtB4_9TaskQueueNtNtCsdlgNDpCKIbK_5alloc6string6StringE3new0B4_
FN:110,_RNCNvMCscgpBtnCsTMq_5queueINtB4_9TaskQueueNtNtCsdlgNDpCKIbK_5alloc6string6StringE3news_0B4_
FN:188,_RNCNvMCscgpBtnCsTMq_5queueINtB4_9TaskQueueNtNtCsdlgNDpCKIbK_5alloc6string6StringE6insert0B4_
FN:243,_RNCNvMCscgpBtnCsTMq_5queueINtB4_9TaskQueueNtNtCsdlgNDpCKIbK_5alloc6string6StringE8shutdown0B4_
FN:236,_RNvMCscgpBtnCsTMq_5queueINtB2_9TaskQueueNtNtCsdlgNDpCKIbK_5alloc6string6StringE10peek_top_kB2_
FN:221,_RNvMCscgpBtnCsTMq_5queueINtB2_9TaskQueueNtNtCsdlgNDpCKIbK_5alloc6string6StringE3lenB2_
FN:53,_RNvMCscgpBtnCsTMq_5queueINtB2_9TaskQueueNtNtCsdlgNDpCKIbK_5alloc6string6StringE3newB2_
FN:188,_RNvMCscgpBtnCsTMq_5queueINtB2_9TaskQueueNtNtCsdlgNDpCKIbK_5alloc6string6StringE6insertB2_
FN:231,_RNvMCscgpBtnCsTMq_5queueINtB2_9TaskQueueNtNtCsdlgNDpCKIbK_5alloc6string6StringE8is_emptyB2_
FN:243,_RNvMCscgpBtnCsTMq_5queueINtB2_9TaskQueueNtNtCsdlgNDpCKIbK_5alloc6string6StringE8shutdownB2_
FNDA:5,_RNvCscgpBtnCsTMq_5queue17calculate_backoff
FNDA:0,_RNvMCscgpBtnCsTMq_5queueINtB2_9TaskQueuepE8max_sizeB2_
FNDA:6,_RNCNCNvMCscgpBtnCsTMq_5queueINtB6_9TaskQueueNtNtCsdlgNDpCKIbK_5alloc6string6StringE3news_0s_0B6_
FNDA:1,_RNCNvMCscgpBtnCsTMq_5queueINtB4_9TaskQueueNtNtCsdlgNDpCKIbK_5alloc6string6StringE10peek_top_k0B4_
FNDA:2,_RNCNvMCscgpBtnCsTMq_5queueINtB4_9TaskQueueNtNtCsdlgNDpCKIbK_5alloc6string6StringE3new0B4_
FNDA:2,_RNCNvMCscgpBtnCsTMq_5queueINtB4_9TaskQueueNtNtCsdlgNDpCKIbK_5alloc6string6StringE3news_0B4_
FNDA:14,_RNCNvMCscgpBtnCsTMq_5queueINtB4_9TaskQueueNtNtCsdlgNDpCKIbK_5alloc6string6StringE6insert0B4_
FNDA:1,_RNCNvMCscgpBtnCsTMq_5queueINtB4_9TaskQueueNtNtCsdlgNDpCKIbK_5alloc6string6StringE8shutdown0B4_
FNDA:1,_RNvMCscgpBtnCsTMq_5queueINtB2_9TaskQueueNtNtCsdlgNDpCKIbK_5alloc6string6StringE10peek_top_kB2_
FNDA:6,_RNvMCscgpBtnCsTMq_5queueINtB2_9TaskQueueNtNtCsdlgNDpCKIbK_5alloc6string6StringE3lenB2_
FNDA:7,_RNvMCscgpBtnCsTMq_5queueINtB2_9TaskQueueNtNtCsdlgNDpCKIbK_5alloc6string6StringE3newB2_
FNDA:14,_RNvMCscgpBtnCsTMq_5queueINtB2_9TaskQueueNtNtCsdlgNDpCKIbK_5alloc6string6StringE6insertB2_
FNDA:1,_RNvMCscgpBtnCsTMq_5queueINtB2_9TaskQueueNtNtCsdlgNDpCKIbK_5alloc6string6StringE8is_emptyB2_
FNDA:1,_RNvMCscgpBtnCsTMq_5queueINtB2_9TaskQueueNtNtCsdlgNDpCKIbK_5alloc6string6StringE8shutdownB2_
FNF:14
FNH:13
DA:53,7
DA:54,7
DA:55,7
DA:56,7
DA:57,7
DA:58,7
DA:59,7
DA:60,7
DA:61,7
DA:62,7
DA:63,7
DA:64,7
DA:65,7
DA:66,7
DA:67,7
DA:68,7
DA:69,7
DA:71,7
DA:72,7
DA:73,7
DA:74,7
DA:75,7
DA:77,7
DA:79,13
DA:80,0
DA:82,13
DA:85,13
DA:86,6
DA:87,6
DA:88,0
DA:89,6
DA:90,6
DA:93,7
DA:94,7
DA:95,7
DA:100,0
DA:101,0
DA:103,7
DA:104,7
DA:105,7
DA:106,7
DA:107,7
DA:108,7
DA:110,7
DA:111,2
DA:113,8
DA:114,8
DA:115,8
DA:116,6
DA:117,6
DA:118,6
DA:120,0
DA:121,0
DA:125,6
DA:126,6
DA:127,6
DA:128,6
DA:129,6
DA:131,6
DA:132,6
DA:133,6
DA:135,6
DA:137,2
DA:139,4
DA:140,4
DA:141,4
DA:142,4
DA:144,4
DA:145,4
DA:146,4
DA:148,4
DA:149,4
DA:150,4
DA:151,4
DA:152,4
DA:153,4
DA:154,0
DA:156,0
DA:159,6
DA:160,6
DA:162,0
DA:167,0
DA:168,0
DA:170,7
DA:171,7
DA:172,7
DA:173,7
DA:174,7
DA:175,7
DA:176,7
DA:177,7
DA:178,7
DA:179,7
DA:180,7
DA:181,7
DA:182,7
DA:183,7
DA:188,14
DA:189,14
DA:190,14
DA:191,14
DA:193,14
DA:194,11
DA:196,10
DA:197,10
DA:199,1
DA:202,3
DA:203,3
DA:205,3
DA:206,3
DA:209,0
DA:211,0
DA:214,0
DA:218,14
DA:221,6
DA:222,6
DA:223,6
DA:226,0
DA:227,0
DA:228,0
DA:231,1
DA:232,1
DA:233,1
DA:236,1
DA:237,1
DA:238,1
DA:243,1
DA:254,1
DA:258,5
DA:259,5
DA:260,5
DA:261,5
DA:262,5
DA:263,5
DA:264,5
BRF:0
BRH:0
LF:141
LH:124
end_of_record
SF:/mnt/040b9fb6-50c4-4490-87c6-b7dd911435c9/Projects/rust/manga-vault/apps/scheduler/queue/src/priority_queue_core.rs
FN:196,_RNCNCNCNvMNtCscgpBtnCsTMq_5queue19priority_queue_coreINtB8_17PriorityQueueCoreNtNtCsdlgNDpCKIbK_5alloc6string6StringE10peek_top_k000Ba_
FN:153,_RNCNCNCNvMNtCscgpBtnCsTMq_5queue19priority_queue_coreINtB8_17PriorityQueueCoreNtNtCsdlgNDpCKIbK_5alloc6string6StringE14pop_with_aging0s_00Ba_
FN:196,_RNCNCNvMNtCscgpBtnCsTMq_5queue19priority_queue_coreINtB6_17PriorityQueueCoreNtNtCsdlgNDpCKIbK_5alloc6string6StringE10peek_top_k00B8_
FN:150,_RNCNCNvMNtCscgpBtnCsTMq_5queue19priority_queue_coreINtB6_17PriorityQueueCoreNtNtCsdlgNDpCKIbK_5alloc6string6StringE14pop_with_aging00B8_
FN:163,_RNCNCNvMNtCscgpBtnCsTMq_5queue19priority_queue_coreINtB6_17PriorityQueueCoreNtNtCsdlgNDpCKIbK_5alloc6string6StringE14pop_with_aging0s0_0B8_
FN:167,_RNCNCNvMNtCscgpBtnCsTMq_5queue19priority_queue_coreINtB6_17PriorityQueueCoreNtNtCsdlgNDpCKIbK_5alloc6string6StringE14pop_with_aging0s1_0B8_
FN:151,_RNCNCNvMNtCscgpBtnCsTMq_5queue19priority_queue_coreINtB6_17PriorityQueueCoreNtNtCsdlgNDpCKIbK_5alloc6string6StringE14pop_with_aging0s_0B8_
FN:61,_RNCNCNvMNtCscgpBtnCsTMq_5queue19priority_queue_coreINtB6_17PriorityQueueCoreNtNtCsdlgNDpCKIbK_5alloc6string6StringE6insert00B8_
FN:88,_RNCNCNvMNtCscgpBtnCsTMq_5queue19priority_queue_coreINtB6_17PriorityQueueCoreNtNtCsdlgNDpCKIbK_5alloc6string6StringE6insert0s0_0B8_
FN:193,_RNCNvMNtCscgpBtnCsTMq_5queue19priority_queue_coreINtB4_17PriorityQueueCoreNtNtCsdlgNDpCKIbK_5alloc6string6StringE10peek_top_k0B6_
FN:140,_RNCNvMNtCscgpBtnCsTMq_5queue19priority_queue_coreINtB4_17PriorityQueueCoreNtNtCsdlgNDpCKIbK_5alloc6string6StringE14pop_with_aging0B6_
FN:111,_RNCNvMNtCscgpBtnCsTMq_5queue19priority_queue_coreINtB4_17PriorityQueueCoreNtNtCsdlgNDpCKIbK_5alloc6string6StringE3pop0B6_
FN:56,_RNCNvMNtCscgpBtnCsTMq_5queue19priority_queue_coreINtB4_17PriorityQueueCoreNtNtCsdlgNDpCKIbK_5alloc6string6StringE6insert0B6_
FN:193,_RNvMNtCscgpBtnCsTMq_5queue19priority_queue_coreINtB2_17PriorityQueueCoreNtNtCsdlgNDpCKIbK_5alloc6string6StringE10peek_top_kB4_
FN:140,_RNvMNtCscgpBtnCsTMq_5queue19priority_queue_coreINtB2_17PriorityQueueCoreNtNtCsdlgNDpCKIbK_5alloc6string6StringE14pop_with_agingB4_
FN:177,_RNvMNtCscgpBtnCsTMq_5queue19priority_queue_coreINtB2_17PriorityQueueCoreNtNtCsdlgNDpCKIbK_5alloc6string6StringE3lenB4_
FN:40,_RNvMNtCscgpBtnCsTMq_5queue19priority_queue_coreINtB2_17PriorityQueueCoreNtNtCsdlgNDpCKIbK_5alloc6string6StringE3newB4_
FN:111,_RNvMNtCscgpBtnCsTMq_5queue19priority_queue_coreINtB2_17PriorityQueueCoreNtNtCsdlgNDpCKIbK_5alloc6string6StringE3popB4_
FN:56,_RNvMNtCscgpBtnCsTMq_5queue19priority_queue_coreINtB2_17PriorityQueueCoreNtNtCsdlgNDpCKIbK_5alloc6string6StringE6insertB4_
FN:184,_RNvMNtCscgpBtnCsTMq_5queue19priority_queue_coreINtB2_17PriorityQueueCoreNtNtCsdlgNDpCKIbK_5alloc6string6StringE8is_emptyB4_
FNDA:5,_RNCNCNCNvMNtCscgpBtnCsTMq_5queue19priority_queue_coreINtB8_17PriorityQueueCoreNtNtCsdlgNDpCKIbK_5alloc6string6StringE10peek_top_k000Ba_
FNDA:4,_RNCNCNCNvMNtCscgpBtnCsTMq_5queue19priority_queue_coreINtB8_17PriorityQueueCoreNtNtCsdlgNDpCKIbK_5alloc6string6StringE14pop_with_aging0s_00Ba_
FNDA:5,_RNCNCNvMNtCscgpBtnCsTMq_5queue19priority_queue_coreINtB6_17PriorityQueueCoreNtNtCsdlgNDpCKIbK_5alloc6string6StringE10peek_top_k00B8_
FNDA:4,_RNCNCNvMNtCscgpBtnCsTMq_5queue19priority_queue_coreINtB6_17PriorityQueueCoreNtNtCsdlgNDpCKIbK_5alloc6string6StringE14pop_with_aging00B8_
FNDA:4,_RNCNCNvMNtCscgpBtnCsTMq_5queue19priority_queue_coreINtB6_17PriorityQueueCoreNtNtCsdlgNDpCKIbK_5alloc6string6StringE14pop_with_aging0s0_0B8_
FNDA:4,_RNCNCNvMNtCscgpBtnCsTMq_5queue19priority_queue_coreINtB6_17PriorityQueueCoreNtNtCsdlgNDpCKIbK_5alloc6string6StringE14pop_with_aging0s1_0B8_
FNDA:4,_RNCNCNvMNtCscgpBtnCsTMq_5queue19priority_queue_coreINtB6_17PriorityQueueCoreNtNtCsdlgNDpCKIbK_5alloc6string6StringE14pop_with_aging0s_0B8_
FNDA:1,_RNCNCNvMNtCscgpBtnCsTMq_5queue19priority_queue_coreINtB6_17PriorityQueueCoreNtNtCsdlgNDpCKIbK_5alloc6string6StringE6insert00B8_
FNDA:2,_RNCNCNvMNtCscgpBtnCsTMq_5queue19priority_queue_coreINtB6_17PriorityQueueCoreNtNtCsdlgNDpCKIbK_5alloc6string6StringE6insert0s0_0B8_
FNDA:3,_RNCNvMNtCscgpBtnCsTMq_5queue19priority_queue_coreINtB4_17PriorityQueueCoreNtNtCsdlgNDpCKIbK_5alloc6string6StringE10peek_top_k0B6_
FNDA:2,_RNCNvMNtCscgpBtnCsTMq_5queue19priority_queue_coreINtB4_17PriorityQueueCoreNtNtCsdlgNDpCKIbK_5alloc6string6StringE14pop_with_aging0B6_
FNDA:15,_RNCNvMNtCscgpBtnCsTMq_5queue19priority_queue_coreINtB4_17PriorityQueueCoreNtNtCsdlgNDpCKIbK_5alloc6string6StringE3pop0B6_
FNDA:35,_RNCNvMNtCscgpBtnCsTMq_5queue19priority_queue_coreINtB4_17PriorityQueueCoreNtNtCsdlgNDpCKIbK_5alloc6string6StringE6insert0B6_
FNDA:3,_RNvMNtCscgpBtnCsTMq_5queue19priority_queue_coreINtB2_17PriorityQueueCoreNtNtCsdlgNDpCKIbK_5alloc6string6StringE10peek_top_kB4_
FNDA:2,_RNvMNtCscgpBtnCsTMq_5queue19priority_queue_coreINtB2_17PriorityQueueCoreNtNtCsdlgNDpCKIbK_5alloc6string6StringE14pop_with_agingB4_
FNDA:17,_RNvMNtCscgpBtnCsTMq_5queue19priority_queue_coreINtB2_17PriorityQueueCoreNtNtCsdlgNDpCKIbK_5alloc6string6StringE3lenB4_
FNDA:14,_RNvMNtCscgpBtnCsTMq_5queue19priority_queue_coreINtB2_17PriorityQueueCoreNtNtCsdlgNDpCKIbK_5alloc6string6StringE3newB4_
FNDA:15,_RNvMNtCscgpBtnCsTMq_5queue19priority_queue_coreINtB2_17PriorityQueueCoreNtNtCsdlgNDpCKIbK_5alloc6string6StringE3popB4_
FNDA:35,_RNvMNtCscgpBtnCsTMq_5queue19priority_queue_coreINtB2_17PriorityQueueCoreNtNtCsdlgNDpCKIbK_5alloc6string6StringE6insertB4_
FNDA:4,_RNvMNtCscgpBtnCsTMq_5queue19priority_queue_coreINtB2_17PriorityQueueCoreNtNtCsdlgNDpCKIbK_5alloc6string6StringE8is_emptyB4_
FNF:20
FNH:20
DA:40,14
DA:41,14
DA:42,14
DA:43,14
DA:44,14
DA:45,14
DA:46,14
DA:47,14
DA:48,14
DA:56,35
DA:57,35
DA:58,1
DA:59,1
DA:60,1
DA:61,1
DA:62,0
DA:64,1
DA:66,1
DA:67,1
DA:68,1
DA:69,1
DA:70,1
DA:71,1
DA:72,1
DA:73,1
DA:74,1
DA:75,1
DA:76,0
DA:77,0
DA:78,34
DA:80,34
DA:81,3
DA:82,3
DA:83,3
DA:84,3
DA:85,2
DA:86,1
DA:87,1
DA:88,2
DA:89,1
DA:90,1
DA:91,0
DA:92,31
DA:94,32
DA:95,32
DA:96,32
DA:97,32
DA:98,32
DA:99,32
DA:100,32
DA:101,32
DA:102,32
DA:103,32
DA:105,32
DA:106,35
DA:111,15
DA:112,15
DA:113,15
DA:115,15
DA:116,11
DA:117,3
DA:118,8
DA:120,8
DA:121,8
DA:122,8
DA:124,8
DA:125,8
DA:126,0
DA:127,0
DA:129,4
DA:130,15
DA:140,2
DA:141,2
DA:142,2
DA:143,2
DA:144,0
DA:147,2
DA:148,2
DA:149,2
DA:150,4
DA:151,4
DA:152,4
DA:153,4
DA:154,4
DA:155,4
DA:156,4
DA:157,4
DA:158,4
DA:159,4
DA:160,2
DA:163,4
DA:165,2
DA:166,2
DA:167,4
DA:168,2
DA:169,2
DA:170,0
DA:171,0
DA:172,0
DA:173,0
DA:174,2
DA:177,17
DA:178,17
DA:179,17
DA:184,4
DA:185,4
DA:186,4
DA:193,3
DA:194,3
DA:195,3
DA:196,5
DA:197,3
DA:198,3
DA:199,3
BRF:0
BRH:0
LF:127
LH:116
end_of_record
[...]
FNDA:0,_RNCNCNvMNtNtCsbhzFdUIifu6_12scraper_core7plugins4wasmNtB6_10WasmPlugin18scrape_genres_list0s_0Ba_
FNDA:0,_RNCNCNvMNtNtCsbhzFdUIifu6_12scraper_core7plugins4wasmNtB6_10WasmPlugin8get_info00Ba_
FNDA:0,_RNCNCNvMNtNtCsbhzFdUIifu6_12scraper_core7plugins4wasmNtB6_10WasmPlugin8get_info0s_0Ba_
FNDA:0,_RNCNvMNtNtCsbhzFdUIifu6_12scraper_core7plugins4wasmNtB4_10WasmPlugin12scrape_manga0B8_
FNDA:0,_RNCNvMNtNtCsbhzFdUIifu6_12scraper_core7plugins4wasmNtB4_10WasmPlugin13scrape_latest0B8_
FNDA:0,_RNCNvMNtNtCsbhzFdUIifu6_12scraper_core7plugins4wasmNtB4_10WasmPlugin13scrape_search0B8_
FNDA:0,_RNCNvMNtNtCsbhzFdUIifu6_12scraper_core7plugins4wasmNtB4_10WasmPlugin14scrape_chapter0B8_
FNDA:0,_RNCNvMNtNtCsbhzFdUIifu6_12scraper_core7plugins4wasmNtB4_10WasmPlugin15scrape_trending0B8_
FNDA:0,_RNCNvMNtNtCsbhzFdUIifu6_12scraper_core7plugins4wasmNtB4_10WasmPlugin18scrape_genres_list0B8_
FNDA:0,_RNCNvMNtNtCsbhzFdUIifu6_12scraper_core7plugins4wasmNtB4_10WasmPlugin3new0B8_
FNDA:0,_RNCNvMNtNtCsbhzFdUIifu6_12scraper_core7plugins4wasmNtB4_10WasmPlugin8get_info0B8_
FNDA:0,_RNvMNtNtCsbhzFdUIifu6_12scraper_core7plugins4wasmNtB2_10WasmPlugin12scrape_manga
FNDA:0,_RNvMNtNtCsbhzFdUIifu6_12scraper_core7plugins4wasmNtB2_10WasmPlugin13scrape_latest
FNDA:0,_RNvMNtNtCsbhzFdUIifu6_12scraper_core7plugins4wasmNtB2_10WasmPlugin13scrape_search
FNDA:0,_RNvMNtNtCsbhzFdUIifu6_12scraper_core7plugins4wasmNtB2_10WasmPlugin14scrape_chapter
FNDA:0,_RNvMNtNtCsbhzFdUIifu6_12scraper_core7plugins4wasmNtB2_10WasmPlugin15scrape_trending
FNDA:0,_RNvMNtNtCsbhzFdUIifu6_12scraper_core7plugins4wasmNtB2_10WasmPlugin18scrape_genres_list
FNDA:0,_RNvMNtNtCsbhzFdUIifu6_12scraper_core7plugins4wasmNtB2_10WasmPlugin3new
FNDA:0,_RNvMNtNtCsbhzFdUIifu6_12scraper_core7plugins4wasmNtB2_10WasmPlugin8get_info
FNF:43
FNH:0
DA:22,0
DA:23,0
DA:25,0
DA:26,0
DA:28,0
DA:30,0
DA:31,0
DA:32,0
DA:34,0
DA:35,0
DA:36,0
DA:38,0
DA:39,0
DA:40,0
DA:41,0
DA:42,0
DA:43,0
DA:44,0
DA:45,0
DA:46,0
DA:48,0
DA:49,0
DA:50,0
DA:51,0
DA:52,0
DA:54,0
DA:55,0
DA:56,0
DA:57,0
DA:58,0
DA:59,0
DA:60,0
DA:61,0
DA:62,0
DA:64,0
DA:65,0
DA:66,0
DA:67,0
DA:68,0
DA:70,0
DA:71,0
DA:72,0
DA:73,0
DA:74,0
DA:75,0
DA:76,0
DA:77,0
DA:78,0
DA:80,0
DA:81,0
DA:82,0
DA:83,0
DA:84,0
DA:86,0
DA:87,0
DA:88,0
DA:89,0
DA:90,0
DA:91,0
DA:92,0
DA:93,0
DA:94,0
DA:96,0
DA:97,0
DA:98,0
DA:99,0
DA:100,0
DA:102,0
DA:103,0
DA:104,0
DA:105,0
DA:106,0
DA:107,0
DA:108,0
DA:109,0
DA:110,0
DA:112,0
DA:113,0
DA:114,0
DA:115,0
DA:116,0
DA:118,0
DA:119,0
DA:120,0
DA:121,0
DA:122,0
DA:123,0
DA:124,0
DA:125,0
DA:126,0
DA:128,0
DA:129,0
DA:130,0
DA:131,0
DA:132,0
DA:134,0
DA:135,0
DA:136,0
DA:137,0
DA:138,0
DA:139,0
DA:140,0
DA:141,0
DA:142,0
DA:144,0
DA:145,0
DA:146,0
DA:147,0
DA:148,0
DA:150,0
DA:151,0
DA:152,0
DA:153,0
DA:154,0
DA:155,0
DA:156,0
DA:157,0
DA:158,0
BRF:0
BRH:0
LF:153
LH:0
end_of_record
SF:/mnt/040b9fb6-50c4-4490-87c6-b7dd911435c9/Projects/rust/manga-vault/scrapers/scraper_core/src/plugins/wasm/state.rs
FN:48,_RNCNvXs0_NtNtNtCsbhzFdUIifu6_12scraper_core7plugins4wasm5stateNtB7_6StatesNtNtNtNtNtB9_8bindings7scraper5types4http4Host3get0Bd_
FN:82,_RNCNvXs0_NtNtNtCsbhzFdUIifu6_12scraper_core7plugins4wasm5stateNtB7_6StatesNtNtNtNtNtB9_8bindings7scraper5types4http4Host4post0Bd_
FN:12,_RNvMNtNtNtCsbhzFdUIifu6_12scraper_core7plugins4wasm5stateNtB2_6States3new
FN:29,_RNvXs0_NtNtNtCsbhzFdUIifu6_12scraper_core7plugins4wasm5stateNtB5_6StatesNtNtNtNtNtB7_8bindings7scraper5types4http4Host3get
FN:62,_RNvXs0_NtNtNtCsbhzFdUIifu6_12scraper_core7plugins4wasm5stateNtB5_6StatesNtNtNtNtNtB7_8bindings7scraper5types4http4Host4post
FN:20,_RNvXs_NtNtNtCsbhzFdUIifu6_12scraper_core7plugins4wasm5stateNtB4_6StatesNtNtCs5K4hkPimECb_13wasmtime_wasi4view8WasiView3ctx
FNDA:0,_RNCNvXs0_NtNtNtCsbhzFdUIifu6_12scraper_core7plugins4wasm5stateNtB7_6StatesNtNtNtNtNtB9_8bindings7scraper5types4http4Host3get0Bd_
FNDA:0,_RNCNvXs0_NtNtNtCsbhzFdUIifu6_12scraper_core7plugins4wasm5stateNtB7_6StatesNtNtNtNtNtB9_8bindings7scraper5types4http4Host4post0Bd_
FNDA:0,_RNvMNtNtNtCsbhzFdUIifu6_12scraper_core7plugins4wasm5stateNtB2_6States3new
FNDA:0,_RNvXs0_NtNtNtCsbhzFdUIifu6_12scraper_core7plugins4wasm5stateNtB5_6StatesNtNtNtNtNtB7_8bindings7scraper5types4http4Host3get
FNDA:0,_RNvXs0_NtNtNtCsbhzFdUIifu6_12scraper_core7plugins4wasm5stateNtB5_6StatesNtNtNtNtNtB7_8bindings7scraper5types4http4Host4post
FNDA:0,_RNvXs_NtNtNtCsbhzFdUIifu6_12scraper_core7plugins4wasm5stateNtB4_6StatesNtNtCs5K4hkPimECb_13wasmtime_wasi4view8WasiView3ctx
FNF:6
FNH:0
DA:12,0
DA:13,0
DA:14,0
DA:15,0
DA:16,0
DA:20,0
DA:21,0
DA:22,0
DA:23,0
DA:24,0
DA:25,0
DA:29,0
DA:30,0
DA:31,0
DA:32,0
DA:33,0
DA:34,0
DA:35,0
DA:36,0
DA:37,0
DA:38,0
DA:39,0
DA:41,0
DA:42,0
DA:43,0
DA:44,0
DA:45,0
DA:46,0
DA:47,0
DA:48,0
DA:49,0
DA:50,0
DA:51,0
DA:52,0
DA:53,0
DA:55,0
DA:56,0
DA:57,0
DA:60,0
DA:62,0
DA:63,0
DA:64,0
DA:65,0
DA:66,0
DA:67,0
DA:68,0
DA:69,0
DA:70,0
DA:71,0
DA:72,0
DA:73,0
DA:75,0
DA:76,0
DA:77,0
DA:78,0
DA:79,0
DA:80,0
DA:81,0
DA:82,0
DA:83,0
DA:84,0
DA:85,0
DA:86,0
DA:87,0
DA:89,0
DA:90,0
DA:91,0
DA:94,0
BRF:0
BRH:0
LF:68
LH:0
end_of_record
SF:/mnt/040b9fb6-50c4-4490-87c6-b7dd911435c9/Projects/rust/manga-vault/scrapers/scraper_core/src/repository.rs
FN:82,_RNCNCNvNtCsbhzFdUIifu6_12scraper_core10repository14filter_plugins00B7_
FN:84,_RNCNCNvNtCsbhzFdUIifu6_12scraper_core10repository14filter_plugins0s_0B7_
FN:122,_RNCNCNvNtCsbhzFdUIifu6_12scraper_core10repository19cleanup_old_plugins00B7_
FN:129,_RNCNCNvNtCsbhzFdUIifu6_12scraper_core10repository19cleanup_old_plugins0s_0B7_
FN:152,_RNCNCNvNtCsbhzFdUIifu6_12scraper_core10repository20download_new_plugins00B7_
FN:189,_RNCNCNvNtCsbhzFdUIifu6_12scraper_core10repository20download_new_plugins0s0_0B7_
FN:178,_RNCNCNvNtCsbhzFdUIifu6_12scraper_core10repository20download_new_plugins0s_0B7_
FN:109,_RNCNCNvNtCsbhzFdUIifu6_12scraper_core10repository21load_internal_plugins00B7_
FN:110,_RNCNCNvNtCsbhzFdUIifu6_12scraper_core10repository21load_internal_plugins0s_0B7_
FN:51,_RNCNvNtCsbhzFdUIifu6_12scraper_core10repository10load_repos0B5_
FN:81,_RNCNvNtCsbhzFdUIifu6_12scraper_core10repository14filter_plugins0B5_
FN:69,_RNCNvNtCsbhzFdUIifu6_12scraper_core10repository16fetch_repository0B5_
FN:120,_RNCNvNtCsbhzFdUIifu6_12scraper_core10repository19cleanup_old_plugins0B5_
FN:142,_RNCNvNtCsbhzFdUIifu6_12scraper_core10repository20download_new_plugins0B5_
FN:104,_RNCNvNtCsbhzFdUIifu6_12scraper_core10repository21load_internal_plugins0B5_
FN:99,_RNCNvNtCsbhzFdUIifu6_12scraper_core10repository23ensure_directory_exists0B5_
FN:51,_RNvNtCsbhzFdUIifu6_12scraper_core10repository10load_repos
FN:78,_RNvNtCsbhzFdUIifu6_12scraper_core10repository14filter_plugins
FN:69,_RNvNtCsbhzFdUIifu6_12scraper_core10repository16fetch_repository
FN:194,_RNvNtCsbhzFdUIifu6_12scraper_core10repository17get_download_info
FN:116,_RNvNtCsbhzFdUIifu6_12scraper_core10repository19cleanup_old_plugins
FN:137,_RNvNtCsbhzFdUIifu6_12scraper_core10repository20download_new_plugins
FN:104,_RNvNtCsbhzFdUIifu6_12scraper_core10repository21load_internal_plugins
FN:96,_RNvNtCsbhzFdUIifu6_12scraper_core10repository23ensure_directory_exists
FNDA:0,_RNCNCNvNtCsbhzFdUIifu6_12scraper_core10repository14filter_plugins00B7_
FNDA:0,_RNCNCNvNtCsbhzFdUIifu6_12scraper_core10repository14filter_plugins0s_0B7_
FNDA:0,_RNCNCNvNtCsbhzFdUIifu6_12scraper_core10repository19cleanup_old_plugins00B7_
FNDA:0,_RNCNCNvNtCsbhzFdUIifu6_12scraper_core10repository19cleanup_old_plugins0s_0B7_
FNDA:0,_RNCNCNvNtCsbhzFdUIifu6_12scraper_core10repository20download_new_plugins00B7_
FNDA:0,_RNCNCNvNtCsbhzFdUIifu6_12scraper_core10repository20download_new_plugins0s0_0B7_
FNDA:0,_RNCNCNvNtCsbhzFdUIifu6_12scraper_core10repository20download_new_plugins0s_0B7_
FNDA:0,_RNCNCNvNtCsbhzFdUIifu6_12scraper_core10repository21load_internal_plugins00B7_
FNDA:0,_RNCNCNvNtCsbhzFdUIifu6_12scraper_core10repository21load_internal_plugins0s_0B7_
FNDA:0,_RNCNvNtCsbhzFdUIifu6_12scraper_core10repository10load_repos0B5_
FNDA:0,_RNCNvNtCsbhzFdUIifu6_12scraper_core10repository14filter_plugins0B5_
FNDA:0,_RNCNvNtCsbhzFdUIifu6_12scraper_core10repository16fetch_repository0B5_
FNDA:0,_RNCNvNtCsbhzFdUIifu6_12scraper_core10repository19cleanup_old_plugins0B5_
FNDA:0,_RNCNvNtCsbhzFdUIifu6_12scraper_core10repository20download_new_plugins0B5_
FNDA:0,_RNCNvNtCsbhzFdUIifu6_12scraper_core10repository21load_internal_plugins0B5_
FNDA:0,_RNCNvNtCsbhzFdUIifu6_12scraper_core10repository23ensure_directory_exists0B5_
FNDA:0,_RNvNtCsbhzFdUIifu6_12scraper_core10repository10load_repos
FNDA:0,_RNvNtCsbhzFdUIifu6_12scraper_core10repository14filter_plugins
FNDA:0,_RNvNtCsbhzFdUIifu6_12scraper_core10repository16fetch_repository
FNDA:0,_RNvNtCsbhzFdUIifu6_12scraper_core10repository17get_download_info
FNDA:0,_RNvNtCsbhzFdUIifu6_12scraper_core10repository19cleanup_old_plugins
FNDA:0,_RNvNtCsbhzFdUIifu6_12scraper_core10repository20download_new_plugins
FNDA:0,_RNvNtCsbhzFdUIifu6_12scraper_core10repository21load_internal_plugins
FNDA:0,_RNvNtCsbhzFdUIifu6_12scraper_core10repository23ensure_directory_exists
FNF:24
FNH:0
DA:51,0
DA:52,0
DA:53,0
DA:55,0
DA:56,0
DA:58,0
DA:59,0
DA:61,0
DA:62,0
DA:64,0
DA:66,0
DA:67,0
DA:69,0
DA:70,0
DA:71,0
DA:72,0
DA:73,0
DA:74,0
DA:75,0
DA:76,0
DA:78,0
DA:79,0
DA:80,0
DA:81,0
DA:82,0
DA:84,0
DA:86,0
DA:87,0
DA:88,0
DA:90,0
DA:91,0
DA:92,0
DA:93,0
DA:94,0
DA:96,0
DA:97,0
DA:98,0
DA:99,0
DA:100,0
DA:101,0
DA:102,0
DA:104,0
DA:105,0
DA:106,0
DA:107,0
DA:108,0
DA:109,0
DA:110,0
DA:112,0
DA:114,0
DA:116,0
DA:117,0
DA:118,0
DA:119,0
DA:120,0
DA:121,0
DA:122,0
DA:123,0
DA:124,0
DA:125,0
DA:126,0
DA:127,0
DA:128,0
DA:129,0
DA:130,0
DA:132,0
DA:134,0
DA:135,0
DA:137,0
DA:138,0
DA:139,0
DA:140,0
DA:141,0
DA:142,0
DA:143,0
DA:144,0
DA:146,0
DA:147,0
DA:148,0
DA:149,0
DA:151,0
DA:152,0
DA:153,0
DA:154,0
DA:155,0
DA:156,0
DA:157,0
DA:158,0
DA:159,0
DA:160,0
DA:162,0
DA:163,0
DA:165,0
DA:167,0
DA:168,0
DA:169,0
DA:170,0
DA:171,0
DA:172,0
DA:173,0
DA:174,0
DA:176,0
DA:177,0
DA:178,0
DA:180,0
DA:181,0
DA:182,0
DA:183,0
DA:186,0
DA:187,0
DA:188,0
DA:189,0
DA:191,0
DA:192,0
DA:194,0
DA:195,0
DA:196,0
DA:197,0
DA:198,0
DA:200,0
DA:202,0
BRF:0
BRH:0
LF:137
LH:0
end_of_record
SF:/mnt/040b9fb6-50c4-4490-87c6-b7dd911435c9/Projects/rust/manga-vault/scrapers/scraper_types/src/lib.rs
FN:8,_RNCNvCs8OLOgmeY8J7_13scraper_types17CHAP_NUMBER_REGEX0B3_
FN:153,_RNCNvMs3_Cs8OLOgmeY8J7_13scraper_typesNtB7_7Chapter16all_same_chapter0B7_
FN:140,_RNCNvMs3_Cs8OLOgmeY8J7_13scraper_typesNtB7_7Chapter22extract_chapter_number0B7_
FN:141,_RNCNvMs3_Cs8OLOgmeY8J7_13scraper_typesNtB7_7Chapter22extract_chapter_numbers_0B7_
FN:55,_RNvMs0_Cs8OLOgmeY8J7_13scraper_typesNtB5_9MangaPage18parse_release_date
FN:144,_RNvMs3_Cs8OLOgmeY8J7_13scraper_typesNtB5_7Chapter12same_chapter
FN:148,_RNvMs3_Cs8OLOgmeY8J7_13scraper_typesNtB5_7Chapter16all_same_chapter
FN:137,_RNvMs3_Cs8OLOgmeY8J7_13scraper_typesNtB5_7Chapter22extract_chapter_number
FN:18,_RNvXCs8OLOgmeY8J7_13scraper_typesNtB2_9MangaItemNtNtCs5IYWBWA2NF0_4mlua6traits7IntoLua8into_lua
FN:90,_RNvXs1_Cs8OLOgmeY8J7_13scraper_typesNtB5_9MangaPageNtNtCs5IYWBWA2NF0_4mlua6traits7IntoLua8into_lua
FN:109,_RNvXs2_Cs8OLOgmeY8J7_13scraper_typesNtB5_9MangaPageNtNtCs5IYWBWA2NF0_4mlua6traits7FromLua8from_lua
FN:158,_RNvXs4_Cs8OLOgmeY8J7_13scraper_typesNtB5_7ChapterNtNtCs5IYWBWA2NF0_4mlua6traits7IntoLua8into_lua
FN:168,_RNvXs5_Cs8OLOgmeY8J7_13scraper_typesNtB5_7ChapterNtNtCs5IYWBWA2NF0_4mlua6traits7FromLua8from_lua
FN:186,_RNvXs6_Cs8OLOgmeY8J7_13scraper_typesNtB5_5GenreNtNtCs5IYWBWA2NF0_4mlua6traits7IntoLua8into_lua
FN:195,_RNvXs7_Cs8OLOgmeY8J7_13scraper_typesNtB5_5GenreNtNtCs5IYWBWA2NF0_4mlua6traits7FromLua8from_lua
FN:215,_RNvXs8_Cs8OLOgmeY8J7_13scraper_typesNtB5_11ScraperInfoNtNtCs5IYWBWA2NF0_4mlua6traits7IntoLua8into_lua
FN:228,_RNvXs9_Cs8OLOgmeY8J7_13scraper_typesNtB5_11ScraperInfoNtNtCs5IYWBWA2NF0_4mlua6traits7FromLua8from_lua
FN:28,_RNvXs_Cs8OLOgmeY8J7_13scraper_typesNtB4_9MangaItemNtNtCs5IYWBWA2NF0_4mlua6traits7FromLua8from_lua
FN:144,_RNvMs3_CslHdHAl8hCXl_13scraper_typesNtB5_7Chapter12same_chapter
FN:148,_RNvMs3_CslHdHAl8hCXl_13scraper_typesNtB5_7Chapter16all_same_chapter
FN:137,_RNvMs3_CslHdHAl8hCXl_13scraper_typesNtB5_7Chapter22extract_chapter_number
FN:55,_RNvMs0_CslHdHAl8hCXl_13scraper_typesNtB5_9MangaPage18parse_release_date
FN:18,_RNvXCslHdHAl8hCXl_13scraper_typesNtB2_9MangaItemNtNtCs5IYWBWA2NF0_4mlua6traits7IntoLua8into_lua
FN:90,_RNvXs1_CslHdHAl8hCXl_13scraper_typesNtB5_9MangaPageNtNtCs5IYWBWA2NF0_4mlua6traits7IntoLua8into_lua
FN:109,_RNvXs2_CslHdHAl8hCXl_13scraper_typesNtB5_9MangaPageNtNtCs5IYWBWA2NF0_4mlua6traits7FromLua8from_lua
FN:158,_RNvXs4_CslHdHAl8hCXl_13scraper_typesNtB5_7ChapterNtNtCs5IYWBWA2NF0_4mlua6traits7IntoLua8into_lua
FN:168,_RNvXs5_CslHdHAl8hCXl_13scraper_typesNtB5_7ChapterNtNtCs5IYWBWA2NF0_4mlua6traits7FromLua8from_lua
FN:186,_RNvXs6_CslHdHAl8hCXl_13scraper_typesNtB5_5GenreNtNtCs5IYWBWA2NF0_4mlua6traits7IntoLua8into_lua
FN:195,_RNvXs7_CslHdHAl8hCXl_13scraper_typesNtB5_5GenreNtNtCs5IYWBWA2NF0_4mlua6traits7FromLua8from_lua
FN:215,_RNvXs8_CslHdHAl8hCXl_13scraper_typesNtB5_11ScraperInfoNtNtCs5IYWBWA2NF0_4mlua6traits7IntoLua8into_lua
FN:228,_RNvXs9_CslHdHAl8hCXl_13scraper_typesNtB5_11ScraperInfoNtNtCs5IYWBWA2NF0_4mlua6traits7FromLua8from_lua
FN:28,_RNvXs_CslHdHAl8hCXl_13scraper_typesNtB4_9MangaItemNtNtCs5IYWBWA2NF0_4mlua6traits7FromLua8from_lua
FN:246,_RNvNtCslHdHAl8hCXl_13scraper_types5testss_12test_extract
FN:273,_RNvNtCslHdHAl8hCXl_13scraper_types5testss_17test_same_chapter
FN:292,_RNvNtCslHdHAl8hCXl_13scraper_types5testss_21test_all_same_chapter
FN:8,_RNCNvCslHdHAl8hCXl_13scraper_types17CHAP_NUMBER_REGEX0B3_
FN:153,_RNCNvMs3_CslHdHAl8hCXl_13scraper_typesNtB7_7Chapter16all_same_chapter0B7_
FN:140,_RNCNvMs3_CslHdHAl8hCXl_13scraper_typesNtB7_7Chapter22extract_chapter_number0B7_
FN:141,_RNCNvMs3_CslHdHAl8hCXl_13scraper_typesNtB7_7Chapter22extract_chapter_numbers_0B7_
FNDA:0,_RNCNvCs8OLOgmeY8J7_13scraper_types17CHAP_NUMBER_REGEX0B3_
FNDA:0,_RNCNvMs3_Cs8OLOgmeY8J7_13scraper_typesNtB7_7Chapter16all_same_chapter0B7_
FNDA:0,_RNCNvMs3_Cs8OLOgmeY8J7_13scraper_typesNtB7_7Chapter22extract_chapter_number0B7_
FNDA:0,_RNCNvMs3_Cs8OLOgmeY8J7_13scraper_typesNtB7_7Chapter22extract_chapter_numbers_0B7_
FNDA:0,_RNvMs0_Cs8OLOgmeY8J7_13scraper_typesNtB5_9MangaPage18parse_release_date
FNDA:0,_RNvMs3_Cs8OLOgmeY8J7_13scraper_typesNtB5_7Chapter12same_chapter
FNDA:0,_RNvMs3_Cs8OLOgmeY8J7_13scraper_typesNtB5_7Chapter16all_same_chapter
FNDA:0,_RNvMs3_Cs8OLOgmeY8J7_13scraper_typesNtB5_7Chapter22extract_chapter_number
FNDA:0,_RNvXCs8OLOgmeY8J7_13scraper_typesNtB2_9MangaItemNtNtCs5IYWBWA2NF0_4mlua6traits7IntoLua8into_lua
FNDA:0,_RNvXs1_Cs8OLOgmeY8J7_13scraper_typesNtB5_9MangaPageNtNtCs5IYWBWA2NF0_4mlua6traits7IntoLua8into_lua
FNDA:0,_RNvXs2_Cs8OLOgmeY8J7_13scraper_typesNtB5_9MangaPageNtNtCs5IYWBWA2NF0_4mlua6traits7FromLua8from_lua
FNDA:0,_RNvXs4_Cs8OLOgmeY8J7_13scraper_typesNtB5_7ChapterNtNtCs5IYWBWA2NF0_4mlua6traits7IntoLua8into_lua
FNDA:0,_RNvXs5_Cs8OLOgmeY8J7_13scraper_typesNtB5_7ChapterNtNtCs5IYWBWA2NF0_4mlua6traits7FromLua8from_lua
FNDA:0,_RNvXs6_Cs8OLOgmeY8J7_13scraper_typesNtB5_5GenreNtNtCs5IYWBWA2NF0_4mlua6traits7IntoLua8into_lua
FNDA:0,_RNvXs7_Cs8OLOgmeY8J7_13scraper_typesNtB5_5GenreNtNtCs5IYWBWA2NF0_4mlua6traits7FromLua8from_lua
FNDA:0,_RNvXs8_Cs8OLOgmeY8J7_13scraper_typesNtB5_11ScraperInfoNtNtCs5IYWBWA2NF0_4mlua6traits7IntoLua8into_lua
FNDA:0,_RNvXs9_Cs8OLOgmeY8J7_13scraper_typesNtB5_11ScraperInfoNtNtCs5IYWBWA2NF0_4mlua6traits7FromLua8from_lua
FNDA:0,_RNvXs_Cs8OLOgmeY8J7_13scraper_typesNtB4_9MangaItemNtNtCs5IYWBWA2NF0_4mlua6traits7FromLua8from_lua
FNDA:3,_RNvMs3_CslHdHAl8hCXl_13scraper_typesNtB5_7Chapter12same_chapter
FNDA:2,_RNvMs3_CslHdHAl8hCXl_13scraper_typesNtB5_7Chapter16all_same_chapter
FNDA:17,_RNvMs3_CslHdHAl8hCXl_13scraper_typesNtB5_7Chapter22extract_chapter_number
FNDA:0,_RNvMs0_CslHdHAl8hCXl_13scraper_typesNtB5_9MangaPage18parse_release_date
FNDA:0,_RNvXCslHdHAl8hCXl_13scraper_typesNtB2_9MangaItemNtNtCs5IYWBWA2NF0_4mlua6traits7IntoLua8into_lua
FNDA:0,_RNvXs1_CslHdHAl8hCXl_13scraper_typesNtB5_9MangaPageNtNtCs5IYWBWA2NF0_4mlua6traits7IntoLua8into_lua
FNDA:0,_RNvXs2_CslHdHAl8hCXl_13scraper_typesNtB5_9MangaPageNtNtCs5IYWBWA2NF0_4mlua6traits7FromLua8from_lua
FNDA:0,_RNvXs4_CslHdHAl8hCXl_13scraper_typesNtB5_7ChapterNtNtCs5IYWBWA2NF0_4mlua6traits7IntoLua8into_lua
FNDA:0,_RNvXs5_CslHdHAl8hCXl_13scraper_typesNtB5_7ChapterNtNtCs5IYWBWA2NF0_4mlua6traits7FromLua8from_lua
FNDA:0,_RNvXs6_CslHdHAl8hCXl_13scraper_typesNtB5_5GenreNtNtCs5IYWBWA2NF0_4mlua6traits7IntoLua8into_lua
FNDA:0,_RNvXs7_CslHdHAl8hCXl_13scraper_typesNtB5_5GenreNtNtCs5IYWBWA2NF0_4mlua6traits7FromLua8from_lua
FNDA:0,_RNvXs8_CslHdHAl8hCXl_13scraper_typesNtB5_11ScraperInfoNtNtCs5IYWBWA2NF0_4mlua6traits7IntoLua8into_lua
FNDA:0,_RNvXs9_CslHdHAl8hCXl_13scraper_typesNtB5_11ScraperInfoNtNtCs5IYWBWA2NF0_4mlua6traits7FromLua8from_lua
FNDA:0,_RNvXs_CslHdHAl8hCXl_13scraper_typesNtB4_9MangaItemNtNtCs5IYWBWA2NF0_4mlua6traits7FromLua8from_lua
FNDA:1,_RNvNtCslHdHAl8hCXl_13scraper_types5testss_12test_extract
FNDA:1,_RNvNtCslHdHAl8hCXl_13scraper_types5testss_17test_same_chapter
FNDA:1,_RNvNtCslHdHAl8hCXl_13scraper_types5testss_21test_all_same_chapter
FNDA:17,_RNCNvCslHdHAl8hCXl_13scraper_types17CHAP_NUMBER_REGEX0B3_
FNDA:5,_RNCNvMs3_CslHdHAl8hCXl_13scraper_typesNtB7_7Chapter16all_same_chapter0B7_
FNDA:16,_RNCNvMs3_CslHdHAl8hCXl_13scraper_typesNtB7_7Chapter22extract_chapter_number0B7_
FNDA:16,_RNCNvMs3_CslHdHAl8hCXl_13scraper_typesNtB7_7Chapter22extract_chapter_numbers_0B7_
FNF:21
FNH:10
DA:8,17
DA:18,0
DA:19,0
DA:20,0
DA:21,0
DA:22,0
DA:23,0
DA:24,0
DA:28,0
DA:29,0
DA:31,0
DA:32,0
DA:33,0
DA:35,0
DA:55,0
DA:56,0
DA:57,0
DA:58,0
DA:59,0
DA:60,0
DA:61,0
DA:62,0
DA:63,0
DA:64,0
DA:66,0
DA:67,0
DA:68,0
DA:69,0
DA:70,0
DA:71,0
DA:72,0
DA:73,0
DA:74,0
DA:77,0
DA:78,0
DA:79,0
DA:80,0
DA:81,0
DA:82,0
DA:83,0
DA:84,0
DA:85,0
DA:86,0
DA:90,0
DA:91,0
DA:92,0
DA:93,0
DA:94,0
DA:95,0
DA:96,0
DA:97,0
DA:98,0
DA:99,0
DA:100,0
DA:101,0
DA:102,0
DA:103,0
DA:104,0
DA:105,0
DA:109,0
DA:110,0
DA:112,0
DA:113,0
DA:114,0
DA:115,0
DA:116,0
DA:117,0
DA:118,0
DA:119,0
DA:120,0
DA:121,0
DA:122,0
DA:123,0
DA:125,0
DA:137,17
DA:138,17
DA:139,17
DA:140,17
DA:141,17
DA:142,17
DA:144,3
DA:145,3
DA:146,3
DA:148,2
DA:149,2
DA:150,0
DA:151,2
DA:152,2
DA:153,5
DA:154,2
DA:158,0
DA:159,0
DA:160,0
DA:161,0
DA:162,0
DA:163,0
DA:164,0
DA:168,0
DA:169,0
DA:171,0
DA:172,0
DA:173,0
DA:174,0
DA:176,0
DA:186,0
DA:187,0
DA:188,0
DA:189,0
DA:190,0
DA:191,0
DA:195,0
DA:196,0
DA:198,0
DA:199,0
DA:201,0
DA:215,0
DA:216,0
DA:217,0
DA:218,0
DA:219,0
DA:220,0
DA:221,0
DA:222,0
DA:223,0
DA:224,0
DA:228,0
DA:229,0
DA:231,0
DA:232,0
DA:233,0
DA:234,0
DA:235,0
DA:236,0
DA:238,0
DA:246,1
DA:247,1
DA:248,1
DA:249,1
DA:250,1
DA:251,1
DA:253,1
DA:254,1
DA:255,1
DA:256,1
DA:257,1
DA:259,1
DA:260,1
DA:261,1
DA:262,1
DA:263,1
DA:265,1
DA:266,1
DA:267,1
DA:268,1
DA:269,1
DA:270,1
DA:273,1
DA:274,1
DA:275,1
DA:276,1
DA:277,1
DA:278,1
DA:279,1
DA:280,1
DA:281,1
DA:282,1
DA:283,1
DA:284,1
DA:285,1
DA:286,1
DA:287,1
DA:288,1
DA:289,1
DA:292,1
DA:293,1
DA:294,1
DA:295,1
DA:296,1
DA:297,1
DA:298,1
DA:299,1
DA:300,1
DA:301,1
DA:302,1
DA:303,1
DA:304,1
DA:305,1
DA:306,1
DA:307,1
DA:308,1
DA:309,1
DA:311,1
DA:312,1
DA:313,1
DA:314,1
DA:315,1
DA:316,1
BRF:0
BRH:0
LF:200
LH:82
end_of_record
SF:/mnt/040b9fb6-50c4-4490-87c6-b7dd911435c9/Projects/rust/manga-vault/src/main.rs
FN:56,_RNCNCNvCsgIlnQsnnehB_11manga_vault4main00B5_
FN:68,_RNCNCNvCsgIlnQsnnehB_11manga_vault4main0s_0B5_
FN:13,_RNCNvCsgIlnQsnnehB_11manga_vault4main0B3_
FN:13,_RNvCsgIlnQsnnehB_11manga_vault4main
FNDA:0,_RNCNCNvCsgIlnQsnnehB_11manga_vault4main00B5_
FNDA:0,_RNCNCNvCsgIlnQsnnehB_11manga_vault4main0s_0B5_
FNDA:0,_RNCNvCsgIlnQsnnehB_11manga_vault4main0B3_
FNDA:0,_RNvCsgIlnQsnnehB_11manga_vault4main
FNF:4
FNH:0
DA:13,0
DA:14,0
DA:15,0
DA:17,0
DA:19,0
DA:20,0
DA:21,0
DA:22,0
DA:23,0
DA:24,0
DA:29,0
DA:30,0
DA:33,0
DA:35,0
DA:36,0
DA:39,0
DA:40,0
DA:41,0
DA:45,0
DA:46,0
DA:50,0
DA:51,0
DA:53,0
DA:54,0
DA:56,0
DA:57,0
DA:58,0
DA:59,0
DA:60,0
DA:61,0
DA:62,0
DA:63,0
DA:64,0
DA:65,0
DA:66,0
DA:68,0
DA:69,0
DA:70,0
DA:71,0
DA:73,0
DA:74,0
DA:75,0
BRF:0
BRH:0
LF:46
LH:0
end_of_record