SF:/mnt/040b9fb6-50c4-4490-87c6-b7dd911435c9/Projects/rust/manga-vault/apps/http/gql/src/lib.rs
FN:22,_RNCNvCsdWHrGJFpgAR_7gql_api15graphql_handler0B3_
FN:26,_RNCNvCsdWHrGJFpgAR_7gql_api18graphql_playground0B3_
FN:32,_RNCNvCsdWHrGJFpgAR_7gql_api3run0B3_
FN:19,_RNvCsdWHrGJFpgAR_7gql_api15graphql_handler
FN:26,_RNvCsdWHrGJFpgAR_7gql_api18graphql_playground
FN:32,_RNvCsdWHrGJFpgAR_7gql_api3run
FNDA:0,_RNCNvCsdWHrGJFpgAR_7gql_api15graphql_handler0B3_
FNDA:0,_RNCNvCsdWHrGJFpgAR_7gql_api18graphql_playground0B3_
FNDA:0,_RNCNvCsdWHrGJFpgAR_7gql_api3run0B3_
FNDA:0,_RNvCsdWHrGJFpgAR_7gql_api15graphql_handler
FNDA:0,_RNvCsdWHrGJFpgAR_7gql_api18graphql_playground
FNDA:0,_RNvCsdWHrGJFpgAR_7gql_api3run
FNF:6
FNH:0
DA:19,0
DA:20,0
DA:21,0
DA:22,0
DA:23,0
DA:24,0
DA:26,0
DA:27,0
DA:28,0
DA:29,0
DA:30,0
DA:32,0
DA:33,0
DA:34,0
DA:35,0
DA:36,0
DA:38,0
DA:39,0
DA:40,0
DA:41,0
DA:43,0
DA:44,0
DA:45,0
DA:47,0
DA:49,0
DA:50,0
DA:51,0
DA:52,0
DA:53,0
DA:55,0
DA:56,0
DA:58,0
DA:59,0
BRF:0
BRH:0
LF:36
LH:0
end_of_record
SF:/mnt/040b9fb6-50c4-4490-87c6-b7dd911435c9/Projects/rust/manga-vault/apps/http/gql/src/main.rs
FN:5,_RNCNvCsbCoIz0n1lrm_15manga_vault_gql4main0B3_
FN:5,_RNvCsbCoIz0n1lrm_15manga_vault_gql4main
FNDA:0,_RNCNvCsbCoIz0n1lrm_15manga_vault_gql4main0B3_
FNDA:0,_RNvCsbCoIz0n1lrm_15manga_vault_gql4main
FNF:2
FNH:0
DA:5,0
DA:6,0
DA:7,0
DA:9,0
DA:10,0
BRF:0
BRH:0
LF:7
LH:0
end_of_record
SF:/mnt/040b9fb6-50c4-4490-87c6-b7dd911435c9/Projects/rust/manga-vault/apps/http/gql/src/objects/categories.rs
FN:37,_RNCNCNvMs4_NtNtCsdWHrGJFpgAR_7gql_api7objects10categoriesNtB9_8Category4user00Bd_
FN:32,_RNCNvMs4_NtNtCsdWHrGJFpgAR_7gql_api7objects10categoriesNtB7_8Category4user0Bb_
FN:32,_RNvMs4_NtNtCsdWHrGJFpgAR_7gql_api7objects10categoriesNtB5_8Category4user
FN:20,_RNvXNtNtCsdWHrGJFpgAR_7gql_api7objects10categoriesNtB2_8CategoryINtNtCs6eyWBmJgFWh_4core7convert4FromNtNtCs673XTuleS2j_17database_entities10categories5ModelE4from
FNDA:0,_RNCNCNvMs4_NtNtCsdWHrGJFpgAR_7gql_api7objects10categoriesNtB9_8Category4user00Bd_
FNDA:0,_RNCNvMs4_NtNtCsdWHrGJFpgAR_7gql_api7objects10categoriesNtB7_8Category4user0Bb_
FNDA:0,_RNvMs4_NtNtCsdWHrGJFpgAR_7gql_api7objects10categoriesNtB5_8Category4user
FNDA:0,_RNvXNtNtCsdWHrGJFpgAR_7gql_api7objects10categoriesNtB2_8CategoryINtNtCs6eyWBmJgFWh_4core7convert4FromNtNtCs673XTuleS2j_17database_entities10categories5ModelE4from
FNF:4
FNH:0
DA:20,0
DA:21,0
DA:22,0
DA:23,0
DA:24,0
DA:25,0
DA:26,0
DA:27,0
DA:32,0
DA:33,0
DA:34,0
DA:35,0
DA:36,0
DA:37,0
DA:38,0
DA:39,0
BRF:0
BRH:0
LF:18
LH:0
end_of_record
SF:/mnt/040b9fb6-50c4-4490-87c6-b7dd911435c9/Projects/rust/manga-vault/apps/http/gql/src/objects/chapters.rs
FN:41,_RNCNCNvMs4_NtNtCsdWHrGJFpgAR_7gql_api7objects8chaptersNtB9_7Chapter5manga00Bd_
FN:36,_RNCNvMs4_NtNtCsdWHrGJFpgAR_7gql_api7objects8chaptersNtB7_7Chapter5manga0Bb_
FN:36,_RNvMs4_NtNtCsdWHrGJFpgAR_7gql_api7objects8chaptersNtB5_7Chapter5manga
FN:22,_RNvXNtNtCsdWHrGJFpgAR_7gql_api7objects8chaptersNtB2_7ChapterINtNtCs6eyWBmJgFWh_4core7convert4FromNtNtCs673XTuleS2j_17database_entities8chapters5ModelE4from
FNDA:0,_RNCNCNvMs4_NtNtCsdWHrGJFpgAR_7gql_api7objects8chaptersNtB9_7Chapter5manga00Bd_
FNDA:0,_RNCNvMs4_NtNtCsdWHrGJFpgAR_7gql_api7objects8chaptersNtB7_7Chapter5manga0Bb_
FNDA:0,_RNvMs4_NtNtCsdWHrGJFpgAR_7gql_api7objects8chaptersNtB5_7Chapter5manga
FNDA:0,_RNvXNtNtCsdWHrGJFpgAR_7gql_api7objects8chaptersNtB2_7ChapterINtNtCs6eyWBmJgFWh_4core7convert4FromNtNtCs673XTuleS2j_17database_entities8chapters5ModelE4from
FNF:4
FNH:0
DA:22,0
DA:23,0
DA:24,0
DA:25,0
DA:26,0
DA:27,0
DA:28,0
DA:29,0
DA:30,0
DA:31,0
DA:36,0
DA:37,0
DA:38,0
DA:39,0
DA:40,0
DA:41,0
DA:43,0
DA:44,0
BRF:0
BRH:0
LF:20
LH:0
end_of_record
SF:/mnt/040b9fb6-50c4-4490-87c6-b7dd911435c9/Projects/rust/manga-vault/apps/http/gql/src/objects/favorite_mangas.rs
FN:41,_RNCNCNvMs4_NtNtCsdWHrGJFpgAR_7gql_api7objects15favorite_mangasNtB9_13FavoriteManga4user00Bd_
FN:50,_RNCNCNvMs4_NtNtCsdWHrGJFpgAR_7gql_api7objects15favorite_mangasNtB9_13FavoriteManga5manga00Bd_
FN:59,_RNCNCNvMs4_NtNtCsdWHrGJFpgAR_7gql_api7objects15favorite_mangasNtB9_13FavoriteManga8category00Bd_
FN:36,_RNCNvMs4_NtNtCsdWHrGJFpgAR_7gql_api7objects15favorite_mangasNtB7_13FavoriteManga4user0Bb_
FN:45,_RNCNvMs4_NtNtCsdWHrGJFpgAR_7gql_api7objects15favorite_mangasNtB7_13FavoriteManga5manga0Bb_
FN:54,_RNCNvMs4_NtNtCsdWHrGJFpgAR_7gql_api7objects15favorite_mangasNtB7_13FavoriteManga8category0Bb_
FN:36,_RNvMs4_NtNtCsdWHrGJFpgAR_7gql_api7objects15favorite_mangasNtB5_13FavoriteManga4user
FN:45,_RNvMs4_NtNtCsdWHrGJFpgAR_7gql_api7objects15favorite_mangasNtB5_13FavoriteManga5manga
FN:54,_RNvMs4_NtNtCsdWHrGJFpgAR_7gql_api7objects15favorite_mangasNtB5_13FavoriteManga8category
FN:23,_RNvXNtNtCsdWHrGJFpgAR_7gql_api7objects15favorite_mangasNtB2_13FavoriteMangaINtNtCs6eyWBmJgFWh_4core7convert4FromNtNtCs673XTuleS2j_17database_entities15favorite_mangas5ModelE4from
FNDA:0,_RNCNCNvMs4_NtNtCsdWHrGJFpgAR_7gql_api7objects15favorite_mangasNtB9_13FavoriteManga4user00Bd_
FNDA:0,_RNCNCNvMs4_NtNtCsdWHrGJFpgAR_7gql_api7objects15favorite_mangasNtB9_13FavoriteManga5manga00Bd_
FNDA:0,_RNCNCNvMs4_NtNtCsdWHrGJFpgAR_7gql_api7objects15favorite_mangasNtB9_13FavoriteManga8category00Bd_
FNDA:0,_RNCNvMs4_NtNtCsdWHrGJFpgAR_7gql_api7objects15favorite_mangasNtB7_13FavoriteManga4user0Bb_
FNDA:0,_RNCNvMs4_NtNtCsdWHrGJFpgAR_7gql_api7objects15favorite_mangasNtB7_13FavoriteManga5manga0Bb_
FNDA:0,_RNCNvMs4_NtNtCsdWHrGJFpgAR_7gql_api7objects15favorite_mangasNtB7_13FavoriteManga8category0Bb_
FNDA:0,_RNvMs4_NtNtCsdWHrGJFpgAR_7gql_api7objects15favorite_mangasNtB5_13FavoriteManga4user
FNDA:0,_RNvMs4_NtNtCsdWHrGJFpgAR_7gql_api7objects15favorite_mangasNtB5_13FavoriteManga5manga
FNDA:0,_RNvMs4_NtNtCsdWHrGJFpgAR_7gql_api7objects15favorite_mangasNtB5_13FavoriteManga8category
FNDA:0,_RNvXNtNtCsdWHrGJFpgAR_7gql_api7objects15favorite_mangasNtB2_13FavoriteMangaINtNtCs6eyWBmJgFWh_4core7convert4FromNtNtCs673XTuleS2j_17database_entities15favorite_mangas5ModelE4from
FNF:10
FNH:0
DA:23,0
DA:24,0
DA:25,0
DA:26,0
DA:27,0
DA:28,0
DA:29,0
DA:30,0
DA:31,0
DA:36,0
DA:37,0
DA:38,0
DA:39,0
DA:40,0
DA:41,0
DA:42,0
DA:43,0
DA:45,0
DA:46,0
DA:47,0
DA:48,0
DA:49,0
DA:50,0
DA:51,0
DA:52,0
DA:54,0
DA:55,0
DA:56,0
DA:57,0
DA:58,0
DA:59,0
DA:60,0
DA:61,0
BRF:0
BRH:0
LF:39
LH:0
end_of_record
SF:/mnt/040b9fb6-50c4-4490-87c6-b7dd911435c9/Projects/rust/manga-vault/apps/http/gql/src/objects/files.rs
FN:37,_RNCNCNvMs4_NtNtCsdWHrGJFpgAR_7gql_api7objects5filesNtB9_4File5owner00Bd_
FN:32,_RNCNvMs4_NtNtCsdWHrGJFpgAR_7gql_api7objects5filesNtB7_4File5owner0Bb_
FN:32,_RNvMs4_NtNtCsdWHrGJFpgAR_7gql_api7objects5filesNtB5_4File5owner
FN:20,_RNvXNtNtCsdWHrGJFpgAR_7gql_api7objects5filesNtB2_4FileINtNtCs6eyWBmJgFWh_4core7convert4FromNtNtCs673XTuleS2j_17database_entities5files5ModelE4from
FNDA:0,_RNCNCNvMs4_NtNtCsdWHrGJFpgAR_7gql_api7objects5filesNtB9_4File5owner00Bd_
FNDA:0,_RNCNvMs4_NtNtCsdWHrGJFpgAR_7gql_api7objects5filesNtB7_4File5owner0Bb_
FNDA:0,_RNvMs4_NtNtCsdWHrGJFpgAR_7gql_api7objects5filesNtB5_4File5owner
FNDA:0,_RNvXNtNtCsdWHrGJFpgAR_7gql_api7objects5filesNtB2_4FileINtNtCs6eyWBmJgFWh_4core7convert4FromNtNtCs673XTuleS2j_17database_entities5files5ModelE4from
FNF:4
FNH:0
DA:20,0
DA:21,0
DA:22,0
DA:23,0
DA:24,0
DA:25,0
DA:26,0
DA:27,0
DA:32,0
DA:33,0
DA:34,0
DA:35,0
DA:36,0
DA:37,0
DA:38,0
DA:39,0
BRF:0
BRH:0
LF:18
LH:0
end_of_record
SF:/mnt/040b9fb6-50c4-4490-87c6-b7dd911435c9/Projects/rust/manga-vault/apps/http/gql/src/objects/mangas.rs
FN:16,_RNvXNtNtCsdWHrGJFpgAR_7gql_api7objects6mangasNtB2_5MangaINtNtCs6eyWBmJgFWh_4core7convert4FromNtNtCs673XTuleS2j_17database_entities6mangas5ModelE4from
FNDA:0,_RNvXNtNtCsdWHrGJFpgAR_7gql_api7objects6mangasNtB2_5MangaINtNtCs6eyWBmJgFWh_4core7convert4FromNtNtCs673XTuleS2j_17database_entities6mangas5ModelE4from
FNF:1
FNH:0
DA:16,0
DA:17,0
DA:18,0
DA:19,0
DA:20,0
DA:21,0
DA:22,0
DA:23,0
DA:24,0
DA:25,0
DA:26,0
BRF:0
BRH:0
LF:11
LH:0
end_of_record
SF:/mnt/040b9fb6-50c4-4490-87c6-b7dd911435c9/Projects/rust/manga-vault/apps/http/gql/src/objects/read_chapters.rs
FN:38,_RNCNCNvMs4_NtNtCsdWHrGJFpgAR_7gql_api7objects13read_chaptersNtB9_11ReadChapter4user00Bd_
FN:58,_RNCNCNvMs4_NtNtCsdWHrGJFpgAR_7gql_api7objects13read_chaptersNtB9_11ReadChapter5manga00Bd_
FN:48,_RNCNCNvMs4_NtNtCsdWHrGJFpgAR_7gql_api7objects13read_chaptersNtB9_11ReadChapter7chapter00Bd_
FN:33,_RNCNvMs4_NtNtCsdWHrGJFpgAR_7gql_api7objects13read_chaptersNtB7_11ReadChapter4user0Bb_
FN:53,_RNCNvMs4_NtNtCsdWHrGJFpgAR_7gql_api7objects13read_chaptersNtB7_11ReadChapter5manga0Bb_
FN:43,_RNCNvMs4_NtNtCsdWHrGJFpgAR_7gql_api7objects13read_chaptersNtB7_11ReadChapter7chapter0Bb_
FN:33,_RNvMs4_NtNtCsdWHrGJFpgAR_7gql_api7objects13read_chaptersNtB5_11ReadChapter4user
FN:53,_RNvMs4_NtNtCsdWHrGJFpgAR_7gql_api7objects13read_chaptersNtB5_11ReadChapter5manga
FN:43,_RNvMs4_NtNtCsdWHrGJFpgAR_7gql_api7objects13read_chaptersNtB5_11ReadChapter7chapter
FN:20,_RNvXNtNtCsdWHrGJFpgAR_7gql_api7objects13read_chaptersNtB2_11ReadChapterINtNtCs6eyWBmJgFWh_4core7convert4FromNtNtCs673XTuleS2j_17database_entities13read_chapters5ModelE4from
FNDA:0,_RNCNCNvMs4_NtNtCsdWHrGJFpgAR_7gql_api7objects13read_chaptersNtB9_11ReadChapter4user00Bd_
FNDA:0,_RNCNCNvMs4_NtNtCsdWHrGJFpgAR_7gql_api7objects13read_chaptersNtB9_11ReadChapter5manga00Bd_
FNDA:0,_RNCNCNvMs4_NtNtCsdWHrGJFpgAR_7gql_api7objects13read_chaptersNtB9_11ReadChapter7chapter00Bd_
FNDA:0,_RNCNvMs4_NtNtCsdWHrGJFpgAR_7gql_api7objects13read_chaptersNtB7_11ReadChapter4user0Bb_
FNDA:0,_RNCNvMs4_NtNtCsdWHrGJFpgAR_7gql_api7objects13read_chaptersNtB7_11ReadChapter5manga0Bb_
FNDA:0,_RNCNvMs4_NtNtCsdWHrGJFpgAR_7gql_api7objects13read_chaptersNtB7_11ReadChapter7chapter0Bb_
FNDA:0,_RNvMs4_NtNtCsdWHrGJFpgAR_7gql_api7objects13read_chaptersNtB5_11ReadChapter4user
FNDA:0,_RNvMs4_NtNtCsdWHrGJFpgAR_7gql_api7objects13read_chaptersNtB5_11ReadChapter5manga
FNDA:0,_RNvMs4_NtNtCsdWHrGJFpgAR_7gql_api7objects13read_chaptersNtB5_11ReadChapter7chapter
FNDA:0,_RNvXNtNtCsdWHrGJFpgAR_7gql_api7objects13read_chaptersNtB2_11ReadChapterINtNtCs6eyWBmJgFWh_4core7convert4FromNtNtCs673XTuleS2j_17database_entities13read_chapters5ModelE4from
FNF:10
FNH:0
DA:20,0
DA:21,0
DA:22,0
DA:23,0
DA:24,0
DA:25,0
DA:26,0
DA:27,0
DA:28,0
DA:33,0
DA:34,0
DA:35,0
DA:36,0
DA:37,0
DA:38,0
DA:40,0
DA:41,0
DA:43,0
DA:44,0
DA:45,0
DA:46,0
DA:47,0
DA:48,0
DA:50,0
DA:51,0
DA:53,0
DA:54,0
DA:55,0
DA:56,0
DA:57,0
DA:58,0
DA:60,0
DA:61,0
BRF:0
BRH:0
LF:39
LH:0
end_of_record
SF:/mnt/040b9fb6-50c4-4490-87c6-b7dd911435c9/Projects/rust/manga-vault/apps/http/gql/src/objects/temp.rs
FN:12,_RNvXNtNtCsdWHrGJFpgAR_7gql_api7objects4tempNtB2_4TempINtNtCs6eyWBmJgFWh_4core7convert4FromNtNtCs673XTuleS2j_17database_entities4temp5ModelE4from
FNDA:0,_RNvXNtNtCsdWHrGJFpgAR_7gql_api7objects4tempNtB2_4TempINtNtCs6eyWBmJgFWh_4core7convert4FromNtNtCs673XTuleS2j_17database_entities4temp5ModelE4from
FNF:1
FNH:0
DA:12,0
DA:13,0
DA:14,0
DA:15,0
DA:16,0
DA:17,0
DA:18,0
DA:19,0
BRF:0
BRH:0
LF:8
LH:0
end_of_record
SF:/mnt/040b9fb6-50c4-4490-87c6-b7dd911435c9/Projects/rust/manga-vault/apps/http/gql/src/objects/users.rs
FN:71,_RNCNCNvMs7_NtNtCsdWHrGJFpgAR_7gql_api7objects5usersNtB9_13SanitizedUser5image00Bd_
FN:65,_RNCNvMs7_NtNtCsdWHrGJFpgAR_7gql_api7objects5usersNtB7_13SanitizedUser5image0Bb_
FN:65,_RNvMs7_NtNtCsdWHrGJFpgAR_7gql_api7objects5usersNtB5_13SanitizedUser5image
FN:21,_RNvXNtNtCsdWHrGJFpgAR_7gql_api7objects5usersNtB2_4UserINtNtCs6eyWBmJgFWh_4core7convert4FromNtNtCs673XTuleS2j_17database_entities5users5ModelE4from
FN:53,_RNvXs0_NtNtCsdWHrGJFpgAR_7gql_api7objects5usersNtB5_13SanitizedUserINtNtCs6eyWBmJgFWh_4core7convert4FromNtB5_4UserE4from
FN:42,_RNvXs_NtNtCsdWHrGJFpgAR_7gql_api7objects5usersNtB4_13SanitizedUserINtNtCs6eyWBmJgFWh_4core7convert4FromNtNtCs673XTuleS2j_17database_entities5users5ModelE4from
FNDA:0,_RNCNCNvMs7_NtNtCsdWHrGJFpgAR_7gql_api7objects5usersNtB9_13SanitizedUser5image00Bd_
FNDA:0,_RNCNvMs7_NtNtCsdWHrGJFpgAR_7gql_api7objects5usersNtB7_13SanitizedUser5image0Bb_
FNDA:0,_RNvMs7_NtNtCsdWHrGJFpgAR_7gql_api7objects5usersNtB5_13SanitizedUser5image
FNDA:0,_RNvXNtNtCsdWHrGJFpgAR_7gql_api7objects5usersNtB2_4UserINtNtCs6eyWBmJgFWh_4core7convert4FromNtNtCs673XTuleS2j_17database_entities5users5ModelE4from
FNDA:0,_RNvXs0_NtNtCsdWHrGJFpgAR_7gql_api7objects5usersNtB5_13SanitizedUserINtNtCs6eyWBmJgFWh_4core7convert4FromNtB5_4UserE4from
FNDA:0,_RNvXs_NtNtCsdWHrGJFpgAR_7gql_api7objects5usersNtB4_13SanitizedUserINtNtCs6eyWBmJgFWh_4core7convert4FromNtNtCs673XTuleS2j_17database_entities5users5ModelE4from
FNF:6
FNH:0
DA:21,0
DA:22,0
DA:23,0
DA:24,0
DA:25,0
DA:26,0
DA:27,0
DA:28,0
DA:29,0
DA:42,0
DA:43,0
DA:44,0
DA:45,0
DA:46,0
DA:47,0
DA:48,0
DA:49,0
DA:53,0
DA:54,0
DA:55,0
DA:56,0
DA:57,0
DA:58,0
DA:59,0
DA:60,0
DA:65,0
DA:66,0
DA:67,0
DA:68,0
DA:69,0
DA:70,0
DA:71,0
DA:72,0
DA:74,0
DA:76,0
BRF:0
BRH:0
LF:37
LH:0
end_of_record
SF:/mnt/040b9fb6-50c4-4490-87c6-b7dd911435c9/Projects/rust/manga-vault/apps/http/gql/src/query_root.rs
FN:51,_RNCNCNvMNtCsdWHrGJFpgAR_7gql_api10query_rootNtB6_9QueryRoot13scrape_latest00B8_
FN:126,_RNCNvMNtCsdWHrGJFpgAR_7gql_api10query_rootNtB4_9QueryRoot12read_chapter0B6_
FN:47,_RNCNvMNtCsdWHrGJFpgAR_7gql_api10query_rootNtB4_9QueryRoot13scrape_latest0B6_
FN:109,_RNCNvMNtCsdWHrGJFpgAR_7gql_api10query_rootNtB4_9QueryRoot14favorite_manga0B6_
FN:38,_RNCNvMNtCsdWHrGJFpgAR_7gql_api10query_rootNtB4_9QueryRoot17chapters_by_manga0B6_
FN:134,_RNCNvMNtCsdWHrGJFpgAR_7gql_api10query_rootNtB4_9QueryRoot21read_chapters_by_user0B6_
FN:117,_RNCNvMNtCsdWHrGJFpgAR_7gql_api10query_rootNtB4_9QueryRoot23favorite_mangas_by_user0B6_
FN:24,_RNCNvMNtCsdWHrGJFpgAR_7gql_api10query_rootNtB4_9QueryRoot4user0B6_
FN:103,_RNCNvMNtCsdWHrGJFpgAR_7gql_api10query_rootNtB4_9QueryRoot5manga0B6_
FN:18,_RNCNvMNtCsdWHrGJFpgAR_7gql_api10query_rootNtB4_9QueryRoot5users0B6_
FN:30,_RNCNvMNtCsdWHrGJFpgAR_7gql_api10query_rootNtB4_9QueryRoot7chapter0B6_
FN:143,_RNCNvMNtCsdWHrGJFpgAR_7gql_api10query_rootNtB4_9QueryRoot8category0B6_
FN:126,_RNvMNtCsdWHrGJFpgAR_7gql_api10query_rootNtB2_9QueryRoot12read_chapter
FN:47,_RNvMNtCsdWHrGJFpgAR_7gql_api10query_rootNtB2_9QueryRoot13scrape_latest
FN:109,_RNvMNtCsdWHrGJFpgAR_7gql_api10query_rootNtB2_9QueryRoot14favorite_manga
FN:38,_RNvMNtCsdWHrGJFpgAR_7gql_api10query_rootNtB2_9QueryRoot17chapters_by_manga
FN:134,_RNvMNtCsdWHrGJFpgAR_7gql_api10query_rootNtB2_9QueryRoot21read_chapters_by_user
FN:117,_RNvMNtCsdWHrGJFpgAR_7gql_api10query_rootNtB2_9QueryRoot23favorite_mangas_by_user
FN:24,_RNvMNtCsdWHrGJFpgAR_7gql_api10query_rootNtB2_9QueryRoot4user
FN:103,_RNvMNtCsdWHrGJFpgAR_7gql_api10query_rootNtB2_9QueryRoot5manga
FN:18,_RNvMNtCsdWHrGJFpgAR_7gql_api10query_rootNtB2_9QueryRoot5users
FN:30,_RNvMNtCsdWHrGJFpgAR_7gql_api10query_rootNtB2_9QueryRoot7chapter
FN:143,_RNvMNtCsdWHrGJFpgAR_7gql_api10query_rootNtB2_9QueryRoot8category
FNDA:0,_RNCNCNvMNtCsdWHrGJFpgAR_7gql_api10query_rootNtB6_9QueryRoot13scrape_latest00B8_
FNDA:0,_RNCNvMNtCsdWHrGJFpgAR_7gql_api10query_rootNtB4_9QueryRoot12read_chapter0B6_
FNDA:0,_RNCNvMNtCsdWHrGJFpgAR_7gql_api10query_rootNtB4_9QueryRoot13scrape_latest0B6_
FNDA:0,_RNCNvMNtCsdWHrGJFpgAR_7gql_api10query_rootNtB4_9QueryRoot14favorite_manga0B6_
FNDA:0,_RNCNvMNtCsdWHrGJFpgAR_7gql_api10query_rootNtB4_9QueryRoot17chapters_by_manga0B6_
FNDA:0,_RNCNvMNtCsdWHrGJFpgAR_7gql_api10query_rootNtB4_9QueryRoot21read_chapters_by_user0B6_
FNDA:0,_RNCNvMNtCsdWHrGJFpgAR_7gql_api10query_rootNtB4_9QueryRoot23favorite_mangas_by_user0B6_
FNDA:0,_RNCNvMNtCsdWHrGJFpgAR_7gql_api10query_rootNtB4_9QueryRoot4user0B6_
FNDA:0,_RNCNvMNtCsdWHrGJFpgAR_7gql_api10query_rootNtB4_9QueryRoot5manga0B6_
FNDA:0,_RNCNvMNtCsdWHrGJFpgAR_7gql_api10query_rootNtB4_9QueryRoot5users0B6_
FNDA:0,_RNCNvMNtCsdWHrGJFpgAR_7gql_api10query_rootNtB4_9QueryRoot7chapter0B6_
FNDA:0,_RNCNvMNtCsdWHrGJFpgAR_7gql_api10query_rootNtB4_9QueryRoot8category0B6_
FNDA:0,_RNvMNtCsdWHrGJFpgAR_7gql_api10query_rootNtB2_9QueryRoot12read_chapter
FNDA:0,_RNvMNtCsdWHrGJFpgAR_7gql_api10query_rootNtB2_9QueryRoot13scrape_latest
FNDA:0,_RNvMNtCsdWHrGJFpgAR_7gql_api10query_rootNtB2_9QueryRoot14favorite_manga
FNDA:0,_RNvMNtCsdWHrGJFpgAR_7gql_api10query_rootNtB2_9QueryRoot17chapters_by_manga
FNDA:0,_RNvMNtCsdWHrGJFpgAR_7gql_api10query_rootNtB2_9QueryRoot21read_chapters_by_user
FNDA:0,_RNvMNtCsdWHrGJFpgAR_7gql_api10query_rootNtB2_9QueryRoot23favorite_mangas_by_user
FNDA:0,_RNvMNtCsdWHrGJFpgAR_7gql_api10query_rootNtB2_9QueryRoot4user
FNDA:0,_RNvMNtCsdWHrGJFpgAR_7gql_api10query_rootNtB2_9QueryRoot5manga
FNDA:0,_RNvMNtCsdWHrGJFpgAR_7gql_api10query_rootNtB2_9QueryRoot5users
FNDA:0,_RNvMNtCsdWHrGJFpgAR_7gql_api10query_rootNtB2_9QueryRoot7chapter
FNDA:0,_RNvMNtCsdWHrGJFpgAR_7gql_api10query_rootNtB2_9QueryRoot8category
FNF:23
FNH:0
DA:18,0
DA:19,0
DA:20,0
DA:21,0
DA:22,0
DA:24,0
DA:25,0
DA:26,0
DA:27,0
DA:28,0
DA:30,0
DA:31,0
DA:32,0
DA:33,0
DA:34,0
DA:35,0
DA:36,0
DA:38,0
DA:39,0
DA:40,0
DA:41,0
DA:42,0
DA:43,0
DA:44,0
DA:45,0
DA:47,0
DA:48,0
DA:49,0
DA:50,0
DA:51,0
DA:53,0
DA:54,0
DA:55,0
DA:57,0
DA:58,0
DA:59,0
DA:60,0
DA:61,0
DA:63,0
DA:64,0
DA:65,0
DA:66,0
DA:67,0
DA:68,0
DA:69,0
DA:70,0
DA:71,0
DA:72,0
DA:73,0
DA:74,0
DA:75,0
DA:77,0
DA:78,0
DA:79,0
DA:80,0
DA:81,0
DA:82,0
DA:83,0
DA:87,0
DA:88,0
DA:89,0
DA:90,0
DA:91,0
DA:93,0
DA:94,0
DA:96,0
DA:97,0
DA:99,0
DA:101,0
DA:103,0
DA:104,0
DA:105,0
DA:106,0
DA:107,0
DA:109,0
DA:110,0
DA:111,0
DA:112,0
DA:113,0
DA:114,0
DA:115,0
DA:117,0
DA:118,0
DA:119,0
DA:120,0
DA:121,0
DA:122,0
DA:123,0
DA:124,0
DA:126,0
DA:127,0
DA:128,0
DA:129,0
DA:130,0
DA:131,0
DA:132,0
DA:134,0
DA:135,0
DA:136,0
DA:137,0
DA:138,0
DA:139,0
DA:140,0
DA:141,0
DA:143,0
DA:144,0
DA:145,0
DA:146,0
DA:147,0
DA:148,0
DA:149,0
BRF:0
BRH:0
LF:123
LH:0
end_of_record
SF:/mnt/040b9fb6-50c4-4490-87c6-b7dd911435c9/Projects/rust/manga-vault/apps/http/utils/src/downloader.rs
FN:8,_RNCNvNtCsgLRSYIRcU5A_10http_utils10downloader10downloader0B5_
FN:64,_RNCNvNtCsgLRSYIRcU5A_10http_utils10downloader10unzip_file0B5_
FN:45,_RNCNvNtCsgLRSYIRcU5A_10http_utils10downloader11get_version0B5_
FN:73,_RNCNvNtCsgLRSYIRcU5A_10http_utils10downloader14update_website0B5_
FN:8,_RNvNtCsgLRSYIRcU5A_10http_utils10downloader10downloader
FN:64,_RNvNtCsgLRSYIRcU5A_10http_utils10downloader10unzip_file
FN:45,_RNvNtCsgLRSYIRcU5A_10http_utils10downloader11get_version
FN:73,_RNvNtCsgLRSYIRcU5A_10http_utils10downloader14update_website
FNDA:0,_RNCNvNtCsgLRSYIRcU5A_10http_utils10downloader10downloader0B5_
FNDA:0,_RNCNvNtCsgLRSYIRcU5A_10http_utils10downloader10unzip_file0B5_
FNDA:0,_RNCNvNtCsgLRSYIRcU5A_10http_utils10downloader11get_version0B5_
FNDA:0,_RNCNvNtCsgLRSYIRcU5A_10http_utils10downloader14update_website0B5_
FNDA:0,_RNvNtCsgLRSYIRcU5A_10http_utils10downloader10downloader
FNDA:0,_RNvNtCsgLRSYIRcU5A_10http_utils10downloader10unzip_file
FNDA:0,_RNvNtCsgLRSYIRcU5A_10http_utils10downloader11get_version
FNDA:0,_RNvNtCsgLRSYIRcU5A_10http_utils10downloader14update_website
FNF:8
FNH:0
DA:8,0
DA:9,0
DA:11,0
DA:12,0
DA:13,0
DA:14,0
DA:16,0
DA:17,0
DA:18,0
DA:20,0
DA:22,0
DA:23,0
DA:24,0
DA:26,0
DA:27,0
DA:28,0
DA:29,0
DA:30,0
DA:33,0
DA:35,0
DA:36,0
DA:37,0
DA:39,0
DA:40,0
DA:42,0
DA:43,0
DA:45,0
DA:46,0
DA:48,0
DA:49,0
DA:50,0
DA:51,0
DA:53,0
DA:54,0
DA:55,0
DA:57,0
DA:59,0
DA:61,0
DA:62,0
DA:64,0
DA:65,0
DA:66,0
DA:67,0
DA:68,0
DA:70,0
DA:71,0
DA:73,0
DA:74,0
DA:75,0
DA:76,0
DA:77,0
DA:79,0
DA:80,0
DA:81,0
DA:82,0
DA:83,0
DA:84,0
DA:85,0
DA:86,0
DA:87,0
DA:88,0
DA:89,0
DA:90,0
DA:93,0
DA:95,0
DA:96,0
DA:97,0
DA:98,0
DA:100,0
DA:101,0
DA:102,0
DA:103,0
DA:104,0
DA:105,0
DA:106,0
DA:107,0
DA:108,0
DA:109,0
DA:111,0
DA:112,0
DA:113,0
DA:114,0
DA:116,0
DA:117,0
DA:118,0
DA:119,0
DA:120,0
DA:121,0
DA:122,0
DA:123,0
DA:124,0
DA:125,0
BRF:0
BRH:0
LF:96
LH:0
end_of_record
SF:/mnt/040b9fb6-50c4-4490-87c6-b7dd911435c9/Projects/rust/manga-vault/apps/scheduler/queue/src/lib.rs
FN:252,_RNvCs2nmQCy2AN4o_5queue17calculate_backoff
FN:130,_RNCNCNvMCs2nmQCy2AN4o_5queueINtB6_9TaskQueueNtNtCsd6BA5J8dlXg_5alloc6string6StringE3news_0s_0B6_
FN:230,_RNCNvMCs2nmQCy2AN4o_5queueINtB4_9TaskQueueNtNtCsd6BA5J8dlXg_5alloc6string6StringE10peek_top_k0B4_
FN:76,_RNCNvMCs2nmQCy2AN4o_5queueINtB4_9TaskQueueNtNtCsd6BA5J8dlXg_5alloc6string6StringE3new0B4_
FN:109,_RNCNvMCs2nmQCy2AN4o_5queueINtB4_9TaskQueueNtNtCsd6BA5J8dlXg_5alloc6string6StringE3news_0B4_
FN:187,_RNCNvMCs2nmQCy2AN4o_5queueINtB4_9TaskQueueNtNtCsd6BA5J8dlXg_5alloc6string6StringE6insert0B4_
FN:230,_RNvMCs2nmQCy2AN4o_5queueINtB2_9TaskQueueNtNtCsd6BA5J8dlXg_5alloc6string6StringE10peek_top_kB2_
FN:220,_RNvMCs2nmQCy2AN4o_5queueINtB2_9TaskQueueNtNtCsd6BA5J8dlXg_5alloc6string6StringE3lenB2_
FN:52,_RNvMCs2nmQCy2AN4o_5queueINtB2_9TaskQueueNtNtCsd6BA5J8dlXg_5alloc6string6StringE3newB2_
FN:187,_RNvMCs2nmQCy2AN4o_5queueINtB2_9TaskQueueNtNtCsd6BA5J8dlXg_5alloc6string6StringE6insertB2_
FN:225,_RNvMCs2nmQCy2AN4o_5queueINtB2_9TaskQueueNtNtCsd6BA5J8dlXg_5alloc6string6StringE8is_emptyB2_
FNDA:5,_RNvCs2nmQCy2AN4o_5queue17calculate_backoff
FNDA:6,_RNCNCNvMCs2nmQCy2AN4o_5queueINtB6_9TaskQueueNtNtCsd6BA5J8dlXg_5alloc6string6StringE3news_0s_0B6_
FNDA:1,_RNCNvMCs2nmQCy2AN4o_5queueINtB4_9TaskQueueNtNtCsd6BA5J8dlXg_5alloc6string6StringE10peek_top_k0B4_
FNDA:2,_RNCNvMCs2nmQCy2AN4o_5queueINtB4_9TaskQueueNtNtCsd6BA5J8dlXg_5alloc6string6StringE3new0B4_
FNDA:2,_RNCNvMCs2nmQCy2AN4o_5queueINtB4_9TaskQueueNtNtCsd6BA5J8dlXg_5alloc6string6StringE3news_0B4_
FNDA:14,_RNCNvMCs2nmQCy2AN4o_5queueINtB4_9TaskQueueNtNtCsd6BA5J8dlXg_5alloc6string6StringE6insert0B4_
FNDA:1,_RNvMCs2nmQCy2AN4o_5queueINtB2_9TaskQueueNtNtCsd6BA5J8dlXg_5alloc6string6StringE10peek_top_kB2_
FNDA:6,_RNvMCs2nmQCy2AN4o_5queueINtB2_9TaskQueueNtNtCsd6BA5J8dlXg_5alloc6string6StringE3lenB2_
FNDA:7,_RNvMCs2nmQCy2AN4o_5queueINtB2_9TaskQueueNtNtCsd6BA5J8dlXg_5alloc6string6StringE3newB2_
FNDA:14,_RNvMCs2nmQCy2AN4o_5queueINtB2_9TaskQueueNtNtCsd6BA5J8dlXg_5alloc6string6StringE6insertB2_
FNDA:1,_RNvMCs2nmQCy2AN4o_5queueINtB2_9TaskQueueNtNtCsd6BA5J8dlXg_5alloc6string6StringE8is_emptyB2_
FNF:11
FNH:11
DA:52,7
DA:53,7
DA:54,7
DA:55,7
DA:56,7
DA:57,7
DA:58,7
DA:59,7
DA:60,7
DA:61,7
DA:62,7
DA:63,7
DA:64,7
DA:65,7
DA:66,7
DA:67,7
DA:68,7
DA:70,7
DA:71,7
DA:72,7
DA:73,7
DA:74,7
DA:76,7
DA:78,13
DA:79,0
DA:81,13
DA:84,13
DA:85,6
DA:86,6
DA:87,0
DA:88,6
DA:89,6
DA:92,7
DA:93,7
DA:94,7
DA:99,0
DA:100,0
DA:102,7
DA:103,7
DA:104,7
DA:105,7
DA:106,7
DA:107,7
DA:109,7
DA:110,2
DA:112,8
DA:113,8
DA:114,8
DA:115,6
DA:116,6
DA:117,6
DA:119,0
DA:120,0
DA:124,6
DA:125,6
DA:126,6
DA:127,6
DA:128,6
DA:130,6
DA:131,6
DA:132,6
DA:134,6
DA:136,2
DA:138,4
DA:139,4
DA:140,4
DA:141,4
DA:143,4
DA:144,4
DA:145,4
DA:147,4
DA:148,4
DA:149,4
DA:150,4
DA:151,4
DA:152,4
DA:153,0
DA:155,0
DA:158,6
DA:159,6
DA:161,0
DA:166,0
DA:167,0
DA:169,7
DA:170,7
DA:171,7
DA:172,7
DA:173,7
DA:174,7
DA:175,7
DA:176,7
DA:177,7
DA:178,7
DA:179,7
DA:180,7
DA:181,7
DA:182,7
DA:187,14
DA:188,14
DA:189,14
DA:190,14
DA:192,14
DA:193,11
DA:195,10
DA:196,10
DA:198,1
DA:201,3
DA:202,3
DA:204,3
DA:205,3
DA:208,0
DA:210,0
DA:213,0
DA:217,14
DA:220,6
DA:221,6
DA:222,6
DA:225,1
DA:226,1
DA:227,1
DA:230,1
DA:231,1
DA:232,1
DA:252,5
DA:253,5
DA:254,5
DA:255,5
DA:256,5
DA:257,5
DA:258,5
BRF:0
BRH:0
LF:135
LH:121
end_of_record
SF:/mnt/040b9fb6-50c4-4490-87c6-b7dd911435c9/Projects/rust/manga-vault/apps/scheduler/queue/src/priority_queue_core.rs
FN:196,_RNCNCNCNvMNtCs2nmQCy2AN4o_5queue19priority_queue_coreINtB8_17PriorityQueueCoreNtNtCsd6BA5J8dlXg_5alloc6string6StringE10peek_top_k000Ba_
FN:153,_RNCNCNCNvMNtCs2nmQCy2AN4o_5queue19priority_queue_coreINtB8_17PriorityQueueCoreNtNtCsd6BA5J8dlXg_5alloc6string6StringE14pop_with_aging0s_00Ba_
FN:196,_RNCNCNvMNtCs2nmQCy2AN4o_5queue19priority_queue_coreINtB6_17PriorityQueueCoreNtNtCsd6BA5J8dlXg_5alloc6string6StringE10peek_top_k00B8_
FN:150,_RNCNCNvMNtCs2nmQCy2AN4o_5queue19priority_queue_coreINtB6_17PriorityQueueCoreNtNtCsd6BA5J8dlXg_5alloc6string6StringE14pop_with_aging00B8_
FN:163,_RNCNCNvMNtCs2nmQCy2AN4o_5queue19priority_queue_coreINtB6_17PriorityQueueCoreNtNtCsd6BA5J8dlXg_5alloc6string6StringE14pop_with_aging0s0_0B8_
FN:167,_RNCNCNvMNtCs2nmQCy2AN4o_5queue19priority_queue_coreINtB6_17PriorityQueueCoreNtNtCsd6BA5J8dlXg_5alloc6string6StringE14pop_with_aging0s1_0B8_
FN:151,_RNCNCNvMNtCs2nmQCy2AN4o_5queue19priority_queue_coreINtB6_17PriorityQueueCoreNtNtCsd6BA5J8dlXg_5alloc6string6StringE14pop_with_aging0s_0B8_
FN:61,_RNCNCNvMNtCs2nmQCy2AN4o_5queue19priority_queue_coreINtB6_17PriorityQueueCoreNtNtCsd6BA5J8dlXg_5alloc6string6StringE6insert00B8_
FN:88,_RNCNCNvMNtCs2nmQCy2AN4o_5queue19priority_queue_coreINtB6_17PriorityQueueCoreNtNtCsd6BA5J8dlXg_5alloc6string6StringE6insert0s0_0B8_
FN:193,_RNCNvMNtCs2nmQCy2AN4o_5queue19priority_queue_coreINtB4_17PriorityQueueCoreNtNtCsd6BA5J8dlXg_5alloc6string6StringE10peek_top_k0B6_
FN:140,_RNCNvMNtCs2nmQCy2AN4o_5queue19priority_queue_coreINtB4_17PriorityQueueCoreNtNtCsd6BA5J8dlXg_5alloc6string6StringE14pop_with_aging0B6_
FN:111,_RNCNvMNtCs2nmQCy2AN4o_5queue19priority_queue_coreINtB4_17PriorityQueueCoreNtNtCsd6BA5J8dlXg_5alloc6string6StringE3pop0B6_
FN:56,_RNCNvMNtCs2nmQCy2AN4o_5queue19priority_queue_coreINtB4_17PriorityQueueCoreNtNtCsd6BA5J8dlXg_5alloc6string6StringE6insert0B6_
FN:193,_RNvMNtCs2nmQCy2AN4o_5queue19priority_queue_coreINtB2_17PriorityQueueCoreNtNtCsd6BA5J8dlXg_5alloc6string6StringE10peek_top_kB4_
FN:140,_RNvMNtCs2nmQCy2AN4o_5queue19priority_queue_coreINtB2_17PriorityQueueCoreNtNtCsd6BA5J8dlXg_5alloc6string6StringE14pop_with_agingB4_
FN:177,_RNvMNtCs2nmQCy2AN4o_5queue19priority_queue_coreINtB2_17PriorityQueueCoreNtNtCsd6BA5J8dlXg_5alloc6string6StringE3lenB4_
FN:41,_RNvMNtCs2nmQCy2AN4o_5queue19priority_queue_coreINtB2_17PriorityQueueCoreNtNtCsd6BA5J8dlXg_5alloc6string6StringE3newB4_
FN:111,_RNvMNtCs2nmQCy2AN4o_5queue19priority_queue_coreINtB2_17PriorityQueueCoreNtNtCsd6BA5J8dlXg_5alloc6string6StringE3popB4_
FN:56,_RNvMNtCs2nmQCy2AN4o_5queue19priority_queue_coreINtB2_17PriorityQueueCoreNtNtCsd6BA5J8dlXg_5alloc6string6StringE6insertB4_
FN:184,_RNvMNtCs2nmQCy2AN4o_5queue19priority_queue_coreINtB2_17PriorityQueueCoreNtNtCsd6BA5J8dlXg_5alloc6string6StringE8is_emptyB4_
FNDA:5,_RNCNCNCNvMNtCs2nmQCy2AN4o_5queue19priority_queue_coreINtB8_17PriorityQueueCoreNtNtCsd6BA5J8dlXg_5alloc6string6StringE10peek_top_k000Ba_
FNDA:4,_RNCNCNCNvMNtCs2nmQCy2AN4o_5queue19priority_queue_coreINtB8_17PriorityQueueCoreNtNtCsd6BA5J8dlXg_5alloc6string6StringE14pop_with_aging0s_00Ba_
FNDA:5,_RNCNCNvMNtCs2nmQCy2AN4o_5queue19priority_queue_coreINtB6_17PriorityQueueCoreNtNtCsd6BA5J8dlXg_5alloc6string6StringE10peek_top_k00B8_
FNDA:4,_RNCNCNvMNtCs2nmQCy2AN4o_5queue19priority_queue_coreINtB6_17PriorityQueueCoreNtNtCsd6BA5J8dlXg_5alloc6string6StringE14pop_with_aging00B8_
FNDA:4,_RNCNCNvMNtCs2nmQCy2AN4o_5queue19priority_queue_coreINtB6_17PriorityQueueCoreNtNtCsd6BA5J8dlXg_5alloc6string6StringE14pop_with_aging0s0_0B8_
FNDA:4,_RNCNCNvMNtCs2nmQCy2AN4o_5queue19priority_queue_coreINtB6_17PriorityQueueCoreNtNtCsd6BA5J8dlXg_5alloc6string6StringE14pop_with_aging0s1_0B8_
FNDA:4,_RNCNCNvMNtCs2nmQCy2AN4o_5queue19priority_queue_coreINtB6_17PriorityQueueCoreNtNtCsd6BA5J8dlXg_5alloc6string6StringE14pop_with_aging0s_0B8_
FNDA:1,_RNCNCNvMNtCs2nmQCy2AN4o_5queue19priority_queue_coreINtB6_17PriorityQueueCoreNtNtCsd6BA5J8dlXg_5alloc6string6StringE6insert00B8_
FNDA:2,_RNCNCNvMNtCs2nmQCy2AN4o_5queue19priority_queue_coreINtB6_17PriorityQueueCoreNtNtCsd6BA5J8dlXg_5alloc6string6StringE6insert0s0_0B8_
FNDA:3,_RNCNvMNtCs2nmQCy2AN4o_5queue19priority_queue_coreINtB4_17PriorityQueueCoreNtNtCsd6BA5J8dlXg_5alloc6string6StringE10peek_top_k0B6_
FNDA:2,_RNCNvMNtCs2nmQCy2AN4o_5queue19priority_queue_coreINtB4_17PriorityQueueCoreNtNtCsd6BA5J8dlXg_5alloc6string6StringE14pop_with_aging0B6_
FNDA:15,_RNCNvMNtCs2nmQCy2AN4o_5queue19priority_queue_coreINtB4_17PriorityQueueCoreNtNtCsd6BA5J8dlXg_5alloc6string6StringE3pop0B6_
FNDA:35,_RNCNvMNtCs2nmQCy2AN4o_5queue19priority_queue_coreINtB4_17PriorityQueueCoreNtNtCsd6BA5J8dlXg_5alloc6string6StringE6insert0B6_
FNDA:3,_RNvMNtCs2nmQCy2AN4o_5queue19priority_queue_coreINtB2_17PriorityQueueCoreNtNtCsd6BA5J8dlXg_5alloc6string6StringE10peek_top_kB4_
FNDA:2,_RNvMNtCs2nmQCy2AN4o_5queue19priority_queue_coreINtB2_17PriorityQueueCoreNtNtCsd6BA5J8dlXg_5alloc6string6StringE14pop_with_agingB4_
FNDA:17,_RNvMNtCs2nmQCy2AN4o_5queue19priority_queue_coreINtB2_17PriorityQueueCoreNtNtCsd6BA5J8dlXg_5alloc6string6StringE3lenB4_
FNDA:14,_RNvMNtCs2nmQCy2AN4o_5queue19priority_queue_coreINtB2_17PriorityQueueCoreNtNtCsd6BA5J8dlXg_5alloc6string6StringE3newB4_
FNDA:15,_RNvMNtCs2nmQCy2AN4o_5queue19priority_queue_coreINtB2_17PriorityQueueCoreNtNtCsd6BA5J8dlXg_5alloc6string6StringE3popB4_
FNDA:35,_RNvMNtCs2nmQCy2AN4o_5queue19priority_queue_coreINtB2_17PriorityQueueCoreNtNtCsd6BA5J8dlXg_5alloc6string6StringE6insertB4_
FNDA:4,_RNvMNtCs2nmQCy2AN4o_5queue19priority_queue_coreINtB2_17PriorityQueueCoreNtNtCsd6BA5J8dlXg_5alloc6string6StringE8is_emptyB4_
FNF:20
FNH:20
DA:41,14
DA:42,14
DA:43,14
DA:44,14
DA:45,14
DA:46,14
DA:47,14
DA:48,14
DA:49,14
DA:56,35
DA:57,35
DA:58,1
DA:59,1
DA:60,1
DA:61,1
DA:62,0
DA:64,1
DA:66,1
DA:67,1
DA:68,1
DA:69,1
DA:70,1
DA:71,1
DA:72,1
DA:73,1
DA:74,1
DA:75,1
DA:76,0
DA:77,0
DA:78,34
DA:80,34
DA:81,3
DA:82,3
DA:83,3
DA:84,3
DA:85,2
DA:86,1
DA:87,1
DA:88,2
DA:89,1
DA:90,1
DA:91,0
DA:92,31
DA:94,32
DA:95,32
DA:96,32
DA:97,32
DA:98,32
DA:99,32
DA:100,32
DA:101,32
DA:102,32
DA:103,32
DA:105,32
DA:106,35
DA:111,15
DA:112,15
DA:113,15
DA:115,15
DA:116,11
DA:117,3
DA:118,8
DA:120,8
DA:121,8
DA:122,8
DA:124,8
DA:125,8
DA:126,0
DA:127,0
DA:129,4
DA:130,15
DA:140,2
DA:141,2
DA:142,2
DA:143,2
DA:144,0
DA:147,2
DA:148,2
DA:149,2
DA:150,4
DA:151,4
DA:152,4
DA:153,4
DA:154,4
DA:155,4
DA:156,4
DA:157,4
DA:158,4
DA:159,4
DA:160,2
DA:163,4
DA:165,2
DA:166,2
DA:167,4
DA:168,2
DA:169,2
DA:170,0
DA:171,0
DA:172,0
DA:173,0
DA:174,2
DA:177,17
DA:178,17
DA:179,17
DA:184,4
DA:185,4
DA:186,4
DA:193,3
DA:194,3
DA:195,3
DA:196,5
DA:197,3
DA:198,3
DA:199,3
BRF:0
BRH:0
LF:127
LH:116
end_of_record
SF:/mnt/040b9fb6-50c4-4490-87c6-b7dd911435c9/Projects/rust/manga-vault/apps/scheduler/queue/src/queue_item.rs
FN:22,_RNvMNtCs2nmQCy2AN4o_5queue10queue_itemINtB2_9QueueItemNtNtCsd6BA5J8dlXg_5alloc6string6StringE3newB4_
FNDA:31,_RNvMNtCs2nmQCy2AN4o_5queue10queue_itemINtB2_9QueueItemNtNtCsd6BA5J8dlXg_5alloc6string6StringE3newB4_
FNF:1
FNH:1
DA:22,31
DA:23,31
DA:24,31
DA:25,31
DA:26,31
DA:27,31
DA:28,31
DA:29,31
DA:30,31
DA:31,31
DA:32,31
DA:33,31
DA:34,31
BRF:0
BRH:0
LF:13
LH:13
end_of_record
SF:/mnt/040b9fb6-50c4-4490-87c6-b7dd911435c9/Projects/rust/manga-vault/apps/scheduler/src/main.rs
FN:2,_RNCNvCsdnE061u3ANp_21manga_vault_scheduler4main0B3_
FN:2,_RNvCsdnE061u3ANp_21manga_vault_scheduler4main
FNDA:0,_RNCNvCsdnE061u3ANp_21manga_vault_scheduler4main0B3_
FNDA:0,_RNvCsdnE061u3ANp_21manga_vault_scheduler4main
FNF:2
FNH:0
DA:2,0
DA:3,0
DA:5,0
DA:6,0
BRF:0
BRH:0
LF:6
LH:0
end_of_record
SF:/mnt/040b9fb6-50c4-4490-87c6-b7dd911435c9/Projects/rust/manga-vault/config/src/lib.rs
FN:43,_RNvMs_Cs87vwGOE4mP6_6configNtB4_12TracingLevel16to_tracing_level
FN:18,_RNvCs87vwGOE4mP6_6config15generate_secret
FN:10,_RNvCs87vwGOE4mP6_6config22current_exe_parent_dir
FN:187,_RNvMs6_Cs87vwGOE4mP6_6configNtB5_6Config4load
FN:37,_RNvXCs87vwGOE4mP6_6configNtB2_12TracingLevelNtNtCs6eyWBmJgFWh_4core7default7Default7default
FN:127,_RNvXs0_Cs87vwGOE4mP6_6configNtB5_9ApiConfigNtNtCs6eyWBmJgFWh_4core7default7Default7default
FN:137,_RNvXs1_Cs87vwGOE4mP6_6configNtB5_15WebsocketConfigNtNtCs6eyWBmJgFWh_4core7default7Default7default
FN:146,_RNvXs2_Cs87vwGOE4mP6_6configNtB5_14DatabaseConfigNtNtCs6eyWBmJgFWh_4core7default7Default7default
FN:157,_RNvXs3_Cs87vwGOE4mP6_6configNtB5_13PluginsConfigNtNtCs6eyWBmJgFWh_4core7default7Default7default
FN:167,_RNvXs4_Cs87vwGOE4mP6_6configNtB5_13WebsiteConfigNtNtCs6eyWBmJgFWh_4core7default7Default7default
FN:173,_RNvXs5_Cs87vwGOE4mP6_6configNtB5_6ConfigNtNtCs6eyWBmJgFWh_4core7default7Default7default
FN:204,_RNCNvMs6_Cs87vwGOE4mP6_6configNtB7_6Config4load0B7_
FN:204,_RNCNvMs6_Cs6yAAXWSaRGf_6configNtB7_6Config4load0B7_
FN:18,_RNvCs6yAAXWSaRGf_6config15generate_secret
FN:10,_RNvCs6yAAXWSaRGf_6config22current_exe_parent_dir
FN:187,_RNvMs6_Cs6yAAXWSaRGf_6configNtB5_6Config4load
FN:43,_RNvMs_Cs6yAAXWSaRGf_6configNtB4_12TracingLevel16to_tracing_level
FN:37,_RNvXCs6yAAXWSaRGf_6configNtB2_12TracingLevelNtNtCs6eyWBmJgFWh_4core7default7Default7default
FN:127,_RNvXs0_Cs6yAAXWSaRGf_6configNtB5_9ApiConfigNtNtCs6eyWBmJgFWh_4core7default7Default7default
FN:137,_RNvXs1_Cs6yAAXWSaRGf_6configNtB5_15WebsocketConfigNtNtCs6eyWBmJgFWh_4core7default7Default7default
FN:146,_RNvXs2_Cs6yAAXWSaRGf_6configNtB5_14DatabaseConfigNtNtCs6eyWBmJgFWh_4core7default7Default7default
FN:157,_RNvXs3_Cs6yAAXWSaRGf_6configNtB5_13PluginsConfigNtNtCs6eyWBmJgFWh_4core7default7Default7default
FN:167,_RNvXs4_Cs6yAAXWSaRGf_6configNtB5_13WebsiteConfigNtNtCs6eyWBmJgFWh_4core7default7Default7default
FN:173,_RNvXs5_Cs6yAAXWSaRGf_6configNtB5_6ConfigNtNtCs6eyWBmJgFWh_4core7default7Default7default
FNDA:0,_RNvMs_Cs87vwGOE4mP6_6configNtB4_12TracingLevel16to_tracing_level
FNDA:0,_RNvCs87vwGOE4mP6_6config15generate_secret
FNDA:0,_RNvCs87vwGOE4mP6_6config22current_exe_parent_dir
FNDA:0,_RNvMs6_Cs87vwGOE4mP6_6configNtB5_6Config4load
FNDA:0,_RNvXCs87vwGOE4mP6_6configNtB2_12TracingLevelNtNtCs6eyWBmJgFWh_4core7default7Default7default
FNDA:0,_RNvXs0_Cs87vwGOE4mP6_6configNtB5_9ApiConfigNtNtCs6eyWBmJgFWh_4core7default7Default7default
FNDA:0,_RNvXs1_Cs87vwGOE4mP6_6configNtB5_15WebsocketConfigNtNtCs6eyWBmJgFWh_4core7default7Default7default
FNDA:0,_RNvXs2_Cs87vwGOE4mP6_6configNtB5_14DatabaseConfigNtNtCs6eyWBmJgFWh_4core7default7Default7default
FNDA:0,_RNvXs3_Cs87vwGOE4mP6_6configNtB5_13PluginsConfigNtNtCs6eyWBmJgFWh_4core7default7Default7default
FNDA:0,_RNvXs4_Cs87vwGOE4mP6_6configNtB5_13WebsiteConfigNtNtCs6eyWBmJgFWh_4core7default7Default7default
FNDA:0,_RNvXs5_Cs87vwGOE4mP6_6configNtB5_6ConfigNtNtCs6eyWBmJgFWh_4core7default7Default7default
FNDA:0,_RNCNvMs6_Cs87vwGOE4mP6_6configNtB7_6Config4load0B7_
FNDA:0,_RNCNvMs6_Cs6yAAXWSaRGf_6configNtB7_6Config4load0B7_
FNDA:0,_RNvCs6yAAXWSaRGf_6config15generate_secret
FNDA:0,_RNvCs6yAAXWSaRGf_6config22current_exe_parent_dir
FNDA:0,_RNvMs6_Cs6yAAXWSaRGf_6configNtB5_6Config4load
FNDA:0,_RNvMs_Cs6yAAXWSaRGf_6configNtB4_12TracingLevel16to_tracing_level
FNDA:0,_RNvXCs6yAAXWSaRGf_6configNtB2_12TracingLevelNtNtCs6eyWBmJgFWh_4core7default7Default7default
FNDA:0,_RNvXs0_Cs6yAAXWSaRGf_6configNtB5_9ApiConfigNtNtCs6eyWBmJgFWh_4core7default7Default7default
FNDA:0,_RNvXs1_Cs6yAAXWSaRGf_6configNtB5_15WebsocketConfigNtNtCs6eyWBmJgFWh_4core7default7Default7default
FNDA:0,_RNvXs2_Cs6yAAXWSaRGf_6configNtB5_14DatabaseConfigNtNtCs6eyWBmJgFWh_4core7default7Default7default
FNDA:0,_RNvXs3_Cs6yAAXWSaRGf_6configNtB5_13PluginsConfigNtNtCs6eyWBmJgFWh_4core7default7Default7default
FNDA:0,_RNvXs4_Cs6yAAXWSaRGf_6configNtB5_13WebsiteConfigNtNtCs6eyWBmJgFWh_4core7default7Default7default
FNDA:0,_RNvXs5_Cs6yAAXWSaRGf_6configNtB5_6ConfigNtNtCs6eyWBmJgFWh_4core7default7Default7default
FNF:12
FNH:0
DA:10,0
DA:11,0
DA:12,0
DA:13,0
DA:14,0
DA:15,0
DA:16,0
DA:18,0
DA:19,0
DA:20,0
DA:21,0
DA:22,0
DA:23,0
DA:24,0
DA:37,0
DA:38,0
DA:39,0
DA:43,0
DA:44,0
DA:45,0
DA:46,0
DA:47,0
DA:48,0
DA:49,0
DA:51,0
DA:127,0
DA:128,0
DA:129,0
DA:130,0
DA:131,0
DA:132,0
DA:133,0
DA:137,0
DA:138,0
DA:139,0
DA:140,0
DA:141,0
DA:142,0
DA:146,0
DA:147,0
DA:148,0
DA:149,0
DA:150,0
DA:151,0
DA:152,0
DA:153,0
DA:157,0
DA:158,0
DA:159,0
DA:160,0
DA:161,0
DA:162,0
DA:163,0
DA:167,0
DA:168,0
DA:169,0
DA:173,0
DA:174,0
DA:175,0
DA:176,0
DA:177,0
DA:178,0
DA:179,0
DA:180,0
DA:181,0
DA:182,0
DA:183,0
DA:187,0
DA:188,0
DA:189,0
DA:190,0
DA:192,0
DA:193,0
DA:194,0
DA:195,0
DA:197,0
DA:198,0
DA:199,0
DA:200,0
DA:203,0
DA:204,0
DA:206,0
DA:207,0
DA:208,0
DA:209,0
DA:211,0
BRF:0
BRH:0
LF:87
LH:0
end_of_record
SF:/mnt/040b9fb6-50c4-4490-87c6-b7dd911435c9/Projects/rust/manga-vault/database/connection/src/lib.rs
FN:169,_RNCNCNvMCshMy3LhKlDPQ_19database_connectionNtB6_8Database15cleanup_backups00B6_
FN:176,_RNCNCNvMCshMy3LhKlDPQ_19database_connectionNtB6_8Database15cleanup_backups0s0_0B6_
FN:170,_RNCNCNvMCshMy3LhKlDPQ_19database_connectionNtB6_8Database15cleanup_backups0s_0B6_
FN:49,_RNCNCNvMCshMy3LhKlDPQ_19database_connectionNtB6_8Database3new00B6_
FN:114,_RNCNCNvMCshMy3LhKlDPQ_19database_connectionNtB6_8Database3new0s0_0B6_
FN:104,_RNCNCNvMCshMy3LhKlDPQ_19database_connectionNtB6_8Database3new0s_0B6_
FN:136,_RNCNCNvMCshMy3LhKlDPQ_19database_connectionNtB6_8Database6backup00B6_
FN:151,_RNCNvMCshMy3LhKlDPQ_19database_connectionNtB4_8Database15cleanup_backups0B4_
FN:40,_RNCNvMCshMy3LhKlDPQ_19database_connectionNtB4_8Database3new0B4_
FN:128,_RNCNvMCshMy3LhKlDPQ_19database_connectionNtB4_8Database6backup0B4_
FN:151,_RNvMCshMy3LhKlDPQ_19database_connectionNtB2_8Database15cleanup_backups
FN:40,_RNvMCshMy3LhKlDPQ_19database_connectionNtB2_8Database3new
FN:128,_RNvMCshMy3LhKlDPQ_19database_connectionNtB2_8Database6backup
FNDA:0,_RNCNCNvMCshMy3LhKlDPQ_19database_connectionNtB6_8Database15cleanup_backups00B6_
FNDA:0,_RNCNCNvMCshMy3LhKlDPQ_19database_connectionNtB6_8Database15cleanup_backups0s0_0B6_
FNDA:0,_RNCNCNvMCshMy3LhKlDPQ_19database_connectionNtB6_8Database15cleanup_backups0s_0B6_
FNDA:0,_RNCNCNvMCshMy3LhKlDPQ_19database_connectionNtB6_8Database3new00B6_
FNDA:0,_RNCNCNvMCshMy3LhKlDPQ_19database_connectionNtB6_8Database3new0s0_0B6_
FNDA:0,_RNCNCNvMCshMy3LhKlDPQ_19database_connectionNtB6_8Database3new0s_0B6_
FNDA:0,_RNCNCNvMCshMy3LhKlDPQ_19database_connectionNtB6_8Database6backup00B6_
FNDA:0,_RNCNvMCshMy3LhKlDPQ_19database_connectionNtB4_8Database15cleanup_backups0B4_
FNDA:0,_RNCNvMCshMy3LhKlDPQ_19database_connectionNtB4_8Database3new0B4_
FNDA:0,_RNCNvMCshMy3LhKlDPQ_19database_connectionNtB4_8Database6backup0B4_
FNDA:0,_RNvMCshMy3LhKlDPQ_19database_connectionNtB2_8Database15cleanup_backups
FNDA:0,_RNvMCshMy3LhKlDPQ_19database_connectionNtB2_8Database3new
FNDA:0,_RNvMCshMy3LhKlDPQ_19database_connectionNtB2_8Database6backup
FNF:13
FNH:0
DA:40,0
DA:41,0
DA:43,0
DA:45,0
DA:46,0
DA:47,0
DA:48,0
DA:49,0
DA:51,0
DA:53,0
DA:54,0
DA:55,0
DA:57,0
DA:58,0
DA:60,0
DA:61,0
DA:62,0
DA:63,0
DA:65,0
DA:66,0
DA:67,0
DA:68,0
DA:70,0
DA:71,0
DA:72,0
DA:75,0
DA:78,0
DA:79,0
DA:80,0
DA:81,0
DA:82,0
DA:83,0
DA:84,0
DA:85,0
DA:88,0
DA:89,0
DA:93,0
DA:94,0
DA:95,0
DA:96,0
DA:97,0
DA:99,0
DA:100,0
DA:101,0
DA:103,0
DA:104,0
DA:106,0
DA:107,0
DA:108,0
DA:109,0
DA:113,0
DA:114,0
DA:116,0
DA:117,0
DA:118,0
DA:119,0
DA:122,0
DA:124,0
DA:125,0
DA:126,0
DA:128,0
DA:129,0
DA:130,0
DA:131,0
DA:133,0
DA:134,0
DA:135,0
DA:136,0
DA:138,0
DA:139,0
DA:140,0
DA:142,0
DA:143,0
DA:144,0
DA:146,0
DA:147,0
DA:148,0
DA:149,0
DA:151,0
DA:152,0
DA:153,0
DA:154,0
DA:156,0
DA:157,0
DA:158,0
DA:159,0
DA:161,0
DA:162,0
DA:164,0
DA:165,0
DA:166,0
DA:168,0
DA:169,0
DA:170,0
DA:171,0
DA:172,0
DA:173,0
DA:175,0
DA:176,0
DA:177,0
DA:178,0
DA:179,0
DA:180,0
DA:181,0
DA:182,0
DA:183,0
DA:184,0
DA:187,0
DA:188,0
BRF:0
BRH:0
LF:120
LH:0
end_of_record
SF:/mnt/040b9fb6-50c4-4490-87c6-b7dd911435c9/Projects/rust/manga-vault/database/entities/src/categories.rs
FN:30,_RNvXNtCs8GugFtKlexG_17database_entities10categoriesNtB2_6EntityINtNtNtCse6ZoHpj6unx_7sea_orm6entity8relation7RelatedNtNtB4_15favorite_mangas6EntityE2to
FN:36,_RNvXs_NtCs8GugFtKlexG_17database_entities10categoriesNtB4_6EntityINtNtNtCse6ZoHpj6unx_7sea_orm6entity8relation7RelatedNtNtB6_5users6EntityE2to
FNDA:0,_RNvXNtCs8GugFtKlexG_17database_entities10categoriesNtB2_6EntityINtNtNtCse6ZoHpj6unx_7sea_orm6entity8relation7RelatedNtNtB4_15favorite_mangas6EntityE2to
FNDA:0,_RNvXs_NtCs8GugFtKlexG_17database_entities10categoriesNtB4_6EntityINtNtNtCse6ZoHpj6unx_7sea_orm6entity8relation7RelatedNtNtB6_5users6EntityE2to
FNF:2
FNH:0
DA:30,0
DA:31,0
DA:32,0
DA:36,0
DA:37,0
DA:38,0
BRF:0
BRH:0
LF:6
LH:0
end_of_record
SF:/mnt/040b9fb6-50c4-4490-87c6-b7dd911435c9/Projects/rust/manga-vault/database/entities/src/chapters.rs
FN:32,_RNvXNtCs8GugFtKlexG_17database_entities8chaptersNtB2_6EntityINtNtNtCse6ZoHpj6unx_7sea_orm6entity8relation7RelatedNtNtB4_6mangas6EntityE2to
FN:38,_RNvXs_NtCs8GugFtKlexG_17database_entities8chaptersNtB4_6EntityINtNtNtCse6ZoHpj6unx_7sea_orm6entity8relation7RelatedNtNtB6_13read_chapters6EntityE2to
FNDA:0,_RNvXNtCs8GugFtKlexG_17database_entities8chaptersNtB2_6EntityINtNtNtCse6ZoHpj6unx_7sea_orm6entity8relation7RelatedNtNtB4_6mangas6EntityE2to
FNDA:0,_RNvXs_NtCs8GugFtKlexG_17database_entities8chaptersNtB4_6EntityINtNtNtCse6ZoHpj6unx_7sea_orm6entity8relation7RelatedNtNtB6_13read_chapters6EntityE2to
FNF:2
FNH:0
DA:32,0
DA:33,0
DA:34,0
DA:38,0
DA:39,0
DA:40,0
BRF:0
BRH:0
LF:6
LH:0
end_of_record
SF:/mnt/040b9fb6-50c4-4490-87c6-b7dd911435c9/Projects/rust/manga-vault/database/entities/src/favorite_mangas.rs
FN:45,_RNvXNtCs8GugFtKlexG_17database_entities15favorite_mangasNtB2_6EntityINtNtNtCse6ZoHpj6unx_7sea_orm6entity8relation7RelatedNtNtB4_10categories6EntityE2to
FN:57,_RNvXs0_NtCs8GugFtKlexG_17database_entities15favorite_mangasNtB5_6EntityINtNtNtCse6ZoHpj6unx_7sea_orm6entity8relation7RelatedNtNtB7_5users6EntityE2to
FN:51,_RNvXs_NtCs8GugFtKlexG_17database_entities15favorite_mangasNtB4_6EntityINtNtNtCse6ZoHpj6unx_7sea_orm6entity8relation7RelatedNtNtB6_6mangas6EntityE2to
FNDA:0,_RNvXNtCs8GugFtKlexG_17database_entities15favorite_mangasNtB2_6EntityINtNtNtCse6ZoHpj6unx_7sea_orm6entity8relation7RelatedNtNtB4_10categories6EntityE2to
FNDA:0,_RNvXs0_NtCs8GugFtKlexG_17database_entities15favorite_mangasNtB5_6EntityINtNtNtCse6ZoHpj6unx_7sea_orm6entity8relation7RelatedNtNtB7_5users6EntityE2to
FNDA:0,_RNvXs_NtCs8GugFtKlexG_17database_entities15favorite_mangasNtB4_6EntityINtNtNtCse6ZoHpj6unx_7sea_orm6entity8relation7RelatedNtNtB6_6mangas6EntityE2to
FNF:3
FNH:0
DA:45,0
DA:46,0
DA:47,0
DA:51,0
DA:52,0
DA:53,0
DA:57,0
DA:58,0
DA:59,0
BRF:0
BRH:0
LF:9
LH:0
end_of_record
SF:/mnt/040b9fb6-50c4-4490-87c6-b7dd911435c9/Projects/rust/manga-vault/database/entities/src/files.rs
FN:28,_RNvXNtCs8GugFtKlexG_17database_entities5filesNtB2_6EntityINtNtNtCse6ZoHpj6unx_7sea_orm6entity8relation7RelatedNtNtB4_5users6EntityE2to
FNDA:0,_RNvXNtCs8GugFtKlexG_17database_entities5filesNtB2_6EntityINtNtNtCse6ZoHpj6unx_7sea_orm6entity8relation7RelatedNtNtB4_5users6EntityE2to
FNF:1
FNH:0
DA:28,0
DA:29,0
DA:30,0
BRF:0
BRH:0
LF:3
LH:0
end_of_record
SF:/mnt/040b9fb6-50c4-4490-87c6-b7dd911435c9/Projects/rust/manga-vault/database/entities/src/mangas.rs
FN:29,_RNvXNtCs8GugFtKlexG_17database_entities6mangasNtB2_6EntityINtNtNtCse6ZoHpj6unx_7sea_orm6entity8relation7RelatedNtNtB4_8chapters6EntityE2to
FN:41,_RNvXs0_NtCs8GugFtKlexG_17database_entities6mangasNtB5_6EntityINtNtNtCse6ZoHpj6unx_7sea_orm6entity8relation7RelatedNtNtB7_13read_chapters6EntityE2to
FN:35,_RNvXs_NtCs8GugFtKlexG_17database_entities6mangasNtB4_6EntityINtNtNtCse6ZoHpj6unx_7sea_orm6entity8relation7RelatedNtNtB6_15favorite_mangas6EntityE2to
FNDA:0,_RNvXNtCs8GugFtKlexG_17database_entities6mangasNtB2_6EntityINtNtNtCse6ZoHpj6unx_7sea_orm6entity8relation7RelatedNtNtB4_8chapters6EntityE2to
FNDA:0,_RNvXs0_NtCs8GugFtKlexG_17database_entities6mangasNtB5_6EntityINtNtNtCse6ZoHpj6unx_7sea_orm6entity8relation7RelatedNtNtB7_13read_chapters6EntityE2to
FNDA:0,_RNvXs_NtCs8GugFtKlexG_17database_entities6mangasNtB4_6EntityINtNtNtCse6ZoHpj6unx_7sea_orm6entity8relation7RelatedNtNtB6_15favorite_mangas6EntityE2to
FNF:3
FNH:0
DA:29,0
DA:30,0
DA:31,0
DA:35,0
DA:36,0
DA:37,0
DA:41,0
DA:42,0
DA:43,0
BRF:0
BRH:0
LF:9
LH:0
end_of_record
SF:/mnt/040b9fb6-50c4-4490-87c6-b7dd911435c9/Projects/rust/manga-vault/database/entities/src/read_chapters.rs
FN:45,_RNvXNtCs8GugFtKlexG_17database_entities13read_chaptersNtB2_6EntityINtNtNtCse6ZoHpj6unx_7sea_orm6entity8relation7RelatedNtNtB4_8chapters6EntityE2to
FN:57,_RNvXs0_NtCs8GugFtKlexG_17database_entities13read_chaptersNtB5_6EntityINtNtNtCse6ZoHpj6unx_7sea_orm6entity8relation7RelatedNtNtB7_5users6EntityE2to
FN:51,_RNvXs_NtCs8GugFtKlexG_17database_entities13read_chaptersNtB4_6EntityINtNtNtCse6ZoHpj6unx_7sea_orm6entity8relation7RelatedNtNtB6_6mangas6EntityE2to
FNDA:0,_RNvXNtCs8GugFtKlexG_17database_entities13read_chaptersNtB2_6EntityINtNtNtCse6ZoHpj6unx_7sea_orm6entity8relation7RelatedNtNtB4_8chapters6EntityE2to
FNDA:0,_RNvXs0_NtCs8GugFtKlexG_17database_entities13read_chaptersNtB5_6EntityINtNtNtCse6ZoHpj6unx_7sea_orm6entity8relation7RelatedNtNtB7_5users6EntityE2to
FNDA:0,_RNvXs_NtCs8GugFtKlexG_17database_entities13read_chaptersNtB4_6EntityINtNtNtCse6ZoHpj6unx_7sea_orm6entity8relation7RelatedNtNtB6_6mangas6EntityE2to
FNF:3
FNH:0
DA:45,0
DA:46,0
DA:47,0
DA:51,0
DA:52,0
DA:53,0
DA:57,0
DA:58,0
DA:59,0
BRF:0
BRH:0
LF:9
LH:0
end_of_record
SF:/mnt/040b9fb6-50c4-4490-87c6-b7dd911435c9/Projects/rust/manga-vault/database/entities/src/users.rs
FN:29,_RNvXNtCs8GugFtKlexG_17database_entities5usersNtB2_6EntityINtNtNtCse6ZoHpj6unx_7sea_orm6entity8relation7RelatedNtNtB4_10categories6EntityE2to
FN:41,_RNvXs0_NtCs8GugFtKlexG_17database_entities5usersNtB5_6EntityINtNtNtCse6ZoHpj6unx_7sea_orm6entity8relation7RelatedNtNtB7_5files6EntityE2to
FN:47,_RNvXs1_NtCs8GugFtKlexG_17database_entities5usersNtB5_6EntityINtNtNtCse6ZoHpj6unx_7sea_orm6entity8relation7RelatedNtNtB7_13read_chapters6EntityE2to
FN:35,_RNvXs_NtCs8GugFtKlexG_17database_entities5usersNtB4_6EntityINtNtNtCse6ZoHpj6unx_7sea_orm6entity8relation7RelatedNtNtB6_15favorite_mangas6EntityE2to
FNDA:0,_RNvXNtCs8GugFtKlexG_17database_entities5usersNtB2_6EntityINtNtNtCse6ZoHpj6unx_7sea_orm6entity8relation7RelatedNtNtB4_10categories6EntityE2to
FNDA:0,_RNvXs0_NtCs8GugFtKlexG_17database_entities5usersNtB5_6EntityINtNtNtCse6ZoHpj6unx_7sea_orm6entity8relation7RelatedNtNtB7_5files6EntityE2to
FNDA:0,_RNvXs1_NtCs8GugFtKlexG_17database_entities5usersNtB5_6EntityINtNtNtCse6ZoHpj6unx_7sea_orm6entity8relation7RelatedNtNtB7_13read_chapters6EntityE2to
FNDA:0,_RNvXs_NtCs8GugFtKlexG_17database_entities5usersNtB4_6EntityINtNtNtCse6ZoHpj6unx_7sea_orm6entity8relation7RelatedNtNtB6_15favorite_mangas6EntityE2to
FNF:4
FNH:0
DA:29,0
DA:30,0
DA:31,0
DA:35,0
DA:36,0
DA:37,0
DA:41,0
DA:42,0
DA:43,0
DA:47,0
DA:48,0
DA:49,0
BRF:0
BRH:0
LF:12
LH:0
end_of_record
SF:/mnt/040b9fb6-50c4-4490-87c6-b7dd911435c9/Projects/rust/manga-vault/database/migration/src/lib.rs
FN:14,_RNvXCskPM0PUY4XdP_18database_migrationNtB2_8MigratorNtNtCs1I7la5K91Sr_17sea_orm_migration8migrator13MigratorTrait10migrations
FNDA:0,_RNvXCskPM0PUY4XdP_18database_migrationNtB2_8MigratorNtNtCs1I7la5K91Sr_17sea_orm_migration8migrator13MigratorTrait10migrations
FNF:1
FNH:0
DA:14,0
DA:15,0
DA:16,0
DA:17,0
DA:18,0
DA:19,0
DA:20,0
DA:21,0
DA:23,0
BRF:0
BRH:0
LF:9
LH:0
end_of_record
SF:/mnt/040b9fb6-50c4-4490-87c6-b7dd911435c9/Projects/rust/manga-vault/database/migration/src/m20220101_000001_create_tables.rs
FN:8,_RNCNvXs_NtCskPM0PUY4XdP_18database_migration30m20220101_000001_create_tablesNtB6_9MigrationNtCs1I7la5K91Sr_17sea_orm_migration14MigrationTrait2up0B8_
FN:207,_RNCNvXs_NtCskPM0PUY4XdP_18database_migration30m20220101_000001_create_tablesNtB6_9MigrationNtCs1I7la5K91Sr_17sea_orm_migration14MigrationTrait4down0B8_
FN:8,_RNvXs_NtCskPM0PUY4XdP_18database_migration30m20220101_000001_create_tablesNtB4_9MigrationNtCs1I7la5K91Sr_17sea_orm_migration14MigrationTrait2up
FN:207,_RNvXs_NtCskPM0PUY4XdP_18database_migration30m20220101_000001_create_tablesNtB4_9MigrationNtCs1I7la5K91Sr_17sea_orm_migration14MigrationTrait4down
FNDA:0,_RNCNvXs_NtCskPM0PUY4XdP_18database_migration30m20220101_000001_create_tablesNtB6_9MigrationNtCs1I7la5K91Sr_17sea_orm_migration14MigrationTrait2up0B8_
FNDA:0,_RNCNvXs_NtCskPM0PUY4XdP_18database_migration30m20220101_000001_create_tablesNtB6_9MigrationNtCs1I7la5K91Sr_17sea_orm_migration14MigrationTrait4down0B8_
FNDA:0,_RNvXs_NtCskPM0PUY4XdP_18database_migration30m20220101_000001_create_tablesNtB4_9MigrationNtCs1I7la5K91Sr_17sea_orm_migration14MigrationTrait2up
FNDA:0,_RNvXs_NtCskPM0PUY4XdP_18database_migration30m20220101_000001_create_tablesNtB4_9MigrationNtCs1I7la5K91Sr_17sea_orm_migration14MigrationTrait4down
FNF:2
FNH:0
DA:8,0
DA:9,0
DA:10,0
DA:11,0
DA:12,0
DA:13,0
DA:14,0
DA:15,0
DA:16,0
DA:17,0
DA:18,0
DA:19,0
DA:20,0
DA:21,0
DA:22,0
DA:23,0
DA:24,0
DA:25,0
DA:26,0
DA:28,0
DA:29,0
DA:30,0
DA:31,0
DA:32,0
DA:33,0
DA:34,0
DA:35,0
DA:36,0
DA:37,0
DA:38,0
DA:39,0
DA:40,0
DA:41,0
DA:42,0
DA:43,0
DA:44,0
DA:45,0
DA:46,0
DA:47,0
DA:48,0
DA:50,0
DA:51,0
DA:52,0
DA:53,0
DA:54,0
DA:55,0
DA:56,0
DA:57,0
DA:58,0
DA:59,0
DA:60,0
DA:61,0
DA:62,0
DA:63,0
DA:64,0
DA:65,0
DA:66,0
DA:67,0
DA:68,0
DA:69,0
DA:70,0
DA:71,0
DA:72,0
DA:73,0
DA:74,0
DA:75,0
DA:76,0
DA:78,0
DA:79,0
DA:80,0
DA:81,0
DA:82,0
DA:83,0
DA:84,0
DA:85,0
DA:86,0
DA:87,0
DA:88,0
DA:89,0
DA:90,0
DA:91,0
DA:92,0
DA:93,0
DA:94,0
DA:95,0
DA:96,0
DA:97,0
DA:98,0
DA:99,0
DA:100,0
DA:101,0
DA:102,0
DA:104,0
DA:105,0
DA:106,0
DA:107,0
DA:108,0
DA:109,0
DA:110,0
DA:111,0
DA:112,0
DA:113,0
DA:114,0
DA:115,0
DA:116,0
DA:117,0
DA:118,0
DA:119,0
DA:120,0
DA:121,0
DA:122,0
DA:123,0
DA:124,0
DA:125,0
DA:126,0
DA:127,0
DA:128,0
DA:129,0
DA:130,0
DA:131,0
DA:132,0
DA:133,0
DA:134,0
DA:135,0
DA:136,0
DA:137,0
DA:138,0
DA:139,0
DA:140,0
DA:141,0
DA:142,0
DA:143,0
DA:145,0
DA:146,0
DA:147,0
DA:148,0
DA:149,0
DA:150,0
DA:151,0
DA:152,0
DA:153,0
DA:154,0
DA:155,0
DA:156,0
DA:157,0
DA:158,0
DA:159,0
DA:160,0
DA:161,0
DA:163,0
DA:164,0
DA:165,0
DA:166,0
DA:167,0
DA:168,0
DA:169,0
DA:170,0
DA:171,0
DA:172,0
DA:173,0
DA:174,0
DA:175,0
DA:176,0
DA:177,0
DA:178,0
DA:179,0
DA:180,0
DA:181,0
DA:182,0
DA:183,0
DA:184,0
DA:185,0
DA:186,0
DA:187,0
DA:188,0
DA:189,0
DA:190,0
DA:191,0
DA:192,0
DA:193,0
DA:194,0
DA:195,0
DA:196,0
DA:197,0
DA:198,0
DA:199,0
DA:200,0
DA:201,0
DA:202,0
DA:204,0
DA:205,0
DA:207,0
DA:208,0
DA:209,0
DA:210,0
DA:211,0
DA:212,0
DA:213,0
DA:214,0
DA:215,0
DA:216,0
DA:217,0
DA:218,0
DA:219,0
DA:220,0
DA:221,0
DA:222,0
DA:223,0
DA:224,0
DA:225,0
DA:226,0
DA:227,0
DA:228,0
DA:229,0
DA:230,0
BRF:0
BRH:0
LF:215
LH:0
end_of_record
SF:/mnt/040b9fb6-50c4-4490-87c6-b7dd911435c9/Projects/rust/manga-vault/database/migration/src/m20240328_005922_add_image_id_to_user.rs
FN:8,_RNCNvXs_NtCskPM0PUY4XdP_18database_migration37m20240328_005922_add_image_id_to_userNtB6_9MigrationNtCs1I7la5K91Sr_17sea_orm_migration14MigrationTrait2up0B8_
FN:21,_RNCNvXs_NtCskPM0PUY4XdP_18database_migration37m20240328_005922_add_image_id_to_userNtB6_9MigrationNtCs1I7la5K91Sr_17sea_orm_migration14MigrationTrait4down0B8_
FN:8,_RNvXs_NtCskPM0PUY4XdP_18database_migration37m20240328_005922_add_image_id_to_userNtB4_9MigrationNtCs1I7la5K91Sr_17sea_orm_migration14MigrationTrait2up
FN:21,_RNvXs_NtCskPM0PUY4XdP_18database_migration37m20240328_005922_add_image_id_to_userNtB4_9MigrationNtCs1I7la5K91Sr_17sea_orm_migration14MigrationTrait4down
FNDA:0,_RNCNvXs_NtCskPM0PUY4XdP_18database_migration37m20240328_005922_add_image_id_to_userNtB6_9MigrationNtCs1I7la5K91Sr_17sea_orm_migration14MigrationTrait2up0B8_
FNDA:0,_RNCNvXs_NtCskPM0PUY4XdP_18database_migration37m20240328_005922_add_image_id_to_userNtB6_9MigrationNtCs1I7la5K91Sr_17sea_orm_migration14MigrationTrait4down0B8_
FNDA:0,_RNvXs_NtCskPM0PUY4XdP_18database_migration37m20240328_005922_add_image_id_to_userNtB4_9MigrationNtCs1I7la5K91Sr_17sea_orm_migration14MigrationTrait2up
FNDA:0,_RNvXs_NtCskPM0PUY4XdP_18database_migration37m20240328_005922_add_image_id_to_userNtB4_9MigrationNtCs1I7la5K91Sr_17sea_orm_migration14MigrationTrait4down
FNF:2
FNH:0
DA:8,0
DA:9,0
DA:10,0
DA:11,0
DA:12,0
DA:13,0
DA:14,0
DA:15,0
DA:16,0
DA:18,0
DA:19,0
DA:21,0
DA:22,0
DA:23,0
DA:24,0
DA:25,0
DA:26,0
DA:27,0
DA:28,0
DA:29,0
DA:31,0
DA:32,0
BRF:0
BRH:0
LF:22
LH:0
end_of_record
SF:/mnt/040b9fb6-50c4-4490-87c6-b7dd911435c9/Projects/rust/manga-vault/database/migration/src/m20240331_220133_create_temp_table.rs
FN:8,_RNCNvXs_NtCskPM0PUY4XdP_18database_migration34m20240331_220133_create_temp_tableNtB6_9MigrationNtCs1I7la5K91Sr_17sea_orm_migration14MigrationTrait2up0B8_
FN:29,_RNCNvXs_NtCskPM0PUY4XdP_18database_migration34m20240331_220133_create_temp_tableNtB6_9MigrationNtCs1I7la5K91Sr_17sea_orm_migration14MigrationTrait4down0B8_
FN:8,_RNvXs_NtCskPM0PUY4XdP_18database_migration34m20240331_220133_create_temp_tableNtB4_9MigrationNtCs1I7la5K91Sr_17sea_orm_migration14MigrationTrait2up
FN:29,_RNvXs_NtCskPM0PUY4XdP_18database_migration34m20240331_220133_create_temp_tableNtB4_9MigrationNtCs1I7la5K91Sr_17sea_orm_migration14MigrationTrait4down
FNDA:0,_RNCNvXs_NtCskPM0PUY4XdP_18database_migration34m20240331_220133_create_temp_tableNtB6_9MigrationNtCs1I7la5K91Sr_17sea_orm_migration14MigrationTrait2up0B8_
FNDA:0,_RNCNvXs_NtCskPM0PUY4XdP_18database_migration34m20240331_220133_create_temp_tableNtB6_9MigrationNtCs1I7la5K91Sr_17sea_orm_migration14MigrationTrait4down0B8_
FNDA:0,_RNvXs_NtCskPM0PUY4XdP_18database_migration34m20240331_220133_create_temp_tableNtB4_9MigrationNtCs1I7la5K91Sr_17sea_orm_migration14MigrationTrait2up
FNDA:0,_RNvXs_NtCskPM0PUY4XdP_18database_migration34m20240331_220133_create_temp_tableNtB4_9MigrationNtCs1I7la5K91Sr_17sea_orm_migration14MigrationTrait4down
FNF:2
FNH:0
DA:8,0
DA:9,0
DA:10,0
DA:11,0
DA:12,0
DA:13,0
DA:14,0
DA:15,0
DA:16,0
DA:17,0
DA:18,0
DA:19,0
DA:20,0
DA:21,0
DA:22,0
DA:23,0
DA:24,0
DA:25,0
DA:26,0
DA:27,0
DA:29,0
DA:30,0
DA:31,0
BRF:0
BRH:0
LF:23
LH:0
end_of_record
SF:/mnt/040b9fb6-50c4-4490-87c6-b7dd911435c9/Projects/rust/manga-vault/database/migration/src/m20240430_145751_alter_temp_table.rs
FN:8,_RNCNvXs_NtCskPM0PUY4XdP_18database_migration33m20240430_145751_alter_temp_tableNtB6_9MigrationNtCs1I7la5K91Sr_17sea_orm_migration14MigrationTrait2up0B8_
FN:31,_RNCNvXs_NtCskPM0PUY4XdP_18database_migration33m20240430_145751_alter_temp_tableNtB6_9MigrationNtCs1I7la5K91Sr_17sea_orm_migration14MigrationTrait4down0B8_
FN:8,_RNvXs_NtCskPM0PUY4XdP_18database_migration33m20240430_145751_alter_temp_tableNtB4_9MigrationNtCs1I7la5K91Sr_17sea_orm_migration14MigrationTrait2up
FN:31,_RNvXs_NtCskPM0PUY4XdP_18database_migration33m20240430_145751_alter_temp_tableNtB4_9MigrationNtCs1I7la5K91Sr_17sea_orm_migration14MigrationTrait4down
FNDA:0,_RNCNvXs_NtCskPM0PUY4XdP_18database_migration33m20240430_145751_alter_temp_tableNtB6_9MigrationNtCs1I7la5K91Sr_17sea_orm_migration14MigrationTrait2up0B8_
FNDA:0,_RNCNvXs_NtCskPM0PUY4XdP_18database_migration33m20240430_145751_alter_temp_tableNtB6_9MigrationNtCs1I7la5K91Sr_17sea_orm_migration14MigrationTrait4down0B8_
FNDA:0,_RNvXs_NtCskPM0PUY4XdP_18database_migration33m20240430_145751_alter_temp_tableNtB4_9MigrationNtCs1I7la5K91Sr_17sea_orm_migration14MigrationTrait2up
FNDA:0,_RNvXs_NtCskPM0PUY4XdP_18database_migration33m20240430_145751_alter_temp_tableNtB4_9MigrationNtCs1I7la5K91Sr_17sea_orm_migration14MigrationTrait4down
FNF:2
FNH:0
DA:8,0
DA:9,0
DA:11,0
DA:12,0
DA:13,0
DA:14,0
DA:15,0
DA:16,0
DA:17,0
DA:18,0
DA:19,0
DA:20,0
DA:21,0
DA:22,0
DA:23,0
DA:24,0
DA:25,0
DA:26,0
DA:27,0
DA:28,0
DA:29,0
DA:31,0
DA:32,0
DA:34,0
DA:35,0
DA:36,0
DA:37,0
DA:38,0
DA:39,0
DA:40,0
DA:41,0
DA:42,0
DA:43,0
DA:44,0
DA:45,0
DA:46,0
DA:47,0
DA:48,0
DA:49,0
DA:50,0
DA:51,0
DA:52,0
BRF:0
BRH:0
LF:42
LH:0
end_of_record
SF:/mnt/040b9fb6-50c4-4490-87c6-b7dd911435c9/Projects/rust/manga-vault/database/migration/src/m20250602_200354_add_owner_to_file.rs
FN:9,_RNCNvXs_NtCskPM0PUY4XdP_18database_migration34m20250602_200354_add_owner_to_fileNtB6_9MigrationNtCs1I7la5K91Sr_17sea_orm_migration14MigrationTrait2up0B8_
FN:91,_RNCNvXs_NtCskPM0PUY4XdP_18database_migration34m20250602_200354_add_owner_to_fileNtB6_9MigrationNtCs1I7la5K91Sr_17sea_orm_migration14MigrationTrait4down0B8_
FN:9,_RNvXs_NtCskPM0PUY4XdP_18database_migration34m20250602_200354_add_owner_to_fileNtB4_9MigrationNtCs1I7la5K91Sr_17sea_orm_migration14MigrationTrait2up
FN:91,_RNvXs_NtCskPM0PUY4XdP_18database_migration34m20250602_200354_add_owner_to_fileNtB4_9MigrationNtCs1I7la5K91Sr_17sea_orm_migration14MigrationTrait4down
FNDA:0,_RNCNvXs_NtCskPM0PUY4XdP_18database_migration34m20250602_200354_add_owner_to_fileNtB6_9MigrationNtCs1I7la5K91Sr_17sea_orm_migration14MigrationTrait2up0B8_
FNDA:0,_RNCNvXs_NtCskPM0PUY4XdP_18database_migration34m20250602_200354_add_owner_to_fileNtB6_9MigrationNtCs1I7la5K91Sr_17sea_orm_migration14MigrationTrait4down0B8_
FNDA:0,_RNvXs_NtCskPM0PUY4XdP_18database_migration34m20250602_200354_add_owner_to_fileNtB4_9MigrationNtCs1I7la5K91Sr_17sea_orm_migration14MigrationTrait2up
FNDA:0,_RNvXs_NtCskPM0PUY4XdP_18database_migration34m20250602_200354_add_owner_to_fileNtB4_9MigrationNtCs1I7la5K91Sr_17sea_orm_migration14MigrationTrait4down
FNF:2
FNH:0
DA:9,0
DA:10,0
DA:12,0
DA:13,0
DA:14,0
DA:15,0
DA:16,0
DA:17,0
DA:18,0
DA:20,0
DA:21,0
DA:22,0
DA:23,0
DA:24,0
DA:25,0
DA:26,0
DA:27,0
DA:28,0
DA:29,0
DA:30,0
DA:31,0
DA:32,0
DA:33,0
DA:34,0
DA:35,0
DA:36,0
DA:37,0
DA:38,0
DA:39,0
DA:40,0
DA:41,0
DA:42,0
DA:43,0
DA:44,0
DA:46,0
DA:47,0
DA:48,0
DA:49,0
DA:50,0
DA:51,0
DA:53,0
DA:54,0
DA:55,0
DA:57,0
DA:60,0
DA:61,0
DA:62,0
DA:63,0
DA:64,0
DA:65,0
DA:66,0
DA:67,0
DA:69,0
DA:70,0
DA:71,0
DA:72,0
DA:73,0
DA:74,0
DA:75,0
DA:76,0
DA:77,0
DA:78,0
DA:79,0
DA:80,0
DA:81,0
DA:82,0
DA:83,0
DA:84,0
DA:86,0
DA:89,0
DA:91,0
DA:92,0
DA:94,0
DA:95,0
DA:96,0
DA:97,0
DA:98,0
DA:99,0
DA:100,0
DA:102,0
DA:103,0
DA:104,0
DA:105,0
DA:106,0
DA:107,0
DA:108,0
DA:109,0
DA:110,0
DA:111,0
DA:112,0
DA:113,0
DA:114,0
DA:115,0
DA:116,0
DA:117,0
DA:118,0
DA:120,0
DA:121,0
DA:122,0
DA:123,0
DA:124,0
DA:125,0
DA:127,0
DA:128,0
DA:129,0
DA:131,0
DA:135,0
DA:136,0
DA:137,0
DA:138,0
DA:139,0
DA:140,0
DA:141,0
DA:142,0
DA:144,0
DA:145,0
DA:146,0
DA:147,0
DA:148,0
DA:149,0
DA:150,0
DA:151,0
DA:153,0
DA:156,0
BRF:0
BRH:0
LF:124
LH:0
end_of_record
SF:/mnt/040b9fb6-50c4-4490-87c6-b7dd911435c9/Projects/rust/manga-vault/database/migration/src/m20250602_212249_add_indexes_to_tables.rs
FN:8,_RNCNvXs_NtCskPM0PUY4XdP_18database_migration38m20250602_212249_add_indexes_to_tablesNtB6_9MigrationNtCs1I7la5K91Sr_17sea_orm_migration14MigrationTrait2up0B8_
FN:152,_RNCNvXs_NtCskPM0PUY4XdP_18database_migration38m20250602_212249_add_indexes_to_tablesNtB6_9MigrationNtCs1I7la5K91Sr_17sea_orm_migration14MigrationTrait4down0B8_
FN:8,_RNvXs_NtCskPM0PUY4XdP_18database_migration38m20250602_212249_add_indexes_to_tablesNtB4_9MigrationNtCs1I7la5K91Sr_17sea_orm_migration14MigrationTrait2up
FN:152,_RNvXs_NtCskPM0PUY4XdP_18database_migration38m20250602_212249_add_indexes_to_tablesNtB4_9MigrationNtCs1I7la5K91Sr_17sea_orm_migration14MigrationTrait4down
FNDA:0,_RNCNvXs_NtCskPM0PUY4XdP_18database_migration38m20250602_212249_add_indexes_to_tablesNtB6_9MigrationNtCs1I7la5K91Sr_17sea_orm_migration14MigrationTrait2up0B8_
FNDA:0,_RNCNvXs_NtCskPM0PUY4XdP_18database_migration38m20250602_212249_add_indexes_to_tablesNtB6_9MigrationNtCs1I7la5K91Sr_17sea_orm_migration14MigrationTrait4down0B8_
FNDA:0,_RNvXs_NtCskPM0PUY4XdP_18database_migration38m20250602_212249_add_indexes_to_tablesNtB4_9MigrationNtCs1I7la5K91Sr_17sea_orm_migration14MigrationTrait2up
FNDA:0,_RNvXs_NtCskPM0PUY4XdP_18database_migration38m20250602_212249_add_indexes_to_tablesNtB4_9MigrationNtCs1I7la5K91Sr_17sea_orm_migration14MigrationTrait4down
FNF:2
FNH:0
DA:8,0
DA:11,0
DA:12,0
DA:13,0
DA:14,0
DA:15,0
DA:16,0
DA:17,0
DA:18,0
DA:19,0
DA:21,0
DA:22,0
DA:23,0
DA:24,0
DA:25,0
DA:26,0
DA:27,0
DA:28,0
DA:29,0
DA:31,0
DA:32,0
DA:33,0
DA:34,0
DA:35,0
DA:36,0
DA:37,0
DA:38,0
DA:39,0
DA:43,0
DA:44,0
DA:45,0
DA:46,0
DA:47,0
DA:48,0
DA:49,0
DA:50,0
DA:51,0
DA:53,0
DA:54,0
DA:55,0
DA:56,0
DA:57,0
DA:58,0
DA:59,0
DA:60,0
DA:61,0
DA:63,0
DA:64,0
DA:65,0
DA:66,0
DA:67,0
DA:68,0
DA:69,0
DA:70,0
DA:71,0
DA:75,0
DA:76,0
DA:77,0
DA:78,0
DA:79,0
DA:80,0
DA:81,0
DA:82,0
DA:83,0
DA:85,0
DA:86,0
DA:87,0
DA:88,0
DA:89,0
DA:90,0
DA:91,0
DA:92,0
DA:93,0
DA:95,0
DA:96,0
DA:97,0
DA:98,0
DA:99,0
DA:100,0
DA:101,0
DA:102,0
DA:103,0
DA:107,0
DA:108,0
DA:109,0
DA:110,0
DA:111,0
DA:112,0
DA:113,0
DA:114,0
DA:115,0
DA:117,0
DA:118,0
DA:119,0
DA:120,0
DA:121,0
DA:122,0
DA:123,0
DA:124,0
DA:125,0
DA:127,0
DA:128,0
DA:129,0
DA:130,0
DA:131,0
DA:132,0
DA:133,0
DA:134,0
DA:135,0
DA:139,0
DA:140,0
DA:141,0
DA:142,0
DA:143,0
DA:144,0
DA:145,0
DA:146,0
DA:147,0
DA:149,0
DA:150,0
DA:152,0
DA:155,0
DA:156,0
DA:157,0
DA:158,0
DA:159,0
DA:160,0
DA:161,0
DA:162,0
DA:166,0
DA:167,0
DA:168,0
DA:169,0
DA:170,0
DA:171,0
DA:172,0
DA:173,0
DA:175,0
DA:176,0
DA:177,0
DA:179,0
DA:180,0
DA:181,0
DA:182,0
DA:183,0
DA:184,0
DA:185,0
DA:186,0
DA:190,0
DA:191,0
DA:192,0
DA:194,0
DA:195,0
DA:196,0
DA:198,0
DA:199,0
DA:200,0
DA:204,0
DA:205,0
DA:206,0
DA:207,0
DA:208,0
DA:209,0
DA:210,0
DA:211,0
DA:213,0
DA:214,0
DA:215,0
DA:216,0
DA:217,0
DA:218,0
DA:219,0
DA:220,0
DA:222,0
DA:223,0
DA:224,0
DA:225,0
DA:226,0
DA:227,0
DA:228,0
DA:229,0
DA:233,0
DA:234,0
DA:235,0
DA:236,0
DA:237,0
DA:238,0
DA:239,0
DA:240,0
DA:242,0
DA:243,0
DA:244,0
DA:245,0
DA:246,0
DA:247,0
DA:248,0
DA:249,0
DA:251,0
DA:252,0
DA:253,0
DA:254,0
DA:255,0
DA:256,0
DA:257,0
DA:258,0
DA:260,0
DA:261,0
BRF:0
BRH:0
LF:207
LH:0
end_of_record
SF:/mnt/040b9fb6-50c4-4490-87c6-b7dd911435c9/Projects/rust/manga-vault/database/migration/src/main.rs
FN:4,_RNCNvCs9UiPrsTq1KS_18database_migration4main0B3_
FN:4,_RNvCs9UiPrsTq1KS_18database_migration4main
FNDA:0,_RNCNvCs9UiPrsTq1KS_18database_migration4main0B3_
FNDA:0,_RNvCs9UiPrsTq1KS_18database_migration4main
FNF:2
FNH:0
DA:4,0
DA:5,0
DA:6,0
BRF:0
BRH:0
LF:5
LH:0
end_of_record
SF:/mnt/040b9fb6-50c4-4490-87c6-b7dd911435c9/Projects/rust/manga-vault/scrapers/scraper_core/src/files.rs
FN:16,_RINvNtCs85HRSSCQLAR_12scraper_core5files14read_directoryppEB4_
FN:28,_RNCINvNtCs85HRSSCQLAR_12scraper_core5files14read_directoryppE0B6_
FN:32,_RNCNCINvNtCs85HRSSCQLAR_12scraper_core5files14read_directoryppE00B8_
FN:35,_RNCNCINvNtCs85HRSSCQLAR_12scraper_core5files14read_directoryppE0s_0B8_
FN:101,_RNCNCNvNtCs85HRSSCQLAR_12scraper_core5files15load_lua_plugin00B7_
FN:58,_RNCNCNvNtCs85HRSSCQLAR_12scraper_core5files16load_plugin_file00B7_
FN:254,_RNCNCNvNtCs85HRSSCQLAR_12scraper_core5files19process_plugin_file00B7_
FN:181,_RNCNCNvNtCs85HRSSCQLAR_12scraper_core5files25handle_modification_event00B7_
FN:191,_RNCNCNvNtCs85HRSSCQLAR_12scraper_core5files25handle_modification_event0s_0B7_
FN:82,_RNCNvNtCs85HRSSCQLAR_12scraper_core5files15load_lua_plugin0B5_
FN:53,_RNCNvNtCs85HRSSCQLAR_12scraper_core5files16load_plugin_file0B5_
FN:137,_RNCNvNtCs85HRSSCQLAR_12scraper_core5files18handle_file_events0B5_
FN:163,_RNCNvNtCs85HRSSCQLAR_12scraper_core5files19handle_single_event0B5_
FN:112,_RNCNvNtCs85HRSSCQLAR_12scraper_core5files19load_dynamic_plugin0B5_
FN:120,_RNCNvNtCs85HRSSCQLAR_12scraper_core5files19load_dynamic_plugins0_0B5_
FN:116,_RNCNvNtCs85HRSSCQLAR_12scraper_core5files19load_dynamic_plugins_0B5_
FN:249,_RNCNvNtCs85HRSSCQLAR_12scraper_core5files19process_plugin_file0B5_
FN:229,_RNCNvNtCs85HRSSCQLAR_12scraper_core5files20handle_removal_event0B5_
FN:232,_RNCNvNtCs85HRSSCQLAR_12scraper_core5files20handle_removal_events_0B5_
FN:71,_RNCNvNtCs85HRSSCQLAR_12scraper_core5files22remove_existing_plugin0B5_
FN:177,_RNCNvNtCs85HRSSCQLAR_12scraper_core5files25handle_modification_event0B5_
FN:78,_RNvNtCs85HRSSCQLAR_12scraper_core5files15load_lua_plugin
FN:49,_RNvNtCs85HRSSCQLAR_12scraper_core5files16load_plugin_file
FN:134,_RNvNtCs85HRSSCQLAR_12scraper_core5files18handle_file_events
FN:159,_RNvNtCs85HRSSCQLAR_12scraper_core5files19handle_single_event
FN:109,_RNvNtCs85HRSSCQLAR_12scraper_core5files19load_dynamic_plugin
FN:245,_RNvNtCs85HRSSCQLAR_12scraper_core5files19process_plugin_file
FN:223,_RNvNtCs85HRSSCQLAR_12scraper_core5files20handle_removal_event
FN:69,_RNvNtCs85HRSSCQLAR_12scraper_core5files22remove_existing_plugin
FN:173,_RNvNtCs85HRSSCQLAR_12scraper_core5files25handle_modification_event
FNDA:0,_RINvNtCs85HRSSCQLAR_12scraper_core5files14read_directoryppEB4_
FNDA:0,_RNCINvNtCs85HRSSCQLAR_12scraper_core5files14read_directoryppE0B6_
FNDA:0,_RNCNCINvNtCs85HRSSCQLAR_12scraper_core5files14read_directoryppE00B8_
FNDA:0,_RNCNCINvNtCs85HRSSCQLAR_12scraper_core5files14read_directoryppE0s_0B8_
FNDA:0,_RNCNCNvNtCs85HRSSCQLAR_12scraper_core5files15load_lua_plugin00B7_
FNDA:0,_RNCNCNvNtCs85HRSSCQLAR_12scraper_core5files16load_plugin_file00B7_
FNDA:0,_RNCNCNvNtCs85HRSSCQLAR_12scraper_core5files19process_plugin_file00B7_
FNDA:0,_RNCNCNvNtCs85HRSSCQLAR_12scraper_core5files25handle_modification_event00B7_
FNDA:0,_RNCNCNvNtCs85HRSSCQLAR_12scraper_core5files25handle_modification_event0s_0B7_
FNDA:0,_RNCNvNtCs85HRSSCQLAR_12scraper_core5files15load_lua_plugin0B5_
FNDA:0,_RNCNvNtCs85HRSSCQLAR_12scraper_core5files16load_plugin_file0B5_
FNDA:0,_RNCNvNtCs85HRSSCQLAR_12scraper_core5files18handle_file_events0B5_
FNDA:0,_RNCNvNtCs85HRSSCQLAR_12scraper_core5files19handle_single_event0B5_
FNDA:0,_RNCNvNtCs85HRSSCQLAR_12scraper_core5files19load_dynamic_plugin0B5_
FNDA:0,_RNCNvNtCs85HRSSCQLAR_12scraper_core5files19load_dynamic_plugins0_0B5_
FNDA:0,_RNCNvNtCs85HRSSCQLAR_12scraper_core5files19load_dynamic_plugins_0B5_
FNDA:0,_RNCNvNtCs85HRSSCQLAR_12scraper_core5files19process_plugin_file0B5_
FNDA:0,_RNCNvNtCs85HRSSCQLAR_12scraper_core5files20handle_removal_event0B5_
FNDA:0,_RNCNvNtCs85HRSSCQLAR_12scraper_core5files20handle_removal_events_0B5_
FNDA:0,_RNCNvNtCs85HRSSCQLAR_12scraper_core5files22remove_existing_plugin0B5_
FNDA:0,_RNCNvNtCs85HRSSCQLAR_12scraper_core5files25handle_modification_event0B5_
FNDA:0,_RNvNtCs85HRSSCQLAR_12scraper_core5files15load_lua_plugin
FNDA:0,_RNvNtCs85HRSSCQLAR_12scraper_core5files16load_plugin_file
FNDA:0,_RNvNtCs85HRSSCQLAR_12scraper_core5files18handle_file_events
FNDA:0,_RNvNtCs85HRSSCQLAR_12scraper_core5files19handle_single_event
FNDA:0,_RNvNtCs85HRSSCQLAR_12scraper_core5files19load_dynamic_plugin
FNDA:0,_RNvNtCs85HRSSCQLAR_12scraper_core5files19process_plugin_file
FNDA:0,_RNvNtCs85HRSSCQLAR_12scraper_core5files20handle_removal_event
FNDA:0,_RNvNtCs85HRSSCQLAR_12scraper_core5files22remove_existing_plugin
FNDA:0,_RNvNtCs85HRSSCQLAR_12scraper_core5files25handle_modification_event
FNF:30
FNH:0
DA:16,0
DA:17,0
DA:18,0
DA:19,0
DA:20,0
DA:21,0
DA:22,0
DA:23,0
DA:25,0
DA:26,0
DA:28,0
DA:29,0
DA:31,0
DA:32,0
DA:34,0
DA:35,0
DA:36,0
DA:38,0
DA:39,0
DA:40,0
DA:41,0
DA:42,0
DA:45,0
DA:46,0
DA:47,0
DA:49,0
DA:50,0
DA:51,0
DA:52,0
DA:53,0
DA:54,0
DA:56,0
DA:57,0
DA:58,0
DA:59,0
DA:61,0
DA:63,0
DA:64,0
DA:65,0
DA:67,0
DA:69,0
DA:70,0
DA:71,0
DA:72,0
DA:73,0
DA:74,0
DA:75,0
DA:76,0
DA:78,0
DA:79,0
DA:80,0
DA:81,0
DA:82,0
DA:83,0
DA:84,0
DA:86,0
DA:87,0
DA:88,0
DA:89,0
DA:90,0
DA:91,0
DA:92,0
DA:94,0
DA:95,0
DA:96,0
DA:97,0
DA:98,0
DA:100,0
DA:101,0
DA:104,0
DA:106,0
DA:107,0
DA:109,0
DA:111,0
DA:112,0
DA:114,0
DA:115,0
DA:116,0
DA:118,0
DA:119,0
DA:120,0
DA:122,0
DA:123,0
DA:124,0
DA:125,0
DA:126,0
DA:128,0
DA:131,0
DA:132,0
DA:134,0
DA:135,0
DA:136,0
DA:137,0
DA:138,0
DA:139,0
DA:140,0
DA:142,0
DA:143,0
DA:144,0
DA:145,0
DA:147,0
DA:149,0
DA:150,0
DA:151,0
DA:152,0
DA:156,0
DA:157,0
DA:159,0
DA:160,0
DA:161,0
DA:162,0
DA:163,0
DA:164,0
DA:166,0
DA:168,0
DA:169,0
DA:171,0
DA:173,0
DA:174,0
DA:175,0
DA:176,0
DA:177,0
DA:180,0
DA:181,0
DA:182,0
DA:184,0
DA:185,0
DA:186,0
DA:188,0
DA:189,0
DA:190,0
DA:191,0
DA:193,0
DA:195,0
DA:196,0
DA:197,0
DA:199,0
DA:200,0
DA:201,0
DA:205,0
DA:206,0
DA:207,0
DA:209,0
DA:212,0
DA:213,0
DA:214,0
DA:216,0
DA:217,0
DA:218,0
DA:219,0
DA:221,0
DA:223,0
DA:224,0
DA:225,0
DA:226,0
DA:227,0
DA:228,0
DA:229,0
DA:230,0
DA:231,0
DA:232,0
DA:233,0
DA:234,0
DA:235,0
DA:236,0
DA:238,0
DA:239,0
DA:240,0
DA:241,0
DA:243,0
DA:245,0
DA:246,0
DA:247,0
DA:248,0
DA:249,0
DA:250,0
DA:252,0
DA:253,0
DA:254,0
DA:256,0
DA:257,0
DA:258,0
BRF:0
BRH:0
LF:201
LH:0
end_of_record
SF:/mnt/040b9fb6-50c4-4490-87c6-b7dd911435c9/Projects/rust/manga-vault/scrapers/scraper_core/src/lib.rs
FN:81,_RNCNCNCNCNvMCs85HRSSCQLAR_12scraper_coreNtBa_14ScraperManager20load_initial_plugins0000Ba_
FN:80,_RNCNCNCNvMCs85HRSSCQLAR_12scraper_coreNtB8_14ScraperManager20load_initial_plugins000B8_
FN:113,_RNCNCNvMCs85HRSSCQLAR_12scraper_coreNtB6_14ScraperManager18start_file_watcher00B6_
FN:78,_RNCNCNvMCs85HRSSCQLAR_12scraper_coreNtB6_14ScraperManager20load_initial_plugins00B6_
FN:53,_RNCNvMCs85HRSSCQLAR_12scraper_coreNtB4_14ScraperManager10initialize0B4_
FN:111,_RNCNvMCs85HRSSCQLAR_12scraper_coreNtB4_14ScraperManager18start_file_watcher0B4_
FN:76,_RNCNvMCs85HRSSCQLAR_12scraper_coreNtB4_14ScraperManager20load_initial_plugins0B4_
FN:71,_RNCNvMCs85HRSSCQLAR_12scraper_coreNtB4_14ScraperManager23setup_plugins_directory0B4_
FN:29,_RNCNvMCs85HRSSCQLAR_12scraper_coreNtB4_14ScraperManager3new0B4_
FN:131,_RNvMCs85HRSSCQLAR_12scraper_coreNtB2_14ScraperManager10get_plugin
FN:53,_RNvMCs85HRSSCQLAR_12scraper_coreNtB2_14ScraperManager10initialize
FN:124,_RNvMCs85HRSSCQLAR_12scraper_coreNtB2_14ScraperManager11get_plugins
FN:105,_RNvMCs85HRSSCQLAR_12scraper_coreNtB2_14ScraperManager18start_file_watcher
FN:76,_RNvMCs85HRSSCQLAR_12scraper_coreNtB2_14ScraperManager20load_initial_plugins
FN:66,_RNvMCs85HRSSCQLAR_12scraper_coreNtB2_14ScraperManager23setup_plugins_directory
FN:29,_RNvMCs85HRSSCQLAR_12scraper_coreNtB2_14ScraperManager3new
FNDA:0,_RNCNCNCNCNvMCs85HRSSCQLAR_12scraper_coreNtBa_14ScraperManager20load_initial_plugins0000Ba_
FNDA:0,_RNCNCNCNvMCs85HRSSCQLAR_12scraper_coreNtB8_14ScraperManager20load_initial_plugins000B8_
FNDA:0,_RNCNCNvMCs85HRSSCQLAR_12scraper_coreNtB6_14ScraperManager18start_file_watcher00B6_
FNDA:0,_RNCNCNvMCs85HRSSCQLAR_12scraper_coreNtB6_14ScraperManager20load_initial_plugins00B6_
FNDA:0,_RNCNvMCs85HRSSCQLAR_12scraper_coreNtB4_14ScraperManager10initialize0B4_
FNDA:0,_RNCNvMCs85HRSSCQLAR_12scraper_coreNtB4_14ScraperManager18start_file_watcher0B4_
FNDA:0,_RNCNvMCs85HRSSCQLAR_12scraper_coreNtB4_14ScraperManager20load_initial_plugins0B4_
FNDA:0,_RNCNvMCs85HRSSCQLAR_12scraper_coreNtB4_14ScraperManager23setup_plugins_directory0B4_
FNDA:0,_RNCNvMCs85HRSSCQLAR_12scraper_coreNtB4_14ScraperManager3new0B4_
FNDA:0,_RNvMCs85HRSSCQLAR_12scraper_coreNtB2_14ScraperManager10get_plugin
FNDA:0,_RNvMCs85HRSSCQLAR_12scraper_coreNtB2_14ScraperManager10initialize
FNDA:0,_RNvMCs85HRSSCQLAR_12scraper_coreNtB2_14ScraperManager11get_plugins
FNDA:0,_RNvMCs85HRSSCQLAR_12scraper_coreNtB2_14ScraperManager18start_file_watcher
FNDA:0,_RNvMCs85HRSSCQLAR_12scraper_coreNtB2_14ScraperManager20load_initial_plugins
FNDA:0,_RNvMCs85HRSSCQLAR_12scraper_coreNtB2_14ScraperManager23setup_plugins_directory
FNDA:0,_RNvMCs85HRSSCQLAR_12scraper_coreNtB2_14ScraperManager3new
FNF:16
FNH:0
DA:29,0
DA:32,0
DA:33,0
DA:34,0
DA:35,0
DA:36,0
DA:37,0
DA:39,0
DA:40,0
DA:41,0
DA:43,0
DA:44,0
DA:45,0
DA:46,0
DA:47,0
DA:49,0
DA:50,0
DA:51,0
DA:53,0
DA:54,0
DA:55,0
DA:57,0
DA:58,0
DA:59,0
DA:60,0
DA:62,0
DA:63,0
DA:64,0
DA:66,0
DA:67,0
DA:68,0
DA:69,0
DA:70,0
DA:71,0
DA:72,0
DA:73,0
DA:74,0
DA:76,0
DA:77,0
DA:78,0
DA:79,0
DA:80,0
DA:81,0
DA:82,0
DA:85,0
DA:86,0
DA:87,0
DA:89,0
DA:92,0
DA:93,0
DA:94,0
DA:96,0
DA:97,0
DA:98,0
DA:99,0
DA:100,0
DA:102,0
DA:103,0
DA:105,0
DA:106,0
DA:107,0
DA:109,0
DA:110,0
DA:111,0
DA:112,0
DA:113,0
DA:114,0
DA:115,0
DA:116,0
DA:117,0
DA:118,0
DA:119,0
DA:121,0
DA:122,0
DA:124,0
DA:125,0
DA:126,0
DA:127,0
DA:128,0
DA:129,0
DA:131,0
DA:132,0
DA:133,0
DA:134,0
DA:135,0
DA:136,0
DA:137,0
BRF:0
BRH:0
LF:95
LH:0
end_of_record
SF:/mnt/040b9fb6-50c4-4490-87c6-b7dd911435c9/Projects/rust/manga-vault/scrapers/scraper_core/src/plugins/dynlib.rs
FN:22,_RINvMNtNtCs85HRSSCQLAR_12scraper_core7plugins6dynlibNtB3_16DynamicLibPlugin17call_lib_functionpppEB7_
FN:26,_RNCINvMNtNtCs85HRSSCQLAR_12scraper_core7plugins6dynlibNtB5_16DynamicLibPlugin17call_lib_functionpppE0B9_
FN:63,_RNCNvMNtNtCs85HRSSCQLAR_12scraper_core7plugins6dynlibNtB4_16DynamicLibPlugin12scrape_manga0B8_
FN:42,_RNCNvMNtNtCs85HRSSCQLAR_12scraper_core7plugins6dynlibNtB4_16DynamicLibPlugin13scrape_latest0B8_
FN:54,_RNCNvMNtNtCs85HRSSCQLAR_12scraper_core7plugins6dynlibNtB4_16DynamicLibPlugin13scrape_search0B8_
FN:36,_RNCNvMNtNtCs85HRSSCQLAR_12scraper_core7plugins6dynlibNtB4_16DynamicLibPlugin14scrape_chapter0B8_
FN:48,_RNCNvMNtNtCs85HRSSCQLAR_12scraper_core7plugins6dynlibNtB4_16DynamicLibPlugin15scrape_trending0B8_
FN:69,_RNCNvMNtNtCs85HRSSCQLAR_12scraper_core7plugins6dynlibNtB4_16DynamicLibPlugin18scrape_genres_list0B8_
FN:75,_RNCNvMNtNtCs85HRSSCQLAR_12scraper_core7plugins6dynlibNtB4_16DynamicLibPlugin8get_info0B8_
FN:63,_RNvMNtNtCs85HRSSCQLAR_12scraper_core7plugins6dynlibNtB2_16DynamicLibPlugin12scrape_manga
FN:42,_RNvMNtNtCs85HRSSCQLAR_12scraper_core7plugins6dynlibNtB2_16DynamicLibPlugin13scrape_latest
FN:54,_RNvMNtNtCs85HRSSCQLAR_12scraper_core7plugins6dynlibNtB2_16DynamicLibPlugin13scrape_search
FN:36,_RNvMNtNtCs85HRSSCQLAR_12scraper_core7plugins6dynlibNtB2_16DynamicLibPlugin14scrape_chapter
FN:48,_RNvMNtNtCs85HRSSCQLAR_12scraper_core7plugins6dynlibNtB2_16DynamicLibPlugin15scrape_trending
FN:69,_RNvMNtNtCs85HRSSCQLAR_12scraper_core7plugins6dynlibNtB2_16DynamicLibPlugin18scrape_genres_list
FN:14,_RNvMNtNtCs85HRSSCQLAR_12scraper_core7plugins6dynlibNtB2_16DynamicLibPlugin3new
FN:75,_RNvMNtNtCs85HRSSCQLAR_12scraper_core7plugins6dynlibNtB2_16DynamicLibPlugin8get_info
FNDA:0,_RINvMNtNtCs85HRSSCQLAR_12scraper_core7plugins6dynlibNtB3_16DynamicLibPlugin17call_lib_functionpppEB7_
FNDA:0,_RNCINvMNtNtCs85HRSSCQLAR_12scraper_core7plugins6dynlibNtB5_16DynamicLibPlugin17call_lib_functionpppE0B9_
FNDA:0,_RNCNvMNtNtCs85HRSSCQLAR_12scraper_core7plugins6dynlibNtB4_16DynamicLibPlugin12scrape_manga0B8_
FNDA:0,_RNCNvMNtNtCs85HRSSCQLAR_12scraper_core7plugins6dynlibNtB4_16DynamicLibPlugin13scrape_latest0B8_
FNDA:0,_RNCNvMNtNtCs85HRSSCQLAR_12scraper_core7plugins6dynlibNtB4_16DynamicLibPlugin13scrape_search0B8_
FNDA:0,_RNCNvMNtNtCs85HRSSCQLAR_12scraper_core7plugins6dynlibNtB4_16DynamicLibPlugin14scrape_chapter0B8_
FNDA:0,_RNCNvMNtNtCs85HRSSCQLAR_12scraper_core7plugins6dynlibNtB4_16DynamicLibPlugin15scrape_trending0B8_
FNDA:0,_RNCNvMNtNtCs85HRSSCQLAR_12scraper_core7plugins6dynlibNtB4_16DynamicLibPlugin18scrape_genres_list0B8_
FNDA:0,_RNCNvMNtNtCs85HRSSCQLAR_12scraper_core7plugins6dynlibNtB4_16DynamicLibPlugin8get_info0B8_
FNDA:0,_RNvMNtNtCs85HRSSCQLAR_12scraper_core7plugins6dynlibNtB2_16DynamicLibPlugin12scrape_manga
FNDA:0,_RNvMNtNtCs85HRSSCQLAR_12scraper_core7plugins6dynlibNtB2_16DynamicLibPlugin13scrape_latest
FNDA:0,_RNvMNtNtCs85HRSSCQLAR_12scraper_core7plugins6dynlibNtB2_16DynamicLibPlugin13scrape_search
FNDA:0,_RNvMNtNtCs85HRSSCQLAR_12scraper_core7plugins6dynlibNtB2_16DynamicLibPlugin14scrape_chapter
FNDA:0,_RNvMNtNtCs85HRSSCQLAR_12scraper_core7plugins6dynlibNtB2_16DynamicLibPlugin15scrape_trending
FNDA:0,_RNvMNtNtCs85HRSSCQLAR_12scraper_core7plugins6dynlibNtB2_16DynamicLibPlugin18scrape_genres_list
FNDA:0,_RNvMNtNtCs85HRSSCQLAR_12scraper_core7plugins6dynlibNtB2_16DynamicLibPlugin3new
FNDA:0,_RNvMNtNtCs85HRSSCQLAR_12scraper_core7plugins6dynlibNtB2_16DynamicLibPlugin8get_info
FNF:17
FNH:0
DA:14,0
DA:15,0
DA:16,0
DA:17,0
DA:18,0
DA:19,0
DA:20,0
DA:22,0
DA:23,0
DA:24,0
DA:25,0
DA:26,0
DA:28,0
DA:30,0
DA:32,0
DA:34,0
DA:36,0
DA:37,0
DA:38,0
DA:39,0
DA:40,0
DA:42,0
DA:43,0
DA:44,0
DA:45,0
DA:46,0
DA:48,0
DA:49,0
DA:50,0
DA:51,0
DA:52,0
DA:54,0
DA:55,0
DA:56,0
DA:57,0
DA:58,0
DA:59,0
DA:60,0
DA:61,0
DA:63,0
DA:64,0
DA:65,0
DA:66,0
DA:67,0
DA:69,0
DA:70,0
DA:71,0
DA:72,0
DA:73,0
DA:75,0
DA:76,0
DA:77,0
DA:78,0
DA:79,0
BRF:0
BRH:0
LF:61
LH:0
end_of_record
SF:/mnt/040b9fb6-50c4-4490-87c6-b7dd911435c9/Projects/rust/manga-vault/scrapers/scraper_core/src/plugins/globals/headless.rs
FN:16,_RINvXNtNtNtCs85HRSSCQLAR_12scraper_core7plugins7globals8headlessNtB3_14HeadlessClientNtNtCs5FQajpYqclJ_4mlua8userdata8UserData11add_methodsINtNtB1n_8registry16UserDataRegistryB10_EEB9_
FN:85,_RINvXs_NtNtNtCs85HRSSCQLAR_12scraper_core7plugins7globals8headlessNtB5_7ElementNtNtCs5FQajpYqclJ_4mlua8userdata8UserData11add_methodsINtNtB1h_8registry16UserDataRegistryB12_EEBb_
FN:36,_RNCINvXNtNtNtCs85HRSSCQLAR_12scraper_core7plugins7globals8headlessNtB5_14HeadlessClientNtNtCs5FQajpYqclJ_4mlua8userdata8UserData11add_methodsINtNtB1p_8registry16UserDataRegistryB12_EE0Bb_
FN:68,_RNCINvXNtNtNtCs85HRSSCQLAR_12scraper_core7plugins7globals8headlessNtB5_14HeadlessClientNtNtCs5FQajpYqclJ_4mlua8userdata8UserData11add_methodsINtNtB1p_8registry16UserDataRegistryB12_EEs0_0Bb_
FN:80,_RNCINvXNtNtNtCs85HRSSCQLAR_12scraper_core7plugins7globals8headlessNtB5_14HeadlessClientNtNtCs5FQajpYqclJ_4mlua8userdata8UserData11add_methodsINtNtB1p_8registry16UserDataRegistryB12_EEs1_0Bb_
FN:51,_RNCINvXNtNtNtCs85HRSSCQLAR_12scraper_core7plugins7globals8headlessNtB5_14HeadlessClientNtNtCs5FQajpYqclJ_4mlua8userdata8UserData11add_methodsINtNtB1p_8registry16UserDataRegistryB12_EEs_0Bb_
FN:96,_RNCINvXs_NtNtNtCs85HRSSCQLAR_12scraper_core7plugins7globals8headlessNtB7_7ElementNtNtCs5FQajpYqclJ_4mlua8userdata8UserData11add_methodsINtNtB1j_8registry16UserDataRegistryB14_EE0Bd_
FN:111,_RNCINvXs_NtNtNtCs85HRSSCQLAR_12scraper_core7plugins7globals8headlessNtB7_7ElementNtNtCs5FQajpYqclJ_4mlua8userdata8UserData11add_methodsINtNtB1j_8registry16UserDataRegistryB14_EEs_0Bd_
FN:17,_RNCNCINvXNtNtNtCs85HRSSCQLAR_12scraper_core7plugins7globals8headlessNtB7_14HeadlessClientNtNtCs5FQajpYqclJ_4mlua8userdata8UserData11add_methodsINtNtB1r_8registry16UserDataRegistryB14_EE00Bd_
FN:53,_RNCNCINvXNtNtNtCs85HRSSCQLAR_12scraper_core7plugins7globals8headlessNtB7_14HeadlessClientNtNtCs5FQajpYqclJ_4mlua8userdata8UserData11add_methodsINtNtB1r_8registry16UserDataRegistryB14_EEs0_00Bd_
FN:70,_RNCNCINvXNtNtNtCs85HRSSCQLAR_12scraper_core7plugins7globals8headlessNtB7_14HeadlessClientNtNtCs5FQajpYqclJ_4mlua8userdata8UserData11add_methodsINtNtB1r_8registry16UserDataRegistryB14_EEs1_00Bd_
FN:38,_RNCNCINvXNtNtNtCs85HRSSCQLAR_12scraper_core7plugins7globals8headlessNtB7_14HeadlessClientNtNtCs5FQajpYqclJ_4mlua8userdata8UserData11add_methodsINtNtB1r_8registry16UserDataRegistryB14_EEs_00Bd_
FN:86,_RNCNCINvXs_NtNtNtCs85HRSSCQLAR_12scraper_core7plugins7globals8headlessNtB9_7ElementNtNtCs5FQajpYqclJ_4mlua8userdata8UserData11add_methodsINtNtB1l_8registry16UserDataRegistryB16_EE00Bf_
FN:98,_RNCNCINvXs_NtNtNtCs85HRSSCQLAR_12scraper_core7plugins7globals8headlessNtB9_7ElementNtNtCs5FQajpYqclJ_4mlua8userdata8UserData11add_methodsINtNtB1l_8registry16UserDataRegistryB16_EEs_00Bf_
FN:27,_RNCNCNCINvXNtNtNtCs85HRSSCQLAR_12scraper_core7plugins7globals8headlessNtB9_14HeadlessClientNtNtCs5FQajpYqclJ_4mlua8userdata8UserData11add_methodsINtNtB1t_8registry16UserDataRegistryB16_EE000Bf_
FN:33,_RNCNCNCINvXNtNtNtCs85HRSSCQLAR_12scraper_core7plugins7globals8headlessNtB9_14HeadlessClientNtNtCs5FQajpYqclJ_4mlua8userdata8UserData11add_methodsINtNtB1t_8registry16UserDataRegistryB16_EE00s_0Bf_
FN:63,_RNCNCNCINvXNtNtNtCs85HRSSCQLAR_12scraper_core7plugins7globals8headlessNtB9_14HeadlessClientNtNtCs5FQajpYqclJ_4mlua8userdata8UserData11add_methodsINtNtB1t_8registry16UserDataRegistryB16_EEs0_000Bf_
FN:65,_RNCNCNCINvXNtNtNtCs85HRSSCQLAR_12scraper_core7plugins7globals8headlessNtB9_14HeadlessClientNtNtCs5FQajpYqclJ_4mlua8userdata8UserData11add_methodsINtNtB1t_8registry16UserDataRegistryB16_EEs0_00s_0Bf_
FN:48,_RNCNCNCINvXNtNtNtCs85HRSSCQLAR_12scraper_core7plugins7globals8headlessNtB9_14HeadlessClientNtNtCs5FQajpYqclJ_4mlua8userdata8UserData11add_methodsINtNtB1t_8registry16UserDataRegistryB16_EEs_000Bf_
FNDA:6,_RINvXNtNtNtCs85HRSSCQLAR_12scraper_core7plugins7globals8headlessNtB3_14HeadlessClientNtNtCs5FQajpYqclJ_4mlua8userdata8UserData11add_methodsINtNtB1n_8registry16UserDataRegistryB10_EEB9_
FNDA:4,_RINvXs_NtNtNtCs85HRSSCQLAR_12scraper_core7plugins7globals8headlessNtB5_7ElementNtNtCs5FQajpYqclJ_4mlua8userdata8UserData11add_methodsINtNtB1h_8registry16UserDataRegistryB12_EEBb_
FNDA:5,_RNCINvXNtNtNtCs85HRSSCQLAR_12scraper_core7plugins7globals8headlessNtB5_14HeadlessClientNtNtCs5FQajpYqclJ_4mlua8userdata8UserData11add_methodsINtNtB1p_8registry16UserDataRegistryB12_EE0Bb_
FNDA:1,_RNCINvXNtNtNtCs85HRSSCQLAR_12scraper_core7plugins7globals8headlessNtB5_14HeadlessClientNtNtCs5FQajpYqclJ_4mlua8userdata8UserData11add_methodsINtNtB1p_8registry16UserDataRegistryB12_EEs0_0Bb_
FNDA:1,_RNCINvXNtNtNtCs85HRSSCQLAR_12scraper_core7plugins7globals8headlessNtB5_14HeadlessClientNtNtCs5FQajpYqclJ_4mlua8userdata8UserData11add_methodsINtNtB1p_8registry16UserDataRegistryB12_EEs1_0Bb_
FNDA:3,_RNCINvXNtNtNtCs85HRSSCQLAR_12scraper_core7plugins7globals8headlessNtB5_14HeadlessClientNtNtCs5FQajpYqclJ_4mlua8userdata8UserData11add_methodsINtNtB1p_8registry16UserDataRegistryB12_EEs_0Bb_
FNDA:1,_RNCINvXs_NtNtNtCs85HRSSCQLAR_12scraper_core7plugins7globals8headlessNtB7_7ElementNtNtCs5FQajpYqclJ_4mlua8userdata8UserData11add_methodsINtNtB1j_8registry16UserDataRegistryB14_EE0Bd_
FNDA:1,_RNCINvXs_NtNtNtCs85HRSSCQLAR_12scraper_core7plugins7globals8headlessNtB7_7ElementNtNtCs5FQajpYqclJ_4mlua8userdata8UserData11add_methodsINtNtB1j_8registry16UserDataRegistryB14_EEs_0Bd_
FNDA:5,_RNCNCINvXNtNtNtCs85HRSSCQLAR_12scraper_core7plugins7globals8headlessNtB7_14HeadlessClientNtNtCs5FQajpYqclJ_4mlua8userdata8UserData11add_methodsINtNtB1r_8registry16UserDataRegistryB14_EE00Bd_
[...]
FNDA:0,_RNCNCNCINvXNtNtNtCs85HRSSCQLAR_12scraper_core7plugins7globals8scrapingNtB9_13CustomScraperNtNtCs5FQajpYqclJ_4mlua8userdata8UserData11add_methodsINtNtB1s_8registry16UserDataRegistryB16_EEs1_000Bf_
FNDA:2,_RNCNCNCINvXNtNtNtCs85HRSSCQLAR_12scraper_core7plugins7globals8scrapingNtB9_13CustomScraperNtNtCs5FQajpYqclJ_4mlua8userdata8UserData11add_methodsINtNtB1s_8registry16UserDataRegistryB16_EEs1_00s_0Bf_
FNDA:6,_RNCNCNCINvXNtNtNtCs85HRSSCQLAR_12scraper_core7plugins7globals8scrapingNtB9_13CustomScraperNtNtCs5FQajpYqclJ_4mlua8userdata8UserData11add_methodsINtNtB1s_8registry16UserDataRegistryB16_EEs_000Bf_
FNDA:4,_RNCNCNCNCINvXNtNtNtCs85HRSSCQLAR_12scraper_core7plugins7globals8scrapingNtBb_13CustomScraperNtNtCs5FQajpYqclJ_4mlua8userdata8UserData11add_methodsINtNtB1u_8registry16UserDataRegistryB18_EEs_0000Bh_
FNDA:1,_RNCNCNCNCNCINvXNtNtNtCs85HRSSCQLAR_12scraper_core7plugins7globals8scrapingNtBd_13CustomScraperNtNtCs5FQajpYqclJ_4mlua8userdata8UserData11add_methodsINtNtB1w_8registry16UserDataRegistryB1a_EEs_00000Bj_
FNDA:1,_RNvNtNtNtCs85HRSSCQLAR_12scraper_core7plugins7globals8scraping13get_image_url
FNF:15
FNH:14
DA:6,1
DA:7,1
DA:9,1
DA:10,1
DA:11,0
DA:12,0
DA:13,0
DA:14,0
DA:15,0
DA:16,0
DA:18,0
DA:20,1
DA:24,4
DA:25,4
DA:26,1
DA:27,1
DA:29,1
DA:30,2
DA:32,4
DA:33,1
DA:34,1
DA:35,1
DA:36,6
DA:37,1
DA:39,1
DA:40,2
DA:42,4
DA:43,1
DA:44,1
DA:45,1
DA:46,1
DA:47,1
DA:48,1
DA:49,1
DA:50,1
DA:52,1
DA:53,2
DA:55,4
DA:57,1
DA:58,1
DA:59,1
DA:61,1
DA:62,1
DA:63,2
DA:64,1
DA:65,2
DA:67,4
BRF:0
BRH:0
LF:59
LH:51
end_of_record
SF:/mnt/040b9fb6-50c4-4490-87c6-b7dd911435c9/Projects/rust/manga-vault/scrapers/scraper_core/src/plugins/globals/string.rs
FN:8,_RNCNCNvNtNtNtCs85HRSSCQLAR_12scraper_core7plugins7globals6string4load00Bb_
FN:7,_RNCNvNtNtNtCs85HRSSCQLAR_12scraper_core7plugins7globals6string4load0B9_
FN:14,_RNCNvNtNtNtCs85HRSSCQLAR_12scraper_core7plugins7globals6string4loads0_0B9_
FN:18,_RNCNvNtNtNtCs85HRSSCQLAR_12scraper_core7plugins7globals6string4loads1_0B9_
FN:22,_RNCNvNtNtNtCs85HRSSCQLAR_12scraper_core7plugins7globals6string4loads2_0B9_
FN:11,_RNCNvNtNtNtCs85HRSSCQLAR_12scraper_core7plugins7globals6string4loads_0B9_
FN:3,_RNvNtNtNtCs85HRSSCQLAR_12scraper_core7plugins7globals6string4load
FNDA:2,_RNCNCNvNtNtNtCs85HRSSCQLAR_12scraper_core7plugins7globals6string4load00Bb_
FNDA:1,_RNCNvNtNtNtCs85HRSSCQLAR_12scraper_core7plugins7globals6string4load0B9_
FNDA:1,_RNCNvNtNtNtCs85HRSSCQLAR_12scraper_core7plugins7globals6string4loads0_0B9_
FNDA:1,_RNCNvNtNtNtCs85HRSSCQLAR_12scraper_core7plugins7globals6string4loads1_0B9_
FNDA:1,_RNCNvNtNtNtCs85HRSSCQLAR_12scraper_core7plugins7globals6string4loads2_0B9_
FNDA:1,_RNCNvNtNtNtCs85HRSSCQLAR_12scraper_core7plugins7globals6string4loads_0B9_
FNDA:5,_RNvNtNtNtCs85HRSSCQLAR_12scraper_core7plugins7globals6string4load
FNF:7
FNH:7
DA:3,5
DA:4,5
DA:5,5
DA:7,5
DA:8,2
DA:9,1
DA:10,0
DA:11,5
DA:12,5
DA:14,5
DA:15,0
DA:16,5
DA:18,5
DA:19,0
DA:20,5
DA:22,5
DA:23,1
DA:24,1
DA:25,0
DA:27,5
DA:28,5
BRF:0
BRH:0
LF:29
LH:23
end_of_record
SF:/mnt/040b9fb6-50c4-4490-87c6-b7dd911435c9/Projects/rust/manga-vault/scrapers/scraper_core/src/plugins/globals/table.rs
FN:10,_RNCNCNvNtNtNtCs85HRSSCQLAR_12scraper_core7plugins7globals5table4load00Bb_
FN:12,_RNCNCNvNtNtNtCs85HRSSCQLAR_12scraper_core7plugins7globals5table4load0s_0Bb_
FN:8,_RNCNvNtNtNtCs85HRSSCQLAR_12scraper_core7plugins7globals5table4load0B9_
FN:3,_RNvNtNtNtCs85HRSSCQLAR_12scraper_core7plugins7globals5table4load
FNDA:5,_RNCNCNvNtNtNtCs85HRSSCQLAR_12scraper_core7plugins7globals5table4load00Bb_
FNDA:1,_RNCNCNvNtNtNtCs85HRSSCQLAR_12scraper_core7plugins7globals5table4load0s_0Bb_
FNDA:1,_RNCNvNtNtNtCs85HRSSCQLAR_12scraper_core7plugins7globals5table4load0B9_
FNDA:1,_RNvNtNtNtCs85HRSSCQLAR_12scraper_core7plugins7globals5table4load
FNF:4
FNH:4
DA:3,1
DA:4,1
DA:6,1
DA:8,1
DA:9,1
DA:10,5
DA:11,1
DA:12,1
DA:13,1
DA:14,1
DA:15,5
DA:16,5
DA:18,1
DA:19,1
DA:20,1
DA:21,0
DA:23,1
DA:24,1
BRF:0
BRH:0
LF:22
LH:20
end_of_record
SF:/mnt/040b9fb6-50c4-4490-87c6-b7dd911435c9/Projects/rust/manga-vault/scrapers/scraper_core/src/plugins/lua.rs
FN:60,_RNCNvMNtNtCs85HRSSCQLAR_12scraper_core7plugins3luaNtB4_9LuaPlugin12scrape_manga0B8_
FN:42,_RNCNvMNtNtCs85HRSSCQLAR_12scraper_core7plugins3luaNtB4_9LuaPlugin13scrape_latest0B8_
FN:54,_RNCNvMNtNtCs85HRSSCQLAR_12scraper_core7plugins3luaNtB4_9LuaPlugin13scrape_search0B8_
FN:36,_RNCNvMNtNtCs85HRSSCQLAR_12scraper_core7plugins3luaNtB4_9LuaPlugin14scrape_chapter0B8_
FN:48,_RNCNvMNtNtCs85HRSSCQLAR_12scraper_core7plugins3luaNtB4_9LuaPlugin15scrape_trending0B8_
FN:66,_RNCNvMNtNtCs85HRSSCQLAR_12scraper_core7plugins3luaNtB4_9LuaPlugin18scrape_genres_list0B8_
FN:18,_RNCNvMNtNtCs85HRSSCQLAR_12scraper_core7plugins3luaNtB4_9LuaPlugin3new0B8_
FN:72,_RNCNvMNtNtCs85HRSSCQLAR_12scraper_core7plugins3luaNtB4_9LuaPlugin8get_info0B8_
FN:60,_RNvMNtNtCs85HRSSCQLAR_12scraper_core7plugins3luaNtB2_9LuaPlugin12scrape_manga
FN:42,_RNvMNtNtCs85HRSSCQLAR_12scraper_core7plugins3luaNtB2_9LuaPlugin13scrape_latest
FN:54,_RNvMNtNtCs85HRSSCQLAR_12scraper_core7plugins3luaNtB2_9LuaPlugin13scrape_search
FN:36,_RNvMNtNtCs85HRSSCQLAR_12scraper_core7plugins3luaNtB2_9LuaPlugin14scrape_chapter
FN:48,_RNvMNtNtCs85HRSSCQLAR_12scraper_core7plugins3luaNtB2_9LuaPlugin15scrape_trending
FN:66,_RNvMNtNtCs85HRSSCQLAR_12scraper_core7plugins3luaNtB2_9LuaPlugin18scrape_genres_list
FN:18,_RNvMNtNtCs85HRSSCQLAR_12scraper_core7plugins3luaNtB2_9LuaPlugin3new
FN:72,_RNvMNtNtCs85HRSSCQLAR_12scraper_core7plugins3luaNtB2_9LuaPlugin8get_info
FNDA:0,_RNCNvMNtNtCs85HRSSCQLAR_12scraper_core7plugins3luaNtB4_9LuaPlugin12scrape_manga0B8_
FNDA:0,_RNCNvMNtNtCs85HRSSCQLAR_12scraper_core7plugins3luaNtB4_9LuaPlugin13scrape_latest0B8_
FNDA:0,_RNCNvMNtNtCs85HRSSCQLAR_12scraper_core7plugins3luaNtB4_9LuaPlugin13scrape_search0B8_
FNDA:0,_RNCNvMNtNtCs85HRSSCQLAR_12scraper_core7plugins3luaNtB4_9LuaPlugin14scrape_chapter0B8_
FNDA:0,_RNCNvMNtNtCs85HRSSCQLAR_12scraper_core7plugins3luaNtB4_9LuaPlugin15scrape_trending0B8_
FNDA:0,_RNCNvMNtNtCs85HRSSCQLAR_12scraper_core7plugins3luaNtB4_9LuaPlugin18scrape_genres_list0B8_
FNDA:0,_RNCNvMNtNtCs85HRSSCQLAR_12scraper_core7plugins3luaNtB4_9LuaPlugin3new0B8_
FNDA:0,_RNCNvMNtNtCs85HRSSCQLAR_12scraper_core7plugins3luaNtB4_9LuaPlugin8get_info0B8_
FNDA:0,_RNvMNtNtCs85HRSSCQLAR_12scraper_core7plugins3luaNtB2_9LuaPlugin12scrape_manga
FNDA:0,_RNvMNtNtCs85HRSSCQLAR_12scraper_core7plugins3luaNtB2_9LuaPlugin13scrape_latest
FNDA:0,_RNvMNtNtCs85HRSSCQLAR_12scraper_core7plugins3luaNtB2_9LuaPlugin13scrape_search
FNDA:0,_RNvMNtNtCs85HRSSCQLAR_12scraper_core7plugins3luaNtB2_9LuaPlugin14scrape_chapter
FNDA:0,_RNvMNtNtCs85HRSSCQLAR_12scraper_core7plugins3luaNtB2_9LuaPlugin15scrape_trending
FNDA:0,_RNvMNtNtCs85HRSSCQLAR_12scraper_core7plugins3luaNtB2_9LuaPlugin18scrape_genres_list
FNDA:0,_RNvMNtNtCs85HRSSCQLAR_12scraper_core7plugins3luaNtB2_9LuaPlugin3new
FNDA:0,_RNvMNtNtCs85HRSSCQLAR_12scraper_core7plugins3luaNtB2_9LuaPlugin8get_info
FNF:16
FNH:0
DA:18,0
DA:19,0
DA:20,0
DA:21,0
DA:23,0
DA:24,0
DA:25,0
DA:27,0
DA:28,0
DA:29,0
DA:30,0
DA:31,0
DA:32,0
DA:33,0
DA:34,0
DA:36,0
DA:37,0
DA:38,0
DA:39,0
DA:40,0
DA:42,0
DA:43,0
DA:44,0
DA:45,0
DA:46,0
DA:48,0
DA:49,0
DA:50,0
DA:51,0
DA:52,0
DA:54,0
DA:55,0
DA:56,0
DA:57,0
DA:58,0
DA:60,0
DA:61,0
DA:62,0
DA:63,0
DA:64,0
DA:66,0
DA:67,0
DA:68,0
DA:69,0
DA:70,0
DA:72,0
DA:73,0
DA:74,0
DA:75,0
DA:76,0
BRF:0
BRH:0
LF:58
LH:0
end_of_record
SF:/mnt/040b9fb6-50c4-4490-87c6-b7dd911435c9/Projects/rust/manga-vault/scrapers/scraper_core/src/plugins/mod.rs
FN:55,_RNvMNtCs85HRSSCQLAR_12scraper_core7pluginsNtB2_6Plugin12scrape_manga
FN:23,_RNvMNtCs85HRSSCQLAR_12scraper_core7pluginsNtB2_6Plugin13scrape_latest
FN:44,_RNvMNtCs85HRSSCQLAR_12scraper_core7pluginsNtB2_6Plugin13scrape_search
FN:30,_RNvMNtCs85HRSSCQLAR_12scraper_core7pluginsNtB2_6Plugin14scrape_chapter
FN:37,_RNvMNtCs85HRSSCQLAR_12scraper_core7pluginsNtB2_6Plugin15scrape_trending
FN:62,_RNvMNtCs85HRSSCQLAR_12scraper_core7pluginsNtB2_6Plugin18scrape_genres_list
FN:69,_RNvMNtCs85HRSSCQLAR_12scraper_core7pluginsNtB2_6Plugin8get_info
FNDA:0,_RNvMNtCs85HRSSCQLAR_12scraper_core7pluginsNtB2_6Plugin12scrape_manga
FNDA:0,_RNvMNtCs85HRSSCQLAR_12scraper_core7pluginsNtB2_6Plugin13scrape_latest
FNDA:0,_RNvMNtCs85HRSSCQLAR_12scraper_core7pluginsNtB2_6Plugin13scrape_search
FNDA:0,_RNvMNtCs85HRSSCQLAR_12scraper_core7pluginsNtB2_6Plugin14scrape_chapter
FNDA:0,_RNvMNtCs85HRSSCQLAR_12scraper_core7pluginsNtB2_6Plugin15scrape_trending
FNDA:0,_RNvMNtCs85HRSSCQLAR_12scraper_core7pluginsNtB2_6Plugin18scrape_genres_list
FNDA:0,_RNvMNtCs85HRSSCQLAR_12scraper_core7pluginsNtB2_6Plugin8get_info
FNF:7
FNH:0
DA:23,0
DA:24,0
DA:25,0
DA:26,0
DA:28,0
DA:30,0
DA:31,0
DA:32,0
DA:33,0
DA:35,0
DA:37,0
DA:38,0
DA:39,0
DA:40,0
DA:42,0
DA:44,0
DA:45,0
DA:46,0
DA:47,0
DA:48,0
DA:49,0
DA:50,0
DA:51,0
DA:53,0
DA:55,0
DA:56,0
DA:57,0
DA:58,0
DA:60,0
DA:62,0
DA:63,0
DA:64,0
DA:65,0
DA:67,0
DA:69,0
DA:70,0
DA:71,0
DA:72,0
DA:74,0
BRF:0
BRH:0
LF:39
LH:0
end_of_record
SF:/mnt/040b9fb6-50c4-4490-87c6-b7dd911435c9/Projects/rust/manga-vault/scrapers/scraper_core/src/repository.rs
FN:88,_RNCNCNvNtCs85HRSSCQLAR_12scraper_core10repository14filter_plugins00B7_
FN:93,_RNCNCNvNtCs85HRSSCQLAR_12scraper_core10repository14filter_plugins0s_0B7_
FN:132,_RNCNCNvNtCs85HRSSCQLAR_12scraper_core10repository19cleanup_old_plugins00B7_
FN:139,_RNCNCNvNtCs85HRSSCQLAR_12scraper_core10repository19cleanup_old_plugins0s_0B7_
FN:157,_RNCNCNvNtCs85HRSSCQLAR_12scraper_core10repository20download_new_plugins00B7_
FN:199,_RNCNCNvNtCs85HRSSCQLAR_12scraper_core10repository20download_new_plugins0s0_0B7_
FN:188,_RNCNCNvNtCs85HRSSCQLAR_12scraper_core10repository20download_new_plugins0s_0B7_
FN:119,_RNCNCNvNtCs85HRSSCQLAR_12scraper_core10repository21load_internal_plugins00B7_
FN:120,_RNCNCNvNtCs85HRSSCQLAR_12scraper_core10repository21load_internal_plugins0s_0B7_
FN:54,_RNCNvNtCs85HRSSCQLAR_12scraper_core10repository10load_repos0B5_
FN:87,_RNCNvNtCs85HRSSCQLAR_12scraper_core10repository14filter_plugins0B5_
FN:72,_RNCNvNtCs85HRSSCQLAR_12scraper_core10repository16fetch_repository0B5_
FN:215,_RNCNvNtCs85HRSSCQLAR_12scraper_core10repository17get_download_info0B5_
FN:216,_RNCNvNtCs85HRSSCQLAR_12scraper_core10repository17get_download_infos_0B5_
FN:130,_RNCNvNtCs85HRSSCQLAR_12scraper_core10repository19cleanup_old_plugins0B5_
FN:152,_RNCNvNtCs85HRSSCQLAR_12scraper_core10repository20download_new_plugins0B5_
FN:114,_RNCNvNtCs85HRSSCQLAR_12scraper_core10repository21load_internal_plugins0B5_
FN:109,_RNCNvNtCs85HRSSCQLAR_12scraper_core10repository23ensure_directory_exists0B5_
FN:54,_RNvNtCs85HRSSCQLAR_12scraper_core10repository10load_repos
FN:81,_RNvNtCs85HRSSCQLAR_12scraper_core10repository14filter_plugins
FN:72,_RNvNtCs85HRSSCQLAR_12scraper_core10repository16fetch_repository
FN:204,_RNvNtCs85HRSSCQLAR_12scraper_core10repository17get_download_info
FN:126,_RNvNtCs85HRSSCQLAR_12scraper_core10repository19cleanup_old_plugins
FN:147,_RNvNtCs85HRSSCQLAR_12scraper_core10repository20download_new_plugins
FN:114,_RNvNtCs85HRSSCQLAR_12scraper_core10repository21load_internal_plugins
FN:106,_RNvNtCs85HRSSCQLAR_12scraper_core10repository23ensure_directory_exists
FNDA:0,_RNCNCNvNtCs85HRSSCQLAR_12scraper_core10repository14filter_plugins00B7_
FNDA:0,_RNCNCNvNtCs85HRSSCQLAR_12scraper_core10repository14filter_plugins0s_0B7_
FNDA:0,_RNCNCNvNtCs85HRSSCQLAR_12scraper_core10repository19cleanup_old_plugins00B7_
FNDA:0,_RNCNCNvNtCs85HRSSCQLAR_12scraper_core10repository19cleanup_old_plugins0s_0B7_
FNDA:0,_RNCNCNvNtCs85HRSSCQLAR_12scraper_core10repository20download_new_plugins00B7_
FNDA:0,_RNCNCNvNtCs85HRSSCQLAR_12scraper_core10repository20download_new_plugins0s0_0B7_
FNDA:0,_RNCNCNvNtCs85HRSSCQLAR_12scraper_core10repository20download_new_plugins0s_0B7_
FNDA:0,_RNCNCNvNtCs85HRSSCQLAR_12scraper_core10repository21load_internal_plugins00B7_
FNDA:0,_RNCNCNvNtCs85HRSSCQLAR_12scraper_core10repository21load_internal_plugins0s_0B7_
FNDA:0,_RNCNvNtCs85HRSSCQLAR_12scraper_core10repository10load_repos0B5_
FNDA:0,_RNCNvNtCs85HRSSCQLAR_12scraper_core10repository14filter_plugins0B5_
FNDA:0,_RNCNvNtCs85HRSSCQLAR_12scraper_core10repository16fetch_repository0B5_
FNDA:0,_RNCNvNtCs85HRSSCQLAR_12scraper_core10repository17get_download_info0B5_
FNDA:0,_RNCNvNtCs85HRSSCQLAR_12scraper_core10repository17get_download_infos_0B5_
FNDA:0,_RNCNvNtCs85HRSSCQLAR_12scraper_core10repository19cleanup_old_plugins0B5_
FNDA:0,_RNCNvNtCs85HRSSCQLAR_12scraper_core10repository20download_new_plugins0B5_
FNDA:0,_RNCNvNtCs85HRSSCQLAR_12scraper_core10repository21load_internal_plugins0B5_
FNDA:0,_RNCNvNtCs85HRSSCQLAR_12scraper_core10repository23ensure_directory_exists0B5_
FNDA:0,_RNvNtCs85HRSSCQLAR_12scraper_core10repository10load_repos
FNDA:0,_RNvNtCs85HRSSCQLAR_12scraper_core10repository14filter_plugins
FNDA:0,_RNvNtCs85HRSSCQLAR_12scraper_core10repository16fetch_repository
FNDA:0,_RNvNtCs85HRSSCQLAR_12scraper_core10repository17get_download_info
FNDA:0,_RNvNtCs85HRSSCQLAR_12scraper_core10repository19cleanup_old_plugins
FNDA:0,_RNvNtCs85HRSSCQLAR_12scraper_core10repository20download_new_plugins
FNDA:0,_RNvNtCs85HRSSCQLAR_12scraper_core10repository21load_internal_plugins
FNDA:0,_RNvNtCs85HRSSCQLAR_12scraper_core10repository23ensure_directory_exists
FNF:26
FNH:0
DA:54,0
DA:55,0
DA:56,0
DA:58,0
DA:59,0
DA:61,0
DA:62,0
DA:64,0
DA:65,0
DA:67,0
DA:69,0
DA:70,0
DA:72,0
DA:73,0
DA:74,0
DA:75,0
DA:76,0
DA:77,0
DA:78,0
DA:79,0
DA:81,0
DA:82,0
DA:83,0
DA:84,0
DA:85,0
DA:86,0
DA:87,0
DA:88,0
DA:90,0
DA:91,0
DA:92,0
DA:93,0
DA:94,0
DA:96,0
DA:97,0
DA:98,0
DA:100,0
DA:101,0
DA:102,0
DA:103,0
DA:104,0
DA:106,0
DA:107,0
DA:108,0
DA:109,0
DA:110,0
DA:111,0
DA:112,0
DA:114,0
DA:115,0
DA:116,0
DA:117,0
DA:118,0
DA:119,0
DA:120,0
DA:122,0
DA:124,0
DA:126,0
DA:127,0
DA:128,0
DA:129,0
DA:130,0
DA:131,0
DA:132,0
DA:133,0
DA:134,0
DA:135,0
DA:136,0
DA:137,0
DA:138,0
DA:139,0
DA:140,0
DA:142,0
DA:144,0
DA:145,0
DA:147,0
DA:148,0
DA:149,0
DA:150,0
DA:151,0
DA:152,0
DA:153,0
DA:154,0
DA:156,0
DA:157,0
DA:158,0
DA:159,0
DA:160,0
DA:161,0
DA:162,0
DA:163,0
DA:164,0
DA:165,0
DA:167,0
DA:168,0
DA:170,0
DA:172,0
DA:173,0
DA:174,0
DA:175,0
DA:177,0
DA:178,0
DA:179,0
DA:180,0
DA:181,0
DA:182,0
DA:183,0
DA:184,0
DA:186,0
DA:187,0
DA:188,0
DA:190,0
DA:191,0
DA:192,0
DA:193,0
DA:196,0
DA:197,0
DA:198,0
DA:199,0
DA:201,0
DA:202,0
DA:204,0
DA:205,0
DA:206,0
DA:213,0
DA:215,0
DA:216,0
DA:218,0
BRF:0
BRH:0
LF:146
LH:0
end_of_record
SF:/mnt/040b9fb6-50c4-4490-87c6-b7dd911435c9/Projects/rust/manga-vault/scrapers/scraper_types/src/lib.rs
FN:12,_RNvXCs1kYCcJClmpT_13scraper_typesNtB2_9MangaItemNtNtCs5FQajpYqclJ_4mlua6traits7IntoLua8into_lua
FN:49,_RNvXs0_Cs1kYCcJClmpT_13scraper_typesNtB5_9MangaPageNtNtCs5FQajpYqclJ_4mlua6traits7IntoLua8into_lua
FN:68,_RNvXs1_Cs1kYCcJClmpT_13scraper_typesNtB5_9MangaPageNtNtCs5FQajpYqclJ_4mlua6traits7FromLua8from_lua
FN:95,_RNvXs2_Cs1kYCcJClmpT_13scraper_typesNtB5_7ChapterNtNtCs5FQajpYqclJ_4mlua6traits7IntoLua8into_lua
FN:105,_RNvXs3_Cs1kYCcJClmpT_13scraper_typesNtB5_7ChapterNtNtCs5FQajpYqclJ_4mlua6traits7FromLua8from_lua
FN:122,_RNvXs4_Cs1kYCcJClmpT_13scraper_typesNtB5_5GenreNtNtCs5FQajpYqclJ_4mlua6traits7IntoLua8into_lua
FN:131,_RNvXs5_Cs1kYCcJClmpT_13scraper_typesNtB5_5GenreNtNtCs5FQajpYqclJ_4mlua6traits7FromLua8from_lua
FN:148,_RNvXs6_Cs1kYCcJClmpT_13scraper_typesNtB5_11ScraperInfoNtNtCs5FQajpYqclJ_4mlua6traits7IntoLua8into_lua
FN:158,_RNvXs7_Cs1kYCcJClmpT_13scraper_typesNtB5_11ScraperInfoNtNtCs5FQajpYqclJ_4mlua6traits7FromLua8from_lua
FN:22,_RNvXs_Cs1kYCcJClmpT_13scraper_typesNtB4_9MangaItemNtNtCs5FQajpYqclJ_4mlua6traits7FromLua8from_lua
FN:12,_RNvXCsdlKEHc1flNm_13scraper_typesNtB2_9MangaItemNtNtCs5FQajpYqclJ_4mlua6traits7IntoLua8into_lua
FN:49,_RNvXs0_CsdlKEHc1flNm_13scraper_typesNtB5_9MangaPageNtNtCs5FQajpYqclJ_4mlua6traits7IntoLua8into_lua
FN:68,_RNvXs1_CsdlKEHc1flNm_13scraper_typesNtB5_9MangaPageNtNtCs5FQajpYqclJ_4mlua6traits7FromLua8from_lua
FN:95,_RNvXs2_CsdlKEHc1flNm_13scraper_typesNtB5_7ChapterNtNtCs5FQajpYqclJ_4mlua6traits7IntoLua8into_lua
FN:105,_RNvXs3_CsdlKEHc1flNm_13scraper_typesNtB5_7ChapterNtNtCs5FQajpYqclJ_4mlua6traits7FromLua8from_lua
FN:122,_RNvXs4_CsdlKEHc1flNm_13scraper_typesNtB5_5GenreNtNtCs5FQajpYqclJ_4mlua6traits7IntoLua8into_lua
FN:131,_RNvXs5_CsdlKEHc1flNm_13scraper_typesNtB5_5GenreNtNtCs5FQajpYqclJ_4mlua6traits7FromLua8from_lua
FN:148,_RNvXs6_CsdlKEHc1flNm_13scraper_typesNtB5_11ScraperInfoNtNtCs5FQajpYqclJ_4mlua6traits7IntoLua8into_lua
FN:158,_RNvXs7_CsdlKEHc1flNm_13scraper_typesNtB5_11ScraperInfoNtNtCs5FQajpYqclJ_4mlua6traits7FromLua8from_lua
FN:22,_RNvXs_CsdlKEHc1flNm_13scraper_typesNtB4_9MangaItemNtNtCs5FQajpYqclJ_4mlua6traits7FromLua8from_lua
FNDA:0,_RNvXCs1kYCcJClmpT_13scraper_typesNtB2_9MangaItemNtNtCs5FQajpYqclJ_4mlua6traits7IntoLua8into_lua
FNDA:0,_RNvXs0_Cs1kYCcJClmpT_13scraper_typesNtB5_9MangaPageNtNtCs5FQajpYqclJ_4mlua6traits7IntoLua8into_lua
FNDA:0,_RNvXs1_Cs1kYCcJClmpT_13scraper_typesNtB5_9MangaPageNtNtCs5FQajpYqclJ_4mlua6traits7FromLua8from_lua
FNDA:0,_RNvXs2_Cs1kYCcJClmpT_13scraper_typesNtB5_7ChapterNtNtCs5FQajpYqclJ_4mlua6traits7IntoLua8into_lua
FNDA:0,_RNvXs3_Cs1kYCcJClmpT_13scraper_typesNtB5_7ChapterNtNtCs5FQajpYqclJ_4mlua6traits7FromLua8from_lua
FNDA:0,_RNvXs4_Cs1kYCcJClmpT_13scraper_typesNtB5_5GenreNtNtCs5FQajpYqclJ_4mlua6traits7IntoLua8into_lua
FNDA:0,_RNvXs5_Cs1kYCcJClmpT_13scraper_typesNtB5_5GenreNtNtCs5FQajpYqclJ_4mlua6traits7FromLua8from_lua
FNDA:0,_RNvXs6_Cs1kYCcJClmpT_13scraper_typesNtB5_11ScraperInfoNtNtCs5FQajpYqclJ_4mlua6traits7IntoLua8into_lua
FNDA:0,_RNvXs7_Cs1kYCcJClmpT_13scraper_typesNtB5_11ScraperInfoNtNtCs5FQajpYqclJ_4mlua6traits7FromLua8from_lua
FNDA:0,_RNvXs_Cs1kYCcJClmpT_13scraper_typesNtB4_9MangaItemNtNtCs5FQajpYqclJ_4mlua6traits7FromLua8from_lua
FNDA:0,_RNvXCsdlKEHc1flNm_13scraper_typesNtB2_9MangaItemNtNtCs5FQajpYqclJ_4mlua6traits7IntoLua8into_lua
FNDA:0,_RNvXs0_CsdlKEHc1flNm_13scraper_typesNtB5_9MangaPageNtNtCs5FQajpYqclJ_4mlua6traits7IntoLua8into_lua
FNDA:0,_RNvXs1_CsdlKEHc1flNm_13scraper_typesNtB5_9MangaPageNtNtCs5FQajpYqclJ_4mlua6traits7FromLua8from_lua
FNDA:0,_RNvXs2_CsdlKEHc1flNm_13scraper_typesNtB5_7ChapterNtNtCs5FQajpYqclJ_4mlua6traits7IntoLua8into_lua
FNDA:0,_RNvXs3_CsdlKEHc1flNm_13scraper_typesNtB5_7ChapterNtNtCs5FQajpYqclJ_4mlua6traits7FromLua8from_lua
FNDA:0,_RNvXs4_CsdlKEHc1flNm_13scraper_typesNtB5_5GenreNtNtCs5FQajpYqclJ_4mlua6traits7IntoLua8into_lua
FNDA:0,_RNvXs5_CsdlKEHc1flNm_13scraper_typesNtB5_5GenreNtNtCs5FQajpYqclJ_4mlua6traits7FromLua8from_lua
FNDA:0,_RNvXs6_CsdlKEHc1flNm_13scraper_typesNtB5_11ScraperInfoNtNtCs5FQajpYqclJ_4mlua6traits7IntoLua8into_lua
FNDA:0,_RNvXs7_CsdlKEHc1flNm_13scraper_typesNtB5_11ScraperInfoNtNtCs5FQajpYqclJ_4mlua6traits7FromLua8from_lua
FNDA:0,_RNvXs_CsdlKEHc1flNm_13scraper_typesNtB4_9MangaItemNtNtCs5FQajpYqclJ_4mlua6traits7FromLua8from_lua
FNF:10
FNH:0
DA:12,0
DA:13,0
DA:14,0
DA:15,0
DA:16,0
DA:17,0
DA:18,0
DA:22,0
DA:23,0
DA:25,0
DA:26,0
DA:27,0
DA:29,0
DA:49,0
DA:50,0
DA:51,0
DA:52,0
DA:53,0
DA:54,0
DA:55,0
DA:56,0
DA:57,0
DA:58,0
DA:59,0
DA:60,0
DA:61,0
DA:62,0
DA:63,0
DA:64,0
DA:68,0
DA:69,0
DA:71,0
DA:72,0
DA:73,0
DA:74,0
DA:75,0
DA:76,0
DA:77,0
DA:78,0
DA:79,0
DA:80,0
DA:81,0
DA:82,0
DA:84,0
DA:95,0
DA:96,0
DA:97,0
DA:98,0
DA:99,0
DA:100,0
DA:101,0
DA:105,0
DA:106,0
DA:108,0
DA:109,0
DA:110,0
DA:112,0
DA:122,0
DA:123,0
DA:124,0
DA:125,0
DA:126,0
DA:127,0
DA:131,0
DA:132,0
DA:134,0
DA:135,0
DA:137,0
DA:148,0
DA:149,0
DA:150,0
DA:151,0
DA:152,0
DA:153,0
DA:154,0
DA:158,0
DA:159,0
DA:161,0
DA:162,0
DA:163,0
DA:165,0
BRF:0
BRH:0
LF:81
LH:0
end_of_record
SF:/mnt/040b9fb6-50c4-4490-87c6-b7dd911435c9/Projects/rust/manga-vault/src/main.rs
FN:9,_RNCNvCs6dhPxgF55vf_11manga_vault4main0B3_
FN:9,_RNvCs6dhPxgF55vf_11manga_vault4main
FNDA:0,_RNCNvCs6dhPxgF55vf_11manga_vault4main0B3_
FNDA:0,_RNvCs6dhPxgF55vf_11manga_vault4main
FNF:2
FNH:0
DA:9,0
DA:10,0
DA:11,0
DA:12,0
DA:13,0
DA:15,0
DA:16,0
DA:17,0
DA:19,0
DA:20,0
DA:21,0
DA:24,0
DA:25,0
DA:28,0
DA:29,0
DA:31,0
DA:32,0
DA:33,0
BRF:0
BRH:0
LF:20
LH:0
end_of_record